<?xml version="1.0" encoding="UTF-8"?>
<testsuites name="PolicyCreation" time="164" tests="5" failures="0" errors="0">
   <testsuite name="PolicyCreation" tests="5" failures="0" errors="0" time="164" timestamp="2019-04-30 11:37:57" hostname="dipak - DIPAKDAS-PC.indusnettechnologies.com" id="Test Suites/PolicyCreation">
      <properties>
         <property name="deviceName" value=""/>
         <property name="devicePlatform" value=""/>
         <property name="logFolder" value="E:\\MarkitCore\\CoreApplication\\Reports\\PolicyCreation\\20190430_113755"/>
         <property name="logFiles" value="E:\\MarkitCore\\CoreApplication\\Reports\\PolicyCreation\\20190430_113755\\execution0.log"/>
         <property name="attachments" value=""/>
         <property name="hostName" value="dipak - DIPAKDAS-PC.indusnettechnologies.com"/>
         <property name="os" value="Windows 7 32bit"/>
         <property name="katalonVersion" value="6.0.5.4"/>
         <property name="browser" value="Chrome 74.0.3729.108"/>
         <property name="hostAddress" value="10.0.12.237"/>
         <property name="sessionId" value="b03b082b226b55285fb36ab67b9832d5"/>
         <property name="seleniumVersion" value="3.7.1"/>
         <property name="proxyInformation" value="ProxyInformation{proxyOption=NO_PROXY, proxyServerType=HTTP, password=, proxyServerAddress=, proxyServerPort=0}"/>
         <property name="platform" value="Windows 7"/>
      </properties>
      <testcase name="Test Cases/TC01-LoginApplication" classname="Test Cases/TC01-LoginApplication" status="PASSED">
         <system-out><![CDATA[2019-04-30 11:38:07 - [TEST_CASE][PASSED] - Test Cases/TC01-LoginApplication: Test Cases/TC01-LoginApplication

2019-04-30 11:38:07 - [TEST_STEP][NOT_RUN] - openBrowser(""): NOT_RUN: openBrowser("")

2019-04-30 11:38:07 - [MESSAGE][NOT_RUN] - NOT_RUN: openBrowser("")

2019-04-30 11:38:07 - [TEST_STEP][NOT_RUN] - navigateToUrl("https://dev.offshoresoftwaresolutions.net/markit_coreV2/Sites/CoreTest/login/admin_display"): NOT_RUN: navigateToUrl("https://dev.offshoresoftwaresolutions.net/markit_coreV2/Sites/CoreTest/login/admin_display")

2019-04-30 11:38:07 - [MESSAGE][NOT_RUN] - NOT_RUN: navigateToUrl("https://dev.offshoresoftwaresolutions.net/markit_coreV2/Sites/CoreTest/login/admin_display")

2019-04-30 11:38:07 - [TEST_STEP][PASSED] - setText(findTestObject("Object Repository/TC-LoginApplication/Page_Markit core new  Login/input_Login to your account_username"), "dDasTester"): Text 'dDasTester' is set on object 'Object Repository/TC-LoginApplication/Page_Markit core new  Login/input_Login to your account_username'

2019-04-30 11:38:07 - [MESSAGE][PASSED] - Text 'dDasTester' is set on object 'Object Repository/TC-LoginApplication/Page_Markit core new  Login/input_Login to your account_username'

2019-04-30 11:38:07 - [TEST_STEP][PASSED] - setText(findTestObject("Object Repository/TC-LoginApplication/Page_Markit core new  Login/input_Login to your account_password"), "Czybm6R*"): Text 'Czybm6R*' is set on object 'Object Repository/TC-LoginApplication/Page_Markit core new  Login/input_Login to your account_password'

2019-04-30 11:38:07 - [MESSAGE][PASSED] - Text 'Czybm6R*' is set on object 'Object Repository/TC-LoginApplication/Page_Markit core new  Login/input_Login to your account_password'

2019-04-30 11:38:07 - [TEST_STEP][PASSED] - delay(4, STOP_ON_FAILURE): Delayed 4 second(s)

2019-04-30 11:38:11 - [MESSAGE][PASSED] - Delayed 4 second(s)

2019-04-30 11:38:11 - [TEST_STEP][NOT_RUN] - maximizeWindow(): NOT_RUN: maximizeWindow()

2019-04-30 11:38:11 - [MESSAGE][NOT_RUN] - NOT_RUN: maximizeWindow()

2019-04-30 11:38:11 - [TEST_STEP][PASSED] - click(findTestObject("Object Repository/TC-LoginApplication/Page_Markit core new  Login/button_Login")): Object: 'Object Repository/TC-LoginApplication/Page_Markit core new  Login/button_Login' is clicked on

2019-04-30 11:38:16 - [MESSAGE][PASSED] - Object: 'Object Repository/TC-LoginApplication/Page_Markit core new  Login/button_Login' is clicked on

2019-04-30 11:38:16 - [TEST_STEP][NOT_RUN] - log = new com.kms.katalon.core.logging.KeywordLogger(): NOT_RUN: log = new com.kms.katalon.core.logging.KeywordLogger()

2019-04-30 11:38:16 - [MESSAGE][NOT_RUN] - NOT_RUN: log = new com.kms.katalon.core.logging.KeywordLogger()

2019-04-30 11:38:16 - [TEST_STEP][NOT_RUN] - log.logInfo(“Dipak”): NOT_RUN: log.logInfo(“Dipak”)

2019-04-30 11:38:16 - [MESSAGE][NOT_RUN] - NOT_RUN: log.logInfo(“Dipak”)]]></system-out>
         <system-err><![CDATA[]]></system-err>
      </testcase>
      <testcase name="Test Cases/TC05-PaymentSection" classname="Test Cases/TC05-PaymentSection" status="PASSED">
         <system-out><![CDATA[2019-04-30 11:38:16 - [TEST_CASE][PASSED] - Test Cases/TC05-PaymentSection: Test Cases/TC05-PaymentSection

2019-04-30 11:38:16 - [TEST_STEP][PASSED] - delay(3): Delayed 3 second(s)

2019-04-30 11:38:19 - [MESSAGE][PASSED] - Delayed 3 second(s)

2019-04-30 11:38:19 - [TEST_STEP][PASSED] - scrollToElement(findTestObject("TC05-PaymentSection/Payments"), 3): Scroll to object 'Object Repository/TC05-PaymentSection/Payments' successfully

2019-04-30 11:38:19 - [MESSAGE][PASSED] - Scroll to object 'Object Repository/TC05-PaymentSection/Payments' successfully

2019-04-30 11:38:19 - [TEST_STEP][PASSED] - click(findTestObject("TC05-PaymentSection/Payments")): Object: 'Object Repository/TC05-PaymentSection/Payments' is clicked on

2019-04-30 11:38:19 - [MESSAGE][PASSED] - Object: 'Object Repository/TC05-PaymentSection/Payments' is clicked on

2019-04-30 11:38:19 - [TEST_STEP][PASSED] - delay(5): Delayed 5 second(s)

2019-04-30 11:38:24 - [MESSAGE][PASSED] - Delayed 5 second(s)

2019-04-30 11:38:24 - [TEST_STEP][PASSED] - click(findTestObject("TC05-PaymentSection/Cash and Cheque Payments")): Object: 'Object Repository/TC05-PaymentSection/Cash and Cheque Payments' is clicked on

2019-04-30 11:38:26 - [MESSAGE][PASSED] - Object: 'Object Repository/TC05-PaymentSection/Cash and Cheque Payments' is clicked on

2019-04-30 11:38:26 - [TEST_STEP][PASSED] - delay(5): Delayed 5 second(s)

2019-04-30 11:38:31 - [MESSAGE][PASSED] - Delayed 5 second(s)

2019-04-30 11:38:31 - [TEST_STEP][PASSED] - setText(findTestObject("TC05-PaymentSection/PolicyNoSearchBox"), Policy_No_Search): Text '' is set on object 'Object Repository/TC05-PaymentSection/PolicyNoSearchBox'

2019-04-30 11:38:32 - [MESSAGE][PASSED] - Text '' is set on object 'Object Repository/TC05-PaymentSection/PolicyNoSearchBox'

2019-04-30 11:38:32 - [TEST_STEP][PASSED] - sendKeys(findTestObject("TC05-PaymentSection/PolicyNoSearchBox"), Keys.chord(ENTER)): Keys 'ENTER + ' sent to object: 'Object Repository/TC05-PaymentSection/PolicyNoSearchBox'

2019-04-30 11:38:32 - [MESSAGE][PASSED] - Keys 'ENTER + ' sent to object: 'Object Repository/TC05-PaymentSection/PolicyNoSearchBox'

2019-04-30 11:38:32 - [TEST_STEP][PASSED] - delay(5): Delayed 5 second(s)

2019-04-30 11:38:37 - [MESSAGE][PASSED] - Delayed 5 second(s)

2019-04-30 11:38:37 - [TEST_STEP][PASSED] - click(findTestObject("TC05-PaymentSection/EditPaymentListing")): Object: 'Object Repository/TC05-PaymentSection/EditPaymentListing' is clicked on

2019-04-30 11:38:37 - [MESSAGE][PASSED] - Object: 'Object Repository/TC05-PaymentSection/EditPaymentListing' is clicked on

2019-04-30 11:38:37 - [TEST_STEP][PASSED] - setText(findTestObject("TC05-PaymentSection/Note"), "This is Testing Only"): Text 'This is Testing Only' is set on object 'Object Repository/TC05-PaymentSection/Note'

2019-04-30 11:38:38 - [MESSAGE][PASSED] - Text 'This is Testing Only' is set on object 'Object Repository/TC05-PaymentSection/Note'

2019-04-30 11:38:38 - [TEST_STEP][PASSED] - selectOptionByLabel(findTestObject("TC05-PaymentSection/TransactionStatus"), "Paid", false): All options with label 'Paid' are selected in object 'Object Repository/TC05-PaymentSection/TransactionStatus' 

2019-04-30 11:38:38 - [MESSAGE][PASSED] - All options with label 'Paid' are selected in object 'Object Repository/TC05-PaymentSection/TransactionStatus' 

2019-04-30 11:38:38 - [TEST_STEP][PASSED] - click(findTestObject("TC05-PaymentSection/SaveButton")): Object: 'Object Repository/TC05-PaymentSection/SaveButton' is clicked on

2019-04-30 11:38:39 - [MESSAGE][PASSED] - Object: 'Object Repository/TC05-PaymentSection/SaveButton' is clicked on

2019-04-30 11:38:39 - [TEST_STEP][PASSED] - delay(5): Delayed 5 second(s)

2019-04-30 11:38:44 - [MESSAGE][PASSED] - Delayed 5 second(s)]]></system-out>
         <system-err><![CDATA[]]></system-err>
      </testcase>
      <testcase name="Test Cases/TC04-AccountMatching-MGA" classname="Test Cases/TC04-AccountMatching-MGA" status="PASSED">
         <system-out><![CDATA[2019-04-30 11:38:45 - [TEST_CASE][PASSED] - Test Cases/TC04-AccountMatching-MGA: Test Cases/TC04-AccountMatching-MGA

2019-04-30 11:38:45 - [TEST_STEP][PASSED] - log = new com.kms.katalon.core.logging.KeywordLogger(): null

2019-04-30 11:38:45 - [TEST_STEP][PASSED] - delay(3): Delayed 3 second(s)

2019-04-30 11:38:48 - [MESSAGE][PASSED] - Delayed 3 second(s)

2019-04-30 11:38:48 - [TEST_STEP][PASSED] - scrollToElement(findTestObject("TC04-AccountMatching-MGA/AccountManagement"), 5): Scroll to object 'Object Repository/TC04-AccountMatching-MGA/AccountManagement' successfully

2019-04-30 11:38:48 - [MESSAGE][PASSED] - Scroll to object 'Object Repository/TC04-AccountMatching-MGA/AccountManagement' successfully

2019-04-30 11:38:48 - [TEST_STEP][PASSED] - click(findTestObject("TC04-AccountMatching-MGA/AccountManagement")): Object: 'Object Repository/TC04-AccountMatching-MGA/AccountManagement' is clicked on

2019-04-30 11:38:48 - [MESSAGE][PASSED] - Object: 'Object Repository/TC04-AccountMatching-MGA/AccountManagement' is clicked on

2019-04-30 11:38:48 - [TEST_STEP][NOT_RUN] - delay(5): NOT_RUN: delay(5)

2019-04-30 11:38:48 - [MESSAGE][NOT_RUN] - NOT_RUN: delay(5)

2019-04-30 11:38:48 - [TEST_STEP][PASSED] - waitForElementVisible(findTestObject("TC04-AccountMatching-MGA/AccountMatchingLink"), 4): Object 'Object Repository/TC04-AccountMatching-MGA/AccountMatchingLink' is visible

2019-04-30 11:38:48 - [MESSAGE][PASSED] - Object 'Object Repository/TC04-AccountMatching-MGA/AccountMatchingLink' is visible

2019-04-30 11:38:48 - [TEST_STEP][PASSED] - click(findTestObject("TC04-AccountMatching-MGA/AccountMatchingLink")): Object: 'Object Repository/TC04-AccountMatching-MGA/AccountMatchingLink' is clicked on

2019-04-30 11:38:50 - [MESSAGE][PASSED] - Object: 'Object Repository/TC04-AccountMatching-MGA/AccountMatchingLink' is clicked on

2019-04-30 11:38:50 - [TEST_STEP][PASSED] - delay(5): Delayed 5 second(s)

2019-04-30 11:38:55 - [MESSAGE][PASSED] - Delayed 5 second(s)

2019-04-30 11:38:55 - [TEST_STEP][PASSED] - selectOptionByLabel(findTestObject("TC04-AccountMatching-MGA/EntityType"), "MGA", false): All options with label 'MGA' are selected in object 'Object Repository/TC04-AccountMatching-MGA/EntityType' 

2019-04-30 11:38:55 - [MESSAGE][PASSED] - All options with label 'MGA' are selected in object 'Object Repository/TC04-AccountMatching-MGA/EntityType' 

2019-04-30 11:38:55 - [TEST_STEP][PASSED] - delay(5): Delayed 5 second(s)

2019-04-30 11:39:00 - [MESSAGE][PASSED] - Delayed 5 second(s)

2019-04-30 11:39:00 - [TEST_STEP][PASSED] - selectOptionByLabel(findTestObject("TC04-AccountMatching-MGA/Entity"), "NEW MGA", false): All options with label 'NEW MGA' are selected in object 'Object Repository/TC04-AccountMatching-MGA/Entity' 

2019-04-30 11:39:00 - [MESSAGE][PASSED] - All options with label 'NEW MGA' are selected in object 'Object Repository/TC04-AccountMatching-MGA/Entity' 

2019-04-30 11:39:00 - [TEST_STEP][PASSED] - waitForElementClickable(findTestObject("TC04-AccountMatching-MGA/ClickGoButton"), 5): Object 'Object Repository/TC04-AccountMatching-MGA/ClickGoButton' is clickable

2019-04-30 11:39:00 - [MESSAGE][PASSED] - Object 'Object Repository/TC04-AccountMatching-MGA/ClickGoButton' is clickable

2019-04-30 11:39:00 - [TEST_STEP][PASSED] - click(findTestObject("TC04-AccountMatching-MGA/ClickGoButton")): Object: 'Object Repository/TC04-AccountMatching-MGA/ClickGoButton' is clicked on

2019-04-30 11:39:02 - [MESSAGE][PASSED] - Object: 'Object Repository/TC04-AccountMatching-MGA/ClickGoButton' is clicked on

2019-04-30 11:39:02 - [TEST_STEP][PASSED] - waitForJQueryLoad(5): jQuery is ready.

2019-04-30 11:39:03 - [MESSAGE][PASSED] - jQuery is ready.

2019-04-30 11:39:03 - [TEST_STEP][PASSED] - selectOptionByLabel(findTestObject("TC04-AccountMatching-MGA/SelectAccount"), "ComissionOnly -- Allocated -- NEW MGA CommAccount -- USD", false): All options with label 'ComissionOnly -- Allocated -- NEW MGA CommAccount -- USD' are selected in object 'Object Repository/TC04-AccountMatching-MGA/SelectAccount' 

2019-04-30 11:39:03 - [MESSAGE][PASSED] - All options with label 'ComissionOnly -- Allocated -- NEW MGA CommAccount -- USD' are selected in object 'Object Repository/TC04-AccountMatching-MGA/SelectAccount' 

2019-04-30 11:39:03 - [TEST_STEP][PASSED] - delay(5): Delayed 5 second(s)

2019-04-30 11:39:08 - [MESSAGE][PASSED] - Delayed 5 second(s)

2019-04-30 11:39:08 - [TEST_STEP][PASSED] - setText(findTestObject("TC04-AccountMatching-MGA/Acc_Matching_PolicyNo_TextBox"), MTA_Policy_No): Text '' is set on object 'Object Repository/TC04-AccountMatching-MGA/Acc_Matching_PolicyNo_TextBox'

2019-04-30 11:39:08 - [MESSAGE][PASSED] - Text '' is set on object 'Object Repository/TC04-AccountMatching-MGA/Acc_Matching_PolicyNo_TextBox'

2019-04-30 11:39:08 - [TEST_STEP][PASSED] - sendKeys(findTestObject("TC04-AccountMatching-MGA/Acc_Matching_PolicyNo_TextBox"), Keys.chord(ENTER)): Keys 'ENTER + ' sent to object: 'Object Repository/TC04-AccountMatching-MGA/Acc_Matching_PolicyNo_TextBox'

2019-04-30 11:39:08 - [MESSAGE][PASSED] - Keys 'ENTER + ' sent to object: 'Object Repository/TC04-AccountMatching-MGA/Acc_Matching_PolicyNo_TextBox'

2019-04-30 11:39:08 - [TEST_STEP][PASSED] - delay(5): Delayed 5 second(s)

2019-04-30 11:39:13 - [MESSAGE][PASSED] - Delayed 5 second(s)

2019-04-30 11:39:13 - [TEST_STEP][PASSED] - waitForElementClickable(findTestObject("TC04-AccountMatching-MGA/CheckBox"), 5): Object 'Object Repository/TC04-AccountMatching-MGA/CheckBox' is clickable

2019-04-30 11:39:13 - [MESSAGE][PASSED] - Object 'Object Repository/TC04-AccountMatching-MGA/CheckBox' is clickable

2019-04-30 11:39:13 - [TEST_STEP][PASSED] - click(findTestObject("TC04-AccountMatching-MGA/CheckBox")): Object: 'Object Repository/TC04-AccountMatching-MGA/CheckBox' is clicked on

2019-04-30 11:39:13 - [MESSAGE][PASSED] - Object: 'Object Repository/TC04-AccountMatching-MGA/CheckBox' is clicked on

2019-04-30 11:39:13 - [TEST_STEP][PASSED] - delay(4): Delayed 4 second(s)

2019-04-30 11:39:17 - [MESSAGE][PASSED] - Delayed 4 second(s)

2019-04-30 11:39:17 - [TEST_STEP][PASSED] - MGA_Comission_Amount = getText(findTestObject("TC04-AccountMatching-MGA/MGA_Amount")): Text of object 'Object Repository/TC04-AccountMatching-MGA/MGA_Amount' is: 'USD 145.50'

2019-04-30 11:39:17 - [MESSAGE][PASSED] - Text of object 'Object Repository/TC04-AccountMatching-MGA/MGA_Amount' is: 'USD 145.50'

2019-04-30 11:39:17 - [TEST_STEP][PASSED] - scrollToElement(findTestObject("TC04-AccountMatching-MGA/PAYFULL"), 5): Scroll to object 'Object Repository/TC04-AccountMatching-MGA/PAYFULL' successfully

2019-04-30 11:39:17 - [MESSAGE][PASSED] - Scroll to object 'Object Repository/TC04-AccountMatching-MGA/PAYFULL' successfully

2019-04-30 11:39:17 - [TEST_STEP][PASSED] - setText(findTestObject("TC04-AccountMatching-MGA/PAYFULL"), MGA_Comission_Amount): Text 'USD 145.50' is set on object 'Object Repository/TC04-AccountMatching-MGA/PAYFULL'

2019-04-30 11:39:17 - [MESSAGE][PASSED] - Text 'USD 145.50' is set on object 'Object Repository/TC04-AccountMatching-MGA/PAYFULL'

2019-04-30 11:39:17 - [TEST_STEP][PASSED] - click(findTestObject("TC04-AccountMatching-MGA/MatchAmount")): Object: 'Object Repository/TC04-AccountMatching-MGA/MatchAmount' is clicked on

2019-04-30 11:39:17 - [MESSAGE][PASSED] - Object: 'Object Repository/TC04-AccountMatching-MGA/MatchAmount' is clicked on

2019-04-30 11:39:17 - [TEST_STEP][PASSED] - delay(5): Delayed 5 second(s)

2019-04-30 11:39:22 - [MESSAGE][PASSED] - Delayed 5 second(s)

2019-04-30 11:39:22 - [TEST_STEP][PASSED] - com.excel.helper.ExcelHelper.updateTheExcel("E:\MarkitCore\CoreApplication\Data Files\TestData\Comission.xlsx", "Sheet1", MGA_Comission_Amount): com.excel.helper.ExcelHelper.updateTheExcel is PASSED

2019-04-30 11:39:23 - [MESSAGE][PASSED] - com.excel.helper.ExcelHelper.updateTheExcel is PASSED

2019-04-30 11:39:23 - [TEST_STEP][PASSED] - log.logInfo(MGA_Comission_Amount): USD 145.50

2019-04-30 11:39:23 - [MESSAGE][INFO] - USD 145.50]]></system-out>
         <system-err><![CDATA[]]></system-err>
      </testcase>
      <testcase name="Test Cases/TC07-AccountMatching-Broker" classname="Test Cases/TC07-AccountMatching-Broker" status="PASSED">
         <system-out><![CDATA[2019-04-30 11:39:23 - [TEST_CASE][PASSED] - Test Cases/TC07-AccountMatching-Broker: Test Cases/TC07-AccountMatching-Broker

2019-04-30 11:39:23 - [TEST_STEP][PASSED] - log = new com.kms.katalon.core.logging.KeywordLogger(): null

2019-04-30 11:39:23 - [TEST_STEP][PASSED] - delay(3): Delayed 3 second(s)

2019-04-30 11:39:26 - [MESSAGE][PASSED] - Delayed 3 second(s)

2019-04-30 11:39:26 - [TEST_STEP][PASSED] - scrollToElement(findTestObject("TC04-AccountMatching-MGA/AccountManagement"), 5): Scroll to object 'Object Repository/TC04-AccountMatching-MGA/AccountManagement' successfully

2019-04-30 11:39:27 - [MESSAGE][PASSED] - Scroll to object 'Object Repository/TC04-AccountMatching-MGA/AccountManagement' successfully

2019-04-30 11:39:27 - [TEST_STEP][PASSED] - click(findTestObject("TC04-AccountMatching-MGA/AccountManagement")): Object: 'Object Repository/TC04-AccountMatching-MGA/AccountManagement' is clicked on

2019-04-30 11:39:27 - [MESSAGE][PASSED] - Object: 'Object Repository/TC04-AccountMatching-MGA/AccountManagement' is clicked on

2019-04-30 11:39:27 - [TEST_STEP][NOT_RUN] - delay(5): NOT_RUN: delay(5)

2019-04-30 11:39:27 - [MESSAGE][NOT_RUN] - NOT_RUN: delay(5)

2019-04-30 11:39:27 - [TEST_STEP][PASSED] - waitForElementVisible(findTestObject("TC04-AccountMatching-MGA/AccountMatchingLink"), 4): Object 'Object Repository/TC04-AccountMatching-MGA/AccountMatchingLink' is visible

2019-04-30 11:39:27 - [MESSAGE][PASSED] - Object 'Object Repository/TC04-AccountMatching-MGA/AccountMatchingLink' is visible

2019-04-30 11:39:27 - [TEST_STEP][PASSED] - click(findTestObject("TC04-AccountMatching-MGA/AccountMatchingLink")): Object: 'Object Repository/TC04-AccountMatching-MGA/AccountMatchingLink' is clicked on

2019-04-30 11:39:28 - [MESSAGE][PASSED] - Object: 'Object Repository/TC04-AccountMatching-MGA/AccountMatchingLink' is clicked on

2019-04-30 11:39:28 - [TEST_STEP][PASSED] - delay(5): Delayed 5 second(s)

2019-04-30 11:39:33 - [MESSAGE][PASSED] - Delayed 5 second(s)

2019-04-30 11:39:33 - [TEST_STEP][PASSED] - delay(5): Delayed 5 second(s)

2019-04-30 11:39:38 - [MESSAGE][PASSED] - Delayed 5 second(s)

2019-04-30 11:39:38 - [TEST_STEP][PASSED] - selectOptionByLabel(findTestObject("TC04-AccountMatching-MGA/EntityType"), "Broker", false): All options with label 'Broker' are selected in object 'Object Repository/TC04-AccountMatching-MGA/EntityType' 

2019-04-30 11:39:38 - [MESSAGE][PASSED] - All options with label 'Broker' are selected in object 'Object Repository/TC04-AccountMatching-MGA/EntityType' 

2019-04-30 11:39:38 - [TEST_STEP][PASSED] - delay(5): Delayed 5 second(s)

2019-04-30 11:39:43 - [MESSAGE][PASSED] - Delayed 5 second(s)

2019-04-30 11:39:43 - [TEST_STEP][PASSED] - selectOptionByLabel(findTestObject("TC04-AccountMatching-MGA/Entity"), "New Broker", false): All options with label 'New Broker' are selected in object 'Object Repository/TC04-AccountMatching-MGA/Entity' 

2019-04-30 11:39:43 - [MESSAGE][PASSED] - All options with label 'New Broker' are selected in object 'Object Repository/TC04-AccountMatching-MGA/Entity' 

2019-04-30 11:39:43 - [TEST_STEP][PASSED] - waitForElementClickable(findTestObject("TC04-AccountMatching-MGA/ClickGoButton"), 5): Object 'Object Repository/TC04-AccountMatching-MGA/ClickGoButton' is clickable

2019-04-30 11:39:43 - [MESSAGE][PASSED] - Object 'Object Repository/TC04-AccountMatching-MGA/ClickGoButton' is clickable

2019-04-30 11:39:43 - [TEST_STEP][PASSED] - click(findTestObject("TC04-AccountMatching-MGA/ClickGoButton")): Object: 'Object Repository/TC04-AccountMatching-MGA/ClickGoButton' is clicked on

2019-04-30 11:39:45 - [MESSAGE][PASSED] - Object: 'Object Repository/TC04-AccountMatching-MGA/ClickGoButton' is clicked on

2019-04-30 11:39:45 - [TEST_STEP][PASSED] - waitForJQueryLoad(5): jQuery is ready.

2019-04-30 11:39:46 - [MESSAGE][PASSED] - jQuery is ready.

2019-04-30 11:39:46 - [TEST_STEP][PASSED] - selectOptionByLabel(findTestObject("TC04-AccountMatching-MGA/SelectAccount"), "COMMSION ACCOUNT -- Allocated -- DEFAULT-300013-USD -- USD", false): All options with label 'COMMSION ACCOUNT -- Allocated -- DEFAULT-300013-USD -- USD' are selected in object 'Object Repository/TC04-AccountMatching-MGA/SelectAccount' 

2019-04-30 11:39:46 - [MESSAGE][PASSED] - All options with label 'COMMSION ACCOUNT -- Allocated -- DEFAULT-300013-USD -- USD' are selected in object 'Object Repository/TC04-AccountMatching-MGA/SelectAccount' 

2019-04-30 11:39:46 - [TEST_STEP][PASSED] - delay(5): Delayed 5 second(s)

2019-04-30 11:39:51 - [MESSAGE][PASSED] - Delayed 5 second(s)

2019-04-30 11:39:51 - [TEST_STEP][PASSED] - setText(findTestObject("TC04-AccountMatching-MGA/Acc_Matching_PolicyNo_TextBox"), MTA_Policy_No): Text '' is set on object 'Object Repository/TC04-AccountMatching-MGA/Acc_Matching_PolicyNo_TextBox'

2019-04-30 11:39:51 - [MESSAGE][PASSED] - Text '' is set on object 'Object Repository/TC04-AccountMatching-MGA/Acc_Matching_PolicyNo_TextBox'

2019-04-30 11:39:51 - [TEST_STEP][PASSED] - sendKeys(findTestObject("TC04-AccountMatching-MGA/Acc_Matching_PolicyNo_TextBox"), Keys.chord(ENTER)): Keys 'ENTER + ' sent to object: 'Object Repository/TC04-AccountMatching-MGA/Acc_Matching_PolicyNo_TextBox'

2019-04-30 11:39:51 - [MESSAGE][PASSED] - Keys 'ENTER + ' sent to object: 'Object Repository/TC04-AccountMatching-MGA/Acc_Matching_PolicyNo_TextBox'

2019-04-30 11:39:51 - [TEST_STEP][PASSED] - delay(4): Delayed 4 second(s)

2019-04-30 11:39:55 - [MESSAGE][PASSED] - Delayed 4 second(s)

2019-04-30 11:39:55 - [TEST_STEP][PASSED] - waitForElementClickable(findTestObject("TC04-AccountMatching-MGA/CheckBox"), 5): Object 'Object Repository/TC04-AccountMatching-MGA/CheckBox' is clickable

2019-04-30 11:39:55 - [MESSAGE][PASSED] - Object 'Object Repository/TC04-AccountMatching-MGA/CheckBox' is clickable

2019-04-30 11:39:55 - [TEST_STEP][PASSED] - click(findTestObject("TC04-AccountMatching-MGA/CheckBox")): Object: 'Object Repository/TC04-AccountMatching-MGA/CheckBox' is clicked on

2019-04-30 11:39:55 - [MESSAGE][PASSED] - Object: 'Object Repository/TC04-AccountMatching-MGA/CheckBox' is clicked on

2019-04-30 11:39:55 - [TEST_STEP][PASSED] - delay(4): Delayed 4 second(s)

2019-04-30 11:39:59 - [MESSAGE][PASSED] - Delayed 4 second(s)

2019-04-30 11:39:59 - [TEST_STEP][PASSED] - MGA_Comission_Amount = getText(findTestObject("TC04-AccountMatching-MGA/MGA_Amount")): Text of object 'Object Repository/TC04-AccountMatching-MGA/MGA_Amount' is: 'USD 90.00'

2019-04-30 11:39:59 - [MESSAGE][PASSED] - Text of object 'Object Repository/TC04-AccountMatching-MGA/MGA_Amount' is: 'USD 90.00'

2019-04-30 11:39:59 - [TEST_STEP][PASSED] - scrollToElement(findTestObject("TC04-AccountMatching-MGA/PAYFULL"), 5): Scroll to object 'Object Repository/TC04-AccountMatching-MGA/PAYFULL' successfully

2019-04-30 11:39:59 - [MESSAGE][PASSED] - Scroll to object 'Object Repository/TC04-AccountMatching-MGA/PAYFULL' successfully

2019-04-30 11:39:59 - [TEST_STEP][PASSED] - setText(findTestObject("TC04-AccountMatching-MGA/PAYFULL"), MGA_Comission_Amount): Text 'USD 90.00' is set on object 'Object Repository/TC04-AccountMatching-MGA/PAYFULL'

2019-04-30 11:39:59 - [MESSAGE][PASSED] - Text 'USD 90.00' is set on object 'Object Repository/TC04-AccountMatching-MGA/PAYFULL'

2019-04-30 11:39:59 - [TEST_STEP][PASSED] - click(findTestObject("TC04-AccountMatching-MGA/MatchAmount")): Object: 'Object Repository/TC04-AccountMatching-MGA/MatchAmount' is clicked on

2019-04-30 11:39:59 - [MESSAGE][PASSED] - Object: 'Object Repository/TC04-AccountMatching-MGA/MatchAmount' is clicked on

2019-04-30 11:39:59 - [TEST_STEP][PASSED] - delay(5): Delayed 5 second(s)

2019-04-30 11:40:04 - [MESSAGE][PASSED] - Delayed 5 second(s)

2019-04-30 11:40:04 - [TEST_STEP][PASSED] - log.logInfo(MGA_Comission_Amount): USD 90.00

2019-04-30 11:40:04 - [MESSAGE][INFO] - USD 90.00]]></system-out>
         <system-err><![CDATA[]]></system-err>
      </testcase>
      <testcase name="Test Cases/TC08-AccountMatching-Insurer" classname="Test Cases/TC08-AccountMatching-Insurer" status="PASSED">
         <system-out><![CDATA[2019-04-30 11:40:04 - [TEST_CASE][PASSED] - Test Cases/TC08-AccountMatching-Insurer: Test Cases/TC08-AccountMatching-Insurer

2019-04-30 11:40:05 - [TEST_STEP][PASSED] - log = new com.kms.katalon.core.logging.KeywordLogger(): null

2019-04-30 11:40:05 - [TEST_STEP][PASSED] - delay(3): Delayed 3 second(s)

2019-04-30 11:40:08 - [MESSAGE][PASSED] - Delayed 3 second(s)

2019-04-30 11:40:08 - [TEST_STEP][PASSED] - scrollToElement(findTestObject("TC04-AccountMatching-MGA/AccountManagement"), 5): Scroll to object 'Object Repository/TC04-AccountMatching-MGA/AccountManagement' successfully

2019-04-30 11:40:08 - [MESSAGE][PASSED] - Scroll to object 'Object Repository/TC04-AccountMatching-MGA/AccountManagement' successfully

2019-04-30 11:40:08 - [TEST_STEP][PASSED] - click(findTestObject("TC04-AccountMatching-MGA/AccountManagement")): Object: 'Object Repository/TC04-AccountMatching-MGA/AccountManagement' is clicked on

2019-04-30 11:40:08 - [MESSAGE][PASSED] - Object: 'Object Repository/TC04-AccountMatching-MGA/AccountManagement' is clicked on

2019-04-30 11:40:08 - [TEST_STEP][NOT_RUN] - delay(5): NOT_RUN: delay(5)

2019-04-30 11:40:08 - [MESSAGE][NOT_RUN] - NOT_RUN: delay(5)

2019-04-30 11:40:08 - [TEST_STEP][PASSED] - waitForElementVisible(findTestObject("TC04-AccountMatching-MGA/AccountMatchingLink"), 4): Object 'Object Repository/TC04-AccountMatching-MGA/AccountMatchingLink' is visible

2019-04-30 11:40:08 - [MESSAGE][PASSED] - Object 'Object Repository/TC04-AccountMatching-MGA/AccountMatchingLink' is visible

2019-04-30 11:40:08 - [TEST_STEP][PASSED] - click(findTestObject("TC04-AccountMatching-MGA/AccountMatchingLink")): Object: 'Object Repository/TC04-AccountMatching-MGA/AccountMatchingLink' is clicked on

2019-04-30 11:40:09 - [MESSAGE][PASSED] - Object: 'Object Repository/TC04-AccountMatching-MGA/AccountMatchingLink' is clicked on

2019-04-30 11:40:09 - [TEST_STEP][PASSED] - delay(5): Delayed 5 second(s)

2019-04-30 11:40:14 - [MESSAGE][PASSED] - Delayed 5 second(s)

2019-04-30 11:40:14 - [TEST_STEP][PASSED] - selectOptionByLabel(findTestObject("TC04-AccountMatching-MGA/EntityType"), "Insurer", false): All options with label 'Insurer' are selected in object 'Object Repository/TC04-AccountMatching-MGA/EntityType' 

2019-04-30 11:40:14 - [MESSAGE][PASSED] - All options with label 'Insurer' are selected in object 'Object Repository/TC04-AccountMatching-MGA/EntityType' 

2019-04-30 11:40:14 - [TEST_STEP][PASSED] - delay(5): Delayed 5 second(s)

2019-04-30 11:40:19 - [MESSAGE][PASSED] - Delayed 5 second(s)

2019-04-30 11:40:19 - [TEST_STEP][PASSED] - selectOptionByLabel(findTestObject("TC04-AccountMatching-MGA/Entity"), "New Insurer", false): All options with label 'New Insurer' are selected in object 'Object Repository/TC04-AccountMatching-MGA/Entity' 

2019-04-30 11:40:19 - [MESSAGE][PASSED] - All options with label 'New Insurer' are selected in object 'Object Repository/TC04-AccountMatching-MGA/Entity' 

2019-04-30 11:40:19 - [TEST_STEP][PASSED] - waitForElementClickable(findTestObject("TC04-AccountMatching-MGA/ClickGoButton"), 5): Object 'Object Repository/TC04-AccountMatching-MGA/ClickGoButton' is clickable

2019-04-30 11:40:19 - [MESSAGE][PASSED] - Object 'Object Repository/TC04-AccountMatching-MGA/ClickGoButton' is clickable

2019-04-30 11:40:19 - [TEST_STEP][PASSED] - click(findTestObject("TC04-AccountMatching-MGA/ClickGoButton")): Object: 'Object Repository/TC04-AccountMatching-MGA/ClickGoButton' is clicked on

2019-04-30 11:40:21 - [MESSAGE][PASSED] - Object: 'Object Repository/TC04-AccountMatching-MGA/ClickGoButton' is clicked on

2019-04-30 11:40:21 - [TEST_STEP][PASSED] - waitForJQueryLoad(5): jQuery is ready.

2019-04-30 11:40:21 - [MESSAGE][PASSED] - jQuery is ready.

2019-04-30 11:40:21 - [TEST_STEP][PASSED] - selectOptionByLabel(findTestObject("TC04-AccountMatching-MGA/SelectAccount"), "New Insurer Comission Account -- Allocated -- New Insurer-COM-ACC -- USD", false): All options with label 'New Insurer Comission Account -- Allocated -- New Insurer-COM-ACC -- USD' are selected in object 'Object Repository/TC04-AccountMatching-MGA/SelectAccount' 

2019-04-30 11:40:21 - [MESSAGE][PASSED] - All options with label 'New Insurer Comission Account -- Allocated -- New Insurer-COM-ACC -- USD' are selected in object 'Object Repository/TC04-AccountMatching-MGA/SelectAccount' 

2019-04-30 11:40:21 - [TEST_STEP][PASSED] - delay(5): Delayed 5 second(s)

2019-04-30 11:40:26 - [MESSAGE][PASSED] - Delayed 5 second(s)

2019-04-30 11:40:26 - [TEST_STEP][PASSED] - setText(findTestObject("TC04-AccountMatching-MGA/Acc_Matching_PolicyNo_TextBox"), MTA_Policy_No): Text '' is set on object 'Object Repository/TC04-AccountMatching-MGA/Acc_Matching_PolicyNo_TextBox'

2019-04-30 11:40:26 - [MESSAGE][PASSED] - Text '' is set on object 'Object Repository/TC04-AccountMatching-MGA/Acc_Matching_PolicyNo_TextBox'

2019-04-30 11:40:26 - [TEST_STEP][PASSED] - sendKeys(findTestObject("TC04-AccountMatching-MGA/Acc_Matching_PolicyNo_TextBox"), Keys.chord(ENTER)): Keys 'ENTER + ' sent to object: 'Object Repository/TC04-AccountMatching-MGA/Acc_Matching_PolicyNo_TextBox'

2019-04-30 11:40:26 - [MESSAGE][PASSED] - Keys 'ENTER + ' sent to object: 'Object Repository/TC04-AccountMatching-MGA/Acc_Matching_PolicyNo_TextBox'

2019-04-30 11:40:26 - [TEST_STEP][PASSED] - delay(5): Delayed 5 second(s)

2019-04-30 11:40:31 - [MESSAGE][PASSED] - Delayed 5 second(s)

2019-04-30 11:40:31 - [TEST_STEP][PASSED] - waitForElementClickable(findTestObject("TC04-AccountMatching-MGA/CheckBox"), 5): Object 'Object Repository/TC04-AccountMatching-MGA/CheckBox' is clickable

2019-04-30 11:40:32 - [MESSAGE][PASSED] - Object 'Object Repository/TC04-AccountMatching-MGA/CheckBox' is clickable

2019-04-30 11:40:32 - [TEST_STEP][PASSED] - click(findTestObject("TC04-AccountMatching-MGA/CheckBox")): Object: 'Object Repository/TC04-AccountMatching-MGA/CheckBox' is clicked on

2019-04-30 11:40:32 - [MESSAGE][PASSED] - Object: 'Object Repository/TC04-AccountMatching-MGA/CheckBox' is clicked on

2019-04-30 11:40:32 - [TEST_STEP][PASSED] - delay(4): Delayed 4 second(s)

2019-04-30 11:40:36 - [MESSAGE][PASSED] - Delayed 4 second(s)

2019-04-30 11:40:36 - [TEST_STEP][PASSED] - Insurer_Comission_Amount = getText(findTestObject("TC04-AccountMatching-MGA/MGA_Amount")): Text of object 'Object Repository/TC04-AccountMatching-MGA/MGA_Amount' is: 'USD 84.00'

2019-04-30 11:40:36 - [MESSAGE][PASSED] - Text of object 'Object Repository/TC04-AccountMatching-MGA/MGA_Amount' is: 'USD 84.00'

2019-04-30 11:40:36 - [TEST_STEP][PASSED] - scrollToElement(findTestObject("TC04-AccountMatching-MGA/PAYFULL"), 5): Scroll to object 'Object Repository/TC04-AccountMatching-MGA/PAYFULL' successfully

2019-04-30 11:40:36 - [MESSAGE][PASSED] - Scroll to object 'Object Repository/TC04-AccountMatching-MGA/PAYFULL' successfully

2019-04-30 11:40:36 - [TEST_STEP][PASSED] - setText(findTestObject("TC04-AccountMatching-MGA/PAYFULL"), Insurer_Comission_Amount): Text 'USD 84.00' is set on object 'Object Repository/TC04-AccountMatching-MGA/PAYFULL'

2019-04-30 11:40:36 - [MESSAGE][PASSED] - Text 'USD 84.00' is set on object 'Object Repository/TC04-AccountMatching-MGA/PAYFULL'

2019-04-30 11:40:36 - [TEST_STEP][PASSED] - click(findTestObject("TC04-AccountMatching-MGA/MatchAmount")): Object: 'Object Repository/TC04-AccountMatching-MGA/MatchAmount' is clicked on

2019-04-30 11:40:36 - [MESSAGE][PASSED] - Object: 'Object Repository/TC04-AccountMatching-MGA/MatchAmount' is clicked on

2019-04-30 11:40:36 - [TEST_STEP][PASSED] - delay(5): Delayed 5 second(s)

2019-04-30 11:40:41 - [MESSAGE][PASSED] - Delayed 5 second(s)

2019-04-30 11:40:41 - [TEST_STEP][PASSED] - com.excel.helper.InsurerComission.updateTheExcel("E:\MarkitCore\CoreApplication\Data Files\TestData\Comission.xlsx", "Sheet1", Insurer_Comission_Amount): com.excel.helper.InsurerComission.updateTheExcel is PASSED

2019-04-30 11:40:41 - [MESSAGE][PASSED] - com.excel.helper.InsurerComission.updateTheExcel is PASSED

2019-04-30 11:40:41 - [TEST_STEP][PASSED] - log.logInfo(Insurer_Comission_Amount): USD 84.00

2019-04-30 11:40:41 - [MESSAGE][INFO] - USD 84.00]]></system-out>
         <system-err><![CDATA[]]></system-err>
      </testcase>
      <system-out><![CDATA[2019-04-30 11:37:57 - [TEST_SUITE][PASSED] - PolicyCreation: Test Cases/TC08-AccountMatching-Insurer]]></system-out>
      <system-err><![CDATA[]]></system-err>
   </testsuite>
</testsuites>
