<?xml version="1.0" encoding="UTF-8"?>
<testsuites name="MTA Policy" time="395" tests="5" failures="0" errors="0">
   <testsuite name="MTA Policy" tests="5" failures="0" errors="0" time="395" timestamp="2019-04-17 15:08:29" hostname="dipak - DIPAKDAS-PC.indusnettechnologies.com" id="Test Suites/MTA Policy">
      <properties>
         <property name="deviceName" value=""/>
         <property name="devicePlatform" value=""/>
         <property name="logFolder" value="E:\\MarkitCore\\CoreApplication\\Reports\\MTA Policy\\20190417_150819"/>
         <property name="logFiles" value="E:\\MarkitCore\\CoreApplication\\Reports\\MTA Policy\\20190417_150819\\execution0.log"/>
         <property name="attachments" value=""/>
         <property name="hostName" value="dipak - DIPAKDAS-PC.indusnettechnologies.com"/>
         <property name="os" value="Windows 7 32bit"/>
         <property name="katalonVersion" value="6.0.5.4"/>
         <property name="browser" value="Chrome 73.0.3683.103"/>
         <property name="hostAddress" value="10.0.12.237"/>
         <property name="sessionId" value="f29e4c631c55eb4081ebfe517434f780"/>
         <property name="seleniumVersion" value="3.7.1"/>
         <property name="proxyInformation" value="ProxyInformation{proxyOption=NO_PROXY, proxyServerType=HTTP, password=, proxyServerAddress=, proxyServerPort=0}"/>
         <property name="platform" value="Windows 7"/>
      </properties>
      <testcase name="Test Cases/TC01-LoginApplication" classname="Test Cases/TC01-LoginApplication" status="PASSED">
         <system-out><![CDATA[2019-04-17 15:08:48 - [TEST_CASE][PASSED] - Test Cases/TC01-LoginApplication: Test Cases/TC01-LoginApplication

2019-04-17 15:08:49 - [TEST_STEP][NOT_RUN] - openBrowser(""): NOT_RUN: openBrowser("")

2019-04-17 15:08:49 - [MESSAGE][NOT_RUN] - NOT_RUN: openBrowser("")

2019-04-17 15:08:49 - [TEST_STEP][NOT_RUN] - navigateToUrl("https://dev.offshoresoftwaresolutions.net/markit_coreV2/Sites/CoreTest/login/admin_display"): NOT_RUN: navigateToUrl("https://dev.offshoresoftwaresolutions.net/markit_coreV2/Sites/CoreTest/login/admin_display")

2019-04-17 15:08:49 - [MESSAGE][NOT_RUN] - NOT_RUN: navigateToUrl("https://dev.offshoresoftwaresolutions.net/markit_coreV2/Sites/CoreTest/login/admin_display")

2019-04-17 15:08:49 - [TEST_STEP][PASSED] - setText(findTestObject("Object Repository/TC-LoginApplication/Page_Markit core new  Login/input_Login to your account_username"), "dDasTester"): Text 'dDasTester' is set on object 'Object Repository/TC-LoginApplication/Page_Markit core new  Login/input_Login to your account_username'

2019-04-17 15:08:51 - [MESSAGE][PASSED] - Text 'dDasTester' is set on object 'Object Repository/TC-LoginApplication/Page_Markit core new  Login/input_Login to your account_username'

2019-04-17 15:08:51 - [TEST_STEP][PASSED] - setText(findTestObject("Object Repository/TC-LoginApplication/Page_Markit core new  Login/input_Login to your account_password"), "Czybm6R*"): Text 'Czybm6R*' is set on object 'Object Repository/TC-LoginApplication/Page_Markit core new  Login/input_Login to your account_password'

2019-04-17 15:08:52 - [MESSAGE][PASSED] - Text 'Czybm6R*' is set on object 'Object Repository/TC-LoginApplication/Page_Markit core new  Login/input_Login to your account_password'

2019-04-17 15:08:52 - [TEST_STEP][PASSED] - delay(4, STOP_ON_FAILURE): Delayed 4 second(s)

2019-04-17 15:08:56 - [MESSAGE][PASSED] - Delayed 4 second(s)

2019-04-17 15:08:56 - [TEST_STEP][NOT_RUN] - maximizeWindow(): NOT_RUN: maximizeWindow()

2019-04-17 15:08:56 - [MESSAGE][NOT_RUN] - NOT_RUN: maximizeWindow()

2019-04-17 15:08:56 - [TEST_STEP][PASSED] - click(findTestObject("Object Repository/TC-LoginApplication/Page_Markit core new  Login/button_Login")): Object: 'Object Repository/TC-LoginApplication/Page_Markit core new  Login/button_Login' is clicked on

2019-04-17 15:09:03 - [MESSAGE][PASSED] - Object: 'Object Repository/TC-LoginApplication/Page_Markit core new  Login/button_Login' is clicked on

2019-04-17 15:09:03 - [TEST_STEP][NOT_RUN] - log = new com.kms.katalon.core.logging.KeywordLogger(): NOT_RUN: log = new com.kms.katalon.core.logging.KeywordLogger()

2019-04-17 15:09:03 - [MESSAGE][NOT_RUN] - NOT_RUN: log = new com.kms.katalon.core.logging.KeywordLogger()

2019-04-17 15:09:03 - [TEST_STEP][NOT_RUN] - log.logInfo(“Dipak”): NOT_RUN: log.logInfo(“Dipak”)

2019-04-17 15:09:03 - [MESSAGE][NOT_RUN] - NOT_RUN: log.logInfo(“Dipak”)]]></system-out>
         <system-err><![CDATA[]]></system-err>
      </testcase>
      <testcase name="Test Cases/TC03-MTA" classname="Test Cases/TC03-MTA" status="PASSED">
         <system-out><![CDATA[2019-04-17 15:09:03 - [TEST_CASE][PASSED] - Test Cases/TC03-MTA: Test Cases/TC03-MTA

2019-04-17 15:09:03 - [TEST_STEP][PASSED] - log = new com.kms.katalon.core.logging.KeywordLogger(): null

2019-04-17 15:09:03 - [TEST_STEP][PASSED] - waitForJQueryLoad(5): jQuery is ready.

2019-04-17 15:09:05 - [MESSAGE][PASSED] - jQuery is ready.

2019-04-17 15:09:05 - [TEST_STEP][PASSED] - click(findTestObject("TC03-MTA/PolicyRecord")): Object: 'Object Repository/TC03-MTA/PolicyRecord' is clicked on

2019-04-17 15:09:07 - [MESSAGE][PASSED] - Object: 'Object Repository/TC03-MTA/PolicyRecord' is clicked on

2019-04-17 15:09:07 - [TEST_STEP][PASSED] - waitForJQueryLoad(5): jQuery is ready.

2019-04-17 15:09:08 - [MESSAGE][PASSED] - jQuery is ready.

2019-04-17 15:09:08 - [TEST_STEP][NOT_RUN] - setText(findTestObject("TC03-MTA/SearchFields"), PolicyNo_Global): NOT_RUN: setText(findTestObject("TC03-MTA/SearchFields"), PolicyNo_Global)

2019-04-17 15:09:08 - [MESSAGE][NOT_RUN] - NOT_RUN: setText(findTestObject("TC03-MTA/SearchFields"), PolicyNo_Global)

2019-04-17 15:09:08 - [TEST_STEP][PASSED] - setText(findTestObject("TC03-MTA/SearchFields"), MTA_PolicyNo): Text 'DASD/POLICY/002873' is set on object 'Object Repository/TC03-MTA/SearchFields'

2019-04-17 15:09:09 - [MESSAGE][PASSED] - Text 'DASD/POLICY/002873' is set on object 'Object Repository/TC03-MTA/SearchFields'

2019-04-17 15:09:09 - [TEST_STEP][PASSED] - delay(4, STOP_ON_FAILURE): Delayed 4 second(s)

2019-04-17 15:09:13 - [MESSAGE][PASSED] - Delayed 4 second(s)

2019-04-17 15:09:13 - [TEST_STEP][PASSED] - sendKeys(findTestObject("TC03-MTA/SearchFields"), Keys.chord(ENTER)): Keys 'ENTER + ' sent to object: 'Object Repository/TC03-MTA/SearchFields'

2019-04-17 15:09:13 - [MESSAGE][PASSED] - Keys 'ENTER + ' sent to object: 'Object Repository/TC03-MTA/SearchFields'

2019-04-17 15:09:13 - [TEST_STEP][PASSED] - delay(5): Delayed 5 second(s)

2019-04-17 15:09:18 - [MESSAGE][PASSED] - Delayed 5 second(s)

2019-04-17 15:09:18 - [TEST_STEP][PASSED] - click(findTestObject("TC03-MTA/ClickEdit")): Object: 'Object Repository/TC03-MTA/ClickEdit' is clicked on

2019-04-17 15:09:21 - [MESSAGE][PASSED] - Object: 'Object Repository/TC03-MTA/ClickEdit' is clicked on

2019-04-17 15:09:21 - [TEST_STEP][PASSED] - delay(2): Delayed 2 second(s)

2019-04-17 15:09:23 - [MESSAGE][PASSED] - Delayed 2 second(s)

2019-04-17 15:09:23 - [TEST_STEP][PASSED] - click(findTestObject("TC03-MTA/MTA TAB")): Object: 'Object Repository/TC03-MTA/MTA TAB' is clicked on

2019-04-17 15:09:25 - [MESSAGE][PASSED] - Object: 'Object Repository/TC03-MTA/MTA TAB' is clicked on

2019-04-17 15:09:25 - [TEST_STEP][PASSED] - waitForJQueryLoad(5): jQuery is ready.

2019-04-17 15:09:26 - [MESSAGE][PASSED] - jQuery is ready.

2019-04-17 15:09:26 - [TEST_STEP][PASSED] - click(findTestObject("TC03-MTA/GO BUTTON")): Object: 'Object Repository/TC03-MTA/GO BUTTON' is clicked on

2019-04-17 15:09:35 - [MESSAGE][PASSED] - Object: 'Object Repository/TC03-MTA/GO BUTTON' is clicked on

2019-04-17 15:09:35 - [TEST_STEP][PASSED] - waitForJQueryLoad(5): jQuery is ready.

2019-04-17 15:09:36 - [MESSAGE][PASSED] - jQuery is ready.

2019-04-17 15:09:36 - [TEST_STEP][PASSED] - selectOptionByLabel(findTestObject("TC03-MTA/MTA Resons Type"), "Reason Description MTA", false): All options with label 'Reason Description MTA' are selected in object 'Object Repository/TC03-MTA/MTA Resons Type' 

2019-04-17 15:09:37 - [MESSAGE][PASSED] - All options with label 'Reason Description MTA' are selected in object 'Object Repository/TC03-MTA/MTA Resons Type' 

2019-04-17 15:09:37 - [TEST_STEP][PASSED] - setText(findTestObject("TC03-MTA/MTAReasonTextArea"), "Only For Testing Purpose."): Text 'Only For Testing Purpose.' is set on object 'Object Repository/TC03-MTA/MTAReasonTextArea'

2019-04-17 15:09:37 - [MESSAGE][PASSED] - Text 'Only For Testing Purpose.' is set on object 'Object Repository/TC03-MTA/MTAReasonTextArea'

2019-04-17 15:09:37 - [TEST_STEP][PASSED] - delay(5): Delayed 5 second(s)

2019-04-17 15:09:42 - [MESSAGE][PASSED] - Delayed 5 second(s)

2019-04-17 15:09:42 - [TEST_STEP][PASSED] - click(findTestObject("TC03-MTA/MTAResonsSaveButton")): Object: 'Object Repository/TC03-MTA/MTAResonsSaveButton' is clicked on

2019-04-17 15:09:45 - [MESSAGE][PASSED] - Object: 'Object Repository/TC03-MTA/MTAResonsSaveButton' is clicked on

2019-04-17 15:09:45 - [TEST_STEP][PASSED] - delay(4): Delayed 4 second(s)

2019-04-17 15:09:49 - [MESSAGE][PASSED] - Delayed 4 second(s)

2019-04-17 15:09:49 - [TEST_STEP][PASSED] - click(findTestObject("TC03-MTA/EditRiskItemListing")): Object: 'Object Repository/TC03-MTA/EditRiskItemListing' is clicked on

2019-04-17 15:09:53 - [MESSAGE][PASSED] - Object: 'Object Repository/TC03-MTA/EditRiskItemListing' is clicked on

2019-04-17 15:09:53 - [TEST_STEP][PASSED] - selectOptionByLabel(findTestObject("TC-CreatePolicy/RiskDetails/Type"), "Duplex", false): All options with label 'Duplex' are selected in object 'Object Repository/TC-CreatePolicy/RiskDetails/Type' 

2019-04-17 15:09:53 - [MESSAGE][PASSED] - All options with label 'Duplex' are selected in object 'Object Repository/TC-CreatePolicy/RiskDetails/Type' 

2019-04-17 15:09:53 - [TEST_STEP][PASSED] - clearText(findTestObject("TC-CreatePolicy/RiskDetails/SumInsurreTextBox")): Text of object 'Object Repository/TC-CreatePolicy/RiskDetails/SumInsurreTextBox' is cleared

2019-04-17 15:09:53 - [MESSAGE][PASSED] - Text of object 'Object Repository/TC-CreatePolicy/RiskDetails/SumInsurreTextBox' is cleared

2019-04-17 15:09:53 - [TEST_STEP][PASSED] - setText(findTestObject("TC-CreatePolicy/RiskDetails/SumInsurreTextBox"), "4000"): Text '4000' is set on object 'Object Repository/TC-CreatePolicy/RiskDetails/SumInsurreTextBox'

2019-04-17 15:09:53 - [MESSAGE][PASSED] - Text '4000' is set on object 'Object Repository/TC-CreatePolicy/RiskDetails/SumInsurreTextBox'

2019-04-17 15:09:53 - [TEST_STEP][PASSED] - clearText(findTestObject("TC-CreatePolicy/RiskDetails/RoomNo")): Text of object 'Object Repository/TC-CreatePolicy/RiskDetails/RoomNo' is cleared

2019-04-17 15:09:53 - [MESSAGE][PASSED] - Text of object 'Object Repository/TC-CreatePolicy/RiskDetails/RoomNo' is cleared

2019-04-17 15:09:53 - [TEST_STEP][PASSED] - setText(findTestObject("TC-CreatePolicy/RiskDetails/RoomNo"), "2"): Text '2' is set on object 'Object Repository/TC-CreatePolicy/RiskDetails/RoomNo'

2019-04-17 15:09:53 - [MESSAGE][PASSED] - Text '2' is set on object 'Object Repository/TC-CreatePolicy/RiskDetails/RoomNo'

2019-04-17 15:09:53 - [TEST_STEP][PASSED] - clearText(findTestObject("TC-CreatePolicy/RiskDetails/ContentSumInsure")): Text of object 'Object Repository/TC-CreatePolicy/RiskDetails/ContentSumInsure' is cleared

2019-04-17 15:09:53 - [MESSAGE][PASSED] - Text of object 'Object Repository/TC-CreatePolicy/RiskDetails/ContentSumInsure' is cleared

2019-04-17 15:09:53 - [TEST_STEP][PASSED] - setText(findTestObject("TC-CreatePolicy/RiskDetails/ContentSumInsure"), "2000"): Text '2000' is set on object 'Object Repository/TC-CreatePolicy/RiskDetails/ContentSumInsure'

2019-04-17 15:09:53 - [MESSAGE][PASSED] - Text '2000' is set on object 'Object Repository/TC-CreatePolicy/RiskDetails/ContentSumInsure'

2019-04-17 15:09:53 - [TEST_STEP][PASSED] - click(findTestObject("TC03-MTA/MTASaveButton")): Object: 'Object Repository/TC03-MTA/MTASaveButton' is clicked on

2019-04-17 15:10:13 - [MESSAGE][PASSED] - Object: 'Object Repository/TC03-MTA/MTASaveButton' is clicked on

2019-04-17 15:10:13 - [TEST_STEP][PASSED] - waitForJQueryLoad(5): jQuery is ready.

2019-04-17 15:10:14 - [MESSAGE][PASSED] - jQuery is ready.

2019-04-17 15:10:14 - [TEST_STEP][PASSED] - delay(5): Delayed 5 second(s)

2019-04-17 15:10:19 - [MESSAGE][PASSED] - Delayed 5 second(s)

2019-04-17 15:10:19 - [TEST_STEP][PASSED] - APRPValue = getAttribute(findTestObject("TC03-MTA/APandRPValue"), "value"): Attribute 'value' of object 'Object Repository/TC03-MTA/APandRPValue' is: '0.00'

2019-04-17 15:10:19 - [MESSAGE][PASSED] - Attribute 'value' of object 'Object Repository/TC03-MTA/APandRPValue' is: '0.00'

2019-04-17 15:10:19 - [TEST_STEP][PASSED] - out.println(APRPValue): null

2019-04-17 15:10:19 - [TEST_STEP][NOT_RUN] - click(findTestObject("TC03-MTA/EmailQuoteButtonClick")): NOT_RUN: click(findTestObject("TC03-MTA/EmailQuoteButtonClick"))

2019-04-17 15:10:19 - [MESSAGE][NOT_RUN] - NOT_RUN: click(findTestObject("TC03-MTA/EmailQuoteButtonClick"))

2019-04-17 15:10:19 - [TEST_STEP][NOT_RUN] - delay(5): NOT_RUN: delay(5)

2019-04-17 15:10:19 - [MESSAGE][NOT_RUN] - NOT_RUN: delay(5)

2019-04-17 15:10:19 - [TEST_STEP][PASSED] - click(findTestObject("TC03-MTA/Complete")): Object: 'Object Repository/TC03-MTA/Complete' is clicked on

2019-04-17 15:10:23 - [MESSAGE][PASSED] - Object: 'Object Repository/TC03-MTA/Complete' is clicked on

2019-04-17 15:10:23 - [TEST_STEP][PASSED] - delay(5): Delayed 5 second(s)

2019-04-17 15:10:28 - [MESSAGE][PASSED] - Delayed 5 second(s)

2019-04-17 15:10:28 - [TEST_STEP][PASSED] - click(findTestObject("TC-CreatePolicy/PaymentDetails/PaymentMethods")): Object: 'Object Repository/TC-CreatePolicy/PaymentDetails/PaymentMethods' is clicked on

2019-04-17 15:10:28 - [MESSAGE][PASSED] - Object: 'Object Repository/TC-CreatePolicy/PaymentDetails/PaymentMethods' is clicked on

2019-04-17 15:10:28 - [TEST_STEP][PASSED] - selectOptionByLabel(findTestObject("TC-CreatePolicy/PaymentDetails/SelectNoOfInstallment"), "1", false): All options with label '1' are selected in object 'Object Repository/TC-CreatePolicy/PaymentDetails/SelectNoOfInstallment' 

2019-04-17 15:10:28 - [MESSAGE][PASSED] - All options with label '1' are selected in object 'Object Repository/TC-CreatePolicy/PaymentDetails/SelectNoOfInstallment' 

2019-04-17 15:10:28 - [TEST_STEP][PASSED] - delay(5, STOP_ON_FAILURE): Delayed 5 second(s)

2019-04-17 15:10:33 - [MESSAGE][PASSED] - Delayed 5 second(s)

2019-04-17 15:10:33 - [TEST_STEP][PASSED] - click(findTestObject("TC-CreatePolicy/PaymentDetails/ConfirmPaymentType")): Object: 'Object Repository/TC-CreatePolicy/PaymentDetails/ConfirmPaymentType' is clicked on

2019-04-17 15:10:33 - [MESSAGE][PASSED] - Object: 'Object Repository/TC-CreatePolicy/PaymentDetails/ConfirmPaymentType' is clicked on

2019-04-17 15:10:33 - [TEST_STEP][PASSED] - waitForJQueryLoad(5): jQuery is ready.

2019-04-17 15:10:33 - [MESSAGE][PASSED] - jQuery is ready.

2019-04-17 15:10:33 - [TEST_STEP][PASSED] - delay(3): Delayed 3 second(s)

2019-04-17 15:10:36 - [MESSAGE][PASSED] - Delayed 3 second(s)

2019-04-17 15:10:36 - [TEST_STEP][PASSED] - setText(findTestObject("TC-CreatePolicy/PaymentDetails/EmailText"), "dipak.das@mailinator.com"): Text 'dipak.das@mailinator.com' is set on object 'Object Repository/TC-CreatePolicy/PaymentDetails/EmailText'

2019-04-17 15:10:39 - [MESSAGE][PASSED] - Text 'dipak.das@mailinator.com' is set on object 'Object Repository/TC-CreatePolicy/PaymentDetails/EmailText'

2019-04-17 15:10:39 - [TEST_STEP][PASSED] - scrollToElement(findTestObject("TC03-MTA/SendEmail"), 5): Scroll to object 'Object Repository/TC03-MTA/SendEmail' successfully

2019-04-17 15:10:39 - [MESSAGE][PASSED] - Scroll to object 'Object Repository/TC03-MTA/SendEmail' successfully

2019-04-17 15:10:39 - [TEST_STEP][PASSED] - delay(4): Delayed 4 second(s)

2019-04-17 15:10:43 - [MESSAGE][PASSED] - Delayed 4 second(s)

2019-04-17 15:10:43 - [TEST_STEP][PASSED] - click(findTestObject("TC03-MTA/SendEmail")): Object: 'Object Repository/TC03-MTA/SendEmail' is clicked on

2019-04-17 15:10:43 - [MESSAGE][PASSED] - Object: 'Object Repository/TC03-MTA/SendEmail' is clicked on

2019-04-17 15:10:43 - [TEST_STEP][PASSED] - delay(5): Delayed 5 second(s)

2019-04-17 15:10:48 - [MESSAGE][PASSED] - Delayed 5 second(s)

2019-04-17 15:10:48 - [TEST_STEP][PASSED] - log.logInfo(PolicyNo_Global): 

2019-04-17 15:10:48 - [MESSAGE][INFO] -]]></system-out>
         <system-err><![CDATA[]]></system-err>
      </testcase>
      <testcase name="Test Cases/TC03-MTA" classname="Test Cases/TC03-MTA" status="PASSED">
         <system-out><![CDATA[2019-04-17 15:10:48 - [TEST_CASE][PASSED] - Test Cases/TC03-MTA: Test Cases/TC03-MTA

2019-04-17 15:10:48 - [TEST_STEP][PASSED] - log = new com.kms.katalon.core.logging.KeywordLogger(): null

2019-04-17 15:10:48 - [TEST_STEP][PASSED] - waitForJQueryLoad(5): jQuery is ready.

2019-04-17 15:10:51 - [MESSAGE][PASSED] - jQuery is ready.

2019-04-17 15:10:51 - [TEST_STEP][PASSED] - click(findTestObject("TC03-MTA/PolicyRecord")): Object: 'Object Repository/TC03-MTA/PolicyRecord' is clicked on

2019-04-17 15:10:55 - [MESSAGE][PASSED] - Object: 'Object Repository/TC03-MTA/PolicyRecord' is clicked on

2019-04-17 15:10:55 - [TEST_STEP][PASSED] - waitForJQueryLoad(5): jQuery is ready.

2019-04-17 15:10:55 - [MESSAGE][PASSED] - jQuery is ready.

2019-04-17 15:10:55 - [TEST_STEP][NOT_RUN] - setText(findTestObject("TC03-MTA/SearchFields"), PolicyNo_Global): NOT_RUN: setText(findTestObject("TC03-MTA/SearchFields"), PolicyNo_Global)

2019-04-17 15:10:55 - [MESSAGE][NOT_RUN] - NOT_RUN: setText(findTestObject("TC03-MTA/SearchFields"), PolicyNo_Global)

2019-04-17 15:10:55 - [TEST_STEP][PASSED] - setText(findTestObject("TC03-MTA/SearchFields"), MTA_PolicyNo): Text 'DASD/POLICY/002875' is set on object 'Object Repository/TC03-MTA/SearchFields'

2019-04-17 15:10:55 - [MESSAGE][PASSED] - Text 'DASD/POLICY/002875' is set on object 'Object Repository/TC03-MTA/SearchFields'

2019-04-17 15:10:55 - [TEST_STEP][PASSED] - delay(4, STOP_ON_FAILURE): Delayed 4 second(s)

2019-04-17 15:10:59 - [MESSAGE][PASSED] - Delayed 4 second(s)

2019-04-17 15:10:59 - [TEST_STEP][PASSED] - sendKeys(findTestObject("TC03-MTA/SearchFields"), Keys.chord(ENTER)): Keys 'ENTER + ' sent to object: 'Object Repository/TC03-MTA/SearchFields'

2019-04-17 15:10:59 - [MESSAGE][PASSED] - Keys 'ENTER + ' sent to object: 'Object Repository/TC03-MTA/SearchFields'

2019-04-17 15:10:59 - [TEST_STEP][PASSED] - delay(5): Delayed 5 second(s)

2019-04-17 15:11:04 - [MESSAGE][PASSED] - Delayed 5 second(s)

2019-04-17 15:11:04 - [TEST_STEP][PASSED] - click(findTestObject("TC03-MTA/ClickEdit")): Object: 'Object Repository/TC03-MTA/ClickEdit' is clicked on

2019-04-17 15:11:06 - [MESSAGE][PASSED] - Object: 'Object Repository/TC03-MTA/ClickEdit' is clicked on

2019-04-17 15:11:06 - [TEST_STEP][PASSED] - delay(2): Delayed 2 second(s)

2019-04-17 15:11:08 - [MESSAGE][PASSED] - Delayed 2 second(s)

2019-04-17 15:11:08 - [TEST_STEP][PASSED] - click(findTestObject("TC03-MTA/MTA TAB")): Object: 'Object Repository/TC03-MTA/MTA TAB' is clicked on

2019-04-17 15:11:10 - [MESSAGE][PASSED] - Object: 'Object Repository/TC03-MTA/MTA TAB' is clicked on

2019-04-17 15:11:10 - [TEST_STEP][PASSED] - waitForJQueryLoad(5): jQuery is ready.

2019-04-17 15:11:11 - [MESSAGE][PASSED] - jQuery is ready.

2019-04-17 15:11:11 - [TEST_STEP][PASSED] - click(findTestObject("TC03-MTA/GO BUTTON")): Object: 'Object Repository/TC03-MTA/GO BUTTON' is clicked on

2019-04-17 15:11:22 - [MESSAGE][PASSED] - Object: 'Object Repository/TC03-MTA/GO BUTTON' is clicked on

2019-04-17 15:11:22 - [TEST_STEP][PASSED] - waitForJQueryLoad(5): jQuery is ready.

2019-04-17 15:11:23 - [MESSAGE][PASSED] - jQuery is ready.

2019-04-17 15:11:23 - [TEST_STEP][PASSED] - selectOptionByLabel(findTestObject("TC03-MTA/MTA Resons Type"), "Reason Description MTA", false): All options with label 'Reason Description MTA' are selected in object 'Object Repository/TC03-MTA/MTA Resons Type' 

2019-04-17 15:11:23 - [MESSAGE][PASSED] - All options with label 'Reason Description MTA' are selected in object 'Object Repository/TC03-MTA/MTA Resons Type' 

2019-04-17 15:11:23 - [TEST_STEP][PASSED] - setText(findTestObject("TC03-MTA/MTAReasonTextArea"), "Only For Testing Purpose."): Text 'Only For Testing Purpose.' is set on object 'Object Repository/TC03-MTA/MTAReasonTextArea'

2019-04-17 15:11:23 - [MESSAGE][PASSED] - Text 'Only For Testing Purpose.' is set on object 'Object Repository/TC03-MTA/MTAReasonTextArea'

2019-04-17 15:11:23 - [TEST_STEP][PASSED] - delay(5): Delayed 5 second(s)

2019-04-17 15:11:28 - [MESSAGE][PASSED] - Delayed 5 second(s)

2019-04-17 15:11:28 - [TEST_STEP][PASSED] - click(findTestObject("TC03-MTA/MTAResonsSaveButton")): Object: 'Object Repository/TC03-MTA/MTAResonsSaveButton' is clicked on

2019-04-17 15:11:31 - [MESSAGE][PASSED] - Object: 'Object Repository/TC03-MTA/MTAResonsSaveButton' is clicked on

2019-04-17 15:11:31 - [TEST_STEP][PASSED] - delay(4): Delayed 4 second(s)

2019-04-17 15:11:35 - [MESSAGE][PASSED] - Delayed 4 second(s)

2019-04-17 15:11:35 - [TEST_STEP][PASSED] - click(findTestObject("TC03-MTA/EditRiskItemListing")): Object: 'Object Repository/TC03-MTA/EditRiskItemListing' is clicked on

2019-04-17 15:11:39 - [MESSAGE][PASSED] - Object: 'Object Repository/TC03-MTA/EditRiskItemListing' is clicked on

2019-04-17 15:11:39 - [TEST_STEP][PASSED] - selectOptionByLabel(findTestObject("TC-CreatePolicy/RiskDetails/Type"), "Duplex", false): All options with label 'Duplex' are selected in object 'Object Repository/TC-CreatePolicy/RiskDetails/Type' 

2019-04-17 15:11:39 - [MESSAGE][PASSED] - All options with label 'Duplex' are selected in object 'Object Repository/TC-CreatePolicy/RiskDetails/Type' 

2019-04-17 15:11:39 - [TEST_STEP][PASSED] - clearText(findTestObject("TC-CreatePolicy/RiskDetails/SumInsurreTextBox")): Text of object 'Object Repository/TC-CreatePolicy/RiskDetails/SumInsurreTextBox' is cleared

2019-04-17 15:11:39 - [MESSAGE][PASSED] - Text of object 'Object Repository/TC-CreatePolicy/RiskDetails/SumInsurreTextBox' is cleared

2019-04-17 15:11:39 - [TEST_STEP][PASSED] - setText(findTestObject("TC-CreatePolicy/RiskDetails/SumInsurreTextBox"), "4000"): Text '4000' is set on object 'Object Repository/TC-CreatePolicy/RiskDetails/SumInsurreTextBox'

2019-04-17 15:11:39 - [MESSAGE][PASSED] - Text '4000' is set on object 'Object Repository/TC-CreatePolicy/RiskDetails/SumInsurreTextBox'

2019-04-17 15:11:39 - [TEST_STEP][PASSED] - clearText(findTestObject("TC-CreatePolicy/RiskDetails/RoomNo")): Text of object 'Object Repository/TC-CreatePolicy/RiskDetails/RoomNo' is cleared

2019-04-17 15:11:39 - [MESSAGE][PASSED] - Text of object 'Object Repository/TC-CreatePolicy/RiskDetails/RoomNo' is cleared

2019-04-17 15:11:39 - [TEST_STEP][PASSED] - setText(findTestObject("TC-CreatePolicy/RiskDetails/RoomNo"), "2"): Text '2' is set on object 'Object Repository/TC-CreatePolicy/RiskDetails/RoomNo'

2019-04-17 15:11:39 - [MESSAGE][PASSED] - Text '2' is set on object 'Object Repository/TC-CreatePolicy/RiskDetails/RoomNo'

2019-04-17 15:11:39 - [TEST_STEP][PASSED] - clearText(findTestObject("TC-CreatePolicy/RiskDetails/ContentSumInsure")): Text of object 'Object Repository/TC-CreatePolicy/RiskDetails/ContentSumInsure' is cleared

2019-04-17 15:11:40 - [MESSAGE][PASSED] - Text of object 'Object Repository/TC-CreatePolicy/RiskDetails/ContentSumInsure' is cleared

2019-04-17 15:11:40 - [TEST_STEP][PASSED] - setText(findTestObject("TC-CreatePolicy/RiskDetails/ContentSumInsure"), "2000"): Text '2000' is set on object 'Object Repository/TC-CreatePolicy/RiskDetails/ContentSumInsure'

2019-04-17 15:11:40 - [MESSAGE][PASSED] - Text '2000' is set on object 'Object Repository/TC-CreatePolicy/RiskDetails/ContentSumInsure'

2019-04-17 15:11:40 - [TEST_STEP][PASSED] - click(findTestObject("TC03-MTA/MTASaveButton")): Object: 'Object Repository/TC03-MTA/MTASaveButton' is clicked on

2019-04-17 15:11:51 - [MESSAGE][PASSED] - Object: 'Object Repository/TC03-MTA/MTASaveButton' is clicked on

2019-04-17 15:11:51 - [TEST_STEP][PASSED] - waitForJQueryLoad(5): jQuery is ready.

2019-04-17 15:11:52 - [MESSAGE][PASSED] - jQuery is ready.

2019-04-17 15:11:52 - [TEST_STEP][PASSED] - delay(5): Delayed 5 second(s)

2019-04-17 15:11:57 - [MESSAGE][PASSED] - Delayed 5 second(s)

2019-04-17 15:11:57 - [TEST_STEP][PASSED] - APRPValue = getAttribute(findTestObject("TC03-MTA/APandRPValue"), "value"): Attribute 'value' of object 'Object Repository/TC03-MTA/APandRPValue' is: '0.00'

2019-04-17 15:11:57 - [MESSAGE][PASSED] - Attribute 'value' of object 'Object Repository/TC03-MTA/APandRPValue' is: '0.00'

2019-04-17 15:11:57 - [TEST_STEP][PASSED] - out.println(APRPValue): null

2019-04-17 15:11:57 - [TEST_STEP][NOT_RUN] - click(findTestObject("TC03-MTA/EmailQuoteButtonClick")): NOT_RUN: click(findTestObject("TC03-MTA/EmailQuoteButtonClick"))

2019-04-17 15:11:57 - [MESSAGE][NOT_RUN] - NOT_RUN: click(findTestObject("TC03-MTA/EmailQuoteButtonClick"))

2019-04-17 15:11:57 - [TEST_STEP][NOT_RUN] - delay(5): NOT_RUN: delay(5)

2019-04-17 15:11:57 - [MESSAGE][NOT_RUN] - NOT_RUN: delay(5)

2019-04-17 15:11:57 - [TEST_STEP][PASSED] - click(findTestObject("TC03-MTA/Complete")): Object: 'Object Repository/TC03-MTA/Complete' is clicked on

2019-04-17 15:12:01 - [MESSAGE][PASSED] - Object: 'Object Repository/TC03-MTA/Complete' is clicked on

2019-04-17 15:12:01 - [TEST_STEP][PASSED] - delay(5): Delayed 5 second(s)

2019-04-17 15:12:06 - [MESSAGE][PASSED] - Delayed 5 second(s)

2019-04-17 15:12:06 - [TEST_STEP][PASSED] - click(findTestObject("TC-CreatePolicy/PaymentDetails/PaymentMethods")): Object: 'Object Repository/TC-CreatePolicy/PaymentDetails/PaymentMethods' is clicked on

2019-04-17 15:12:06 - [MESSAGE][PASSED] - Object: 'Object Repository/TC-CreatePolicy/PaymentDetails/PaymentMethods' is clicked on

2019-04-17 15:12:06 - [TEST_STEP][PASSED] - selectOptionByLabel(findTestObject("TC-CreatePolicy/PaymentDetails/SelectNoOfInstallment"), "1", false): All options with label '1' are selected in object 'Object Repository/TC-CreatePolicy/PaymentDetails/SelectNoOfInstallment' 

2019-04-17 15:12:06 - [MESSAGE][PASSED] - All options with label '1' are selected in object 'Object Repository/TC-CreatePolicy/PaymentDetails/SelectNoOfInstallment' 

2019-04-17 15:12:06 - [TEST_STEP][PASSED] - delay(5, STOP_ON_FAILURE): Delayed 5 second(s)

2019-04-17 15:12:11 - [MESSAGE][PASSED] - Delayed 5 second(s)

2019-04-17 15:12:11 - [TEST_STEP][PASSED] - click(findTestObject("TC-CreatePolicy/PaymentDetails/ConfirmPaymentType")): Object: 'Object Repository/TC-CreatePolicy/PaymentDetails/ConfirmPaymentType' is clicked on

2019-04-17 15:12:11 - [MESSAGE][PASSED] - Object: 'Object Repository/TC-CreatePolicy/PaymentDetails/ConfirmPaymentType' is clicked on

2019-04-17 15:12:11 - [TEST_STEP][PASSED] - waitForJQueryLoad(5): jQuery is ready.

2019-04-17 15:12:11 - [MESSAGE][PASSED] - jQuery is ready.

2019-04-17 15:12:11 - [TEST_STEP][PASSED] - delay(3): Delayed 3 second(s)

2019-04-17 15:12:14 - [MESSAGE][PASSED] - Delayed 3 second(s)

2019-04-17 15:12:14 - [TEST_STEP][PASSED] - setText(findTestObject("TC-CreatePolicy/PaymentDetails/EmailText"), "dipak.das@mailinator.com"): Text 'dipak.das@mailinator.com' is set on object 'Object Repository/TC-CreatePolicy/PaymentDetails/EmailText'

2019-04-17 15:12:14 - [MESSAGE][PASSED] - Text 'dipak.das@mailinator.com' is set on object 'Object Repository/TC-CreatePolicy/PaymentDetails/EmailText'

2019-04-17 15:12:14 - [TEST_STEP][PASSED] - scrollToElement(findTestObject("TC03-MTA/SendEmail"), 5): Scroll to object 'Object Repository/TC03-MTA/SendEmail' successfully

2019-04-17 15:12:14 - [MESSAGE][PASSED] - Scroll to object 'Object Repository/TC03-MTA/SendEmail' successfully

2019-04-17 15:12:14 - [TEST_STEP][PASSED] - delay(4): Delayed 4 second(s)

2019-04-17 15:12:18 - [MESSAGE][PASSED] - Delayed 4 second(s)

2019-04-17 15:12:18 - [TEST_STEP][PASSED] - click(findTestObject("TC03-MTA/SendEmail")): Object: 'Object Repository/TC03-MTA/SendEmail' is clicked on

2019-04-17 15:12:18 - [MESSAGE][PASSED] - Object: 'Object Repository/TC03-MTA/SendEmail' is clicked on

2019-04-17 15:12:18 - [TEST_STEP][PASSED] - delay(5): Delayed 5 second(s)

2019-04-17 15:12:23 - [MESSAGE][PASSED] - Delayed 5 second(s)

2019-04-17 15:12:23 - [TEST_STEP][PASSED] - log.logInfo(PolicyNo_Global): 

2019-04-17 15:12:23 - [MESSAGE][INFO] -]]></system-out>
         <system-err><![CDATA[]]></system-err>
      </testcase>
      <testcase name="Test Cases/TC03-MTA" classname="Test Cases/TC03-MTA" status="PASSED">
         <system-out><![CDATA[2019-04-17 15:12:23 - [TEST_CASE][PASSED] - Test Cases/TC03-MTA: Test Cases/TC03-MTA

2019-04-17 15:12:24 - [TEST_STEP][PASSED] - log = new com.kms.katalon.core.logging.KeywordLogger(): null

2019-04-17 15:12:24 - [TEST_STEP][PASSED] - waitForJQueryLoad(5): jQuery is ready.

2019-04-17 15:12:25 - [MESSAGE][PASSED] - jQuery is ready.

2019-04-17 15:12:25 - [TEST_STEP][PASSED] - click(findTestObject("TC03-MTA/PolicyRecord")): Object: 'Object Repository/TC03-MTA/PolicyRecord' is clicked on

2019-04-17 15:12:26 - [MESSAGE][PASSED] - Object: 'Object Repository/TC03-MTA/PolicyRecord' is clicked on

2019-04-17 15:12:26 - [TEST_STEP][PASSED] - waitForJQueryLoad(5): jQuery is ready.

2019-04-17 15:12:27 - [MESSAGE][PASSED] - jQuery is ready.

2019-04-17 15:12:27 - [TEST_STEP][NOT_RUN] - setText(findTestObject("TC03-MTA/SearchFields"), PolicyNo_Global): NOT_RUN: setText(findTestObject("TC03-MTA/SearchFields"), PolicyNo_Global)

2019-04-17 15:12:27 - [MESSAGE][NOT_RUN] - NOT_RUN: setText(findTestObject("TC03-MTA/SearchFields"), PolicyNo_Global)

2019-04-17 15:12:27 - [TEST_STEP][PASSED] - setText(findTestObject("TC03-MTA/SearchFields"), MTA_PolicyNo): Text '' is set on object 'Object Repository/TC03-MTA/SearchFields'

2019-04-17 15:12:27 - [MESSAGE][PASSED] - Text '' is set on object 'Object Repository/TC03-MTA/SearchFields'

2019-04-17 15:12:27 - [TEST_STEP][PASSED] - delay(4, STOP_ON_FAILURE): Delayed 4 second(s)

2019-04-17 15:12:31 - [MESSAGE][PASSED] - Delayed 4 second(s)

2019-04-17 15:12:31 - [TEST_STEP][PASSED] - sendKeys(findTestObject("TC03-MTA/SearchFields"), Keys.chord(ENTER)): Keys 'ENTER + ' sent to object: 'Object Repository/TC03-MTA/SearchFields'

2019-04-17 15:12:31 - [MESSAGE][PASSED] - Keys 'ENTER + ' sent to object: 'Object Repository/TC03-MTA/SearchFields'

2019-04-17 15:12:31 - [TEST_STEP][PASSED] - delay(5): Delayed 5 second(s)

2019-04-17 15:12:36 - [MESSAGE][PASSED] - Delayed 5 second(s)

2019-04-17 15:12:36 - [TEST_STEP][PASSED] - click(findTestObject("TC03-MTA/ClickEdit")): Object: 'Object Repository/TC03-MTA/ClickEdit' is clicked on

2019-04-17 15:12:37 - [MESSAGE][PASSED] - Object: 'Object Repository/TC03-MTA/ClickEdit' is clicked on

2019-04-17 15:12:37 - [TEST_STEP][PASSED] - delay(2): Delayed 2 second(s)

2019-04-17 15:12:39 - [MESSAGE][PASSED] - Delayed 2 second(s)

2019-04-17 15:12:39 - [TEST_STEP][PASSED] - click(findTestObject("TC03-MTA/MTA TAB")): Object: 'Object Repository/TC03-MTA/MTA TAB' is clicked on

2019-04-17 15:12:41 - [MESSAGE][PASSED] - Object: 'Object Repository/TC03-MTA/MTA TAB' is clicked on

2019-04-17 15:12:41 - [TEST_STEP][PASSED] - waitForJQueryLoad(5): jQuery is ready.

2019-04-17 15:12:42 - [MESSAGE][PASSED] - jQuery is ready.

2019-04-17 15:12:42 - [TEST_STEP][PASSED] - click(findTestObject("TC03-MTA/GO BUTTON")): Object: 'Object Repository/TC03-MTA/GO BUTTON' is clicked on

2019-04-17 15:12:49 - [MESSAGE][PASSED] - Object: 'Object Repository/TC03-MTA/GO BUTTON' is clicked on

2019-04-17 15:12:49 - [TEST_STEP][PASSED] - waitForJQueryLoad(5): jQuery is ready.

2019-04-17 15:12:50 - [MESSAGE][PASSED] - jQuery is ready.

2019-04-17 15:12:50 - [TEST_STEP][PASSED] - selectOptionByLabel(findTestObject("TC03-MTA/MTA Resons Type"), "Reason Description MTA", false): All options with label 'Reason Description MTA' are selected in object 'Object Repository/TC03-MTA/MTA Resons Type' 

2019-04-17 15:12:50 - [MESSAGE][PASSED] - All options with label 'Reason Description MTA' are selected in object 'Object Repository/TC03-MTA/MTA Resons Type' 

2019-04-17 15:12:50 - [TEST_STEP][PASSED] - setText(findTestObject("TC03-MTA/MTAReasonTextArea"), "Only For Testing Purpose."): Text 'Only For Testing Purpose.' is set on object 'Object Repository/TC03-MTA/MTAReasonTextArea'

2019-04-17 15:12:50 - [MESSAGE][PASSED] - Text 'Only For Testing Purpose.' is set on object 'Object Repository/TC03-MTA/MTAReasonTextArea'

2019-04-17 15:12:50 - [TEST_STEP][PASSED] - delay(5): Delayed 5 second(s)

2019-04-17 15:12:55 - [MESSAGE][PASSED] - Delayed 5 second(s)

2019-04-17 15:12:55 - [TEST_STEP][PASSED] - click(findTestObject("TC03-MTA/MTAResonsSaveButton")): Object: 'Object Repository/TC03-MTA/MTAResonsSaveButton' is clicked on

2019-04-17 15:12:58 - [MESSAGE][PASSED] - Object: 'Object Repository/TC03-MTA/MTAResonsSaveButton' is clicked on

2019-04-17 15:12:58 - [TEST_STEP][PASSED] - delay(4): Delayed 4 second(s)

2019-04-17 15:13:02 - [MESSAGE][PASSED] - Delayed 4 second(s)

2019-04-17 15:13:02 - [TEST_STEP][PASSED] - click(findTestObject("TC03-MTA/EditRiskItemListing")): Object: 'Object Repository/TC03-MTA/EditRiskItemListing' is clicked on

2019-04-17 15:13:04 - [MESSAGE][PASSED] - Object: 'Object Repository/TC03-MTA/EditRiskItemListing' is clicked on

2019-04-17 15:13:04 - [TEST_STEP][PASSED] - selectOptionByLabel(findTestObject("TC-CreatePolicy/RiskDetails/Type"), "Duplex", false): All options with label 'Duplex' are selected in object 'Object Repository/TC-CreatePolicy/RiskDetails/Type' 

2019-04-17 15:13:04 - [MESSAGE][PASSED] - All options with label 'Duplex' are selected in object 'Object Repository/TC-CreatePolicy/RiskDetails/Type' 

2019-04-17 15:13:04 - [TEST_STEP][PASSED] - clearText(findTestObject("TC-CreatePolicy/RiskDetails/SumInsurreTextBox")): Text of object 'Object Repository/TC-CreatePolicy/RiskDetails/SumInsurreTextBox' is cleared

2019-04-17 15:13:04 - [MESSAGE][PASSED] - Text of object 'Object Repository/TC-CreatePolicy/RiskDetails/SumInsurreTextBox' is cleared

2019-04-17 15:13:04 - [TEST_STEP][PASSED] - setText(findTestObject("TC-CreatePolicy/RiskDetails/SumInsurreTextBox"), "4000"): Text '4000' is set on object 'Object Repository/TC-CreatePolicy/RiskDetails/SumInsurreTextBox'

2019-04-17 15:13:04 - [MESSAGE][PASSED] - Text '4000' is set on object 'Object Repository/TC-CreatePolicy/RiskDetails/SumInsurreTextBox'

2019-04-17 15:13:04 - [TEST_STEP][PASSED] - clearText(findTestObject("TC-CreatePolicy/RiskDetails/RoomNo")): Text of object 'Object Repository/TC-CreatePolicy/RiskDetails/RoomNo' is cleared

2019-04-17 15:13:04 - [MESSAGE][PASSED] - Text of object 'Object Repository/TC-CreatePolicy/RiskDetails/RoomNo' is cleared

2019-04-17 15:13:04 - [TEST_STEP][PASSED] - setText(findTestObject("TC-CreatePolicy/RiskDetails/RoomNo"), "2"): Text '2' is set on object 'Object Repository/TC-CreatePolicy/RiskDetails/RoomNo'

2019-04-17 15:13:04 - [MESSAGE][PASSED] - Text '2' is set on object 'Object Repository/TC-CreatePolicy/RiskDetails/RoomNo'

2019-04-17 15:13:04 - [TEST_STEP][PASSED] - clearText(findTestObject("TC-CreatePolicy/RiskDetails/ContentSumInsure")): Text of object 'Object Repository/TC-CreatePolicy/RiskDetails/ContentSumInsure' is cleared

2019-04-17 15:13:04 - [MESSAGE][PASSED] - Text of object 'Object Repository/TC-CreatePolicy/RiskDetails/ContentSumInsure' is cleared

2019-04-17 15:13:04 - [TEST_STEP][PASSED] - setText(findTestObject("TC-CreatePolicy/RiskDetails/ContentSumInsure"), "2000"): Text '2000' is set on object 'Object Repository/TC-CreatePolicy/RiskDetails/ContentSumInsure'

2019-04-17 15:13:05 - [MESSAGE][PASSED] - Text '2000' is set on object 'Object Repository/TC-CreatePolicy/RiskDetails/ContentSumInsure'

2019-04-17 15:13:05 - [TEST_STEP][PASSED] - click(findTestObject("TC03-MTA/MTASaveButton")): Object: 'Object Repository/TC03-MTA/MTASaveButton' is clicked on

2019-04-17 15:13:14 - [MESSAGE][PASSED] - Object: 'Object Repository/TC03-MTA/MTASaveButton' is clicked on

2019-04-17 15:13:14 - [TEST_STEP][PASSED] - waitForJQueryLoad(5): jQuery is ready.

2019-04-17 15:13:15 - [MESSAGE][PASSED] - jQuery is ready.

2019-04-17 15:13:15 - [TEST_STEP][PASSED] - delay(5): Delayed 5 second(s)

2019-04-17 15:13:20 - [MESSAGE][PASSED] - Delayed 5 second(s)

2019-04-17 15:13:20 - [TEST_STEP][PASSED] - APRPValue = getAttribute(findTestObject("TC03-MTA/APandRPValue"), "value"): Attribute 'value' of object 'Object Repository/TC03-MTA/APandRPValue' is: '200.00'

2019-04-17 15:13:20 - [MESSAGE][PASSED] - Attribute 'value' of object 'Object Repository/TC03-MTA/APandRPValue' is: '200.00'

2019-04-17 15:13:20 - [TEST_STEP][PASSED] - out.println(APRPValue): null

2019-04-17 15:13:20 - [TEST_STEP][NOT_RUN] - click(findTestObject("TC03-MTA/EmailQuoteButtonClick")): NOT_RUN: click(findTestObject("TC03-MTA/EmailQuoteButtonClick"))

2019-04-17 15:13:20 - [MESSAGE][NOT_RUN] - NOT_RUN: click(findTestObject("TC03-MTA/EmailQuoteButtonClick"))

2019-04-17 15:13:20 - [TEST_STEP][NOT_RUN] - delay(5): NOT_RUN: delay(5)

2019-04-17 15:13:20 - [MESSAGE][NOT_RUN] - NOT_RUN: delay(5)

2019-04-17 15:13:20 - [TEST_STEP][PASSED] - click(findTestObject("TC03-MTA/Complete")): Object: 'Object Repository/TC03-MTA/Complete' is clicked on

2019-04-17 15:13:22 - [MESSAGE][PASSED] - Object: 'Object Repository/TC03-MTA/Complete' is clicked on

2019-04-17 15:13:22 - [TEST_STEP][PASSED] - delay(5): Delayed 5 second(s)

2019-04-17 15:13:27 - [MESSAGE][PASSED] - Delayed 5 second(s)

2019-04-17 15:13:27 - [TEST_STEP][PASSED] - click(findTestObject("TC-CreatePolicy/PaymentDetails/PaymentMethods")): Object: 'Object Repository/TC-CreatePolicy/PaymentDetails/PaymentMethods' is clicked on

2019-04-17 15:13:27 - [MESSAGE][PASSED] - Object: 'Object Repository/TC-CreatePolicy/PaymentDetails/PaymentMethods' is clicked on

2019-04-17 15:13:27 - [TEST_STEP][PASSED] - selectOptionByLabel(findTestObject("TC-CreatePolicy/PaymentDetails/SelectNoOfInstallment"), "1", false): All options with label '1' are selected in object 'Object Repository/TC-CreatePolicy/PaymentDetails/SelectNoOfInstallment' 

2019-04-17 15:13:27 - [MESSAGE][PASSED] - All options with label '1' are selected in object 'Object Repository/TC-CreatePolicy/PaymentDetails/SelectNoOfInstallment' 

2019-04-17 15:13:27 - [TEST_STEP][PASSED] - delay(5, STOP_ON_FAILURE): Delayed 5 second(s)

2019-04-17 15:13:32 - [MESSAGE][PASSED] - Delayed 5 second(s)

2019-04-17 15:13:32 - [TEST_STEP][PASSED] - click(findTestObject("TC-CreatePolicy/PaymentDetails/ConfirmPaymentType")): Object: 'Object Repository/TC-CreatePolicy/PaymentDetails/ConfirmPaymentType' is clicked on

2019-04-17 15:13:32 - [MESSAGE][PASSED] - Object: 'Object Repository/TC-CreatePolicy/PaymentDetails/ConfirmPaymentType' is clicked on

2019-04-17 15:13:32 - [TEST_STEP][PASSED] - waitForJQueryLoad(5): jQuery is ready.

2019-04-17 15:13:32 - [MESSAGE][PASSED] - jQuery is ready.

2019-04-17 15:13:32 - [TEST_STEP][PASSED] - delay(3): Delayed 3 second(s)

2019-04-17 15:13:35 - [MESSAGE][PASSED] - Delayed 3 second(s)

2019-04-17 15:13:35 - [TEST_STEP][PASSED] - setText(findTestObject("TC-CreatePolicy/PaymentDetails/EmailText"), "dipak.das@mailinator.com"): Text 'dipak.das@mailinator.com' is set on object 'Object Repository/TC-CreatePolicy/PaymentDetails/EmailText'

2019-04-17 15:13:35 - [MESSAGE][PASSED] - Text 'dipak.das@mailinator.com' is set on object 'Object Repository/TC-CreatePolicy/PaymentDetails/EmailText'

2019-04-17 15:13:35 - [TEST_STEP][PASSED] - scrollToElement(findTestObject("TC03-MTA/SendEmail"), 5): Scroll to object 'Object Repository/TC03-MTA/SendEmail' successfully

2019-04-17 15:13:35 - [MESSAGE][PASSED] - Scroll to object 'Object Repository/TC03-MTA/SendEmail' successfully

2019-04-17 15:13:35 - [TEST_STEP][PASSED] - delay(4): Delayed 4 second(s)

2019-04-17 15:13:39 - [MESSAGE][PASSED] - Delayed 4 second(s)

2019-04-17 15:13:39 - [TEST_STEP][PASSED] - click(findTestObject("TC03-MTA/SendEmail")): Object: 'Object Repository/TC03-MTA/SendEmail' is clicked on

2019-04-17 15:13:40 - [MESSAGE][PASSED] - Object: 'Object Repository/TC03-MTA/SendEmail' is clicked on

2019-04-17 15:13:40 - [TEST_STEP][PASSED] - delay(5): Delayed 5 second(s)

2019-04-17 15:13:45 - [MESSAGE][PASSED] - Delayed 5 second(s)

2019-04-17 15:13:45 - [TEST_STEP][PASSED] - log.logInfo(PolicyNo_Global): 

2019-04-17 15:13:45 - [MESSAGE][INFO] -]]></system-out>
         <system-err><![CDATA[]]></system-err>
      </testcase>
      <testcase name="Test Cases/TC03-MTA" classname="Test Cases/TC03-MTA" status="PASSED">
         <system-out><![CDATA[2019-04-17 15:13:45 - [TEST_CASE][PASSED] - Test Cases/TC03-MTA: Test Cases/TC03-MTA

2019-04-17 15:13:45 - [TEST_STEP][PASSED] - log = new com.kms.katalon.core.logging.KeywordLogger(): null

2019-04-17 15:13:45 - [TEST_STEP][PASSED] - waitForJQueryLoad(5): jQuery is ready.

2019-04-17 15:13:46 - [MESSAGE][PASSED] - jQuery is ready.

2019-04-17 15:13:46 - [TEST_STEP][PASSED] - click(findTestObject("TC03-MTA/PolicyRecord")): Object: 'Object Repository/TC03-MTA/PolicyRecord' is clicked on

2019-04-17 15:13:47 - [MESSAGE][PASSED] - Object: 'Object Repository/TC03-MTA/PolicyRecord' is clicked on

2019-04-17 15:13:47 - [TEST_STEP][PASSED] - waitForJQueryLoad(5): jQuery is ready.

2019-04-17 15:13:48 - [MESSAGE][PASSED] - jQuery is ready.

2019-04-17 15:13:48 - [TEST_STEP][NOT_RUN] - setText(findTestObject("TC03-MTA/SearchFields"), PolicyNo_Global): NOT_RUN: setText(findTestObject("TC03-MTA/SearchFields"), PolicyNo_Global)

2019-04-17 15:13:48 - [MESSAGE][NOT_RUN] - NOT_RUN: setText(findTestObject("TC03-MTA/SearchFields"), PolicyNo_Global)

2019-04-17 15:13:48 - [TEST_STEP][PASSED] - setText(findTestObject("TC03-MTA/SearchFields"), MTA_PolicyNo): Text '' is set on object 'Object Repository/TC03-MTA/SearchFields'

2019-04-17 15:13:48 - [MESSAGE][PASSED] - Text '' is set on object 'Object Repository/TC03-MTA/SearchFields'

2019-04-17 15:13:48 - [TEST_STEP][PASSED] - delay(4, STOP_ON_FAILURE): Delayed 4 second(s)

2019-04-17 15:13:52 - [MESSAGE][PASSED] - Delayed 4 second(s)

2019-04-17 15:13:52 - [TEST_STEP][PASSED] - sendKeys(findTestObject("TC03-MTA/SearchFields"), Keys.chord(ENTER)): Keys 'ENTER + ' sent to object: 'Object Repository/TC03-MTA/SearchFields'

2019-04-17 15:13:52 - [MESSAGE][PASSED] - Keys 'ENTER + ' sent to object: 'Object Repository/TC03-MTA/SearchFields'

2019-04-17 15:13:52 - [TEST_STEP][PASSED] - delay(5): Delayed 5 second(s)

2019-04-17 15:13:57 - [MESSAGE][PASSED] - Delayed 5 second(s)

2019-04-17 15:13:57 - [TEST_STEP][PASSED] - click(findTestObject("TC03-MTA/ClickEdit")): Object: 'Object Repository/TC03-MTA/ClickEdit' is clicked on

2019-04-17 15:13:59 - [MESSAGE][PASSED] - Object: 'Object Repository/TC03-MTA/ClickEdit' is clicked on

2019-04-17 15:13:59 - [TEST_STEP][PASSED] - delay(2): Delayed 2 second(s)

2019-04-17 15:14:01 - [MESSAGE][PASSED] - Delayed 2 second(s)

2019-04-17 15:14:01 - [TEST_STEP][PASSED] - click(findTestObject("TC03-MTA/MTA TAB")): Object: 'Object Repository/TC03-MTA/MTA TAB' is clicked on

2019-04-17 15:14:02 - [MESSAGE][PASSED] - Object: 'Object Repository/TC03-MTA/MTA TAB' is clicked on

2019-04-17 15:14:02 - [TEST_STEP][PASSED] - waitForJQueryLoad(5): jQuery is ready.

2019-04-17 15:14:03 - [MESSAGE][PASSED] - jQuery is ready.

2019-04-17 15:14:03 - [TEST_STEP][PASSED] - click(findTestObject("TC03-MTA/GO BUTTON")): Object: 'Object Repository/TC03-MTA/GO BUTTON' is clicked on

2019-04-17 15:14:10 - [MESSAGE][PASSED] - Object: 'Object Repository/TC03-MTA/GO BUTTON' is clicked on

2019-04-17 15:14:10 - [TEST_STEP][PASSED] - waitForJQueryLoad(5): jQuery is ready.

2019-04-17 15:14:11 - [MESSAGE][PASSED] - jQuery is ready.

2019-04-17 15:14:11 - [TEST_STEP][PASSED] - selectOptionByLabel(findTestObject("TC03-MTA/MTA Resons Type"), "Reason Description MTA", false): All options with label 'Reason Description MTA' are selected in object 'Object Repository/TC03-MTA/MTA Resons Type' 

2019-04-17 15:14:11 - [MESSAGE][PASSED] - All options with label 'Reason Description MTA' are selected in object 'Object Repository/TC03-MTA/MTA Resons Type' 

2019-04-17 15:14:11 - [TEST_STEP][PASSED] - setText(findTestObject("TC03-MTA/MTAReasonTextArea"), "Only For Testing Purpose."): Text 'Only For Testing Purpose.' is set on object 'Object Repository/TC03-MTA/MTAReasonTextArea'

2019-04-17 15:14:11 - [MESSAGE][PASSED] - Text 'Only For Testing Purpose.' is set on object 'Object Repository/TC03-MTA/MTAReasonTextArea'

2019-04-17 15:14:11 - [TEST_STEP][PASSED] - delay(5): Delayed 5 second(s)

2019-04-17 15:14:16 - [MESSAGE][PASSED] - Delayed 5 second(s)

2019-04-17 15:14:16 - [TEST_STEP][PASSED] - click(findTestObject("TC03-MTA/MTAResonsSaveButton")): Object: 'Object Repository/TC03-MTA/MTAResonsSaveButton' is clicked on

2019-04-17 15:14:19 - [MESSAGE][PASSED] - Object: 'Object Repository/TC03-MTA/MTAResonsSaveButton' is clicked on

2019-04-17 15:14:19 - [TEST_STEP][PASSED] - delay(4): Delayed 4 second(s)

2019-04-17 15:14:23 - [MESSAGE][PASSED] - Delayed 4 second(s)

2019-04-17 15:14:23 - [TEST_STEP][PASSED] - click(findTestObject("TC03-MTA/EditRiskItemListing")): Object: 'Object Repository/TC03-MTA/EditRiskItemListing' is clicked on

2019-04-17 15:14:24 - [MESSAGE][PASSED] - Object: 'Object Repository/TC03-MTA/EditRiskItemListing' is clicked on

2019-04-17 15:14:24 - [TEST_STEP][PASSED] - selectOptionByLabel(findTestObject("TC-CreatePolicy/RiskDetails/Type"), "Duplex", false): All options with label 'Duplex' are selected in object 'Object Repository/TC-CreatePolicy/RiskDetails/Type' 

2019-04-17 15:14:25 - [MESSAGE][PASSED] - All options with label 'Duplex' are selected in object 'Object Repository/TC-CreatePolicy/RiskDetails/Type' 

2019-04-17 15:14:25 - [TEST_STEP][PASSED] - clearText(findTestObject("TC-CreatePolicy/RiskDetails/SumInsurreTextBox")): Text of object 'Object Repository/TC-CreatePolicy/RiskDetails/SumInsurreTextBox' is cleared

2019-04-17 15:14:25 - [MESSAGE][PASSED] - Text of object 'Object Repository/TC-CreatePolicy/RiskDetails/SumInsurreTextBox' is cleared

2019-04-17 15:14:25 - [TEST_STEP][PASSED] - setText(findTestObject("TC-CreatePolicy/RiskDetails/SumInsurreTextBox"), "4000"): Text '4000' is set on object 'Object Repository/TC-CreatePolicy/RiskDetails/SumInsurreTextBox'

2019-04-17 15:14:25 - [MESSAGE][PASSED] - Text '4000' is set on object 'Object Repository/TC-CreatePolicy/RiskDetails/SumInsurreTextBox'

2019-04-17 15:14:25 - [TEST_STEP][PASSED] - clearText(findTestObject("TC-CreatePolicy/RiskDetails/RoomNo")): Text of object 'Object Repository/TC-CreatePolicy/RiskDetails/RoomNo' is cleared

2019-04-17 15:14:25 - [MESSAGE][PASSED] - Text of object 'Object Repository/TC-CreatePolicy/RiskDetails/RoomNo' is cleared

2019-04-17 15:14:25 - [TEST_STEP][PASSED] - setText(findTestObject("TC-CreatePolicy/RiskDetails/RoomNo"), "2"): Text '2' is set on object 'Object Repository/TC-CreatePolicy/RiskDetails/RoomNo'

2019-04-17 15:14:25 - [MESSAGE][PASSED] - Text '2' is set on object 'Object Repository/TC-CreatePolicy/RiskDetails/RoomNo'

2019-04-17 15:14:25 - [TEST_STEP][PASSED] - clearText(findTestObject("TC-CreatePolicy/RiskDetails/ContentSumInsure")): Text of object 'Object Repository/TC-CreatePolicy/RiskDetails/ContentSumInsure' is cleared

2019-04-17 15:14:25 - [MESSAGE][PASSED] - Text of object 'Object Repository/TC-CreatePolicy/RiskDetails/ContentSumInsure' is cleared

2019-04-17 15:14:25 - [TEST_STEP][PASSED] - setText(findTestObject("TC-CreatePolicy/RiskDetails/ContentSumInsure"), "2000"): Text '2000' is set on object 'Object Repository/TC-CreatePolicy/RiskDetails/ContentSumInsure'

2019-04-17 15:14:25 - [MESSAGE][PASSED] - Text '2000' is set on object 'Object Repository/TC-CreatePolicy/RiskDetails/ContentSumInsure'

2019-04-17 15:14:25 - [TEST_STEP][PASSED] - click(findTestObject("TC03-MTA/MTASaveButton")): Object: 'Object Repository/TC03-MTA/MTASaveButton' is clicked on

2019-04-17 15:14:33 - [MESSAGE][PASSED] - Object: 'Object Repository/TC03-MTA/MTASaveButton' is clicked on

2019-04-17 15:14:33 - [TEST_STEP][PASSED] - waitForJQueryLoad(5): jQuery is ready.

2019-04-17 15:14:34 - [MESSAGE][PASSED] - jQuery is ready.

2019-04-17 15:14:34 - [TEST_STEP][PASSED] - delay(5): Delayed 5 second(s)

2019-04-17 15:14:39 - [MESSAGE][PASSED] - Delayed 5 second(s)

2019-04-17 15:14:39 - [TEST_STEP][PASSED] - APRPValue = getAttribute(findTestObject("TC03-MTA/APandRPValue"), "value"): Attribute 'value' of object 'Object Repository/TC03-MTA/APandRPValue' is: '0.00'

2019-04-17 15:14:39 - [MESSAGE][PASSED] - Attribute 'value' of object 'Object Repository/TC03-MTA/APandRPValue' is: '0.00'

2019-04-17 15:14:39 - [TEST_STEP][PASSED] - out.println(APRPValue): null

2019-04-17 15:14:39 - [TEST_STEP][NOT_RUN] - click(findTestObject("TC03-MTA/EmailQuoteButtonClick")): NOT_RUN: click(findTestObject("TC03-MTA/EmailQuoteButtonClick"))

2019-04-17 15:14:39 - [MESSAGE][NOT_RUN] - NOT_RUN: click(findTestObject("TC03-MTA/EmailQuoteButtonClick"))

2019-04-17 15:14:39 - [TEST_STEP][NOT_RUN] - delay(5): NOT_RUN: delay(5)

2019-04-17 15:14:39 - [MESSAGE][NOT_RUN] - NOT_RUN: delay(5)

2019-04-17 15:14:39 - [TEST_STEP][PASSED] - click(findTestObject("TC03-MTA/Complete")): Object: 'Object Repository/TC03-MTA/Complete' is clicked on

2019-04-17 15:14:41 - [MESSAGE][PASSED] - Object: 'Object Repository/TC03-MTA/Complete' is clicked on

2019-04-17 15:14:41 - [TEST_STEP][PASSED] - delay(5): Delayed 5 second(s)

2019-04-17 15:14:46 - [MESSAGE][PASSED] - Delayed 5 second(s)

2019-04-17 15:14:46 - [TEST_STEP][PASSED] - click(findTestObject("TC-CreatePolicy/PaymentDetails/PaymentMethods")): Object: 'Object Repository/TC-CreatePolicy/PaymentDetails/PaymentMethods' is clicked on

2019-04-17 15:14:46 - [MESSAGE][PASSED] - Object: 'Object Repository/TC-CreatePolicy/PaymentDetails/PaymentMethods' is clicked on

2019-04-17 15:14:46 - [TEST_STEP][PASSED] - selectOptionByLabel(findTestObject("TC-CreatePolicy/PaymentDetails/SelectNoOfInstallment"), "1", false): All options with label '1' are selected in object 'Object Repository/TC-CreatePolicy/PaymentDetails/SelectNoOfInstallment' 

2019-04-17 15:14:46 - [MESSAGE][PASSED] - All options with label '1' are selected in object 'Object Repository/TC-CreatePolicy/PaymentDetails/SelectNoOfInstallment' 

2019-04-17 15:14:46 - [TEST_STEP][PASSED] - delay(5, STOP_ON_FAILURE): Delayed 5 second(s)

2019-04-17 15:14:51 - [MESSAGE][PASSED] - Delayed 5 second(s)

2019-04-17 15:14:51 - [TEST_STEP][PASSED] - click(findTestObject("TC-CreatePolicy/PaymentDetails/ConfirmPaymentType")): Object: 'Object Repository/TC-CreatePolicy/PaymentDetails/ConfirmPaymentType' is clicked on

2019-04-17 15:14:51 - [MESSAGE][PASSED] - Object: 'Object Repository/TC-CreatePolicy/PaymentDetails/ConfirmPaymentType' is clicked on

2019-04-17 15:14:51 - [TEST_STEP][PASSED] - waitForJQueryLoad(5): jQuery is ready.

2019-04-17 15:14:51 - [MESSAGE][PASSED] - jQuery is ready.

2019-04-17 15:14:51 - [TEST_STEP][PASSED] - delay(3): Delayed 3 second(s)

2019-04-17 15:14:54 - [MESSAGE][PASSED] - Delayed 3 second(s)

2019-04-17 15:14:54 - [TEST_STEP][PASSED] - setText(findTestObject("TC-CreatePolicy/PaymentDetails/EmailText"), "dipak.das@mailinator.com"): Text 'dipak.das@mailinator.com' is set on object 'Object Repository/TC-CreatePolicy/PaymentDetails/EmailText'

2019-04-17 15:14:54 - [MESSAGE][PASSED] - Text 'dipak.das@mailinator.com' is set on object 'Object Repository/TC-CreatePolicy/PaymentDetails/EmailText'

2019-04-17 15:14:54 - [TEST_STEP][PASSED] - scrollToElement(findTestObject("TC03-MTA/SendEmail"), 5): Scroll to object 'Object Repository/TC03-MTA/SendEmail' successfully

2019-04-17 15:14:54 - [MESSAGE][PASSED] - Scroll to object 'Object Repository/TC03-MTA/SendEmail' successfully

2019-04-17 15:14:54 - [TEST_STEP][PASSED] - delay(4): Delayed 4 second(s)

2019-04-17 15:14:58 - [MESSAGE][PASSED] - Delayed 4 second(s)

2019-04-17 15:14:58 - [TEST_STEP][PASSED] - click(findTestObject("TC03-MTA/SendEmail")): Object: 'Object Repository/TC03-MTA/SendEmail' is clicked on

2019-04-17 15:14:58 - [MESSAGE][PASSED] - Object: 'Object Repository/TC03-MTA/SendEmail' is clicked on

2019-04-17 15:14:58 - [TEST_STEP][PASSED] - delay(5): Delayed 5 second(s)

2019-04-17 15:15:03 - [MESSAGE][PASSED] - Delayed 5 second(s)

2019-04-17 15:15:03 - [TEST_STEP][PASSED] - log.logInfo(PolicyNo_Global): 

2019-04-17 15:15:03 - [MESSAGE][INFO] -]]></system-out>
         <system-err><![CDATA[]]></system-err>
      </testcase>
      <system-out><![CDATA[2019-04-17 15:08:29 - [TEST_SUITE][PASSED] - MTA Policy: Test Cases/TC03-MTA]]></system-out>
      <system-err><![CDATA[]]></system-err>
   </testsuite>
</testsuites>
