<?xml version="1.0" encoding="UTF-8"?>
<testsuites name="AllAccountMatching" time="139" tests="3" failures="0" errors="0">
   <testsuite name="AllAccountMatching" tests="3" failures="0" errors="0" time="139" timestamp="2019-05-15 19:16:10" hostname="dipak - DIPAKDAS-PC.indusnettechnologies.com" id="Test Suites/AllAccountMatching">
      <properties>
         <property name="deviceName" value=""/>
         <property name="devicePlatform" value=""/>
         <property name="logFolder" value="E:\\MarkitCore\\MarkitCore-Final\\MarkitCoreSystem\\MarkitCore\\Reports\\AllAccountMatching\\20190515_191608"/>
         <property name="logFiles" value="E:\\MarkitCore\\MarkitCore-Final\\MarkitCoreSystem\\MarkitCore\\Reports\\AllAccountMatching\\20190515_191608\\execution0.log"/>
         <property name="attachments" value=""/>
         <property name="hostName" value="dipak - DIPAKDAS-PC.indusnettechnologies.com"/>
         <property name="os" value="Windows 7 32bit"/>
         <property name="katalonVersion" value="6.0.5.4"/>
         <property name="browser" value="Chrome 74.0.3729.131"/>
         <property name="hostAddress" value="10.0.12.237"/>
         <property name="sessionId" value="06a4db33fa0313632631d307665fd7b7"/>
         <property name="seleniumVersion" value="3.7.1"/>
         <property name="proxyInformation" value="ProxyInformation{proxyOption=NO_PROXY, proxyServerType=HTTP, password=, proxyServerAddress=, proxyServerPort=0}"/>
         <property name="platform" value="Windows 7"/>
      </properties>
      <testcase name="Test Cases/TC01-LoginApplication" classname="Test Cases/TC01-LoginApplication" status="PASSED">
         <system-out><![CDATA[2019-05-15 19:16:29 - [TEST_CASE][PASSED] - Test Cases/TC01-LoginApplication: Test Cases/TC01-LoginApplication

2019-05-15 19:16:29 - [TEST_STEP][NOT_RUN] - openBrowser(""): NOT_RUN: openBrowser("")

2019-05-15 19:16:29 - [MESSAGE][NOT_RUN] - NOT_RUN: openBrowser("")

2019-05-15 19:16:29 - [TEST_STEP][NOT_RUN] - navigateToUrl("https://dev.offshoresoftwaresolutions.net/markit_coreV2/Sites/CoreTest/login/admin_display"): NOT_RUN: navigateToUrl("https://dev.offshoresoftwaresolutions.net/markit_coreV2/Sites/CoreTest/login/admin_display")

2019-05-15 19:16:29 - [MESSAGE][NOT_RUN] - NOT_RUN: navigateToUrl("https://dev.offshoresoftwaresolutions.net/markit_coreV2/Sites/CoreTest/login/admin_display")

2019-05-15 19:16:29 - [TEST_STEP][PASSED] - setText(findTestObject("Object Repository/TC-LoginApplication/Page_Markit core new  Login/input_Login to your account_username"), username): Text 'dDasTester' is set on object 'Object Repository/TC-LoginApplication/Page_Markit core new  Login/input_Login to your account_username'

2019-05-15 19:16:29 - [MESSAGE][PASSED] - Text 'dDasTester' is set on object 'Object Repository/TC-LoginApplication/Page_Markit core new  Login/input_Login to your account_username'

2019-05-15 19:16:29 - [TEST_STEP][PASSED] - setText(findTestObject("Object Repository/TC-LoginApplication/Page_Markit core new  Login/input_Login to your account_password"), password): Text 'Czybm6R*' is set on object 'Object Repository/TC-LoginApplication/Page_Markit core new  Login/input_Login to your account_password'

2019-05-15 19:16:29 - [MESSAGE][PASSED] - Text 'Czybm6R*' is set on object 'Object Repository/TC-LoginApplication/Page_Markit core new  Login/input_Login to your account_password'

2019-05-15 19:16:29 - [TEST_STEP][PASSED] - delay(4, STOP_ON_FAILURE): Delayed 4 second(s)

2019-05-15 19:16:33 - [MESSAGE][PASSED] - Delayed 4 second(s)

2019-05-15 19:16:33 - [TEST_STEP][NOT_RUN] - maximizeWindow(): NOT_RUN: maximizeWindow()

2019-05-15 19:16:33 - [MESSAGE][NOT_RUN] - NOT_RUN: maximizeWindow()

2019-05-15 19:16:33 - [TEST_STEP][PASSED] - click(findTestObject("Object Repository/TC-LoginApplication/Page_Markit core new  Login/button_Login")): Object: 'Object Repository/TC-LoginApplication/Page_Markit core new  Login/button_Login' is clicked on

2019-05-15 19:16:39 - [MESSAGE][PASSED] - Object: 'Object Repository/TC-LoginApplication/Page_Markit core new  Login/button_Login' is clicked on

2019-05-15 19:16:39 - [TEST_STEP][NOT_RUN] - log = new com.kms.katalon.core.logging.KeywordLogger(): NOT_RUN: log = new com.kms.katalon.core.logging.KeywordLogger()

2019-05-15 19:16:39 - [MESSAGE][NOT_RUN] - NOT_RUN: log = new com.kms.katalon.core.logging.KeywordLogger()

2019-05-15 19:16:39 - [TEST_STEP][NOT_RUN] - log.logInfo(“Dipak”): NOT_RUN: log.logInfo(“Dipak”)

2019-05-15 19:16:39 - [MESSAGE][NOT_RUN] - NOT_RUN: log.logInfo(“Dipak”)]]></system-out>
         <system-err><![CDATA[]]></system-err>
      </testcase>
      <testcase name="Test Cases/TC07-AccountMatching-Broker" classname="Test Cases/TC07-AccountMatching-Broker" status="PASSED">
         <system-out><![CDATA[2019-05-15 19:16:39 - [TEST_CASE][PASSED] - Test Cases/TC07-AccountMatching-Broker: Test Cases/TC07-AccountMatching-Broker

2019-05-15 19:16:39 - [TEST_STEP][PASSED] - log = new com.kms.katalon.core.logging.KeywordLogger(): null

2019-05-15 19:16:39 - [TEST_STEP][PASSED] - delay(3): Delayed 3 second(s)

2019-05-15 19:16:42 - [MESSAGE][PASSED] - Delayed 3 second(s)

2019-05-15 19:16:42 - [TEST_STEP][PASSED] - scrollToElement(findTestObject("TC04-AccountMatching-MGA/AccountManagement"), 5): Scroll to object 'Object Repository/TC04-AccountMatching-MGA/AccountManagement' successfully

2019-05-15 19:16:42 - [MESSAGE][PASSED] - Scroll to object 'Object Repository/TC04-AccountMatching-MGA/AccountManagement' successfully

2019-05-15 19:16:42 - [TEST_STEP][PASSED] - click(findTestObject("TC04-AccountMatching-MGA/AccountManagement")): Object: 'Object Repository/TC04-AccountMatching-MGA/AccountManagement' is clicked on

2019-05-15 19:16:42 - [MESSAGE][PASSED] - Object: 'Object Repository/TC04-AccountMatching-MGA/AccountManagement' is clicked on

2019-05-15 19:16:42 - [TEST_STEP][NOT_RUN] - delay(5): NOT_RUN: delay(5)

2019-05-15 19:16:42 - [MESSAGE][NOT_RUN] - NOT_RUN: delay(5)

2019-05-15 19:16:42 - [TEST_STEP][PASSED] - waitForElementVisible(findTestObject("TC04-AccountMatching-MGA/AccountMatchingLink"), 4): Object 'Object Repository/TC04-AccountMatching-MGA/AccountMatchingLink' is visible

2019-05-15 19:16:43 - [MESSAGE][PASSED] - Object 'Object Repository/TC04-AccountMatching-MGA/AccountMatchingLink' is visible

2019-05-15 19:16:43 - [TEST_STEP][PASSED] - click(findTestObject("TC04-AccountMatching-MGA/AccountMatchingLink")): Object: 'Object Repository/TC04-AccountMatching-MGA/AccountMatchingLink' is clicked on

2019-05-15 19:16:44 - [MESSAGE][PASSED] - Object: 'Object Repository/TC04-AccountMatching-MGA/AccountMatchingLink' is clicked on

2019-05-15 19:16:44 - [TEST_STEP][PASSED] - delay(5): Delayed 5 second(s)

2019-05-15 19:16:49 - [MESSAGE][PASSED] - Delayed 5 second(s)

2019-05-15 19:16:49 - [TEST_STEP][PASSED] - delay(5): Delayed 5 second(s)

2019-05-15 19:16:54 - [MESSAGE][PASSED] - Delayed 5 second(s)

2019-05-15 19:16:54 - [TEST_STEP][PASSED] - selectOptionByLabel(findTestObject("TC04-AccountMatching-MGA/EntityType"), "Broker", false): All options with label 'Broker' are selected in object 'Object Repository/TC04-AccountMatching-MGA/EntityType' 

2019-05-15 19:16:54 - [MESSAGE][PASSED] - All options with label 'Broker' are selected in object 'Object Repository/TC04-AccountMatching-MGA/EntityType' 

2019-05-15 19:16:55 - [TEST_STEP][PASSED] - delay(5): Delayed 5 second(s)

2019-05-15 19:17:00 - [MESSAGE][PASSED] - Delayed 5 second(s)

2019-05-15 19:17:00 - [TEST_STEP][PASSED] - selectOptionByLabel(findTestObject("TC04-AccountMatching-MGA/Entity"), "New Broker", false): All options with label 'New Broker' are selected in object 'Object Repository/TC04-AccountMatching-MGA/Entity' 

2019-05-15 19:17:00 - [MESSAGE][PASSED] - All options with label 'New Broker' are selected in object 'Object Repository/TC04-AccountMatching-MGA/Entity' 

2019-05-15 19:17:00 - [TEST_STEP][PASSED] - waitForElementClickable(findTestObject("TC04-AccountMatching-MGA/ClickGoButton"), 5): Object 'Object Repository/TC04-AccountMatching-MGA/ClickGoButton' is clickable

2019-05-15 19:17:00 - [MESSAGE][PASSED] - Object 'Object Repository/TC04-AccountMatching-MGA/ClickGoButton' is clickable

2019-05-15 19:17:00 - [TEST_STEP][PASSED] - click(findTestObject("TC04-AccountMatching-MGA/ClickGoButton")): Object: 'Object Repository/TC04-AccountMatching-MGA/ClickGoButton' is clicked on

2019-05-15 19:17:02 - [MESSAGE][PASSED] - Object: 'Object Repository/TC04-AccountMatching-MGA/ClickGoButton' is clicked on

2019-05-15 19:17:02 - [TEST_STEP][PASSED] - waitForJQueryLoad(5): jQuery is ready.

2019-05-15 19:17:03 - [MESSAGE][PASSED] - jQuery is ready.

2019-05-15 19:17:03 - [TEST_STEP][PASSED] - selectOptionByLabel(findTestObject("TC04-AccountMatching-MGA/SelectAccount"), "COMMSION ACCOUNT -- Allocated -- DEFAULT-300013-USD -- USD", false): All options with label 'COMMSION ACCOUNT -- Allocated -- DEFAULT-300013-USD -- USD' are selected in object 'Object Repository/TC04-AccountMatching-MGA/SelectAccount' 

2019-05-15 19:17:03 - [MESSAGE][PASSED] - All options with label 'COMMSION ACCOUNT -- Allocated -- DEFAULT-300013-USD -- USD' are selected in object 'Object Repository/TC04-AccountMatching-MGA/SelectAccount' 

2019-05-15 19:17:03 - [TEST_STEP][PASSED] - delay(5): Delayed 5 second(s)

2019-05-15 19:17:08 - [MESSAGE][PASSED] - Delayed 5 second(s)

2019-05-15 19:17:08 - [TEST_STEP][PASSED] - setText(findTestObject("TC04-AccountMatching-MGA/Acc_Matching_PolicyNo_TextBox"), MTA_Policy_No): Text 'DASD/POLICY/003173' is set on object 'Object Repository/TC04-AccountMatching-MGA/Acc_Matching_PolicyNo_TextBox'

2019-05-15 19:17:08 - [MESSAGE][PASSED] - Text 'DASD/POLICY/003173' is set on object 'Object Repository/TC04-AccountMatching-MGA/Acc_Matching_PolicyNo_TextBox'

2019-05-15 19:17:08 - [TEST_STEP][PASSED] - delay(4): Delayed 4 second(s)

2019-05-15 19:17:12 - [MESSAGE][PASSED] - Delayed 4 second(s)

2019-05-15 19:17:12 - [TEST_STEP][PASSED] - sendKeys(findTestObject("TC04-AccountMatching-MGA/Acc_Matching_PolicyNo_TextBox"), Keys.chord(ENTER)): Keys 'ENTER + ' sent to object: 'Object Repository/TC04-AccountMatching-MGA/Acc_Matching_PolicyNo_TextBox'

2019-05-15 19:17:12 - [MESSAGE][PASSED] - Keys 'ENTER + ' sent to object: 'Object Repository/TC04-AccountMatching-MGA/Acc_Matching_PolicyNo_TextBox'

2019-05-15 19:17:12 - [TEST_STEP][PASSED] - delay(4): Delayed 4 second(s)

2019-05-15 19:17:16 - [MESSAGE][PASSED] - Delayed 4 second(s)

2019-05-15 19:17:16 - [TEST_STEP][PASSED] - waitForElementClickable(findTestObject("TC04-AccountMatching-MGA/CheckBox"), 5): Object 'Object Repository/TC04-AccountMatching-MGA/CheckBox' is clickable

2019-05-15 19:17:17 - [MESSAGE][PASSED] - Object 'Object Repository/TC04-AccountMatching-MGA/CheckBox' is clickable

2019-05-15 19:17:17 - [TEST_STEP][PASSED] - click(findTestObject("TC04-AccountMatching-MGA/CheckBox")): Object: 'Object Repository/TC04-AccountMatching-MGA/CheckBox' is clicked on

2019-05-15 19:17:17 - [MESSAGE][PASSED] - Object: 'Object Repository/TC04-AccountMatching-MGA/CheckBox' is clicked on

2019-05-15 19:17:17 - [TEST_STEP][PASSED] - delay(4): Delayed 4 second(s)

2019-05-15 19:17:21 - [MESSAGE][PASSED] - Delayed 4 second(s)

2019-05-15 19:17:21 - [TEST_STEP][PASSED] - BROKER_Comission_Amount = getText(findTestObject("TC04-AccountMatching-MGA/MGA_Amount")): Text of object 'Object Repository/TC04-AccountMatching-MGA/MGA_Amount' is: 'USD 180.00'

2019-05-15 19:17:21 - [MESSAGE][PASSED] - Text of object 'Object Repository/TC04-AccountMatching-MGA/MGA_Amount' is: 'USD 180.00'

2019-05-15 19:17:21 - [TEST_STEP][PASSED] - Broker_Comm_Amt = subString.FatchSubstringValue.SubString(BROKER_Comission_Amount): subString.FatchSubstringValue.SubString is PASSED

2019-05-15 19:17:21 - [MESSAGE][PASSED] - subString.FatchSubstringValue.SubString is PASSED

2019-05-15 19:17:21 - [TEST_STEP][PASSED] - delay(4): Delayed 4 second(s)

2019-05-15 19:17:25 - [MESSAGE][PASSED] - Delayed 4 second(s)

2019-05-15 19:17:25 - [TEST_STEP][NOT_RUN] - scrollToElement(findTestObject("TC04-AccountMatching-MGA/PAYFULL"), 5): NOT_RUN: scrollToElement(findTestObject("TC04-AccountMatching-MGA/PAYFULL"), 5)

2019-05-15 19:17:25 - [MESSAGE][NOT_RUN] - NOT_RUN: scrollToElement(findTestObject("TC04-AccountMatching-MGA/PAYFULL"), 5)

2019-05-15 19:17:25 - [TEST_STEP][NOT_RUN] - setText(findTestObject("TC04-AccountMatching-MGA/PAYFULL"), MGA_Comission_Amount): NOT_RUN: setText(findTestObject("TC04-AccountMatching-MGA/PAYFULL"), MGA_Comission_Amount)

2019-05-15 19:17:25 - [MESSAGE][NOT_RUN] - NOT_RUN: setText(findTestObject("TC04-AccountMatching-MGA/PAYFULL"), MGA_Comission_Amount)

2019-05-15 19:17:25 - [TEST_STEP][PASSED] - click(findTestObject("TC04-AccountMatching-MGA/PayFullClick")): Object: 'Object Repository/TC04-AccountMatching-MGA/PayFullClick' is clicked on

2019-05-15 19:17:25 - [MESSAGE][PASSED] - Object: 'Object Repository/TC04-AccountMatching-MGA/PayFullClick' is clicked on

2019-05-15 19:17:25 - [TEST_STEP][PASSED] - delay(4): Delayed 4 second(s)

2019-05-15 19:17:29 - [MESSAGE][PASSED] - Delayed 4 second(s)

2019-05-15 19:17:29 - [TEST_STEP][PASSED] - click(findTestObject("TC04-AccountMatching-MGA/MatchAmount")): Object: 'Object Repository/TC04-AccountMatching-MGA/MatchAmount' is clicked on

2019-05-15 19:17:29 - [MESSAGE][PASSED] - Object: 'Object Repository/TC04-AccountMatching-MGA/MatchAmount' is clicked on

2019-05-15 19:17:29 - [TEST_STEP][PASSED] - delay(5): Delayed 5 second(s)

2019-05-15 19:17:34 - [MESSAGE][PASSED] - Delayed 5 second(s)

2019-05-15 19:17:34 - [TEST_STEP][PASSED] - com.excel.helper.ExcelHelper.updateTheExcel("Data Files/TestData/Comission.xlsx", "Broker", Broker_Comm_Amt): com.excel.helper.ExcelHelper.updateTheExcel is PASSED

2019-05-15 19:17:35 - [MESSAGE][PASSED] - com.excel.helper.ExcelHelper.updateTheExcel is PASSED

2019-05-15 19:17:35 - [TEST_STEP][PASSED] - log.logInfo(Broker_Comm_Amt): 180.00

2019-05-15 19:17:35 - [MESSAGE][INFO] - 180.00]]></system-out>
         <system-err><![CDATA[]]></system-err>
      </testcase>
      <testcase name="Test Cases/TC07-AccountMatching-Broker" classname="Test Cases/TC07-AccountMatching-Broker" status="PASSED">
         <system-out><![CDATA[2019-05-15 19:17:35 - [TEST_CASE][PASSED] - Test Cases/TC07-AccountMatching-Broker: Test Cases/TC07-AccountMatching-Broker

2019-05-15 19:17:35 - [TEST_STEP][PASSED] - log = new com.kms.katalon.core.logging.KeywordLogger(): null

2019-05-15 19:17:35 - [TEST_STEP][PASSED] - delay(3): Delayed 3 second(s)

2019-05-15 19:17:38 - [MESSAGE][PASSED] - Delayed 3 second(s)

2019-05-15 19:17:38 - [TEST_STEP][PASSED] - scrollToElement(findTestObject("TC04-AccountMatching-MGA/AccountManagement"), 5): Scroll to object 'Object Repository/TC04-AccountMatching-MGA/AccountManagement' successfully

2019-05-15 19:17:38 - [MESSAGE][PASSED] - Scroll to object 'Object Repository/TC04-AccountMatching-MGA/AccountManagement' successfully

2019-05-15 19:17:38 - [TEST_STEP][PASSED] - click(findTestObject("TC04-AccountMatching-MGA/AccountManagement")): Object: 'Object Repository/TC04-AccountMatching-MGA/AccountManagement' is clicked on

2019-05-15 19:17:38 - [MESSAGE][PASSED] - Object: 'Object Repository/TC04-AccountMatching-MGA/AccountManagement' is clicked on

2019-05-15 19:17:38 - [TEST_STEP][NOT_RUN] - delay(5): NOT_RUN: delay(5)

2019-05-15 19:17:38 - [MESSAGE][NOT_RUN] - NOT_RUN: delay(5)

2019-05-15 19:17:38 - [TEST_STEP][PASSED] - waitForElementVisible(findTestObject("TC04-AccountMatching-MGA/AccountMatchingLink"), 4): Object 'Object Repository/TC04-AccountMatching-MGA/AccountMatchingLink' is visible

2019-05-15 19:17:38 - [MESSAGE][PASSED] - Object 'Object Repository/TC04-AccountMatching-MGA/AccountMatchingLink' is visible

2019-05-15 19:17:38 - [TEST_STEP][PASSED] - click(findTestObject("TC04-AccountMatching-MGA/AccountMatchingLink")): Object: 'Object Repository/TC04-AccountMatching-MGA/AccountMatchingLink' is clicked on

2019-05-15 19:17:40 - [MESSAGE][PASSED] - Object: 'Object Repository/TC04-AccountMatching-MGA/AccountMatchingLink' is clicked on

2019-05-15 19:17:40 - [TEST_STEP][PASSED] - delay(5): Delayed 5 second(s)

2019-05-15 19:17:45 - [MESSAGE][PASSED] - Delayed 5 second(s)

2019-05-15 19:17:45 - [TEST_STEP][PASSED] - delay(5): Delayed 5 second(s)

2019-05-15 19:17:50 - [MESSAGE][PASSED] - Delayed 5 second(s)

2019-05-15 19:17:50 - [TEST_STEP][PASSED] - selectOptionByLabel(findTestObject("TC04-AccountMatching-MGA/EntityType"), "Broker", false): All options with label 'Broker' are selected in object 'Object Repository/TC04-AccountMatching-MGA/EntityType' 

2019-05-15 19:17:51 - [MESSAGE][PASSED] - All options with label 'Broker' are selected in object 'Object Repository/TC04-AccountMatching-MGA/EntityType' 

2019-05-15 19:17:51 - [TEST_STEP][PASSED] - delay(5): Delayed 5 second(s)

2019-05-15 19:17:56 - [MESSAGE][PASSED] - Delayed 5 second(s)

2019-05-15 19:17:56 - [TEST_STEP][PASSED] - selectOptionByLabel(findTestObject("TC04-AccountMatching-MGA/Entity"), "New Broker", false): All options with label 'New Broker' are selected in object 'Object Repository/TC04-AccountMatching-MGA/Entity' 

2019-05-15 19:17:56 - [MESSAGE][PASSED] - All options with label 'New Broker' are selected in object 'Object Repository/TC04-AccountMatching-MGA/Entity' 

2019-05-15 19:17:56 - [TEST_STEP][PASSED] - waitForElementClickable(findTestObject("TC04-AccountMatching-MGA/ClickGoButton"), 5): Object 'Object Repository/TC04-AccountMatching-MGA/ClickGoButton' is clickable

2019-05-15 19:17:56 - [MESSAGE][PASSED] - Object 'Object Repository/TC04-AccountMatching-MGA/ClickGoButton' is clickable

2019-05-15 19:17:56 - [TEST_STEP][PASSED] - click(findTestObject("TC04-AccountMatching-MGA/ClickGoButton")): Object: 'Object Repository/TC04-AccountMatching-MGA/ClickGoButton' is clicked on

2019-05-15 19:17:57 - [MESSAGE][PASSED] - Object: 'Object Repository/TC04-AccountMatching-MGA/ClickGoButton' is clicked on

2019-05-15 19:17:57 - [TEST_STEP][PASSED] - waitForJQueryLoad(5): jQuery is ready.

2019-05-15 19:17:58 - [MESSAGE][PASSED] - jQuery is ready.

2019-05-15 19:17:58 - [TEST_STEP][PASSED] - selectOptionByLabel(findTestObject("TC04-AccountMatching-MGA/SelectAccount"), "COMMSION ACCOUNT -- Allocated -- DEFAULT-300013-USD -- USD", false): All options with label 'COMMSION ACCOUNT -- Allocated -- DEFAULT-300013-USD -- USD' are selected in object 'Object Repository/TC04-AccountMatching-MGA/SelectAccount' 

2019-05-15 19:17:58 - [MESSAGE][PASSED] - All options with label 'COMMSION ACCOUNT -- Allocated -- DEFAULT-300013-USD -- USD' are selected in object 'Object Repository/TC04-AccountMatching-MGA/SelectAccount' 

2019-05-15 19:17:58 - [TEST_STEP][PASSED] - delay(5): Delayed 5 second(s)

2019-05-15 19:18:03 - [MESSAGE][PASSED] - Delayed 5 second(s)

2019-05-15 19:18:03 - [TEST_STEP][PASSED] - setText(findTestObject("TC04-AccountMatching-MGA/Acc_Matching_PolicyNo_TextBox"), MTA_Policy_No): Text 'DASD/POLICY/003175' is set on object 'Object Repository/TC04-AccountMatching-MGA/Acc_Matching_PolicyNo_TextBox'

2019-05-15 19:18:03 - [MESSAGE][PASSED] - Text 'DASD/POLICY/003175' is set on object 'Object Repository/TC04-AccountMatching-MGA/Acc_Matching_PolicyNo_TextBox'

2019-05-15 19:18:03 - [TEST_STEP][PASSED] - delay(4): Delayed 4 second(s)

2019-05-15 19:18:07 - [MESSAGE][PASSED] - Delayed 4 second(s)

2019-05-15 19:18:07 - [TEST_STEP][PASSED] - sendKeys(findTestObject("TC04-AccountMatching-MGA/Acc_Matching_PolicyNo_TextBox"), Keys.chord(ENTER)): Keys 'ENTER + ' sent to object: 'Object Repository/TC04-AccountMatching-MGA/Acc_Matching_PolicyNo_TextBox'

2019-05-15 19:18:08 - [MESSAGE][PASSED] - Keys 'ENTER + ' sent to object: 'Object Repository/TC04-AccountMatching-MGA/Acc_Matching_PolicyNo_TextBox'

2019-05-15 19:18:08 - [TEST_STEP][PASSED] - delay(4): Delayed 4 second(s)

2019-05-15 19:18:12 - [MESSAGE][PASSED] - Delayed 4 second(s)

2019-05-15 19:18:12 - [TEST_STEP][PASSED] - waitForElementClickable(findTestObject("TC04-AccountMatching-MGA/CheckBox"), 5): Object 'Object Repository/TC04-AccountMatching-MGA/CheckBox' is clickable

2019-05-15 19:18:12 - [MESSAGE][PASSED] - Object 'Object Repository/TC04-AccountMatching-MGA/CheckBox' is clickable

2019-05-15 19:18:12 - [TEST_STEP][PASSED] - click(findTestObject("TC04-AccountMatching-MGA/CheckBox")): Object: 'Object Repository/TC04-AccountMatching-MGA/CheckBox' is clicked on

2019-05-15 19:18:12 - [MESSAGE][PASSED] - Object: 'Object Repository/TC04-AccountMatching-MGA/CheckBox' is clicked on

2019-05-15 19:18:12 - [TEST_STEP][PASSED] - delay(4): Delayed 4 second(s)

2019-05-15 19:18:16 - [MESSAGE][PASSED] - Delayed 4 second(s)

2019-05-15 19:18:16 - [TEST_STEP][PASSED] - BROKER_Comission_Amount = getText(findTestObject("TC04-AccountMatching-MGA/MGA_Amount")): Text of object 'Object Repository/TC04-AccountMatching-MGA/MGA_Amount' is: 'USD 270.00'

2019-05-15 19:18:16 - [MESSAGE][PASSED] - Text of object 'Object Repository/TC04-AccountMatching-MGA/MGA_Amount' is: 'USD 270.00'

2019-05-15 19:18:16 - [TEST_STEP][PASSED] - Broker_Comm_Amt = subString.FatchSubstringValue.SubString(BROKER_Comission_Amount): subString.FatchSubstringValue.SubString is PASSED

2019-05-15 19:18:16 - [MESSAGE][PASSED] - subString.FatchSubstringValue.SubString is PASSED

2019-05-15 19:18:16 - [TEST_STEP][PASSED] - delay(4): Delayed 4 second(s)

2019-05-15 19:18:20 - [MESSAGE][PASSED] - Delayed 4 second(s)

2019-05-15 19:18:20 - [TEST_STEP][NOT_RUN] - scrollToElement(findTestObject("TC04-AccountMatching-MGA/PAYFULL"), 5): NOT_RUN: scrollToElement(findTestObject("TC04-AccountMatching-MGA/PAYFULL"), 5)

2019-05-15 19:18:20 - [MESSAGE][NOT_RUN] - NOT_RUN: scrollToElement(findTestObject("TC04-AccountMatching-MGA/PAYFULL"), 5)

2019-05-15 19:18:20 - [TEST_STEP][NOT_RUN] - setText(findTestObject("TC04-AccountMatching-MGA/PAYFULL"), MGA_Comission_Amount): NOT_RUN: setText(findTestObject("TC04-AccountMatching-MGA/PAYFULL"), MGA_Comission_Amount)

2019-05-15 19:18:20 - [MESSAGE][NOT_RUN] - NOT_RUN: setText(findTestObject("TC04-AccountMatching-MGA/PAYFULL"), MGA_Comission_Amount)

2019-05-15 19:18:20 - [TEST_STEP][PASSED] - click(findTestObject("TC04-AccountMatching-MGA/PayFullClick")): Object: 'Object Repository/TC04-AccountMatching-MGA/PayFullClick' is clicked on

2019-05-15 19:18:20 - [MESSAGE][PASSED] - Object: 'Object Repository/TC04-AccountMatching-MGA/PayFullClick' is clicked on

2019-05-15 19:18:20 - [TEST_STEP][PASSED] - delay(4): Delayed 4 second(s)

2019-05-15 19:18:24 - [MESSAGE][PASSED] - Delayed 4 second(s)

2019-05-15 19:18:24 - [TEST_STEP][PASSED] - click(findTestObject("TC04-AccountMatching-MGA/MatchAmount")): Object: 'Object Repository/TC04-AccountMatching-MGA/MatchAmount' is clicked on

2019-05-15 19:18:24 - [MESSAGE][PASSED] - Object: 'Object Repository/TC04-AccountMatching-MGA/MatchAmount' is clicked on

2019-05-15 19:18:24 - [TEST_STEP][PASSED] - delay(5): Delayed 5 second(s)

2019-05-15 19:18:29 - [MESSAGE][PASSED] - Delayed 5 second(s)

2019-05-15 19:18:29 - [TEST_STEP][PASSED] - com.excel.helper.ExcelHelper.updateTheExcel("Data Files/TestData/Comission.xlsx", "Broker", Broker_Comm_Amt): com.excel.helper.ExcelHelper.updateTheExcel is PASSED

2019-05-15 19:18:29 - [MESSAGE][PASSED] - com.excel.helper.ExcelHelper.updateTheExcel is PASSED

2019-05-15 19:18:29 - [TEST_STEP][PASSED] - log.logInfo(Broker_Comm_Amt): 270.00

2019-05-15 19:18:29 - [MESSAGE][INFO] - 270.00]]></system-out>
         <system-err><![CDATA[]]></system-err>
      </testcase>
      <system-out><![CDATA[2019-05-15 19:16:10 - [TEST_SUITE][PASSED] - AllAccountMatching: Test Cases/TC07-AccountMatching-Broker]]></system-out>
      <system-err><![CDATA[]]></system-err>
   </testsuite>
</testsuites>
