<?xml version="1.0" encoding="UTF-8"?>
<testsuites name="AllAccountMatching" time="68" tests="2" failures="0" errors="0">
   <testsuite name="AllAccountMatching" tests="2" failures="0" errors="0" time="68" timestamp="2019-05-07 14:26:48" hostname="dipak - DIPAKDAS-PC.indusnettechnologies.com" id="Test Suites/AllAccountMatching">
      <properties>
         <property name="deviceName" value=""/>
         <property name="devicePlatform" value=""/>
         <property name="logFolder" value="E:\\MarkitCore\\CoreApplication\\Reports\\AllAccountMatching\\20190507_142641"/>
         <property name="logFiles" value="E:\\MarkitCore\\CoreApplication\\Reports\\AllAccountMatching\\20190507_142641\\execution0.log"/>
         <property name="attachments" value=""/>
         <property name="hostName" value="dipak - DIPAKDAS-PC.indusnettechnologies.com"/>
         <property name="os" value="Windows 7 32bit"/>
         <property name="katalonVersion" value="6.0.5.4"/>
         <property name="browser" value="Chrome 74.0.3729.131"/>
         <property name="hostAddress" value="10.0.12.237"/>
         <property name="sessionId" value="df8efe9967f138345fccc88feb439808"/>
         <property name="seleniumVersion" value="3.7.1"/>
         <property name="proxyInformation" value="ProxyInformation{proxyOption=NO_PROXY, proxyServerType=HTTP, password=, proxyServerAddress=, proxyServerPort=0}"/>
         <property name="platform" value="Windows 7"/>
      </properties>
      <testcase name="Test Cases/TC01-LoginApplication" classname="Test Cases/TC01-LoginApplication" status="PASSED">
         <system-out><![CDATA[2019-05-07 14:26:56 - [TEST_CASE][PASSED] - Test Cases/TC01-LoginApplication: Test Cases/TC01-LoginApplication

2019-05-07 14:26:57 - [TEST_STEP][NOT_RUN] - openBrowser(""): NOT_RUN: openBrowser("")

2019-05-07 14:26:57 - [MESSAGE][NOT_RUN] - NOT_RUN: openBrowser("")

2019-05-07 14:26:57 - [TEST_STEP][NOT_RUN] - navigateToUrl("https://dev.offshoresoftwaresolutions.net/markit_coreV2/Sites/CoreTest/login/admin_display"): NOT_RUN: navigateToUrl("https://dev.offshoresoftwaresolutions.net/markit_coreV2/Sites/CoreTest/login/admin_display")

2019-05-07 14:26:57 - [MESSAGE][NOT_RUN] - NOT_RUN: navigateToUrl("https://dev.offshoresoftwaresolutions.net/markit_coreV2/Sites/CoreTest/login/admin_display")

2019-05-07 14:26:57 - [TEST_STEP][PASSED] - setText(findTestObject("Object Repository/TC-LoginApplication/Page_Markit core new  Login/input_Login to your account_username"), username): Text 'dDasTester' is set on object 'Object Repository/TC-LoginApplication/Page_Markit core new  Login/input_Login to your account_username'

2019-05-07 14:26:57 - [MESSAGE][PASSED] - Text 'dDasTester' is set on object 'Object Repository/TC-LoginApplication/Page_Markit core new  Login/input_Login to your account_username'

2019-05-07 14:26:57 - [TEST_STEP][PASSED] - setText(findTestObject("Object Repository/TC-LoginApplication/Page_Markit core new  Login/input_Login to your account_password"), password): Text 'Czybm6R*' is set on object 'Object Repository/TC-LoginApplication/Page_Markit core new  Login/input_Login to your account_password'

2019-05-07 14:26:57 - [MESSAGE][PASSED] - Text 'Czybm6R*' is set on object 'Object Repository/TC-LoginApplication/Page_Markit core new  Login/input_Login to your account_password'

2019-05-07 14:26:57 - [TEST_STEP][PASSED] - delay(4, STOP_ON_FAILURE): Delayed 4 second(s)

2019-05-07 14:27:01 - [MESSAGE][PASSED] - Delayed 4 second(s)

2019-05-07 14:27:01 - [TEST_STEP][NOT_RUN] - maximizeWindow(): NOT_RUN: maximizeWindow()

2019-05-07 14:27:01 - [MESSAGE][NOT_RUN] - NOT_RUN: maximizeWindow()

2019-05-07 14:27:01 - [TEST_STEP][PASSED] - click(findTestObject("Object Repository/TC-LoginApplication/Page_Markit core new  Login/button_Login")): Object: 'Object Repository/TC-LoginApplication/Page_Markit core new  Login/button_Login' is clicked on

2019-05-07 14:27:08 - [MESSAGE][PASSED] - Object: 'Object Repository/TC-LoginApplication/Page_Markit core new  Login/button_Login' is clicked on

2019-05-07 14:27:08 - [TEST_STEP][NOT_RUN] - log = new com.kms.katalon.core.logging.KeywordLogger(): NOT_RUN: log = new com.kms.katalon.core.logging.KeywordLogger()

2019-05-07 14:27:08 - [MESSAGE][NOT_RUN] - NOT_RUN: log = new com.kms.katalon.core.logging.KeywordLogger()

2019-05-07 14:27:08 - [TEST_STEP][NOT_RUN] - log.logInfo(“Dipak”): NOT_RUN: log.logInfo(“Dipak”)

2019-05-07 14:27:08 - [MESSAGE][NOT_RUN] - NOT_RUN: log.logInfo(“Dipak”)]]></system-out>
         <system-err><![CDATA[]]></system-err>
      </testcase>
      <testcase name="Test Cases/TC04-AccountMatching-MGA" classname="Test Cases/TC04-AccountMatching-MGA" status="PASSED">
         <system-out><![CDATA[2019-05-07 14:27:08 - [TEST_CASE][PASSED] - Test Cases/TC04-AccountMatching-MGA: Test Cases/TC04-AccountMatching-MGA

2019-05-07 14:27:09 - [TEST_STEP][PASSED] - log = new com.kms.katalon.core.logging.KeywordLogger(): null

2019-05-07 14:27:09 - [TEST_STEP][PASSED] - delay(3): Delayed 3 second(s)

2019-05-07 14:27:12 - [MESSAGE][PASSED] - Delayed 3 second(s)

2019-05-07 14:27:12 - [TEST_STEP][PASSED] - scrollToElement(findTestObject("TC04-AccountMatching-MGA/AccountManagement"), 5): Scroll to object 'Object Repository/TC04-AccountMatching-MGA/AccountManagement' successfully

2019-05-07 14:27:12 - [MESSAGE][PASSED] - Scroll to object 'Object Repository/TC04-AccountMatching-MGA/AccountManagement' successfully

2019-05-07 14:27:12 - [TEST_STEP][PASSED] - click(findTestObject("TC04-AccountMatching-MGA/AccountManagement")): Object: 'Object Repository/TC04-AccountMatching-MGA/AccountManagement' is clicked on

2019-05-07 14:27:12 - [MESSAGE][PASSED] - Object: 'Object Repository/TC04-AccountMatching-MGA/AccountManagement' is clicked on

2019-05-07 14:27:12 - [TEST_STEP][NOT_RUN] - delay(5): NOT_RUN: delay(5)

2019-05-07 14:27:12 - [MESSAGE][NOT_RUN] - NOT_RUN: delay(5)

2019-05-07 14:27:12 - [TEST_STEP][PASSED] - waitForElementVisible(findTestObject("TC04-AccountMatching-MGA/AccountMatchingLink"), 4): Object 'Object Repository/TC04-AccountMatching-MGA/AccountMatchingLink' is visible

2019-05-07 14:27:13 - [MESSAGE][PASSED] - Object 'Object Repository/TC04-AccountMatching-MGA/AccountMatchingLink' is visible

2019-05-07 14:27:13 - [TEST_STEP][PASSED] - click(findTestObject("TC04-AccountMatching-MGA/AccountMatchingLink")): Object: 'Object Repository/TC04-AccountMatching-MGA/AccountMatchingLink' is clicked on

2019-05-07 14:27:17 - [MESSAGE][PASSED] - Object: 'Object Repository/TC04-AccountMatching-MGA/AccountMatchingLink' is clicked on

2019-05-07 14:27:17 - [TEST_STEP][PASSED] - delay(5): Delayed 5 second(s)

2019-05-07 14:27:22 - [MESSAGE][PASSED] - Delayed 5 second(s)

2019-05-07 14:27:22 - [TEST_STEP][PASSED] - selectOptionByLabel(findTestObject("TC04-AccountMatching-MGA/EntityType"), "MGA", false): All options with label 'MGA' are selected in object 'Object Repository/TC04-AccountMatching-MGA/EntityType' 

2019-05-07 14:27:22 - [MESSAGE][PASSED] - All options with label 'MGA' are selected in object 'Object Repository/TC04-AccountMatching-MGA/EntityType' 

2019-05-07 14:27:22 - [TEST_STEP][PASSED] - delay(5): Delayed 5 second(s)

2019-05-07 14:27:27 - [MESSAGE][PASSED] - Delayed 5 second(s)

2019-05-07 14:27:27 - [TEST_STEP][PASSED] - selectOptionByLabel(findTestObject("TC04-AccountMatching-MGA/Entity"), "NEW MGA", false): All options with label 'NEW MGA' are selected in object 'Object Repository/TC04-AccountMatching-MGA/Entity' 

2019-05-07 14:27:27 - [MESSAGE][PASSED] - All options with label 'NEW MGA' are selected in object 'Object Repository/TC04-AccountMatching-MGA/Entity' 

2019-05-07 14:27:27 - [TEST_STEP][PASSED] - waitForElementClickable(findTestObject("TC04-AccountMatching-MGA/ClickGoButton"), 5): Object 'Object Repository/TC04-AccountMatching-MGA/ClickGoButton' is clickable

2019-05-07 14:27:27 - [MESSAGE][PASSED] - Object 'Object Repository/TC04-AccountMatching-MGA/ClickGoButton' is clickable

2019-05-07 14:27:27 - [TEST_STEP][PASSED] - click(findTestObject("TC04-AccountMatching-MGA/ClickGoButton")): Object: 'Object Repository/TC04-AccountMatching-MGA/ClickGoButton' is clicked on

2019-05-07 14:27:30 - [MESSAGE][PASSED] - Object: 'Object Repository/TC04-AccountMatching-MGA/ClickGoButton' is clicked on

2019-05-07 14:27:30 - [TEST_STEP][PASSED] - waitForJQueryLoad(5): jQuery is ready.

2019-05-07 14:27:30 - [MESSAGE][PASSED] - jQuery is ready.

2019-05-07 14:27:30 - [TEST_STEP][PASSED] - selectOptionByLabel(findTestObject("TC04-AccountMatching-MGA/SelectAccount"), "ComissionOnly -- Allocated -- NEW MGA CommAccount -- USD", false): All options with label 'ComissionOnly -- Allocated -- NEW MGA CommAccount -- USD' are selected in object 'Object Repository/TC04-AccountMatching-MGA/SelectAccount' 

2019-05-07 14:27:30 - [MESSAGE][PASSED] - All options with label 'ComissionOnly -- Allocated -- NEW MGA CommAccount -- USD' are selected in object 'Object Repository/TC04-AccountMatching-MGA/SelectAccount' 

2019-05-07 14:27:30 - [TEST_STEP][PASSED] - delay(5): Delayed 5 second(s)

2019-05-07 14:27:35 - [MESSAGE][PASSED] - Delayed 5 second(s)

2019-05-07 14:27:35 - [TEST_STEP][PASSED] - setText(findTestObject("TC04-AccountMatching-MGA/Acc_Matching_PolicyNo_TextBox"), MTA_Policy_No): Text 'DASD/POLICY/003057' is set on object 'Object Repository/TC04-AccountMatching-MGA/Acc_Matching_PolicyNo_TextBox'

2019-05-07 14:27:36 - [MESSAGE][PASSED] - Text 'DASD/POLICY/003057' is set on object 'Object Repository/TC04-AccountMatching-MGA/Acc_Matching_PolicyNo_TextBox'

2019-05-07 14:27:36 - [TEST_STEP][PASSED] - sendKeys(findTestObject("TC04-AccountMatching-MGA/Acc_Matching_PolicyNo_TextBox"), Keys.chord(ENTER)): Keys 'ENTER + ' sent to object: 'Object Repository/TC04-AccountMatching-MGA/Acc_Matching_PolicyNo_TextBox'

2019-05-07 14:27:36 - [MESSAGE][PASSED] - Keys 'ENTER + ' sent to object: 'Object Repository/TC04-AccountMatching-MGA/Acc_Matching_PolicyNo_TextBox'

2019-05-07 14:27:36 - [TEST_STEP][PASSED] - delay(5): Delayed 5 second(s)

2019-05-07 14:27:41 - [MESSAGE][PASSED] - Delayed 5 second(s)

2019-05-07 14:27:41 - [TEST_STEP][PASSED] - waitForElementClickable(findTestObject("TC04-AccountMatching-MGA/CheckBox"), 5): Object 'Object Repository/TC04-AccountMatching-MGA/CheckBox' is clickable

2019-05-07 14:27:41 - [MESSAGE][PASSED] - Object 'Object Repository/TC04-AccountMatching-MGA/CheckBox' is clickable

2019-05-07 14:27:41 - [TEST_STEP][PASSED] - click(findTestObject("TC04-AccountMatching-MGA/CheckBox")): Object: 'Object Repository/TC04-AccountMatching-MGA/CheckBox' is clicked on

2019-05-07 14:27:41 - [MESSAGE][PASSED] - Object: 'Object Repository/TC04-AccountMatching-MGA/CheckBox' is clicked on

2019-05-07 14:27:41 - [TEST_STEP][PASSED] - delay(4): Delayed 4 second(s)

2019-05-07 14:27:45 - [MESSAGE][PASSED] - Delayed 4 second(s)

2019-05-07 14:27:45 - [TEST_STEP][PASSED] - MGA_Comission_Amount = getText(findTestObject("TC04-AccountMatching-MGA/MGA_Amount")): Text of object 'Object Repository/TC04-AccountMatching-MGA/MGA_Amount' is: 'USD 145.50'

2019-05-07 14:27:45 - [MESSAGE][PASSED] - Text of object 'Object Repository/TC04-AccountMatching-MGA/MGA_Amount' is: 'USD 145.50'

2019-05-07 14:27:45 - [TEST_STEP][PASSED] - MGA_Comm_Amt = subString.FatchSubstringValue.SubString(MGA_Comission_Amount): subString.FatchSubstringValue.SubString is PASSED

2019-05-07 14:27:45 - [MESSAGE][PASSED] - subString.FatchSubstringValue.SubString is PASSED

2019-05-07 14:27:45 - [TEST_STEP][PASSED] - delay(4): Delayed 4 second(s)

2019-05-07 14:27:49 - [MESSAGE][PASSED] - Delayed 4 second(s)

2019-05-07 14:27:49 - [TEST_STEP][NOT_RUN] - scrollToElement(findTestObject("TC04-AccountMatching-MGA/PayFullClick"), 5): NOT_RUN: scrollToElement(findTestObject("TC04-AccountMatching-MGA/PayFullClick"), 5)

2019-05-07 14:27:49 - [MESSAGE][NOT_RUN] - NOT_RUN: scrollToElement(findTestObject("TC04-AccountMatching-MGA/PayFullClick"), 5)

2019-05-07 14:27:49 - [TEST_STEP][PASSED] - click(findTestObject("TC04-AccountMatching-MGA/PayFullClick")): Object: 'Object Repository/TC04-AccountMatching-MGA/PayFullClick' is clicked on

2019-05-07 14:27:49 - [MESSAGE][PASSED] - Object: 'Object Repository/TC04-AccountMatching-MGA/PayFullClick' is clicked on

2019-05-07 14:27:49 - [TEST_STEP][NOT_RUN] - setText(findTestObject("TC04-AccountMatching-MGA/PAYFULL"), MGA_Comission_Amount): NOT_RUN: setText(findTestObject("TC04-AccountMatching-MGA/PAYFULL"), MGA_Comission_Amount)

2019-05-07 14:27:49 - [MESSAGE][NOT_RUN] - NOT_RUN: setText(findTestObject("TC04-AccountMatching-MGA/PAYFULL"), MGA_Comission_Amount)

2019-05-07 14:27:49 - [TEST_STEP][PASSED] - click(findTestObject("TC04-AccountMatching-MGA/MatchAmount")): Object: 'Object Repository/TC04-AccountMatching-MGA/MatchAmount' is clicked on

2019-05-07 14:27:49 - [MESSAGE][PASSED] - Object: 'Object Repository/TC04-AccountMatching-MGA/MatchAmount' is clicked on

2019-05-07 14:27:49 - [TEST_STEP][PASSED] - delay(5): Delayed 5 second(s)

2019-05-07 14:27:54 - [MESSAGE][PASSED] - Delayed 5 second(s)

2019-05-07 14:27:54 - [TEST_STEP][PASSED] - com.excel.helper.ExcelHelper.updateTheExcel("E:\MarkitCore\CoreApplication\Data Files\TestData\Comission.xlsx", "MGA", MGA_Comm_Amt): com.excel.helper.ExcelHelper.updateTheExcel is PASSED

2019-05-07 14:27:55 - [MESSAGE][PASSED] - com.excel.helper.ExcelHelper.updateTheExcel is PASSED

2019-05-07 14:27:55 - [TEST_STEP][PASSED] - log.logInfo(MGA_Comission_Amount): USD 145.50

2019-05-07 14:27:55 - [MESSAGE][INFO] - USD 145.50]]></system-out>
         <system-err><![CDATA[]]></system-err>
      </testcase>
      <system-out><![CDATA[2019-05-07 14:26:48 - [TEST_SUITE][PASSED] - AllAccountMatching: Test Cases/TC04-AccountMatching-MGA]]></system-out>
      <system-err><![CDATA[]]></system-err>
   </testsuite>
</testsuites>
