<?xml version="1.0" encoding="UTF-8"?>
<testsuites name="TrialBalance" time="121" tests="3" failures="0" errors="0">
   <testsuite name="TrialBalance" tests="3" failures="0" errors="0" time="121" timestamp="2019-05-15 16:02:23" hostname="dipak - DIPAKDAS-PC.indusnettechnologies.com" id="Test Suites/TrialBalance">
      <properties>
         <property name="deviceName" value=""/>
         <property name="devicePlatform" value=""/>
         <property name="logFolder" value="E:\\MarkitCore\\MarkitCore-Final\\MarkitCoreSystem\\MarkitCore\\Reports\\TrialBalance\\20190515_160221"/>
         <property name="logFiles" value="E:\\MarkitCore\\MarkitCore-Final\\MarkitCoreSystem\\MarkitCore\\Reports\\TrialBalance\\20190515_160221\\execution0.log"/>
         <property name="attachments" value=""/>
         <property name="hostName" value="dipak - DIPAKDAS-PC.indusnettechnologies.com"/>
         <property name="os" value="Windows 7 32bit"/>
         <property name="katalonVersion" value="6.0.5.4"/>
         <property name="browser" value="Chrome 74.0.3729.131"/>
         <property name="hostAddress" value="10.0.12.237"/>
         <property name="sessionId" value="a6a005637dcfcf0065e9736f5f4c6059"/>
         <property name="seleniumVersion" value="3.7.1"/>
         <property name="proxyInformation" value="ProxyInformation{proxyOption=NO_PROXY, proxyServerType=HTTP, password=, proxyServerAddress=, proxyServerPort=0}"/>
         <property name="platform" value="Windows 7"/>
      </properties>
      <testcase name="Test Cases/TC01-LoginApplication" classname="Test Cases/TC01-LoginApplication" status="PASSED">
         <system-out><![CDATA[2019-05-15 16:02:32 - [TEST_CASE][PASSED] - Test Cases/TC01-LoginApplication: Test Cases/TC01-LoginApplication

2019-05-15 16:02:32 - [TEST_STEP][NOT_RUN] - openBrowser(""): NOT_RUN: openBrowser("")

2019-05-15 16:02:32 - [MESSAGE][NOT_RUN] - NOT_RUN: openBrowser("")

2019-05-15 16:02:32 - [TEST_STEP][NOT_RUN] - navigateToUrl("https://dev.offshoresoftwaresolutions.net/markit_coreV2/Sites/CoreTest/login/admin_display"): NOT_RUN: navigateToUrl("https://dev.offshoresoftwaresolutions.net/markit_coreV2/Sites/CoreTest/login/admin_display")

2019-05-15 16:02:32 - [MESSAGE][NOT_RUN] - NOT_RUN: navigateToUrl("https://dev.offshoresoftwaresolutions.net/markit_coreV2/Sites/CoreTest/login/admin_display")

2019-05-15 16:02:32 - [TEST_STEP][PASSED] - setText(findTestObject("Object Repository/TC-LoginApplication/Page_Markit core new  Login/input_Login to your account_username"), username): Text 'dDasTester' is set on object 'Object Repository/TC-LoginApplication/Page_Markit core new  Login/input_Login to your account_username'

2019-05-15 16:02:32 - [MESSAGE][PASSED] - Text 'dDasTester' is set on object 'Object Repository/TC-LoginApplication/Page_Markit core new  Login/input_Login to your account_username'

2019-05-15 16:02:32 - [TEST_STEP][PASSED] - setText(findTestObject("Object Repository/TC-LoginApplication/Page_Markit core new  Login/input_Login to your account_password"), password): Text 'Czybm6R*' is set on object 'Object Repository/TC-LoginApplication/Page_Markit core new  Login/input_Login to your account_password'

2019-05-15 16:02:33 - [MESSAGE][PASSED] - Text 'Czybm6R*' is set on object 'Object Repository/TC-LoginApplication/Page_Markit core new  Login/input_Login to your account_password'

2019-05-15 16:02:33 - [TEST_STEP][PASSED] - delay(4, STOP_ON_FAILURE): Delayed 4 second(s)

2019-05-15 16:02:37 - [MESSAGE][PASSED] - Delayed 4 second(s)

2019-05-15 16:02:37 - [TEST_STEP][NOT_RUN] - maximizeWindow(): NOT_RUN: maximizeWindow()

2019-05-15 16:02:37 - [MESSAGE][NOT_RUN] - NOT_RUN: maximizeWindow()

2019-05-15 16:02:37 - [TEST_STEP][PASSED] - click(findTestObject("Object Repository/TC-LoginApplication/Page_Markit core new  Login/button_Login")): Object: 'Object Repository/TC-LoginApplication/Page_Markit core new  Login/button_Login' is clicked on

2019-05-15 16:02:46 - [MESSAGE][PASSED] - Object: 'Object Repository/TC-LoginApplication/Page_Markit core new  Login/button_Login' is clicked on

2019-05-15 16:02:46 - [TEST_STEP][NOT_RUN] - log = new com.kms.katalon.core.logging.KeywordLogger(): NOT_RUN: log = new com.kms.katalon.core.logging.KeywordLogger()

2019-05-15 16:02:46 - [MESSAGE][NOT_RUN] - NOT_RUN: log = new com.kms.katalon.core.logging.KeywordLogger()

2019-05-15 16:02:46 - [TEST_STEP][NOT_RUN] - log.logInfo(“Dipak”): NOT_RUN: log.logInfo(“Dipak”)

2019-05-15 16:02:46 - [MESSAGE][NOT_RUN] - NOT_RUN: log.logInfo(“Dipak”)]]></system-out>
         <system-err><![CDATA[]]></system-err>
      </testcase>
      <testcase name="Test Cases/TC13-TrialBalance-Broker" classname="Test Cases/TC13-TrialBalance-Broker" status="PASSED">
         <system-out><![CDATA[2019-05-15 16:02:46 - [TEST_CASE][PASSED] - Test Cases/TC13-TrialBalance-Broker: Test Cases/TC13-TrialBalance-Broker

2019-05-15 16:02:46 - [TEST_STEP][PASSED] - waitForJQueryLoad(5): jQuery is ready.

2019-05-15 16:02:47 - [MESSAGE][PASSED] - jQuery is ready.

2019-05-15 16:02:47 - [TEST_STEP][PASSED] - scrollToElement(findTestObject("TC11-TrialBalance/Report"), 4): Scroll to object 'Object Repository/TC11-TrialBalance/Report' successfully

2019-05-15 16:02:48 - [MESSAGE][PASSED] - Scroll to object 'Object Repository/TC11-TrialBalance/Report' successfully

2019-05-15 16:02:48 - [TEST_STEP][PASSED] - click(findTestObject("TC11-TrialBalance/Report")): Object: 'Object Repository/TC11-TrialBalance/Report' is clicked on

2019-05-15 16:02:48 - [MESSAGE][PASSED] - Object: 'Object Repository/TC11-TrialBalance/Report' is clicked on

2019-05-15 16:02:48 - [TEST_STEP][PASSED] - delay(4): Delayed 4 second(s)

2019-05-15 16:02:52 - [MESSAGE][PASSED] - Delayed 4 second(s)

2019-05-15 16:02:52 - [TEST_STEP][PASSED] - scrollToElement(findTestObject("TC11-TrialBalance/TrialBalance"), 4): Scroll to object 'Object Repository/TC11-TrialBalance/TrialBalance' successfully

2019-05-15 16:02:52 - [MESSAGE][PASSED] - Scroll to object 'Object Repository/TC11-TrialBalance/TrialBalance' successfully

2019-05-15 16:02:52 - [TEST_STEP][PASSED] - click(findTestObject("TC11-TrialBalance/TrialBalance")): Object: 'Object Repository/TC11-TrialBalance/TrialBalance' is clicked on

2019-05-15 16:02:54 - [MESSAGE][PASSED] - Object: 'Object Repository/TC11-TrialBalance/TrialBalance' is clicked on

2019-05-15 16:02:54 - [TEST_STEP][PASSED] - waitForJQueryLoad(4): jQuery is ready.

2019-05-15 16:02:56 - [MESSAGE][PASSED] - jQuery is ready.

2019-05-15 16:02:56 - [TEST_STEP][PASSED] - selectOptionByLabel(findTestObject("TC11-TrialBalance/SelectCurrency"), "USD", false): All options with label 'USD' are selected in object 'Object Repository/TC11-TrialBalance/SelectCurrency' 

2019-05-15 16:02:56 - [MESSAGE][PASSED] - All options with label 'USD' are selected in object 'Object Repository/TC11-TrialBalance/SelectCurrency' 

2019-05-15 16:02:56 - [TEST_STEP][PASSED] - delay(4): Delayed 4 second(s)

2019-05-15 16:03:00 - [MESSAGE][PASSED] - Delayed 4 second(s)

2019-05-15 16:03:00 - [TEST_STEP][PASSED] - click(findTestObject("TC11-TrialBalance/SelectEntity")): Object: 'Object Repository/TC11-TrialBalance/SelectEntity' is clicked on

2019-05-15 16:03:00 - [MESSAGE][PASSED] - Object: 'Object Repository/TC11-TrialBalance/SelectEntity' is clicked on

2019-05-15 16:03:00 - [TEST_STEP][PASSED] - delay(4): Delayed 4 second(s)

2019-05-15 16:03:04 - [MESSAGE][PASSED] - Delayed 4 second(s)

2019-05-15 16:03:04 - [TEST_STEP][PASSED] - setText(findTestObject("TC11-TrialBalance/TypeEntityName"), "New Broker"): Text 'New Broker' is set on object 'Object Repository/TC11-TrialBalance/TypeEntityName'

2019-05-15 16:03:05 - [MESSAGE][PASSED] - Text 'New Broker' is set on object 'Object Repository/TC11-TrialBalance/TypeEntityName'

2019-05-15 16:03:05 - [TEST_STEP][PASSED] - delay(3): Delayed 3 second(s)

2019-05-15 16:03:08 - [MESSAGE][PASSED] - Delayed 3 second(s)

2019-05-15 16:03:08 - [TEST_STEP][PASSED] - sendKeys(findTestObject("TC11-TrialBalance/TypeEntityName"), Keys.chord(ENTER)): Keys 'ENTER + ' sent to object: 'Object Repository/TC11-TrialBalance/TypeEntityName'

2019-05-15 16:03:08 - [MESSAGE][PASSED] - Keys 'ENTER + ' sent to object: 'Object Repository/TC11-TrialBalance/TypeEntityName'

2019-05-15 16:03:08 - [TEST_STEP][PASSED] - delay(5): Delayed 5 second(s)

2019-05-15 16:03:13 - [MESSAGE][PASSED] - Delayed 5 second(s)

2019-05-15 16:03:13 - [TEST_STEP][PASSED] - scrollToElement(findTestObject("TC13-TrialBalance-Broker/BrokerCreditor"), 4): Scroll to object 'Object Repository/TC13-TrialBalance-Broker/BrokerCreditor' successfully

2019-05-15 16:03:13 - [MESSAGE][PASSED] - Scroll to object 'Object Repository/TC13-TrialBalance-Broker/BrokerCreditor' successfully

2019-05-15 16:03:13 - [TEST_STEP][PASSED] - click(findTestObject("TC13-TrialBalance-Broker/BrokerCreditor")): Object: 'Object Repository/TC13-TrialBalance-Broker/BrokerCreditor' is clicked on

2019-05-15 16:03:14 - [MESSAGE][PASSED] - Object: 'Object Repository/TC13-TrialBalance-Broker/BrokerCreditor' is clicked on

2019-05-15 16:03:14 - [TEST_STEP][PASSED] - delay(5): Delayed 5 second(s)

2019-05-15 16:03:19 - [MESSAGE][PASSED] - Delayed 5 second(s)

2019-05-15 16:03:19 - [TEST_STEP][PASSED] - setText(findTestObject("TC11-TrialBalance/SearchPolicy"), findTestData("TestData/MTA_PolicyNO").getValue(1, 1)): Text 'DASD/POLICY/003081' is set on object 'Object Repository/TC11-TrialBalance/SearchPolicy'

2019-05-15 16:03:20 - [MESSAGE][PASSED] - Text 'DASD/POLICY/003081' is set on object 'Object Repository/TC11-TrialBalance/SearchPolicy'

2019-05-15 16:03:20 - [TEST_STEP][PASSED] - sendKeys(findTestObject("TC11-TrialBalance/SearchPolicy"), Keys.chord(ENTER)): Keys 'ENTER + ' sent to object: 'Object Repository/TC11-TrialBalance/SearchPolicy'

2019-05-15 16:03:20 - [MESSAGE][PASSED] - Keys 'ENTER + ' sent to object: 'Object Repository/TC11-TrialBalance/SearchPolicy'

2019-05-15 16:03:20 - [TEST_STEP][PASSED] - delay(5): Delayed 5 second(s)

2019-05-15 16:03:25 - [MESSAGE][PASSED] - Delayed 5 second(s)

2019-05-15 16:03:25 - [TEST_STEP][PASSED] - BrokerCom = getText(findTestObject("TC13-TrialBalance-Broker/BrokerValueCapture")): Text of object 'Object Repository/TC13-TrialBalance-Broker/BrokerValueCapture' is: '90.00'

2019-05-15 16:03:25 - [MESSAGE][PASSED] - Text of object 'Object Repository/TC13-TrialBalance-Broker/BrokerValueCapture' is: '90.00'

2019-05-15 16:03:25 - [TEST_STEP][PASSED] - com.excel.helper.ExcelHelper.updateTheExcel("Data Files\TestData\Comission.xlsx", "ExpectedBrokerComission", BrokerCom): com.excel.helper.ExcelHelper.updateTheExcel is PASSED

2019-05-15 16:03:26 - [MESSAGE][PASSED] - com.excel.helper.ExcelHelper.updateTheExcel is PASSED

2019-05-15 16:03:26 - [TEST_STEP][PASSED] - delay(3): Delayed 3 second(s)

2019-05-15 16:03:29 - [MESSAGE][PASSED] - Delayed 3 second(s)

2019-05-15 16:03:29 - [TEST_STEP][PASSED] - verifyEqual(findTestData("TestData/BrokerComission").getValue(1, 1), BrokerCom): Actual object '90.00' and expected object '90.00' are equal

2019-05-15 16:03:29 - [MESSAGE][PASSED] - Actual object '90.00' and expected object '90.00' are equal

2019-05-15 16:03:29 - [TEST_STEP][PASSED] - delay(4): Delayed 4 second(s)

2019-05-15 16:03:33 - [MESSAGE][PASSED] - Delayed 4 second(s)

2019-05-15 16:03:33 - [TEST_STEP][PASSED] - waitForElementClickable(findTestObject("TC04-AccountMatching-MGA/CloseButton"), 5, STOP_ON_FAILURE): Object 'Object Repository/TC04-AccountMatching-MGA/CloseButton' is clickable

2019-05-15 16:03:33 - [MESSAGE][PASSED] - Object 'Object Repository/TC04-AccountMatching-MGA/CloseButton' is clickable

2019-05-15 16:03:33 - [TEST_STEP][PASSED] - click(findTestObject("TC04-AccountMatching-MGA/CloseButton"), STOP_ON_FAILURE): Object: 'Object Repository/TC04-AccountMatching-MGA/CloseButton' is clicked on

2019-05-15 16:03:33 - [MESSAGE][PASSED] - Object: 'Object Repository/TC04-AccountMatching-MGA/CloseButton' is clicked on

2019-05-15 16:03:33 - [TEST_STEP][PASSED] - scrollToElement(findTestObject("TC11-TrialBalance/HomeLink"), 4, STOP_ON_FAILURE): Scroll to object 'Object Repository/TC11-TrialBalance/HomeLink' successfully

2019-05-15 16:03:33 - [MESSAGE][PASSED] - Scroll to object 'Object Repository/TC11-TrialBalance/HomeLink' successfully

2019-05-15 16:03:33 - [TEST_STEP][PASSED] - click(findTestObject("TC11-TrialBalance/HomeLink"), STOP_ON_FAILURE): Object: 'Object Repository/TC11-TrialBalance/HomeLink' is clicked on

2019-05-15 16:03:35 - [MESSAGE][PASSED] - Object: 'Object Repository/TC11-TrialBalance/HomeLink' is clicked on]]></system-out>
         <system-err><![CDATA[]]></system-err>
      </testcase>
      <testcase name="Test Cases/TC13-TrialBalance-Broker" classname="Test Cases/TC13-TrialBalance-Broker" status="PASSED">
         <system-out><![CDATA[2019-05-15 16:03:35 - [TEST_CASE][PASSED] - Test Cases/TC13-TrialBalance-Broker: Test Cases/TC13-TrialBalance-Broker

2019-05-15 16:03:35 - [TEST_STEP][PASSED] - waitForJQueryLoad(5): jQuery is ready.

2019-05-15 16:03:36 - [MESSAGE][PASSED] - jQuery is ready.

2019-05-15 16:03:36 - [TEST_STEP][PASSED] - scrollToElement(findTestObject("TC11-TrialBalance/Report"), 4): Scroll to object 'Object Repository/TC11-TrialBalance/Report' successfully

2019-05-15 16:03:36 - [MESSAGE][PASSED] - Scroll to object 'Object Repository/TC11-TrialBalance/Report' successfully

2019-05-15 16:03:36 - [TEST_STEP][PASSED] - click(findTestObject("TC11-TrialBalance/Report")): Object: 'Object Repository/TC11-TrialBalance/Report' is clicked on

2019-05-15 16:03:36 - [MESSAGE][PASSED] - Object: 'Object Repository/TC11-TrialBalance/Report' is clicked on

2019-05-15 16:03:36 - [TEST_STEP][PASSED] - delay(4): Delayed 4 second(s)

2019-05-15 16:03:40 - [MESSAGE][PASSED] - Delayed 4 second(s)

2019-05-15 16:03:40 - [TEST_STEP][PASSED] - scrollToElement(findTestObject("TC11-TrialBalance/TrialBalance"), 4): Scroll to object 'Object Repository/TC11-TrialBalance/TrialBalance' successfully

2019-05-15 16:03:40 - [MESSAGE][PASSED] - Scroll to object 'Object Repository/TC11-TrialBalance/TrialBalance' successfully

2019-05-15 16:03:40 - [TEST_STEP][PASSED] - click(findTestObject("TC11-TrialBalance/TrialBalance")): Object: 'Object Repository/TC11-TrialBalance/TrialBalance' is clicked on

2019-05-15 16:03:44 - [MESSAGE][PASSED] - Object: 'Object Repository/TC11-TrialBalance/TrialBalance' is clicked on

2019-05-15 16:03:44 - [TEST_STEP][PASSED] - waitForJQueryLoad(4): jQuery is ready.

2019-05-15 16:03:46 - [MESSAGE][PASSED] - jQuery is ready.

2019-05-15 16:03:46 - [TEST_STEP][PASSED] - selectOptionByLabel(findTestObject("TC11-TrialBalance/SelectCurrency"), "USD", false): All options with label 'USD' are selected in object 'Object Repository/TC11-TrialBalance/SelectCurrency' 

2019-05-15 16:03:46 - [MESSAGE][PASSED] - All options with label 'USD' are selected in object 'Object Repository/TC11-TrialBalance/SelectCurrency' 

2019-05-15 16:03:46 - [TEST_STEP][PASSED] - delay(4): Delayed 4 second(s)

2019-05-15 16:03:50 - [MESSAGE][PASSED] - Delayed 4 second(s)

2019-05-15 16:03:50 - [TEST_STEP][PASSED] - click(findTestObject("TC11-TrialBalance/SelectEntity")): Object: 'Object Repository/TC11-TrialBalance/SelectEntity' is clicked on

2019-05-15 16:03:50 - [MESSAGE][PASSED] - Object: 'Object Repository/TC11-TrialBalance/SelectEntity' is clicked on

2019-05-15 16:03:50 - [TEST_STEP][PASSED] - delay(4): Delayed 4 second(s)

2019-05-15 16:03:54 - [MESSAGE][PASSED] - Delayed 4 second(s)

2019-05-15 16:03:54 - [TEST_STEP][PASSED] - setText(findTestObject("TC11-TrialBalance/TypeEntityName"), "New Broker"): Text 'New Broker' is set on object 'Object Repository/TC11-TrialBalance/TypeEntityName'

2019-05-15 16:03:54 - [MESSAGE][PASSED] - Text 'New Broker' is set on object 'Object Repository/TC11-TrialBalance/TypeEntityName'

2019-05-15 16:03:54 - [TEST_STEP][PASSED] - delay(3): Delayed 3 second(s)

2019-05-15 16:03:57 - [MESSAGE][PASSED] - Delayed 3 second(s)

2019-05-15 16:03:57 - [TEST_STEP][PASSED] - sendKeys(findTestObject("TC11-TrialBalance/TypeEntityName"), Keys.chord(ENTER)): Keys 'ENTER + ' sent to object: 'Object Repository/TC11-TrialBalance/TypeEntityName'

2019-05-15 16:03:58 - [MESSAGE][PASSED] - Keys 'ENTER + ' sent to object: 'Object Repository/TC11-TrialBalance/TypeEntityName'

2019-05-15 16:03:58 - [TEST_STEP][PASSED] - delay(5): Delayed 5 second(s)

2019-05-15 16:04:03 - [MESSAGE][PASSED] - Delayed 5 second(s)

2019-05-15 16:04:03 - [TEST_STEP][PASSED] - scrollToElement(findTestObject("TC13-TrialBalance-Broker/BrokerCreditor"), 4): Scroll to object 'Object Repository/TC13-TrialBalance-Broker/BrokerCreditor' successfully

2019-05-15 16:04:03 - [MESSAGE][PASSED] - Scroll to object 'Object Repository/TC13-TrialBalance-Broker/BrokerCreditor' successfully

2019-05-15 16:04:03 - [TEST_STEP][PASSED] - click(findTestObject("TC13-TrialBalance-Broker/BrokerCreditor")): Object: 'Object Repository/TC13-TrialBalance-Broker/BrokerCreditor' is clicked on

2019-05-15 16:04:04 - [MESSAGE][PASSED] - Object: 'Object Repository/TC13-TrialBalance-Broker/BrokerCreditor' is clicked on

2019-05-15 16:04:04 - [TEST_STEP][PASSED] - delay(5): Delayed 5 second(s)

2019-05-15 16:04:09 - [MESSAGE][PASSED] - Delayed 5 second(s)

2019-05-15 16:04:09 - [TEST_STEP][PASSED] - setText(findTestObject("TC11-TrialBalance/SearchPolicy"), findTestData("TestData/MTA_PolicyNO").getValue(1, 1)): Text 'DASD/POLICY/003081' is set on object 'Object Repository/TC11-TrialBalance/SearchPolicy'

2019-05-15 16:04:09 - [MESSAGE][PASSED] - Text 'DASD/POLICY/003081' is set on object 'Object Repository/TC11-TrialBalance/SearchPolicy'

2019-05-15 16:04:09 - [TEST_STEP][PASSED] - sendKeys(findTestObject("TC11-TrialBalance/SearchPolicy"), Keys.chord(ENTER)): Keys 'ENTER + ' sent to object: 'Object Repository/TC11-TrialBalance/SearchPolicy'

2019-05-15 16:04:09 - [MESSAGE][PASSED] - Keys 'ENTER + ' sent to object: 'Object Repository/TC11-TrialBalance/SearchPolicy'

2019-05-15 16:04:09 - [TEST_STEP][PASSED] - delay(5): Delayed 5 second(s)

2019-05-15 16:04:14 - [MESSAGE][PASSED] - Delayed 5 second(s)

2019-05-15 16:04:14 - [TEST_STEP][PASSED] - BrokerCom = getText(findTestObject("TC13-TrialBalance-Broker/BrokerValueCapture")): Text of object 'Object Repository/TC13-TrialBalance-Broker/BrokerValueCapture' is: '90.00'

2019-05-15 16:04:14 - [MESSAGE][PASSED] - Text of object 'Object Repository/TC13-TrialBalance-Broker/BrokerValueCapture' is: '90.00'

2019-05-15 16:04:14 - [TEST_STEP][PASSED] - com.excel.helper.ExcelHelper.updateTheExcel("Data Files\TestData\Comission.xlsx", "ExpectedBrokerComission", BrokerCom): com.excel.helper.ExcelHelper.updateTheExcel is PASSED

2019-05-15 16:04:14 - [MESSAGE][PASSED] - com.excel.helper.ExcelHelper.updateTheExcel is PASSED

2019-05-15 16:04:14 - [TEST_STEP][PASSED] - delay(3): Delayed 3 second(s)

2019-05-15 16:04:17 - [MESSAGE][PASSED] - Delayed 3 second(s)

2019-05-15 16:04:17 - [TEST_STEP][PASSED] - verifyEqual(findTestData("TestData/BrokerComission").getValue(1, 1), BrokerCom): Actual object '90.00' and expected object '90.00' are equal

2019-05-15 16:04:17 - [MESSAGE][PASSED] - Actual object '90.00' and expected object '90.00' are equal

2019-05-15 16:04:17 - [TEST_STEP][PASSED] - delay(4): Delayed 4 second(s)

2019-05-15 16:04:21 - [MESSAGE][PASSED] - Delayed 4 second(s)

2019-05-15 16:04:21 - [TEST_STEP][PASSED] - waitForElementClickable(findTestObject("TC04-AccountMatching-MGA/CloseButton"), 5, STOP_ON_FAILURE): Object 'Object Repository/TC04-AccountMatching-MGA/CloseButton' is clickable

2019-05-15 16:04:21 - [MESSAGE][PASSED] - Object 'Object Repository/TC04-AccountMatching-MGA/CloseButton' is clickable

2019-05-15 16:04:21 - [TEST_STEP][PASSED] - click(findTestObject("TC04-AccountMatching-MGA/CloseButton"), STOP_ON_FAILURE): Object: 'Object Repository/TC04-AccountMatching-MGA/CloseButton' is clicked on

2019-05-15 16:04:21 - [MESSAGE][PASSED] - Object: 'Object Repository/TC04-AccountMatching-MGA/CloseButton' is clicked on

2019-05-15 16:04:21 - [TEST_STEP][PASSED] - scrollToElement(findTestObject("TC11-TrialBalance/HomeLink"), 4, STOP_ON_FAILURE): Scroll to object 'Object Repository/TC11-TrialBalance/HomeLink' successfully

2019-05-15 16:04:21 - [MESSAGE][PASSED] - Scroll to object 'Object Repository/TC11-TrialBalance/HomeLink' successfully

2019-05-15 16:04:21 - [TEST_STEP][PASSED] - click(findTestObject("TC11-TrialBalance/HomeLink"), STOP_ON_FAILURE): Object: 'Object Repository/TC11-TrialBalance/HomeLink' is clicked on

2019-05-15 16:04:23 - [MESSAGE][PASSED] - Object: 'Object Repository/TC11-TrialBalance/HomeLink' is clicked on]]></system-out>
         <system-err><![CDATA[]]></system-err>
      </testcase>
      <system-out><![CDATA[2019-05-15 16:02:23 - [TEST_SUITE][PASSED] - TrialBalance: Test Cases/TC13-TrialBalance-Broker]]></system-out>
      <system-err><![CDATA[]]></system-err>
   </testsuite>
</testsuites>
