<?xml version="1.0" encoding="UTF-8"?>
<testsuites name="TrialBalance" time="56" tests="2" failures="0" errors="0">
   <testsuite name="TrialBalance" tests="2" failures="0" errors="0" time="56" timestamp="2019-05-02 15:55:10" hostname="dipak - DIPAKDAS-PC.indusnettechnologies.com" id="Test Suites/TrialBalance">
      <properties>
         <property name="deviceName" value=""/>
         <property name="devicePlatform" value=""/>
         <property name="logFolder" value="E:\\MarkitCore\\CoreApplication\\Reports\\TrialBalance\\20190502_155508"/>
         <property name="logFiles" value="E:\\MarkitCore\\CoreApplication\\Reports\\TrialBalance\\20190502_155508\\execution0.log"/>
         <property name="attachments" value=""/>
         <property name="hostName" value="dipak - DIPAKDAS-PC.indusnettechnologies.com"/>
         <property name="os" value="Windows 7 32bit"/>
         <property name="katalonVersion" value="6.0.5.4"/>
         <property name="browser" value="Chrome 74.0.3729.131"/>
         <property name="hostAddress" value="10.0.12.237"/>
         <property name="sessionId" value="6d3985c19b17faba28b6b034f1636a31"/>
         <property name="seleniumVersion" value="3.7.1"/>
         <property name="proxyInformation" value="ProxyInformation{proxyOption=NO_PROXY, proxyServerType=HTTP, password=, proxyServerAddress=, proxyServerPort=0}"/>
         <property name="platform" value="Windows 7"/>
      </properties>
      <testcase name="Test Cases/TC01-LoginApplication" classname="Test Cases/TC01-LoginApplication" status="PASSED">
         <system-out><![CDATA[2019-05-02 15:55:20 - [TEST_CASE][PASSED] - Test Cases/TC01-LoginApplication: Test Cases/TC01-LoginApplication

2019-05-02 15:55:20 - [TEST_STEP][NOT_RUN] - openBrowser(""): NOT_RUN: openBrowser("")

2019-05-02 15:55:20 - [MESSAGE][NOT_RUN] - NOT_RUN: openBrowser("")

2019-05-02 15:55:20 - [TEST_STEP][NOT_RUN] - navigateToUrl("https://dev.offshoresoftwaresolutions.net/markit_coreV2/Sites/CoreTest/login/admin_display"): NOT_RUN: navigateToUrl("https://dev.offshoresoftwaresolutions.net/markit_coreV2/Sites/CoreTest/login/admin_display")

2019-05-02 15:55:20 - [MESSAGE][NOT_RUN] - NOT_RUN: navigateToUrl("https://dev.offshoresoftwaresolutions.net/markit_coreV2/Sites/CoreTest/login/admin_display")

2019-05-02 15:55:20 - [TEST_STEP][PASSED] - setText(findTestObject("Object Repository/TC-LoginApplication/Page_Markit core new  Login/input_Login to your account_username"), "dDasTester"): Text 'dDasTester' is set on object 'Object Repository/TC-LoginApplication/Page_Markit core new  Login/input_Login to your account_username'

2019-05-02 15:55:21 - [MESSAGE][PASSED] - Text 'dDasTester' is set on object 'Object Repository/TC-LoginApplication/Page_Markit core new  Login/input_Login to your account_username'

2019-05-02 15:55:21 - [TEST_STEP][PASSED] - setText(findTestObject("Object Repository/TC-LoginApplication/Page_Markit core new  Login/input_Login to your account_password"), "Czybm6R*"): Text 'Czybm6R*' is set on object 'Object Repository/TC-LoginApplication/Page_Markit core new  Login/input_Login to your account_password'

2019-05-02 15:55:21 - [MESSAGE][PASSED] - Text 'Czybm6R*' is set on object 'Object Repository/TC-LoginApplication/Page_Markit core new  Login/input_Login to your account_password'

2019-05-02 15:55:21 - [TEST_STEP][PASSED] - delay(4, STOP_ON_FAILURE): Delayed 4 second(s)

2019-05-02 15:55:25 - [MESSAGE][PASSED] - Delayed 4 second(s)

2019-05-02 15:55:25 - [TEST_STEP][NOT_RUN] - maximizeWindow(): NOT_RUN: maximizeWindow()

2019-05-02 15:55:25 - [MESSAGE][NOT_RUN] - NOT_RUN: maximizeWindow()

2019-05-02 15:55:25 - [TEST_STEP][PASSED] - click(findTestObject("Object Repository/TC-LoginApplication/Page_Markit core new  Login/button_Login")): Object: 'Object Repository/TC-LoginApplication/Page_Markit core new  Login/button_Login' is clicked on

2019-05-02 15:55:31 - [MESSAGE][PASSED] - Object: 'Object Repository/TC-LoginApplication/Page_Markit core new  Login/button_Login' is clicked on

2019-05-02 15:55:31 - [TEST_STEP][NOT_RUN] - log = new com.kms.katalon.core.logging.KeywordLogger(): NOT_RUN: log = new com.kms.katalon.core.logging.KeywordLogger()

2019-05-02 15:55:31 - [MESSAGE][NOT_RUN] - NOT_RUN: log = new com.kms.katalon.core.logging.KeywordLogger()

2019-05-02 15:55:31 - [TEST_STEP][NOT_RUN] - log.logInfo(“Dipak”): NOT_RUN: log.logInfo(“Dipak”)

2019-05-02 15:55:31 - [MESSAGE][NOT_RUN] - NOT_RUN: log.logInfo(“Dipak”)]]></system-out>
         <system-err><![CDATA[]]></system-err>
      </testcase>
      <testcase name="Test Cases/TC11-TrialBalanceReport" classname="Test Cases/TC11-TrialBalanceReport" status="PASSED">
         <system-out><![CDATA[2019-05-02 15:55:31 - [TEST_CASE][PASSED] - Test Cases/TC11-TrialBalanceReport: Test Cases/TC11-TrialBalanceReport

2019-05-02 15:55:31 - [TEST_STEP][PASSED] - waitForJQueryLoad(5): jQuery is ready.

2019-05-02 15:55:32 - [MESSAGE][PASSED] - jQuery is ready.

2019-05-02 15:55:32 - [TEST_STEP][PASSED] - scrollToElement(findTestObject("TC11-TrialBalance/Report"), 4): Scroll to object 'Object Repository/TC11-TrialBalance/Report' successfully

2019-05-02 15:55:32 - [MESSAGE][PASSED] - Scroll to object 'Object Repository/TC11-TrialBalance/Report' successfully

2019-05-02 15:55:32 - [TEST_STEP][PASSED] - click(findTestObject("TC11-TrialBalance/Report")): Object: 'Object Repository/TC11-TrialBalance/Report' is clicked on

2019-05-02 15:55:32 - [MESSAGE][PASSED] - Object: 'Object Repository/TC11-TrialBalance/Report' is clicked on

2019-05-02 15:55:32 - [TEST_STEP][PASSED] - delay(4): Delayed 4 second(s)

2019-05-02 15:55:36 - [MESSAGE][PASSED] - Delayed 4 second(s)

2019-05-02 15:55:36 - [TEST_STEP][PASSED] - scrollToElement(findTestObject("TC11-TrialBalance/TrialBalance"), 4): Scroll to object 'Object Repository/TC11-TrialBalance/TrialBalance' successfully

2019-05-02 15:55:36 - [MESSAGE][PASSED] - Scroll to object 'Object Repository/TC11-TrialBalance/TrialBalance' successfully

2019-05-02 15:55:36 - [TEST_STEP][PASSED] - click(findTestObject("TC11-TrialBalance/TrialBalance")): Object: 'Object Repository/TC11-TrialBalance/TrialBalance' is clicked on

2019-05-02 15:55:38 - [MESSAGE][PASSED] - Object: 'Object Repository/TC11-TrialBalance/TrialBalance' is clicked on

2019-05-02 15:55:38 - [TEST_STEP][PASSED] - waitForJQueryLoad(4): jQuery is ready.

2019-05-02 15:55:39 - [MESSAGE][PASSED] - jQuery is ready.

2019-05-02 15:55:39 - [TEST_STEP][PASSED] - selectOptionByLabel(findTestObject("TC11-TrialBalance/SelectCurrency"), "USD", false): All options with label 'USD' are selected in object 'Object Repository/TC11-TrialBalance/SelectCurrency' 

2019-05-02 15:55:39 - [MESSAGE][PASSED] - All options with label 'USD' are selected in object 'Object Repository/TC11-TrialBalance/SelectCurrency' 

2019-05-02 15:55:39 - [TEST_STEP][PASSED] - delay(4): Delayed 4 second(s)

2019-05-02 15:55:43 - [MESSAGE][PASSED] - Delayed 4 second(s)

2019-05-02 15:55:43 - [TEST_STEP][PASSED] - click(findTestObject("TC11-TrialBalance/SelectEntity")): Object: 'Object Repository/TC11-TrialBalance/SelectEntity' is clicked on

2019-05-02 15:55:43 - [MESSAGE][PASSED] - Object: 'Object Repository/TC11-TrialBalance/SelectEntity' is clicked on

2019-05-02 15:55:43 - [TEST_STEP][PASSED] - delay(4): Delayed 4 second(s)

2019-05-02 15:55:47 - [MESSAGE][PASSED] - Delayed 4 second(s)

2019-05-02 15:55:47 - [TEST_STEP][PASSED] - setText(findTestObject("TC11-TrialBalance/TypeEntityName"), "NEW MGA"): Text 'NEW MGA' is set on object 'Object Repository/TC11-TrialBalance/TypeEntityName'

2019-05-02 15:55:47 - [MESSAGE][PASSED] - Text 'NEW MGA' is set on object 'Object Repository/TC11-TrialBalance/TypeEntityName'

2019-05-02 15:55:47 - [TEST_STEP][PASSED] - sendKeys(findTestObject("TC11-TrialBalance/TypeEntityName"), Keys.chord(ENTER)): Keys 'ENTER + ' sent to object: 'Object Repository/TC11-TrialBalance/TypeEntityName'

2019-05-02 15:55:47 - [MESSAGE][PASSED] - Keys 'ENTER + ' sent to object: 'Object Repository/TC11-TrialBalance/TypeEntityName'

2019-05-02 15:55:47 - [TEST_STEP][PASSED] - delay(5): Delayed 5 second(s)

2019-05-02 15:55:52 - [MESSAGE][PASSED] - Delayed 5 second(s)

2019-05-02 15:55:52 - [TEST_STEP][PASSED] - click(findTestObject("TC11-TrialBalance/MGACreditor")): Object: 'Object Repository/TC11-TrialBalance/MGACreditor' is clicked on

2019-05-02 15:55:54 - [MESSAGE][PASSED] - Object: 'Object Repository/TC11-TrialBalance/MGACreditor' is clicked on

2019-05-02 15:55:54 - [TEST_STEP][PASSED] - delay(4): Delayed 4 second(s)

2019-05-02 15:55:58 - [MESSAGE][PASSED] - Delayed 4 second(s)

2019-05-02 15:55:58 - [TEST_STEP][PASSED] - setText(findTestObject("TC11-TrialBalance/SearchPolicy"), findTestData("TestData/MTA_PolicyNO").getValue(1, 1)): Text 'DASD/POLICY/003003' is set on object 'Object Repository/TC11-TrialBalance/SearchPolicy'

2019-05-02 15:55:58 - [MESSAGE][PASSED] - Text 'DASD/POLICY/003003' is set on object 'Object Repository/TC11-TrialBalance/SearchPolicy'

2019-05-02 15:55:58 - [TEST_STEP][PASSED] - sendKeys(findTestObject("TC11-TrialBalance/SearchPolicy"), Keys.chord(ENTER)): Keys 'ENTER + ' sent to object: 'Object Repository/TC11-TrialBalance/SearchPolicy'

2019-05-02 15:55:59 - [MESSAGE][PASSED] - Keys 'ENTER + ' sent to object: 'Object Repository/TC11-TrialBalance/SearchPolicy'

2019-05-02 15:55:59 - [TEST_STEP][PASSED] - delay(4): Delayed 4 second(s)

2019-05-02 15:56:03 - [MESSAGE][PASSED] - Delayed 4 second(s)

2019-05-02 15:56:03 - [TEST_STEP][PASSED] - MGA_Comm_Value = getText(findTestObject("TC11-TrialBalance/MGAValueCapture")): Text of object 'Object Repository/TC11-TrialBalance/MGAValueCapture' is: '145.50'

2019-05-02 15:56:03 - [MESSAGE][PASSED] - Text of object 'Object Repository/TC11-TrialBalance/MGAValueCapture' is: '145.50'

2019-05-02 15:56:03 - [TEST_STEP][PASSED] - com.excel.helper.ExcelHelper.updateTheExcel("E:\MarkitCore\CoreApplication\Data Files\TestData\Comission.xlsx", "MGATrialBalance", MGA_Comm_Value): com.excel.helper.ExcelHelper.updateTheExcel is PASSED

2019-05-02 15:56:03 - [MESSAGE][PASSED] - com.excel.helper.ExcelHelper.updateTheExcel is PASSED

2019-05-02 15:56:03 - [TEST_STEP][PASSED] - delay(3): Delayed 3 second(s)

2019-05-02 15:56:06 - [MESSAGE][PASSED] - Delayed 3 second(s)

2019-05-02 15:56:06 - [TEST_STEP][PASSED] - verifyEqual(findTestData("TestData/MGAComission").getValue(1, 1), MGA_Comm_Value): Actual object '145.50' and expected object '145.50' are equal

2019-05-02 15:56:06 - [MESSAGE][PASSED] - Actual object '145.50' and expected object '145.50' are equal]]></system-out>
         <system-err><![CDATA[]]></system-err>
      </testcase>
      <system-out><![CDATA[2019-05-02 15:55:10 - [TEST_SUITE][PASSED] - TrialBalance: Test Cases/TC11-TrialBalanceReport]]></system-out>
      <system-err><![CDATA[]]></system-err>
   </testsuite>
</testsuites>
