<?xml version="1.0" encoding="UTF-8"?>
<testsuites name="TrialBalance" time="157" tests="5" failures="0" errors="0">
   <testsuite name="TrialBalance" tests="5" failures="0" errors="0" time="157" timestamp="2019-05-16 18:48:53" hostname="dipak - DIPAKDAS-PC.indusnettechnologies.com" id="Test Suites/TrialBalance">
      <properties>
         <property name="deviceName" value=""/>
         <property name="devicePlatform" value=""/>
         <property name="logFolder" value="E:\\MarkitCore\\MarkitCore-Final\\MarkitCoreSystem\\MarkitCore\\Reports\\TrialBalance\\20190516_184848"/>
         <property name="logFiles" value="E:\\MarkitCore\\MarkitCore-Final\\MarkitCoreSystem\\MarkitCore\\Reports\\TrialBalance\\20190516_184848\\execution0.log"/>
         <property name="attachments" value=""/>
         <property name="hostName" value="dipak - DIPAKDAS-PC.indusnettechnologies.com"/>
         <property name="os" value="Windows 7 32bit"/>
         <property name="katalonVersion" value="6.0.5.4"/>
         <property name="browser" value="Chrome 74.0.3729.157"/>
         <property name="hostAddress" value="10.0.12.237"/>
         <property name="sessionId" value="bbeffa2aec1ea8c0d48e7cc656512736"/>
         <property name="seleniumVersion" value="3.7.1"/>
         <property name="proxyInformation" value="ProxyInformation{proxyOption=NO_PROXY, proxyServerType=HTTP, password=, proxyServerAddress=, proxyServerPort=0}"/>
         <property name="platform" value="Windows 7"/>
      </properties>
      <testcase name="Test Cases/TC01-LoginApplication" classname="Test Cases/TC01-LoginApplication" status="PASSED">
         <system-out><![CDATA[2019-05-16 18:49:02 - [TEST_CASE][PASSED] - Test Cases/TC01-LoginApplication: Test Cases/TC01-LoginApplication

2019-05-16 18:49:02 - [TEST_STEP][NOT_RUN] - openBrowser(""): NOT_RUN: openBrowser("")

2019-05-16 18:49:02 - [MESSAGE][NOT_RUN] - NOT_RUN: openBrowser("")

2019-05-16 18:49:02 - [TEST_STEP][NOT_RUN] - navigateToUrl("https://dev.offshoresoftwaresolutions.net/markit_coreV2/Sites/CoreTest/login/admin_display"): NOT_RUN: navigateToUrl("https://dev.offshoresoftwaresolutions.net/markit_coreV2/Sites/CoreTest/login/admin_display")

2019-05-16 18:49:02 - [MESSAGE][NOT_RUN] - NOT_RUN: navigateToUrl("https://dev.offshoresoftwaresolutions.net/markit_coreV2/Sites/CoreTest/login/admin_display")

2019-05-16 18:49:02 - [TEST_STEP][PASSED] - setText(findTestObject("Object Repository/TC-LoginApplication/Page_Markit core new  Login/input_Login to your account_username"), username): Text 'dDasTester' is set on object 'Object Repository/TC-LoginApplication/Page_Markit core new  Login/input_Login to your account_username'

2019-05-16 18:49:02 - [MESSAGE][PASSED] - Text 'dDasTester' is set on object 'Object Repository/TC-LoginApplication/Page_Markit core new  Login/input_Login to your account_username'

2019-05-16 18:49:02 - [TEST_STEP][PASSED] - setText(findTestObject("Object Repository/TC-LoginApplication/Page_Markit core new  Login/input_Login to your account_password"), password): Text 'Czybm6R*' is set on object 'Object Repository/TC-LoginApplication/Page_Markit core new  Login/input_Login to your account_password'

2019-05-16 18:49:02 - [MESSAGE][PASSED] - Text 'Czybm6R*' is set on object 'Object Repository/TC-LoginApplication/Page_Markit core new  Login/input_Login to your account_password'

2019-05-16 18:49:02 - [TEST_STEP][PASSED] - delay(4, STOP_ON_FAILURE): Delayed 4 second(s)

2019-05-16 18:49:07 - [MESSAGE][PASSED] - Delayed 4 second(s)

2019-05-16 18:49:07 - [TEST_STEP][NOT_RUN] - maximizeWindow(): NOT_RUN: maximizeWindow()

2019-05-16 18:49:07 - [MESSAGE][NOT_RUN] - NOT_RUN: maximizeWindow()

2019-05-16 18:49:07 - [TEST_STEP][PASSED] - click(findTestObject("Object Repository/TC-LoginApplication/Page_Markit core new  Login/button_Login")): Object: 'Object Repository/TC-LoginApplication/Page_Markit core new  Login/button_Login' is clicked on

2019-05-16 18:49:12 - [MESSAGE][PASSED] - Object: 'Object Repository/TC-LoginApplication/Page_Markit core new  Login/button_Login' is clicked on

2019-05-16 18:49:12 - [TEST_STEP][NOT_RUN] - log = new com.kms.katalon.core.logging.KeywordLogger(): NOT_RUN: log = new com.kms.katalon.core.logging.KeywordLogger()

2019-05-16 18:49:12 - [MESSAGE][NOT_RUN] - NOT_RUN: log = new com.kms.katalon.core.logging.KeywordLogger()

2019-05-16 18:49:12 - [TEST_STEP][NOT_RUN] - log.logInfo(“Dipak”): NOT_RUN: log.logInfo(“Dipak”)

2019-05-16 18:49:12 - [MESSAGE][NOT_RUN] - NOT_RUN: log.logInfo(“Dipak”)]]></system-out>
         <system-err><![CDATA[]]></system-err>
      </testcase>
      <testcase name="Test Cases/TC11-TrialBalance-MGA" classname="Test Cases/TC11-TrialBalance-MGA" status="PASSED">
         <system-out><![CDATA[2019-05-16 18:49:12 - [TEST_CASE][PASSED] - Test Cases/TC11-TrialBalance-MGA: Test Cases/TC11-TrialBalance-MGA

2019-05-16 18:49:12 - [TEST_STEP][PASSED] - waitForJQueryLoad(5, STOP_ON_FAILURE): jQuery is ready.

2019-05-16 18:49:12 - [MESSAGE][PASSED] - jQuery is ready.

2019-05-16 18:49:12 - [TEST_STEP][PASSED] - scrollToElement(findTestObject("TC11-TrialBalance/Report"), 4, STOP_ON_FAILURE): Scroll to object 'Object Repository/TC11-TrialBalance/Report' successfully

2019-05-16 18:49:12 - [MESSAGE][PASSED] - Scroll to object 'Object Repository/TC11-TrialBalance/Report' successfully

2019-05-16 18:49:12 - [TEST_STEP][PASSED] - click(findTestObject("TC11-TrialBalance/Report"), STOP_ON_FAILURE): Object: 'Object Repository/TC11-TrialBalance/Report' is clicked on

2019-05-16 18:49:12 - [MESSAGE][PASSED] - Object: 'Object Repository/TC11-TrialBalance/Report' is clicked on

2019-05-16 18:49:12 - [TEST_STEP][PASSED] - delay(4, STOP_ON_FAILURE): Delayed 4 second(s)

2019-05-16 18:49:16 - [MESSAGE][PASSED] - Delayed 4 second(s)

2019-05-16 18:49:16 - [TEST_STEP][PASSED] - scrollToElement(findTestObject("TC11-TrialBalance/TrialBalance"), 4, STOP_ON_FAILURE): Scroll to object 'Object Repository/TC11-TrialBalance/TrialBalance' successfully

2019-05-16 18:49:16 - [MESSAGE][PASSED] - Scroll to object 'Object Repository/TC11-TrialBalance/TrialBalance' successfully

2019-05-16 18:49:16 - [TEST_STEP][PASSED] - waitForElementClickable(findTestObject("TC11-TrialBalance/TrialBalance"), 5, STOP_ON_FAILURE): Object 'Object Repository/TC11-TrialBalance/TrialBalance' is clickable

2019-05-16 18:49:16 - [MESSAGE][PASSED] - Object 'Object Repository/TC11-TrialBalance/TrialBalance' is clickable

2019-05-16 18:49:16 - [TEST_STEP][PASSED] - click(findTestObject("TC11-TrialBalance/TrialBalance"), STOP_ON_FAILURE): Object: 'Object Repository/TC11-TrialBalance/TrialBalance' is clicked on

2019-05-16 18:49:18 - [MESSAGE][PASSED] - Object: 'Object Repository/TC11-TrialBalance/TrialBalance' is clicked on

2019-05-16 18:49:18 - [TEST_STEP][PASSED] - waitForJQueryLoad(4, STOP_ON_FAILURE): jQuery is ready.

2019-05-16 18:49:19 - [MESSAGE][PASSED] - jQuery is ready.

2019-05-16 18:49:19 - [TEST_STEP][PASSED] - selectOptionByLabel(findTestObject("TC11-TrialBalance/SelectCurrency"), "USD", false, STOP_ON_FAILURE): All options with label 'USD' are selected in object 'Object Repository/TC11-TrialBalance/SelectCurrency' 

2019-05-16 18:49:19 - [MESSAGE][PASSED] - All options with label 'USD' are selected in object 'Object Repository/TC11-TrialBalance/SelectCurrency' 

2019-05-16 18:49:19 - [TEST_STEP][PASSED] - delay(4, STOP_ON_FAILURE): Delayed 4 second(s)

2019-05-16 18:49:23 - [MESSAGE][PASSED] - Delayed 4 second(s)

2019-05-16 18:49:23 - [TEST_STEP][PASSED] - click(findTestObject("TC11-TrialBalance/SelectEntity"), STOP_ON_FAILURE): Object: 'Object Repository/TC11-TrialBalance/SelectEntity' is clicked on

2019-05-16 18:49:23 - [MESSAGE][PASSED] - Object: 'Object Repository/TC11-TrialBalance/SelectEntity' is clicked on

2019-05-16 18:49:23 - [TEST_STEP][PASSED] - delay(4, STOP_ON_FAILURE): Delayed 4 second(s)

2019-05-16 18:49:27 - [MESSAGE][PASSED] - Delayed 4 second(s)

2019-05-16 18:49:27 - [TEST_STEP][PASSED] - setText(findTestObject("TC11-TrialBalance/TypeEntityName"), "NEW MGA", STOP_ON_FAILURE): Text 'NEW MGA' is set on object 'Object Repository/TC11-TrialBalance/TypeEntityName'

2019-05-16 18:49:27 - [MESSAGE][PASSED] - Text 'NEW MGA' is set on object 'Object Repository/TC11-TrialBalance/TypeEntityName'

2019-05-16 18:49:27 - [TEST_STEP][PASSED] - sendKeys(findTestObject("TC11-TrialBalance/TypeEntityName"), Keys.chord(ENTER), STOP_ON_FAILURE): Keys 'ENTER + ' sent to object: 'Object Repository/TC11-TrialBalance/TypeEntityName'

2019-05-16 18:49:27 - [MESSAGE][PASSED] - Keys 'ENTER + ' sent to object: 'Object Repository/TC11-TrialBalance/TypeEntityName'

2019-05-16 18:49:27 - [TEST_STEP][PASSED] - delay(5, STOP_ON_FAILURE): Delayed 5 second(s)

2019-05-16 18:49:32 - [MESSAGE][PASSED] - Delayed 5 second(s)

2019-05-16 18:49:32 - [TEST_STEP][PASSED] - click(findTestObject("TC11-TrialBalance/MGACreditor"), STOP_ON_FAILURE): Object: 'Object Repository/TC11-TrialBalance/MGACreditor' is clicked on

2019-05-16 18:49:34 - [MESSAGE][PASSED] - Object: 'Object Repository/TC11-TrialBalance/MGACreditor' is clicked on

2019-05-16 18:49:34 - [TEST_STEP][PASSED] - delay(4, STOP_ON_FAILURE): Delayed 4 second(s)

2019-05-16 18:49:38 - [MESSAGE][PASSED] - Delayed 4 second(s)

2019-05-16 18:49:38 - [TEST_STEP][PASSED] - setText(findTestObject("TC11-TrialBalance/SearchPolicy"), PolicyNo_TrialBalance, STOP_ON_FAILURE): Text 'DASD/POLICY/003223' is set on object 'Object Repository/TC11-TrialBalance/SearchPolicy'

2019-05-16 18:49:38 - [MESSAGE][PASSED] - Text 'DASD/POLICY/003223' is set on object 'Object Repository/TC11-TrialBalance/SearchPolicy'

2019-05-16 18:49:38 - [TEST_STEP][PASSED] - sendKeys(findTestObject("TC11-TrialBalance/SearchPolicy"), Keys.chord(ENTER), STOP_ON_FAILURE): Keys 'ENTER + ' sent to object: 'Object Repository/TC11-TrialBalance/SearchPolicy'

2019-05-16 18:49:38 - [MESSAGE][PASSED] - Keys 'ENTER + ' sent to object: 'Object Repository/TC11-TrialBalance/SearchPolicy'

2019-05-16 18:49:38 - [TEST_STEP][PASSED] - delay(4, STOP_ON_FAILURE): Delayed 4 second(s)

2019-05-16 18:49:42 - [MESSAGE][PASSED] - Delayed 4 second(s)

2019-05-16 18:49:42 - [TEST_STEP][PASSED] - MGA_Comm_Value = getText(findTestObject("TC11-TrialBalance/MGAValueCapture"), STOP_ON_FAILURE): Text of object 'Object Repository/TC11-TrialBalance/MGAValueCapture' is: '145.50'

2019-05-16 18:49:42 - [MESSAGE][PASSED] - Text of object 'Object Repository/TC11-TrialBalance/MGAValueCapture' is: '145.50'

2019-05-16 18:49:42 - [TEST_STEP][NOT_RUN] - com.excel.helper.ExcelHelper.updateTheExcel("Data Files/TestData/Comission.xlsx", "MGATrialBalance", MGA_Comm_Value): NOT_RUN: com.excel.helper.ExcelHelper.updateTheExcel("Data Files/TestData/Comission.xlsx", "MGATrialBalance", MGA_Comm_Value)

2019-05-16 18:49:42 - [MESSAGE][NOT_RUN] - NOT_RUN: com.excel.helper.ExcelHelper.updateTheExcel("Data Files/TestData/Comission.xlsx", "MGATrialBalance", MGA_Comm_Value)

2019-05-16 18:49:42 - [TEST_STEP][PASSED] - actualData = com.excel.helper.ExcelHelper.columnDataByPolNum("Data Files/PolicyData.xlsx", "Commission", "MGA_Comission", PolicyNo_TrialBalance): com.excel.helper.ExcelHelper.columnDataByPolNum is PASSED

2019-05-16 18:49:43 - [MESSAGE][PASSED] - com.excel.helper.ExcelHelper.columnDataByPolNum is PASSED

2019-05-16 18:49:43 - [TEST_STEP][PASSED] - delay(3, STOP_ON_FAILURE): Delayed 3 second(s)

2019-05-16 18:49:46 - [MESSAGE][PASSED] - Delayed 3 second(s)

2019-05-16 18:49:46 - [TEST_STEP][PASSED] - verifyEqual(actualData, MGA_Comm_Value): Actual object '145.50' and expected object '145.50' are equal

2019-05-16 18:49:46 - [MESSAGE][PASSED] - Actual object '145.50' and expected object '145.50' are equal

2019-05-16 18:49:46 - [TEST_STEP][PASSED] - waitForElementClickable(findTestObject("TC04-AccountMatching-MGA/CloseButton"), 5, STOP_ON_FAILURE): Object 'Object Repository/TC04-AccountMatching-MGA/CloseButton' is clickable

2019-05-16 18:49:46 - [MESSAGE][PASSED] - Object 'Object Repository/TC04-AccountMatching-MGA/CloseButton' is clickable

2019-05-16 18:49:46 - [TEST_STEP][PASSED] - click(findTestObject("TC04-AccountMatching-MGA/CloseButton"), STOP_ON_FAILURE): Object: 'Object Repository/TC04-AccountMatching-MGA/CloseButton' is clicked on

2019-05-16 18:49:46 - [MESSAGE][PASSED] - Object: 'Object Repository/TC04-AccountMatching-MGA/CloseButton' is clicked on

2019-05-16 18:49:46 - [TEST_STEP][PASSED] - scrollToElement(findTestObject("TC11-TrialBalance/HomeLink"), 4, STOP_ON_FAILURE): Scroll to object 'Object Repository/TC11-TrialBalance/HomeLink' successfully

2019-05-16 18:49:46 - [MESSAGE][PASSED] - Scroll to object 'Object Repository/TC11-TrialBalance/HomeLink' successfully

2019-05-16 18:49:46 - [TEST_STEP][PASSED] - click(findTestObject("TC11-TrialBalance/HomeLink"), STOP_ON_FAILURE): Object: 'Object Repository/TC11-TrialBalance/HomeLink' is clicked on

2019-05-16 18:49:48 - [MESSAGE][PASSED] - Object: 'Object Repository/TC11-TrialBalance/HomeLink' is clicked on

2019-05-16 18:49:48 - [TEST_STEP][NOT_RUN] - scrollToElement(findTestObject("TC11-TrialBalance/Report"), 4, STOP_ON_FAILURE): NOT_RUN: scrollToElement(findTestObject("TC11-TrialBalance/Report"), 4, STOP_ON_FAILURE)

2019-05-16 18:49:48 - [MESSAGE][NOT_RUN] - NOT_RUN: scrollToElement(findTestObject("TC11-TrialBalance/Report"), 4, STOP_ON_FAILURE)

2019-05-16 18:49:48 - [TEST_STEP][NOT_RUN] - click(findTestObject("TC11-TrialBalance/Report"), STOP_ON_FAILURE): NOT_RUN: click(findTestObject("TC11-TrialBalance/Report"), STOP_ON_FAILURE)

2019-05-16 18:49:48 - [MESSAGE][NOT_RUN] - NOT_RUN: click(findTestObject("TC11-TrialBalance/Report"), STOP_ON_FAILURE)]]></system-out>
         <system-err><![CDATA[]]></system-err>
      </testcase>
      <testcase name="Test Cases/TC11-TrialBalance-MGA" classname="Test Cases/TC11-TrialBalance-MGA" status="PASSED">
         <system-out><![CDATA[2019-05-16 18:49:48 - [TEST_CASE][PASSED] - Test Cases/TC11-TrialBalance-MGA: Test Cases/TC11-TrialBalance-MGA

2019-05-16 18:49:48 - [TEST_STEP][PASSED] - waitForJQueryLoad(5, STOP_ON_FAILURE): jQuery is ready.

2019-05-16 18:49:48 - [MESSAGE][PASSED] - jQuery is ready.

2019-05-16 18:49:48 - [TEST_STEP][PASSED] - scrollToElement(findTestObject("TC11-TrialBalance/Report"), 4, STOP_ON_FAILURE): Scroll to object 'Object Repository/TC11-TrialBalance/Report' successfully

2019-05-16 18:49:48 - [MESSAGE][PASSED] - Scroll to object 'Object Repository/TC11-TrialBalance/Report' successfully

2019-05-16 18:49:48 - [TEST_STEP][PASSED] - click(findTestObject("TC11-TrialBalance/Report"), STOP_ON_FAILURE): Object: 'Object Repository/TC11-TrialBalance/Report' is clicked on

2019-05-16 18:49:49 - [MESSAGE][PASSED] - Object: 'Object Repository/TC11-TrialBalance/Report' is clicked on

2019-05-16 18:49:49 - [TEST_STEP][PASSED] - delay(4, STOP_ON_FAILURE): Delayed 4 second(s)

2019-05-16 18:49:53 - [MESSAGE][PASSED] - Delayed 4 second(s)

2019-05-16 18:49:53 - [TEST_STEP][PASSED] - scrollToElement(findTestObject("TC11-TrialBalance/TrialBalance"), 4, STOP_ON_FAILURE): Scroll to object 'Object Repository/TC11-TrialBalance/TrialBalance' successfully

2019-05-16 18:49:53 - [MESSAGE][PASSED] - Scroll to object 'Object Repository/TC11-TrialBalance/TrialBalance' successfully

2019-05-16 18:49:53 - [TEST_STEP][PASSED] - waitForElementClickable(findTestObject("TC11-TrialBalance/TrialBalance"), 5, STOP_ON_FAILURE): Object 'Object Repository/TC11-TrialBalance/TrialBalance' is clickable

2019-05-16 18:49:53 - [MESSAGE][PASSED] - Object 'Object Repository/TC11-TrialBalance/TrialBalance' is clickable

2019-05-16 18:49:53 - [TEST_STEP][PASSED] - click(findTestObject("TC11-TrialBalance/TrialBalance"), STOP_ON_FAILURE): Object: 'Object Repository/TC11-TrialBalance/TrialBalance' is clicked on

2019-05-16 18:49:54 - [MESSAGE][PASSED] - Object: 'Object Repository/TC11-TrialBalance/TrialBalance' is clicked on

2019-05-16 18:49:54 - [TEST_STEP][PASSED] - waitForJQueryLoad(4, STOP_ON_FAILURE): jQuery is ready.

2019-05-16 18:49:55 - [MESSAGE][PASSED] - jQuery is ready.

2019-05-16 18:49:55 - [TEST_STEP][PASSED] - selectOptionByLabel(findTestObject("TC11-TrialBalance/SelectCurrency"), "USD", false, STOP_ON_FAILURE): All options with label 'USD' are selected in object 'Object Repository/TC11-TrialBalance/SelectCurrency' 

2019-05-16 18:49:55 - [MESSAGE][PASSED] - All options with label 'USD' are selected in object 'Object Repository/TC11-TrialBalance/SelectCurrency' 

2019-05-16 18:49:55 - [TEST_STEP][PASSED] - delay(4, STOP_ON_FAILURE): Delayed 4 second(s)

2019-05-16 18:49:59 - [MESSAGE][PASSED] - Delayed 4 second(s)

2019-05-16 18:49:59 - [TEST_STEP][PASSED] - click(findTestObject("TC11-TrialBalance/SelectEntity"), STOP_ON_FAILURE): Object: 'Object Repository/TC11-TrialBalance/SelectEntity' is clicked on

2019-05-16 18:49:59 - [MESSAGE][PASSED] - Object: 'Object Repository/TC11-TrialBalance/SelectEntity' is clicked on

2019-05-16 18:49:59 - [TEST_STEP][PASSED] - delay(4, STOP_ON_FAILURE): Delayed 4 second(s)

2019-05-16 18:50:03 - [MESSAGE][PASSED] - Delayed 4 second(s)

2019-05-16 18:50:03 - [TEST_STEP][PASSED] - setText(findTestObject("TC11-TrialBalance/TypeEntityName"), "NEW MGA", STOP_ON_FAILURE): Text 'NEW MGA' is set on object 'Object Repository/TC11-TrialBalance/TypeEntityName'

2019-05-16 18:50:03 - [MESSAGE][PASSED] - Text 'NEW MGA' is set on object 'Object Repository/TC11-TrialBalance/TypeEntityName'

2019-05-16 18:50:03 - [TEST_STEP][PASSED] - sendKeys(findTestObject("TC11-TrialBalance/TypeEntityName"), Keys.chord(ENTER), STOP_ON_FAILURE): Keys 'ENTER + ' sent to object: 'Object Repository/TC11-TrialBalance/TypeEntityName'

2019-05-16 18:50:03 - [MESSAGE][PASSED] - Keys 'ENTER + ' sent to object: 'Object Repository/TC11-TrialBalance/TypeEntityName'

2019-05-16 18:50:03 - [TEST_STEP][PASSED] - delay(5, STOP_ON_FAILURE): Delayed 5 second(s)

2019-05-16 18:50:08 - [MESSAGE][PASSED] - Delayed 5 second(s)

2019-05-16 18:50:08 - [TEST_STEP][PASSED] - click(findTestObject("TC11-TrialBalance/MGACreditor"), STOP_ON_FAILURE): Object: 'Object Repository/TC11-TrialBalance/MGACreditor' is clicked on

2019-05-16 18:50:09 - [MESSAGE][PASSED] - Object: 'Object Repository/TC11-TrialBalance/MGACreditor' is clicked on

2019-05-16 18:50:09 - [TEST_STEP][PASSED] - delay(4, STOP_ON_FAILURE): Delayed 4 second(s)

2019-05-16 18:50:13 - [MESSAGE][PASSED] - Delayed 4 second(s)

2019-05-16 18:50:13 - [TEST_STEP][PASSED] - setText(findTestObject("TC11-TrialBalance/SearchPolicy"), PolicyNo_TrialBalance, STOP_ON_FAILURE): Text 'DASD/POLICY/003225' is set on object 'Object Repository/TC11-TrialBalance/SearchPolicy'

2019-05-16 18:50:13 - [MESSAGE][PASSED] - Text 'DASD/POLICY/003225' is set on object 'Object Repository/TC11-TrialBalance/SearchPolicy'

2019-05-16 18:50:13 - [TEST_STEP][PASSED] - sendKeys(findTestObject("TC11-TrialBalance/SearchPolicy"), Keys.chord(ENTER), STOP_ON_FAILURE): Keys 'ENTER + ' sent to object: 'Object Repository/TC11-TrialBalance/SearchPolicy'

2019-05-16 18:50:13 - [MESSAGE][PASSED] - Keys 'ENTER + ' sent to object: 'Object Repository/TC11-TrialBalance/SearchPolicy'

2019-05-16 18:50:13 - [TEST_STEP][PASSED] - delay(4, STOP_ON_FAILURE): Delayed 4 second(s)

2019-05-16 18:50:17 - [MESSAGE][PASSED] - Delayed 4 second(s)

2019-05-16 18:50:17 - [TEST_STEP][PASSED] - MGA_Comm_Value = getText(findTestObject("TC11-TrialBalance/MGAValueCapture"), STOP_ON_FAILURE): Text of object 'Object Repository/TC11-TrialBalance/MGAValueCapture' is: '291.00'

2019-05-16 18:50:17 - [MESSAGE][PASSED] - Text of object 'Object Repository/TC11-TrialBalance/MGAValueCapture' is: '291.00'

2019-05-16 18:50:17 - [TEST_STEP][NOT_RUN] - com.excel.helper.ExcelHelper.updateTheExcel("Data Files/TestData/Comission.xlsx", "MGATrialBalance", MGA_Comm_Value): NOT_RUN: com.excel.helper.ExcelHelper.updateTheExcel("Data Files/TestData/Comission.xlsx", "MGATrialBalance", MGA_Comm_Value)

2019-05-16 18:50:17 - [MESSAGE][NOT_RUN] - NOT_RUN: com.excel.helper.ExcelHelper.updateTheExcel("Data Files/TestData/Comission.xlsx", "MGATrialBalance", MGA_Comm_Value)

2019-05-16 18:50:17 - [TEST_STEP][PASSED] - actualData = com.excel.helper.ExcelHelper.columnDataByPolNum("Data Files/PolicyData.xlsx", "Commission", "MGA_Comission", PolicyNo_TrialBalance): com.excel.helper.ExcelHelper.columnDataByPolNum is PASSED

2019-05-16 18:50:17 - [MESSAGE][PASSED] - com.excel.helper.ExcelHelper.columnDataByPolNum is PASSED

2019-05-16 18:50:17 - [TEST_STEP][PASSED] - delay(3, STOP_ON_FAILURE): Delayed 3 second(s)

2019-05-16 18:50:20 - [MESSAGE][PASSED] - Delayed 3 second(s)

2019-05-16 18:50:20 - [TEST_STEP][PASSED] - verifyEqual(actualData, MGA_Comm_Value): Actual object '291.00' and expected object '291.00' are equal

2019-05-16 18:50:20 - [MESSAGE][PASSED] - Actual object '291.00' and expected object '291.00' are equal

2019-05-16 18:50:20 - [TEST_STEP][PASSED] - waitForElementClickable(findTestObject("TC04-AccountMatching-MGA/CloseButton"), 5, STOP_ON_FAILURE): Object 'Object Repository/TC04-AccountMatching-MGA/CloseButton' is clickable

2019-05-16 18:50:20 - [MESSAGE][PASSED] - Object 'Object Repository/TC04-AccountMatching-MGA/CloseButton' is clickable

2019-05-16 18:50:20 - [TEST_STEP][PASSED] - click(findTestObject("TC04-AccountMatching-MGA/CloseButton"), STOP_ON_FAILURE): Object: 'Object Repository/TC04-AccountMatching-MGA/CloseButton' is clicked on

2019-05-16 18:50:20 - [MESSAGE][PASSED] - Object: 'Object Repository/TC04-AccountMatching-MGA/CloseButton' is clicked on

2019-05-16 18:50:20 - [TEST_STEP][PASSED] - scrollToElement(findTestObject("TC11-TrialBalance/HomeLink"), 4, STOP_ON_FAILURE): Scroll to object 'Object Repository/TC11-TrialBalance/HomeLink' successfully

2019-05-16 18:50:20 - [MESSAGE][PASSED] - Scroll to object 'Object Repository/TC11-TrialBalance/HomeLink' successfully

2019-05-16 18:50:20 - [TEST_STEP][PASSED] - click(findTestObject("TC11-TrialBalance/HomeLink"), STOP_ON_FAILURE): Object: 'Object Repository/TC11-TrialBalance/HomeLink' is clicked on

2019-05-16 18:50:22 - [MESSAGE][PASSED] - Object: 'Object Repository/TC11-TrialBalance/HomeLink' is clicked on

2019-05-16 18:50:22 - [TEST_STEP][NOT_RUN] - scrollToElement(findTestObject("TC11-TrialBalance/Report"), 4, STOP_ON_FAILURE): NOT_RUN: scrollToElement(findTestObject("TC11-TrialBalance/Report"), 4, STOP_ON_FAILURE)

2019-05-16 18:50:22 - [MESSAGE][NOT_RUN] - NOT_RUN: scrollToElement(findTestObject("TC11-TrialBalance/Report"), 4, STOP_ON_FAILURE)

2019-05-16 18:50:22 - [TEST_STEP][NOT_RUN] - click(findTestObject("TC11-TrialBalance/Report"), STOP_ON_FAILURE): NOT_RUN: click(findTestObject("TC11-TrialBalance/Report"), STOP_ON_FAILURE)

2019-05-16 18:50:22 - [MESSAGE][NOT_RUN] - NOT_RUN: click(findTestObject("TC11-TrialBalance/Report"), STOP_ON_FAILURE)]]></system-out>
         <system-err><![CDATA[]]></system-err>
      </testcase>
      <testcase name="Test Cases/TC11-TrialBalance-MGA" classname="Test Cases/TC11-TrialBalance-MGA" status="PASSED">
         <system-out><![CDATA[2019-05-16 18:50:22 - [TEST_CASE][PASSED] - Test Cases/TC11-TrialBalance-MGA: Test Cases/TC11-TrialBalance-MGA

2019-05-16 18:50:22 - [TEST_STEP][PASSED] - waitForJQueryLoad(5, STOP_ON_FAILURE): jQuery is ready.

2019-05-16 18:50:22 - [MESSAGE][PASSED] - jQuery is ready.

2019-05-16 18:50:22 - [TEST_STEP][PASSED] - scrollToElement(findTestObject("TC11-TrialBalance/Report"), 4, STOP_ON_FAILURE): Scroll to object 'Object Repository/TC11-TrialBalance/Report' successfully

2019-05-16 18:50:22 - [MESSAGE][PASSED] - Scroll to object 'Object Repository/TC11-TrialBalance/Report' successfully

2019-05-16 18:50:22 - [TEST_STEP][PASSED] - click(findTestObject("TC11-TrialBalance/Report"), STOP_ON_FAILURE): Object: 'Object Repository/TC11-TrialBalance/Report' is clicked on

2019-05-16 18:50:23 - [MESSAGE][PASSED] - Object: 'Object Repository/TC11-TrialBalance/Report' is clicked on

2019-05-16 18:50:23 - [TEST_STEP][PASSED] - delay(4, STOP_ON_FAILURE): Delayed 4 second(s)

2019-05-16 18:50:27 - [MESSAGE][PASSED] - Delayed 4 second(s)

2019-05-16 18:50:27 - [TEST_STEP][PASSED] - scrollToElement(findTestObject("TC11-TrialBalance/TrialBalance"), 4, STOP_ON_FAILURE): Scroll to object 'Object Repository/TC11-TrialBalance/TrialBalance' successfully

2019-05-16 18:50:27 - [MESSAGE][PASSED] - Scroll to object 'Object Repository/TC11-TrialBalance/TrialBalance' successfully

2019-05-16 18:50:27 - [TEST_STEP][PASSED] - waitForElementClickable(findTestObject("TC11-TrialBalance/TrialBalance"), 5, STOP_ON_FAILURE): Object 'Object Repository/TC11-TrialBalance/TrialBalance' is clickable

2019-05-16 18:50:27 - [MESSAGE][PASSED] - Object 'Object Repository/TC11-TrialBalance/TrialBalance' is clickable

2019-05-16 18:50:27 - [TEST_STEP][PASSED] - click(findTestObject("TC11-TrialBalance/TrialBalance"), STOP_ON_FAILURE): Object: 'Object Repository/TC11-TrialBalance/TrialBalance' is clicked on

2019-05-16 18:50:28 - [MESSAGE][PASSED] - Object: 'Object Repository/TC11-TrialBalance/TrialBalance' is clicked on

2019-05-16 18:50:28 - [TEST_STEP][PASSED] - waitForJQueryLoad(4, STOP_ON_FAILURE): jQuery is ready.

2019-05-16 18:50:29 - [MESSAGE][PASSED] - jQuery is ready.

2019-05-16 18:50:29 - [TEST_STEP][PASSED] - selectOptionByLabel(findTestObject("TC11-TrialBalance/SelectCurrency"), "USD", false, STOP_ON_FAILURE): All options with label 'USD' are selected in object 'Object Repository/TC11-TrialBalance/SelectCurrency' 

2019-05-16 18:50:29 - [MESSAGE][PASSED] - All options with label 'USD' are selected in object 'Object Repository/TC11-TrialBalance/SelectCurrency' 

2019-05-16 18:50:29 - [TEST_STEP][PASSED] - delay(4, STOP_ON_FAILURE): Delayed 4 second(s)

2019-05-16 18:50:33 - [MESSAGE][PASSED] - Delayed 4 second(s)

2019-05-16 18:50:33 - [TEST_STEP][PASSED] - click(findTestObject("TC11-TrialBalance/SelectEntity"), STOP_ON_FAILURE): Object: 'Object Repository/TC11-TrialBalance/SelectEntity' is clicked on

2019-05-16 18:50:33 - [MESSAGE][PASSED] - Object: 'Object Repository/TC11-TrialBalance/SelectEntity' is clicked on

2019-05-16 18:50:33 - [TEST_STEP][PASSED] - delay(4, STOP_ON_FAILURE): Delayed 4 second(s)

2019-05-16 18:50:37 - [MESSAGE][PASSED] - Delayed 4 second(s)

2019-05-16 18:50:37 - [TEST_STEP][PASSED] - setText(findTestObject("TC11-TrialBalance/TypeEntityName"), "NEW MGA", STOP_ON_FAILURE): Text 'NEW MGA' is set on object 'Object Repository/TC11-TrialBalance/TypeEntityName'

2019-05-16 18:50:37 - [MESSAGE][PASSED] - Text 'NEW MGA' is set on object 'Object Repository/TC11-TrialBalance/TypeEntityName'

2019-05-16 18:50:37 - [TEST_STEP][PASSED] - sendKeys(findTestObject("TC11-TrialBalance/TypeEntityName"), Keys.chord(ENTER), STOP_ON_FAILURE): Keys 'ENTER + ' sent to object: 'Object Repository/TC11-TrialBalance/TypeEntityName'

2019-05-16 18:50:37 - [MESSAGE][PASSED] - Keys 'ENTER + ' sent to object: 'Object Repository/TC11-TrialBalance/TypeEntityName'

2019-05-16 18:50:37 - [TEST_STEP][PASSED] - delay(5, STOP_ON_FAILURE): Delayed 5 second(s)

2019-05-16 18:50:42 - [MESSAGE][PASSED] - Delayed 5 second(s)

2019-05-16 18:50:42 - [TEST_STEP][PASSED] - click(findTestObject("TC11-TrialBalance/MGACreditor"), STOP_ON_FAILURE): Object: 'Object Repository/TC11-TrialBalance/MGACreditor' is clicked on

2019-05-16 18:50:43 - [MESSAGE][PASSED] - Object: 'Object Repository/TC11-TrialBalance/MGACreditor' is clicked on

2019-05-16 18:50:43 - [TEST_STEP][PASSED] - delay(4, STOP_ON_FAILURE): Delayed 4 second(s)

2019-05-16 18:50:47 - [MESSAGE][PASSED] - Delayed 4 second(s)

2019-05-16 18:50:47 - [TEST_STEP][PASSED] - setText(findTestObject("TC11-TrialBalance/SearchPolicy"), PolicyNo_TrialBalance, STOP_ON_FAILURE): Text 'DASD/POLICY/003227' is set on object 'Object Repository/TC11-TrialBalance/SearchPolicy'

2019-05-16 18:50:47 - [MESSAGE][PASSED] - Text 'DASD/POLICY/003227' is set on object 'Object Repository/TC11-TrialBalance/SearchPolicy'

2019-05-16 18:50:47 - [TEST_STEP][PASSED] - sendKeys(findTestObject("TC11-TrialBalance/SearchPolicy"), Keys.chord(ENTER), STOP_ON_FAILURE): Keys 'ENTER + ' sent to object: 'Object Repository/TC11-TrialBalance/SearchPolicy'

2019-05-16 18:50:47 - [MESSAGE][PASSED] - Keys 'ENTER + ' sent to object: 'Object Repository/TC11-TrialBalance/SearchPolicy'

2019-05-16 18:50:47 - [TEST_STEP][PASSED] - delay(4, STOP_ON_FAILURE): Delayed 4 second(s)

2019-05-16 18:50:51 - [MESSAGE][PASSED] - Delayed 4 second(s)

2019-05-16 18:50:51 - [TEST_STEP][PASSED] - MGA_Comm_Value = getText(findTestObject("TC11-TrialBalance/MGAValueCapture"), STOP_ON_FAILURE): Text of object 'Object Repository/TC11-TrialBalance/MGAValueCapture' is: '145.50'

2019-05-16 18:50:51 - [MESSAGE][PASSED] - Text of object 'Object Repository/TC11-TrialBalance/MGAValueCapture' is: '145.50'

2019-05-16 18:50:51 - [TEST_STEP][NOT_RUN] - com.excel.helper.ExcelHelper.updateTheExcel("Data Files/TestData/Comission.xlsx", "MGATrialBalance", MGA_Comm_Value): NOT_RUN: com.excel.helper.ExcelHelper.updateTheExcel("Data Files/TestData/Comission.xlsx", "MGATrialBalance", MGA_Comm_Value)

2019-05-16 18:50:51 - [MESSAGE][NOT_RUN] - NOT_RUN: com.excel.helper.ExcelHelper.updateTheExcel("Data Files/TestData/Comission.xlsx", "MGATrialBalance", MGA_Comm_Value)

2019-05-16 18:50:51 - [TEST_STEP][PASSED] - actualData = com.excel.helper.ExcelHelper.columnDataByPolNum("Data Files/PolicyData.xlsx", "Commission", "MGA_Comission", PolicyNo_TrialBalance): com.excel.helper.ExcelHelper.columnDataByPolNum is PASSED

2019-05-16 18:50:51 - [MESSAGE][PASSED] - com.excel.helper.ExcelHelper.columnDataByPolNum is PASSED

2019-05-16 18:50:51 - [TEST_STEP][PASSED] - delay(3, STOP_ON_FAILURE): Delayed 3 second(s)

2019-05-16 18:50:54 - [MESSAGE][PASSED] - Delayed 3 second(s)

2019-05-16 18:50:54 - [TEST_STEP][PASSED] - verifyEqual(actualData, MGA_Comm_Value): Actual object '145.50' and expected object '145.50' are equal

2019-05-16 18:50:54 - [MESSAGE][PASSED] - Actual object '145.50' and expected object '145.50' are equal

2019-05-16 18:50:54 - [TEST_STEP][PASSED] - waitForElementClickable(findTestObject("TC04-AccountMatching-MGA/CloseButton"), 5, STOP_ON_FAILURE): Object 'Object Repository/TC04-AccountMatching-MGA/CloseButton' is clickable

2019-05-16 18:50:54 - [MESSAGE][PASSED] - Object 'Object Repository/TC04-AccountMatching-MGA/CloseButton' is clickable

2019-05-16 18:50:54 - [TEST_STEP][PASSED] - click(findTestObject("TC04-AccountMatching-MGA/CloseButton"), STOP_ON_FAILURE): Object: 'Object Repository/TC04-AccountMatching-MGA/CloseButton' is clicked on

2019-05-16 18:50:54 - [MESSAGE][PASSED] - Object: 'Object Repository/TC04-AccountMatching-MGA/CloseButton' is clicked on

2019-05-16 18:50:54 - [TEST_STEP][PASSED] - scrollToElement(findTestObject("TC11-TrialBalance/HomeLink"), 4, STOP_ON_FAILURE): Scroll to object 'Object Repository/TC11-TrialBalance/HomeLink' successfully

2019-05-16 18:50:54 - [MESSAGE][PASSED] - Scroll to object 'Object Repository/TC11-TrialBalance/HomeLink' successfully

2019-05-16 18:50:54 - [TEST_STEP][PASSED] - click(findTestObject("TC11-TrialBalance/HomeLink"), STOP_ON_FAILURE): Object: 'Object Repository/TC11-TrialBalance/HomeLink' is clicked on

2019-05-16 18:50:56 - [MESSAGE][PASSED] - Object: 'Object Repository/TC11-TrialBalance/HomeLink' is clicked on

2019-05-16 18:50:56 - [TEST_STEP][NOT_RUN] - scrollToElement(findTestObject("TC11-TrialBalance/Report"), 4, STOP_ON_FAILURE): NOT_RUN: scrollToElement(findTestObject("TC11-TrialBalance/Report"), 4, STOP_ON_FAILURE)

2019-05-16 18:50:56 - [MESSAGE][NOT_RUN] - NOT_RUN: scrollToElement(findTestObject("TC11-TrialBalance/Report"), 4, STOP_ON_FAILURE)

2019-05-16 18:50:56 - [TEST_STEP][NOT_RUN] - click(findTestObject("TC11-TrialBalance/Report"), STOP_ON_FAILURE): NOT_RUN: click(findTestObject("TC11-TrialBalance/Report"), STOP_ON_FAILURE)

2019-05-16 18:50:56 - [MESSAGE][NOT_RUN] - NOT_RUN: click(findTestObject("TC11-TrialBalance/Report"), STOP_ON_FAILURE)]]></system-out>
         <system-err><![CDATA[]]></system-err>
      </testcase>
      <testcase name="Test Cases/TC11-TrialBalance-MGA" classname="Test Cases/TC11-TrialBalance-MGA" status="PASSED">
         <system-out><![CDATA[2019-05-16 18:50:56 - [TEST_CASE][PASSED] - Test Cases/TC11-TrialBalance-MGA: Test Cases/TC11-TrialBalance-MGA

2019-05-16 18:50:56 - [TEST_STEP][PASSED] - waitForJQueryLoad(5, STOP_ON_FAILURE): jQuery is ready.

2019-05-16 18:50:56 - [MESSAGE][PASSED] - jQuery is ready.

2019-05-16 18:50:56 - [TEST_STEP][PASSED] - scrollToElement(findTestObject("TC11-TrialBalance/Report"), 4, STOP_ON_FAILURE): Scroll to object 'Object Repository/TC11-TrialBalance/Report' successfully

2019-05-16 18:50:57 - [MESSAGE][PASSED] - Scroll to object 'Object Repository/TC11-TrialBalance/Report' successfully

2019-05-16 18:50:57 - [TEST_STEP][PASSED] - click(findTestObject("TC11-TrialBalance/Report"), STOP_ON_FAILURE): Object: 'Object Repository/TC11-TrialBalance/Report' is clicked on

2019-05-16 18:50:57 - [MESSAGE][PASSED] - Object: 'Object Repository/TC11-TrialBalance/Report' is clicked on

2019-05-16 18:50:57 - [TEST_STEP][PASSED] - delay(4, STOP_ON_FAILURE): Delayed 4 second(s)

2019-05-16 18:51:01 - [MESSAGE][PASSED] - Delayed 4 second(s)

2019-05-16 18:51:01 - [TEST_STEP][PASSED] - scrollToElement(findTestObject("TC11-TrialBalance/TrialBalance"), 4, STOP_ON_FAILURE): Scroll to object 'Object Repository/TC11-TrialBalance/TrialBalance' successfully

2019-05-16 18:51:01 - [MESSAGE][PASSED] - Scroll to object 'Object Repository/TC11-TrialBalance/TrialBalance' successfully

2019-05-16 18:51:01 - [TEST_STEP][PASSED] - waitForElementClickable(findTestObject("TC11-TrialBalance/TrialBalance"), 5, STOP_ON_FAILURE): Object 'Object Repository/TC11-TrialBalance/TrialBalance' is clickable

2019-05-16 18:51:01 - [MESSAGE][PASSED] - Object 'Object Repository/TC11-TrialBalance/TrialBalance' is clickable

2019-05-16 18:51:01 - [TEST_STEP][PASSED] - click(findTestObject("TC11-TrialBalance/TrialBalance"), STOP_ON_FAILURE): Object: 'Object Repository/TC11-TrialBalance/TrialBalance' is clicked on

2019-05-16 18:51:02 - [MESSAGE][PASSED] - Object: 'Object Repository/TC11-TrialBalance/TrialBalance' is clicked on

2019-05-16 18:51:02 - [TEST_STEP][PASSED] - waitForJQueryLoad(4, STOP_ON_FAILURE): jQuery is ready.

2019-05-16 18:51:03 - [MESSAGE][PASSED] - jQuery is ready.

2019-05-16 18:51:03 - [TEST_STEP][PASSED] - selectOptionByLabel(findTestObject("TC11-TrialBalance/SelectCurrency"), "USD", false, STOP_ON_FAILURE): All options with label 'USD' are selected in object 'Object Repository/TC11-TrialBalance/SelectCurrency' 

2019-05-16 18:51:03 - [MESSAGE][PASSED] - All options with label 'USD' are selected in object 'Object Repository/TC11-TrialBalance/SelectCurrency' 

2019-05-16 18:51:03 - [TEST_STEP][PASSED] - delay(4, STOP_ON_FAILURE): Delayed 4 second(s)

2019-05-16 18:51:07 - [MESSAGE][PASSED] - Delayed 4 second(s)

2019-05-16 18:51:07 - [TEST_STEP][PASSED] - click(findTestObject("TC11-TrialBalance/SelectEntity"), STOP_ON_FAILURE): Object: 'Object Repository/TC11-TrialBalance/SelectEntity' is clicked on

2019-05-16 18:51:07 - [MESSAGE][PASSED] - Object: 'Object Repository/TC11-TrialBalance/SelectEntity' is clicked on

2019-05-16 18:51:07 - [TEST_STEP][PASSED] - delay(4, STOP_ON_FAILURE): Delayed 4 second(s)

2019-05-16 18:51:11 - [MESSAGE][PASSED] - Delayed 4 second(s)

2019-05-16 18:51:11 - [TEST_STEP][PASSED] - setText(findTestObject("TC11-TrialBalance/TypeEntityName"), "NEW MGA", STOP_ON_FAILURE): Text 'NEW MGA' is set on object 'Object Repository/TC11-TrialBalance/TypeEntityName'

2019-05-16 18:51:11 - [MESSAGE][PASSED] - Text 'NEW MGA' is set on object 'Object Repository/TC11-TrialBalance/TypeEntityName'

2019-05-16 18:51:11 - [TEST_STEP][PASSED] - sendKeys(findTestObject("TC11-TrialBalance/TypeEntityName"), Keys.chord(ENTER), STOP_ON_FAILURE): Keys 'ENTER + ' sent to object: 'Object Repository/TC11-TrialBalance/TypeEntityName'

2019-05-16 18:51:11 - [MESSAGE][PASSED] - Keys 'ENTER + ' sent to object: 'Object Repository/TC11-TrialBalance/TypeEntityName'

2019-05-16 18:51:11 - [TEST_STEP][PASSED] - delay(5, STOP_ON_FAILURE): Delayed 5 second(s)

2019-05-16 18:51:16 - [MESSAGE][PASSED] - Delayed 5 second(s)

2019-05-16 18:51:16 - [TEST_STEP][PASSED] - click(findTestObject("TC11-TrialBalance/MGACreditor"), STOP_ON_FAILURE): Object: 'Object Repository/TC11-TrialBalance/MGACreditor' is clicked on

2019-05-16 18:51:17 - [MESSAGE][PASSED] - Object: 'Object Repository/TC11-TrialBalance/MGACreditor' is clicked on

2019-05-16 18:51:17 - [TEST_STEP][PASSED] - delay(4, STOP_ON_FAILURE): Delayed 4 second(s)

2019-05-16 18:51:21 - [MESSAGE][PASSED] - Delayed 4 second(s)

2019-05-16 18:51:21 - [TEST_STEP][PASSED] - setText(findTestObject("TC11-TrialBalance/SearchPolicy"), PolicyNo_TrialBalance, STOP_ON_FAILURE): Text 'DASD/POLICY/003229' is set on object 'Object Repository/TC11-TrialBalance/SearchPolicy'

2019-05-16 18:51:21 - [MESSAGE][PASSED] - Text 'DASD/POLICY/003229' is set on object 'Object Repository/TC11-TrialBalance/SearchPolicy'

2019-05-16 18:51:21 - [TEST_STEP][PASSED] - sendKeys(findTestObject("TC11-TrialBalance/SearchPolicy"), Keys.chord(ENTER), STOP_ON_FAILURE): Keys 'ENTER + ' sent to object: 'Object Repository/TC11-TrialBalance/SearchPolicy'

2019-05-16 18:51:21 - [MESSAGE][PASSED] - Keys 'ENTER + ' sent to object: 'Object Repository/TC11-TrialBalance/SearchPolicy'

2019-05-16 18:51:21 - [TEST_STEP][PASSED] - delay(4, STOP_ON_FAILURE): Delayed 4 second(s)

2019-05-16 18:51:25 - [MESSAGE][PASSED] - Delayed 4 second(s)

2019-05-16 18:51:25 - [TEST_STEP][PASSED] - MGA_Comm_Value = getText(findTestObject("TC11-TrialBalance/MGAValueCapture"), STOP_ON_FAILURE): Text of object 'Object Repository/TC11-TrialBalance/MGAValueCapture' is: '291.00'

2019-05-16 18:51:25 - [MESSAGE][PASSED] - Text of object 'Object Repository/TC11-TrialBalance/MGAValueCapture' is: '291.00'

2019-05-16 18:51:25 - [TEST_STEP][NOT_RUN] - com.excel.helper.ExcelHelper.updateTheExcel("Data Files/TestData/Comission.xlsx", "MGATrialBalance", MGA_Comm_Value): NOT_RUN: com.excel.helper.ExcelHelper.updateTheExcel("Data Files/TestData/Comission.xlsx", "MGATrialBalance", MGA_Comm_Value)

2019-05-16 18:51:25 - [MESSAGE][NOT_RUN] - NOT_RUN: com.excel.helper.ExcelHelper.updateTheExcel("Data Files/TestData/Comission.xlsx", "MGATrialBalance", MGA_Comm_Value)

2019-05-16 18:51:25 - [TEST_STEP][PASSED] - actualData = com.excel.helper.ExcelHelper.columnDataByPolNum("Data Files/PolicyData.xlsx", "Commission", "MGA_Comission", PolicyNo_TrialBalance): com.excel.helper.ExcelHelper.columnDataByPolNum is PASSED

2019-05-16 18:51:25 - [MESSAGE][PASSED] - com.excel.helper.ExcelHelper.columnDataByPolNum is PASSED

2019-05-16 18:51:25 - [TEST_STEP][PASSED] - delay(3, STOP_ON_FAILURE): Delayed 3 second(s)

2019-05-16 18:51:28 - [MESSAGE][PASSED] - Delayed 3 second(s)

2019-05-16 18:51:28 - [TEST_STEP][PASSED] - verifyEqual(actualData, MGA_Comm_Value): Actual object '291.00' and expected object '291.00' are equal

2019-05-16 18:51:28 - [MESSAGE][PASSED] - Actual object '291.00' and expected object '291.00' are equal

2019-05-16 18:51:28 - [TEST_STEP][PASSED] - waitForElementClickable(findTestObject("TC04-AccountMatching-MGA/CloseButton"), 5, STOP_ON_FAILURE): Object 'Object Repository/TC04-AccountMatching-MGA/CloseButton' is clickable

2019-05-16 18:51:28 - [MESSAGE][PASSED] - Object 'Object Repository/TC04-AccountMatching-MGA/CloseButton' is clickable

2019-05-16 18:51:28 - [TEST_STEP][PASSED] - click(findTestObject("TC04-AccountMatching-MGA/CloseButton"), STOP_ON_FAILURE): Object: 'Object Repository/TC04-AccountMatching-MGA/CloseButton' is clicked on

2019-05-16 18:51:28 - [MESSAGE][PASSED] - Object: 'Object Repository/TC04-AccountMatching-MGA/CloseButton' is clicked on

2019-05-16 18:51:28 - [TEST_STEP][PASSED] - scrollToElement(findTestObject("TC11-TrialBalance/HomeLink"), 4, STOP_ON_FAILURE): Scroll to object 'Object Repository/TC11-TrialBalance/HomeLink' successfully

2019-05-16 18:51:28 - [MESSAGE][PASSED] - Scroll to object 'Object Repository/TC11-TrialBalance/HomeLink' successfully

2019-05-16 18:51:28 - [TEST_STEP][PASSED] - click(findTestObject("TC11-TrialBalance/HomeLink"), STOP_ON_FAILURE): Object: 'Object Repository/TC11-TrialBalance/HomeLink' is clicked on

2019-05-16 18:51:30 - [MESSAGE][PASSED] - Object: 'Object Repository/TC11-TrialBalance/HomeLink' is clicked on

2019-05-16 18:51:30 - [TEST_STEP][NOT_RUN] - scrollToElement(findTestObject("TC11-TrialBalance/Report"), 4, STOP_ON_FAILURE): NOT_RUN: scrollToElement(findTestObject("TC11-TrialBalance/Report"), 4, STOP_ON_FAILURE)

2019-05-16 18:51:30 - [MESSAGE][NOT_RUN] - NOT_RUN: scrollToElement(findTestObject("TC11-TrialBalance/Report"), 4, STOP_ON_FAILURE)

2019-05-16 18:51:30 - [TEST_STEP][NOT_RUN] - click(findTestObject("TC11-TrialBalance/Report"), STOP_ON_FAILURE): NOT_RUN: click(findTestObject("TC11-TrialBalance/Report"), STOP_ON_FAILURE)

2019-05-16 18:51:30 - [MESSAGE][NOT_RUN] - NOT_RUN: click(findTestObject("TC11-TrialBalance/Report"), STOP_ON_FAILURE)]]></system-out>
         <system-err><![CDATA[]]></system-err>
      </testcase>
      <system-out><![CDATA[2019-05-16 18:48:53 - [TEST_SUITE][PASSED] - TrialBalance: Test Cases/TC11-TrialBalance-MGA]]></system-out>
      <system-err><![CDATA[]]></system-err>
   </testsuite>
</testsuites>
