<?xml version="1.0" encoding="UTF-8"?>
<testsuites name="PolicyCreation" time="67" tests="2" failures="0" errors="0">
   <testsuite name="PolicyCreation" tests="2" failures="0" errors="0" time="67" timestamp="2019-04-30 13:06:56" hostname="dipak - DIPAKDAS-PC.indusnettechnologies.com" id="Test Suites/PolicyCreation">
      <properties>
         <property name="deviceName" value=""/>
         <property name="devicePlatform" value=""/>
         <property name="logFolder" value="E:\\MarkitCore\\CoreApplication\\Reports\\PolicyCreation\\20190430_130654"/>
         <property name="logFiles" value="E:\\MarkitCore\\CoreApplication\\Reports\\PolicyCreation\\20190430_130654\\execution0.log"/>
         <property name="attachments" value=""/>
         <property name="hostName" value="dipak - DIPAKDAS-PC.indusnettechnologies.com"/>
         <property name="os" value="Windows 7 32bit"/>
         <property name="katalonVersion" value="6.0.5.4"/>
         <property name="browser" value="Chrome 74.0.3729.108"/>
         <property name="hostAddress" value="10.0.12.237"/>
         <property name="sessionId" value="d5b5a9120c6002f97716b709fa985ba6"/>
         <property name="seleniumVersion" value="3.7.1"/>
         <property name="proxyInformation" value="ProxyInformation{proxyOption=NO_PROXY, proxyServerType=HTTP, password=, proxyServerAddress=, proxyServerPort=0}"/>
         <property name="platform" value="Windows 7"/>
      </properties>
      <testcase name="Test Cases/TC01-LoginApplication" classname="Test Cases/TC01-LoginApplication" status="PASSED">
         <system-out><![CDATA[2019-04-30 13:07:05 - [TEST_CASE][PASSED] - Test Cases/TC01-LoginApplication: Test Cases/TC01-LoginApplication

2019-04-30 13:07:05 - [TEST_STEP][NOT_RUN] - openBrowser(""): NOT_RUN: openBrowser("")

2019-04-30 13:07:05 - [MESSAGE][NOT_RUN] - NOT_RUN: openBrowser("")

2019-04-30 13:07:05 - [TEST_STEP][NOT_RUN] - navigateToUrl("https://dev.offshoresoftwaresolutions.net/markit_coreV2/Sites/CoreTest/login/admin_display"): NOT_RUN: navigateToUrl("https://dev.offshoresoftwaresolutions.net/markit_coreV2/Sites/CoreTest/login/admin_display")

2019-04-30 13:07:05 - [MESSAGE][NOT_RUN] - NOT_RUN: navigateToUrl("https://dev.offshoresoftwaresolutions.net/markit_coreV2/Sites/CoreTest/login/admin_display")

2019-04-30 13:07:05 - [TEST_STEP][PASSED] - setText(findTestObject("Object Repository/TC-LoginApplication/Page_Markit core new  Login/input_Login to your account_username"), "dDasTester"): Text 'dDasTester' is set on object 'Object Repository/TC-LoginApplication/Page_Markit core new  Login/input_Login to your account_username'

2019-04-30 13:07:05 - [MESSAGE][PASSED] - Text 'dDasTester' is set on object 'Object Repository/TC-LoginApplication/Page_Markit core new  Login/input_Login to your account_username'

2019-04-30 13:07:05 - [TEST_STEP][PASSED] - setText(findTestObject("Object Repository/TC-LoginApplication/Page_Markit core new  Login/input_Login to your account_password"), "Czybm6R*"): Text 'Czybm6R*' is set on object 'Object Repository/TC-LoginApplication/Page_Markit core new  Login/input_Login to your account_password'

2019-04-30 13:07:05 - [MESSAGE][PASSED] - Text 'Czybm6R*' is set on object 'Object Repository/TC-LoginApplication/Page_Markit core new  Login/input_Login to your account_password'

2019-04-30 13:07:05 - [TEST_STEP][PASSED] - delay(4, STOP_ON_FAILURE): Delayed 4 second(s)

2019-04-30 13:07:09 - [MESSAGE][PASSED] - Delayed 4 second(s)

2019-04-30 13:07:09 - [TEST_STEP][NOT_RUN] - maximizeWindow(): NOT_RUN: maximizeWindow()

2019-04-30 13:07:09 - [MESSAGE][NOT_RUN] - NOT_RUN: maximizeWindow()

2019-04-30 13:07:09 - [TEST_STEP][PASSED] - click(findTestObject("Object Repository/TC-LoginApplication/Page_Markit core new  Login/button_Login")): Object: 'Object Repository/TC-LoginApplication/Page_Markit core new  Login/button_Login' is clicked on

2019-04-30 13:07:15 - [MESSAGE][PASSED] - Object: 'Object Repository/TC-LoginApplication/Page_Markit core new  Login/button_Login' is clicked on

2019-04-30 13:07:15 - [TEST_STEP][NOT_RUN] - log = new com.kms.katalon.core.logging.KeywordLogger(): NOT_RUN: log = new com.kms.katalon.core.logging.KeywordLogger()

2019-04-30 13:07:15 - [MESSAGE][NOT_RUN] - NOT_RUN: log = new com.kms.katalon.core.logging.KeywordLogger()

2019-04-30 13:07:15 - [TEST_STEP][NOT_RUN] - log.logInfo(“Dipak”): NOT_RUN: log.logInfo(“Dipak”)

2019-04-30 13:07:15 - [MESSAGE][NOT_RUN] - NOT_RUN: log.logInfo(“Dipak”)]]></system-out>
         <system-err><![CDATA[]]></system-err>
      </testcase>
      <testcase name="Test Cases/TC07-AccountMatching-Broker" classname="Test Cases/TC07-AccountMatching-Broker" status="PASSED">
         <system-out><![CDATA[2019-04-30 13:07:15 - [TEST_CASE][PASSED] - Test Cases/TC07-AccountMatching-Broker: Test Cases/TC07-AccountMatching-Broker

2019-04-30 13:07:16 - [TEST_STEP][PASSED] - log = new com.kms.katalon.core.logging.KeywordLogger(): null

2019-04-30 13:07:16 - [TEST_STEP][PASSED] - delay(3): Delayed 3 second(s)

2019-04-30 13:07:19 - [MESSAGE][PASSED] - Delayed 3 second(s)

2019-04-30 13:07:19 - [TEST_STEP][PASSED] - scrollToElement(findTestObject("TC04-AccountMatching-MGA/AccountManagement"), 5): Scroll to object 'Object Repository/TC04-AccountMatching-MGA/AccountManagement' successfully

2019-04-30 13:07:19 - [MESSAGE][PASSED] - Scroll to object 'Object Repository/TC04-AccountMatching-MGA/AccountManagement' successfully

2019-04-30 13:07:19 - [TEST_STEP][PASSED] - click(findTestObject("TC04-AccountMatching-MGA/AccountManagement")): Object: 'Object Repository/TC04-AccountMatching-MGA/AccountManagement' is clicked on

2019-04-30 13:07:19 - [MESSAGE][PASSED] - Object: 'Object Repository/TC04-AccountMatching-MGA/AccountManagement' is clicked on

2019-04-30 13:07:19 - [TEST_STEP][NOT_RUN] - delay(5): NOT_RUN: delay(5)

2019-04-30 13:07:19 - [MESSAGE][NOT_RUN] - NOT_RUN: delay(5)

2019-04-30 13:07:19 - [TEST_STEP][PASSED] - waitForElementVisible(findTestObject("TC04-AccountMatching-MGA/AccountMatchingLink"), 4): Object 'Object Repository/TC04-AccountMatching-MGA/AccountMatchingLink' is visible

2019-04-30 13:07:19 - [MESSAGE][PASSED] - Object 'Object Repository/TC04-AccountMatching-MGA/AccountMatchingLink' is visible

2019-04-30 13:07:19 - [TEST_STEP][PASSED] - click(findTestObject("TC04-AccountMatching-MGA/AccountMatchingLink")): Object: 'Object Repository/TC04-AccountMatching-MGA/AccountMatchingLink' is clicked on

2019-04-30 13:07:21 - [MESSAGE][PASSED] - Object: 'Object Repository/TC04-AccountMatching-MGA/AccountMatchingLink' is clicked on

2019-04-30 13:07:21 - [TEST_STEP][PASSED] - delay(5): Delayed 5 second(s)

2019-04-30 13:07:26 - [MESSAGE][PASSED] - Delayed 5 second(s)

2019-04-30 13:07:26 - [TEST_STEP][PASSED] - delay(5): Delayed 5 second(s)

2019-04-30 13:07:31 - [MESSAGE][PASSED] - Delayed 5 second(s)

2019-04-30 13:07:31 - [TEST_STEP][PASSED] - selectOptionByLabel(findTestObject("TC04-AccountMatching-MGA/EntityType"), "Broker", false): All options with label 'Broker' are selected in object 'Object Repository/TC04-AccountMatching-MGA/EntityType' 

2019-04-30 13:07:31 - [MESSAGE][PASSED] - All options with label 'Broker' are selected in object 'Object Repository/TC04-AccountMatching-MGA/EntityType' 

2019-04-30 13:07:31 - [TEST_STEP][PASSED] - delay(5): Delayed 5 second(s)

2019-04-30 13:07:36 - [MESSAGE][PASSED] - Delayed 5 second(s)

2019-04-30 13:07:36 - [TEST_STEP][PASSED] - selectOptionByLabel(findTestObject("TC04-AccountMatching-MGA/Entity"), "New Broker", false): All options with label 'New Broker' are selected in object 'Object Repository/TC04-AccountMatching-MGA/Entity' 

2019-04-30 13:07:36 - [MESSAGE][PASSED] - All options with label 'New Broker' are selected in object 'Object Repository/TC04-AccountMatching-MGA/Entity' 

2019-04-30 13:07:36 - [TEST_STEP][PASSED] - waitForElementClickable(findTestObject("TC04-AccountMatching-MGA/ClickGoButton"), 5): Object 'Object Repository/TC04-AccountMatching-MGA/ClickGoButton' is clickable

2019-04-30 13:07:36 - [MESSAGE][PASSED] - Object 'Object Repository/TC04-AccountMatching-MGA/ClickGoButton' is clickable

2019-04-30 13:07:36 - [TEST_STEP][PASSED] - click(findTestObject("TC04-AccountMatching-MGA/ClickGoButton")): Object: 'Object Repository/TC04-AccountMatching-MGA/ClickGoButton' is clicked on

2019-04-30 13:07:38 - [MESSAGE][PASSED] - Object: 'Object Repository/TC04-AccountMatching-MGA/ClickGoButton' is clicked on

2019-04-30 13:07:38 - [TEST_STEP][PASSED] - waitForJQueryLoad(5): jQuery is ready.

2019-04-30 13:07:39 - [MESSAGE][PASSED] - jQuery is ready.

2019-04-30 13:07:39 - [TEST_STEP][PASSED] - selectOptionByLabel(findTestObject("TC04-AccountMatching-MGA/SelectAccount"), "COMMSION ACCOUNT -- Allocated -- DEFAULT-300013-USD -- USD", false): All options with label 'COMMSION ACCOUNT -- Allocated -- DEFAULT-300013-USD -- USD' are selected in object 'Object Repository/TC04-AccountMatching-MGA/SelectAccount' 

2019-04-30 13:07:40 - [MESSAGE][PASSED] - All options with label 'COMMSION ACCOUNT -- Allocated -- DEFAULT-300013-USD -- USD' are selected in object 'Object Repository/TC04-AccountMatching-MGA/SelectAccount' 

2019-04-30 13:07:40 - [TEST_STEP][PASSED] - delay(5): Delayed 5 second(s)

2019-04-30 13:07:45 - [MESSAGE][PASSED] - Delayed 5 second(s)

2019-04-30 13:07:45 - [TEST_STEP][PASSED] - setText(findTestObject("TC04-AccountMatching-MGA/Acc_Matching_PolicyNo_TextBox"), MTA_Policy_No): Text '' is set on object 'Object Repository/TC04-AccountMatching-MGA/Acc_Matching_PolicyNo_TextBox'

2019-04-30 13:07:45 - [MESSAGE][PASSED] - Text '' is set on object 'Object Repository/TC04-AccountMatching-MGA/Acc_Matching_PolicyNo_TextBox'

2019-04-30 13:07:45 - [TEST_STEP][PASSED] - sendKeys(findTestObject("TC04-AccountMatching-MGA/Acc_Matching_PolicyNo_TextBox"), Keys.chord(ENTER)): Keys 'ENTER + ' sent to object: 'Object Repository/TC04-AccountMatching-MGA/Acc_Matching_PolicyNo_TextBox'

2019-04-30 13:07:45 - [MESSAGE][PASSED] - Keys 'ENTER + ' sent to object: 'Object Repository/TC04-AccountMatching-MGA/Acc_Matching_PolicyNo_TextBox'

2019-04-30 13:07:45 - [TEST_STEP][PASSED] - delay(4): Delayed 4 second(s)

2019-04-30 13:07:49 - [MESSAGE][PASSED] - Delayed 4 second(s)

2019-04-30 13:07:49 - [TEST_STEP][PASSED] - waitForElementClickable(findTestObject("TC04-AccountMatching-MGA/CheckBox"), 5): Object 'Object Repository/TC04-AccountMatching-MGA/CheckBox' is clickable

2019-04-30 13:07:49 - [MESSAGE][PASSED] - Object 'Object Repository/TC04-AccountMatching-MGA/CheckBox' is clickable

2019-04-30 13:07:49 - [TEST_STEP][PASSED] - click(findTestObject("TC04-AccountMatching-MGA/CheckBox")): Object: 'Object Repository/TC04-AccountMatching-MGA/CheckBox' is clicked on

2019-04-30 13:07:49 - [MESSAGE][PASSED] - Object: 'Object Repository/TC04-AccountMatching-MGA/CheckBox' is clicked on

2019-04-30 13:07:49 - [TEST_STEP][PASSED] - delay(4): Delayed 4 second(s)

2019-04-30 13:07:53 - [MESSAGE][PASSED] - Delayed 4 second(s)

2019-04-30 13:07:53 - [TEST_STEP][PASSED] - BROKER_Comission_Amount = getText(findTestObject("TC04-AccountMatching-MGA/MGA_Amount")): Text of object 'Object Repository/TC04-AccountMatching-MGA/MGA_Amount' is: 'USD 90.00'

2019-04-30 13:07:53 - [MESSAGE][PASSED] - Text of object 'Object Repository/TC04-AccountMatching-MGA/MGA_Amount' is: 'USD 90.00'

2019-04-30 13:07:53 - [TEST_STEP][NOT_RUN] - scrollToElement(findTestObject("TC04-AccountMatching-MGA/PAYFULL"), 5): NOT_RUN: scrollToElement(findTestObject("TC04-AccountMatching-MGA/PAYFULL"), 5)

2019-04-30 13:07:53 - [MESSAGE][NOT_RUN] - NOT_RUN: scrollToElement(findTestObject("TC04-AccountMatching-MGA/PAYFULL"), 5)

2019-04-30 13:07:53 - [TEST_STEP][NOT_RUN] - setText(findTestObject("TC04-AccountMatching-MGA/PAYFULL"), MGA_Comission_Amount): NOT_RUN: setText(findTestObject("TC04-AccountMatching-MGA/PAYFULL"), MGA_Comission_Amount)

2019-04-30 13:07:53 - [MESSAGE][NOT_RUN] - NOT_RUN: setText(findTestObject("TC04-AccountMatching-MGA/PAYFULL"), MGA_Comission_Amount)

2019-04-30 13:07:53 - [TEST_STEP][PASSED] - click(findTestObject("TC04-AccountMatching-MGA/PayFullClick")): Object: 'Object Repository/TC04-AccountMatching-MGA/PayFullClick' is clicked on

2019-04-30 13:07:53 - [MESSAGE][PASSED] - Object: 'Object Repository/TC04-AccountMatching-MGA/PayFullClick' is clicked on

2019-04-30 13:07:53 - [TEST_STEP][PASSED] - delay(4): Delayed 4 second(s)

2019-04-30 13:07:57 - [MESSAGE][PASSED] - Delayed 4 second(s)

2019-04-30 13:07:57 - [TEST_STEP][PASSED] - click(findTestObject("TC04-AccountMatching-MGA/MatchAmount")): Object: 'Object Repository/TC04-AccountMatching-MGA/MatchAmount' is clicked on

2019-04-30 13:07:57 - [MESSAGE][PASSED] - Object: 'Object Repository/TC04-AccountMatching-MGA/MatchAmount' is clicked on

2019-04-30 13:07:57 - [TEST_STEP][PASSED] - delay(5): Delayed 5 second(s)

2019-04-30 13:08:02 - [MESSAGE][PASSED] - Delayed 5 second(s)

2019-04-30 13:08:02 - [TEST_STEP][PASSED] - com.excel.helper.InsurerComission.updateTheExcel("E:\MarkitCore\CoreApplication\Data Files\TestData\Comission.xlsx", "Broker", BROKER_Comission_Amount): com.excel.helper.InsurerComission.updateTheExcel is PASSED

2019-04-30 13:08:03 - [MESSAGE][PASSED] - com.excel.helper.InsurerComission.updateTheExcel is PASSED

2019-04-30 13:08:03 - [TEST_STEP][PASSED] - log.logInfo(BROKER_Comission_Amount): USD 90.00

2019-04-30 13:08:03 - [MESSAGE][INFO] - USD 90.00]]></system-out>
         <system-err><![CDATA[]]></system-err>
      </testcase>
      <system-out><![CDATA[2019-04-30 13:06:56 - [TEST_SUITE][PASSED] - PolicyCreation: Test Cases/TC07-AccountMatching-Broker]]></system-out>
      <system-err><![CDATA[]]></system-err>
   </testsuite>
</testsuites>
