<?xml version="1.0" encoding="UTF-8"?>
<testsuites name="MTA Policy" time="186" tests="3" failures="0" errors="0">
   <testsuite name="MTA Policy" tests="3" failures="0" errors="0" time="186" timestamp="2019-04-17 17:16:29" hostname="dipak - DIPAKDAS-PC.indusnettechnologies.com" id="Test Suites/MTA Policy">
      <properties>
         <property name="deviceName" value=""/>
         <property name="devicePlatform" value=""/>
         <property name="logFolder" value="E:\\MarkitCore\\CoreApplication\\Reports\\MTA Policy\\20190417_170621"/>
         <property name="logFiles" value="E:\\MarkitCore\\CoreApplication\\Reports\\MTA Policy\\20190417_170621\\execution0.log"/>
         <property name="attachments" value=""/>
         <property name="hostName" value="dipak - DIPAKDAS-PC.indusnettechnologies.com"/>
         <property name="os" value="Windows 7 32bit"/>
         <property name="katalonVersion" value="6.0.5.4"/>
         <property name="browser" value="Chrome 73.0.3683.103"/>
         <property name="hostAddress" value="10.0.12.237"/>
         <property name="sessionId" value="88f8a8f026242ec37dd92ed3ff1845a3"/>
         <property name="seleniumVersion" value="3.7.1"/>
         <property name="proxyInformation" value="ProxyInformation{proxyOption=NO_PROXY, proxyServerType=HTTP, password=, proxyServerAddress=, proxyServerPort=0}"/>
         <property name="platform" value="Windows 7"/>
      </properties>
      <testcase name="Test Cases/TC01-LoginApplication" classname="Test Cases/TC01-LoginApplication" status="PASSED">
         <system-out><![CDATA[2019-04-17 17:16:36 - [TEST_CASE][PASSED] - Test Cases/TC01-LoginApplication: Test Cases/TC01-LoginApplication

2019-04-17 17:16:36 - [TEST_STEP][NOT_RUN] - openBrowser(""): NOT_RUN: openBrowser("")

2019-04-17 17:16:36 - [MESSAGE][NOT_RUN] - NOT_RUN: openBrowser("")

2019-04-17 17:16:36 - [TEST_STEP][NOT_RUN] - navigateToUrl("https://dev.offshoresoftwaresolutions.net/markit_coreV2/Sites/CoreTest/login/admin_display"): NOT_RUN: navigateToUrl("https://dev.offshoresoftwaresolutions.net/markit_coreV2/Sites/CoreTest/login/admin_display")

2019-04-17 17:16:36 - [MESSAGE][NOT_RUN] - NOT_RUN: navigateToUrl("https://dev.offshoresoftwaresolutions.net/markit_coreV2/Sites/CoreTest/login/admin_display")

2019-04-17 17:16:36 - [TEST_STEP][PASSED] - setText(findTestObject("Object Repository/TC-LoginApplication/Page_Markit core new  Login/input_Login to your account_username"), "dDasTester"): Text 'dDasTester' is set on object 'Object Repository/TC-LoginApplication/Page_Markit core new  Login/input_Login to your account_username'

2019-04-17 17:16:36 - [MESSAGE][PASSED] - Text 'dDasTester' is set on object 'Object Repository/TC-LoginApplication/Page_Markit core new  Login/input_Login to your account_username'

2019-04-17 17:16:36 - [TEST_STEP][PASSED] - setText(findTestObject("Object Repository/TC-LoginApplication/Page_Markit core new  Login/input_Login to your account_password"), "Czybm6R*"): Text 'Czybm6R*' is set on object 'Object Repository/TC-LoginApplication/Page_Markit core new  Login/input_Login to your account_password'

2019-04-17 17:16:36 - [MESSAGE][PASSED] - Text 'Czybm6R*' is set on object 'Object Repository/TC-LoginApplication/Page_Markit core new  Login/input_Login to your account_password'

2019-04-17 17:16:36 - [TEST_STEP][PASSED] - delay(4, STOP_ON_FAILURE): Delayed 4 second(s)

2019-04-17 17:16:40 - [MESSAGE][PASSED] - Delayed 4 second(s)

2019-04-17 17:16:40 - [TEST_STEP][NOT_RUN] - maximizeWindow(): NOT_RUN: maximizeWindow()

2019-04-17 17:16:40 - [MESSAGE][NOT_RUN] - NOT_RUN: maximizeWindow()

2019-04-17 17:16:40 - [TEST_STEP][PASSED] - click(findTestObject("Object Repository/TC-LoginApplication/Page_Markit core new  Login/button_Login")): Object: 'Object Repository/TC-LoginApplication/Page_Markit core new  Login/button_Login' is clicked on

2019-04-17 17:16:46 - [MESSAGE][PASSED] - Object: 'Object Repository/TC-LoginApplication/Page_Markit core new  Login/button_Login' is clicked on

2019-04-17 17:16:46 - [TEST_STEP][NOT_RUN] - log = new com.kms.katalon.core.logging.KeywordLogger(): NOT_RUN: log = new com.kms.katalon.core.logging.KeywordLogger()

2019-04-17 17:16:46 - [MESSAGE][NOT_RUN] - NOT_RUN: log = new com.kms.katalon.core.logging.KeywordLogger()

2019-04-17 17:16:46 - [TEST_STEP][NOT_RUN] - log.logInfo(“Dipak”): NOT_RUN: log.logInfo(“Dipak”)

2019-04-17 17:16:46 - [MESSAGE][NOT_RUN] - NOT_RUN: log.logInfo(“Dipak”)]]></system-out>
         <system-err><![CDATA[]]></system-err>
      </testcase>
      <testcase name="Test Cases/TC03-MTA" classname="Test Cases/TC03-MTA" status="PASSED">
         <system-out><![CDATA[2019-04-17 17:16:46 - [TEST_CASE][PASSED] - Test Cases/TC03-MTA: Test Cases/TC03-MTA

2019-04-17 17:16:46 - [TEST_STEP][PASSED] - log = new com.kms.katalon.core.logging.KeywordLogger(): null

2019-04-17 17:16:46 - [TEST_STEP][PASSED] - waitForJQueryLoad(5): jQuery is ready.

2019-04-17 17:16:47 - [MESSAGE][PASSED] - jQuery is ready.

2019-04-17 17:16:47 - [TEST_STEP][PASSED] - click(findTestObject("TC03-MTA/PolicyRecord")): Object: 'Object Repository/TC03-MTA/PolicyRecord' is clicked on

2019-04-17 17:16:49 - [MESSAGE][PASSED] - Object: 'Object Repository/TC03-MTA/PolicyRecord' is clicked on

2019-04-17 17:16:49 - [TEST_STEP][PASSED] - waitForJQueryLoad(5): jQuery is ready.

2019-04-17 17:16:50 - [MESSAGE][PASSED] - jQuery is ready.

2019-04-17 17:16:50 - [TEST_STEP][NOT_RUN] - setText(findTestObject("TC03-MTA/SearchFields"), PolicyNo_Global): NOT_RUN: setText(findTestObject("TC03-MTA/SearchFields"), PolicyNo_Global)

2019-04-17 17:16:50 - [MESSAGE][NOT_RUN] - NOT_RUN: setText(findTestObject("TC03-MTA/SearchFields"), PolicyNo_Global)

2019-04-17 17:16:50 - [TEST_STEP][PASSED] - setText(findTestObject("TC03-MTA/SearchFields"), MTA_PolicyNo): Text 'DASD/POLICY/002887' is set on object 'Object Repository/TC03-MTA/SearchFields'

2019-04-17 17:16:51 - [MESSAGE][PASSED] - Text 'DASD/POLICY/002887' is set on object 'Object Repository/TC03-MTA/SearchFields'

2019-04-17 17:16:51 - [TEST_STEP][PASSED] - delay(4, STOP_ON_FAILURE): Delayed 4 second(s)

2019-04-17 17:16:55 - [MESSAGE][PASSED] - Delayed 4 second(s)

2019-04-17 17:16:55 - [TEST_STEP][PASSED] - sendKeys(findTestObject("TC03-MTA/SearchFields"), Keys.chord(ENTER)): Keys 'ENTER + ' sent to object: 'Object Repository/TC03-MTA/SearchFields'

2019-04-17 17:16:55 - [MESSAGE][PASSED] - Keys 'ENTER + ' sent to object: 'Object Repository/TC03-MTA/SearchFields'

2019-04-17 17:16:55 - [TEST_STEP][PASSED] - delay(5): Delayed 5 second(s)

2019-04-17 17:17:00 - [MESSAGE][PASSED] - Delayed 5 second(s)

2019-04-17 17:17:00 - [TEST_STEP][PASSED] - click(findTestObject("TC03-MTA/ClickEdit")): Object: 'Object Repository/TC03-MTA/ClickEdit' is clicked on

2019-04-17 17:17:02 - [MESSAGE][PASSED] - Object: 'Object Repository/TC03-MTA/ClickEdit' is clicked on

2019-04-17 17:17:02 - [TEST_STEP][PASSED] - delay(2): Delayed 2 second(s)

2019-04-17 17:17:04 - [MESSAGE][PASSED] - Delayed 2 second(s)

2019-04-17 17:17:04 - [TEST_STEP][PASSED] - click(findTestObject("TC03-MTA/MTA TAB")): Object: 'Object Repository/TC03-MTA/MTA TAB' is clicked on

2019-04-17 17:17:05 - [MESSAGE][PASSED] - Object: 'Object Repository/TC03-MTA/MTA TAB' is clicked on

2019-04-17 17:17:05 - [TEST_STEP][PASSED] - waitForJQueryLoad(5): jQuery is ready.

2019-04-17 17:17:06 - [MESSAGE][PASSED] - jQuery is ready.

2019-04-17 17:17:06 - [TEST_STEP][PASSED] - click(findTestObject("TC03-MTA/GO BUTTON")): Object: 'Object Repository/TC03-MTA/GO BUTTON' is clicked on

2019-04-17 17:17:14 - [MESSAGE][PASSED] - Object: 'Object Repository/TC03-MTA/GO BUTTON' is clicked on

2019-04-17 17:17:14 - [TEST_STEP][PASSED] - waitForJQueryLoad(5): jQuery is ready.

2019-04-17 17:17:15 - [MESSAGE][PASSED] - jQuery is ready.

2019-04-17 17:17:15 - [TEST_STEP][PASSED] - selectOptionByLabel(findTestObject("TC03-MTA/MTA Resons Type"), "Reason Description MTA", false): All options with label 'Reason Description MTA' are selected in object 'Object Repository/TC03-MTA/MTA Resons Type' 

2019-04-17 17:17:15 - [MESSAGE][PASSED] - All options with label 'Reason Description MTA' are selected in object 'Object Repository/TC03-MTA/MTA Resons Type' 

2019-04-17 17:17:15 - [TEST_STEP][PASSED] - setText(findTestObject("TC03-MTA/MTAReasonTextArea"), "Only For Testing Purpose."): Text 'Only For Testing Purpose.' is set on object 'Object Repository/TC03-MTA/MTAReasonTextArea'

2019-04-17 17:17:16 - [MESSAGE][PASSED] - Text 'Only For Testing Purpose.' is set on object 'Object Repository/TC03-MTA/MTAReasonTextArea'

2019-04-17 17:17:16 - [TEST_STEP][PASSED] - delay(5): Delayed 5 second(s)

2019-04-17 17:17:21 - [MESSAGE][PASSED] - Delayed 5 second(s)

2019-04-17 17:17:21 - [TEST_STEP][PASSED] - click(findTestObject("TC03-MTA/MTAResonsSaveButton")): Object: 'Object Repository/TC03-MTA/MTAResonsSaveButton' is clicked on

2019-04-17 17:17:24 - [MESSAGE][PASSED] - Object: 'Object Repository/TC03-MTA/MTAResonsSaveButton' is clicked on

2019-04-17 17:17:24 - [TEST_STEP][PASSED] - delay(4): Delayed 4 second(s)

2019-04-17 17:17:28 - [MESSAGE][PASSED] - Delayed 4 second(s)

2019-04-17 17:17:28 - [TEST_STEP][PASSED] - click(findTestObject("TC03-MTA/EditRiskItemListing")): Object: 'Object Repository/TC03-MTA/EditRiskItemListing' is clicked on

2019-04-17 17:17:31 - [MESSAGE][PASSED] - Object: 'Object Repository/TC03-MTA/EditRiskItemListing' is clicked on

2019-04-17 17:17:31 - [TEST_STEP][PASSED] - selectOptionByLabel(findTestObject("TC-CreatePolicy/RiskDetails/Type"), "Duplex", false): All options with label 'Duplex' are selected in object 'Object Repository/TC-CreatePolicy/RiskDetails/Type' 

2019-04-17 17:17:31 - [MESSAGE][PASSED] - All options with label 'Duplex' are selected in object 'Object Repository/TC-CreatePolicy/RiskDetails/Type' 

2019-04-17 17:17:31 - [TEST_STEP][PASSED] - clearText(findTestObject("TC-CreatePolicy/RiskDetails/SumInsurreTextBox")): Text of object 'Object Repository/TC-CreatePolicy/RiskDetails/SumInsurreTextBox' is cleared

2019-04-17 17:17:31 - [MESSAGE][PASSED] - Text of object 'Object Repository/TC-CreatePolicy/RiskDetails/SumInsurreTextBox' is cleared

2019-04-17 17:17:31 - [TEST_STEP][PASSED] - setText(findTestObject("TC-CreatePolicy/RiskDetails/SumInsurreTextBox"), "4000"): Text '4000' is set on object 'Object Repository/TC-CreatePolicy/RiskDetails/SumInsurreTextBox'

2019-04-17 17:17:31 - [MESSAGE][PASSED] - Text '4000' is set on object 'Object Repository/TC-CreatePolicy/RiskDetails/SumInsurreTextBox'

2019-04-17 17:17:31 - [TEST_STEP][PASSED] - clearText(findTestObject("TC-CreatePolicy/RiskDetails/RoomNo")): Text of object 'Object Repository/TC-CreatePolicy/RiskDetails/RoomNo' is cleared

2019-04-17 17:17:31 - [MESSAGE][PASSED] - Text of object 'Object Repository/TC-CreatePolicy/RiskDetails/RoomNo' is cleared

2019-04-17 17:17:31 - [TEST_STEP][PASSED] - setText(findTestObject("TC-CreatePolicy/RiskDetails/RoomNo"), "2"): Text '2' is set on object 'Object Repository/TC-CreatePolicy/RiskDetails/RoomNo'

2019-04-17 17:17:31 - [MESSAGE][PASSED] - Text '2' is set on object 'Object Repository/TC-CreatePolicy/RiskDetails/RoomNo'

2019-04-17 17:17:31 - [TEST_STEP][PASSED] - clearText(findTestObject("TC-CreatePolicy/RiskDetails/ContentSumInsure")): Text of object 'Object Repository/TC-CreatePolicy/RiskDetails/ContentSumInsure' is cleared

2019-04-17 17:17:31 - [MESSAGE][PASSED] - Text of object 'Object Repository/TC-CreatePolicy/RiskDetails/ContentSumInsure' is cleared

2019-04-17 17:17:31 - [TEST_STEP][PASSED] - setText(findTestObject("TC-CreatePolicy/RiskDetails/ContentSumInsure"), "2000"): Text '2000' is set on object 'Object Repository/TC-CreatePolicy/RiskDetails/ContentSumInsure'

2019-04-17 17:17:31 - [MESSAGE][PASSED] - Text '2000' is set on object 'Object Repository/TC-CreatePolicy/RiskDetails/ContentSumInsure'

2019-04-17 17:17:31 - [TEST_STEP][PASSED] - click(findTestObject("TC03-MTA/MTASaveButton")): Object: 'Object Repository/TC03-MTA/MTASaveButton' is clicked on

2019-04-17 17:17:41 - [MESSAGE][PASSED] - Object: 'Object Repository/TC03-MTA/MTASaveButton' is clicked on

2019-04-17 17:17:41 - [TEST_STEP][PASSED] - waitForJQueryLoad(5): jQuery is ready.

2019-04-17 17:17:43 - [MESSAGE][PASSED] - jQuery is ready.

2019-04-17 17:17:43 - [TEST_STEP][PASSED] - delay(5): Delayed 5 second(s)

2019-04-17 17:17:48 - [MESSAGE][PASSED] - Delayed 5 second(s)

2019-04-17 17:17:48 - [TEST_STEP][PASSED] - APRPValue = getAttribute(findTestObject("TC03-MTA/APandRPValue"), "value"): Attribute 'value' of object 'Object Repository/TC03-MTA/APandRPValue' is: '330.00'

2019-04-17 17:17:48 - [MESSAGE][PASSED] - Attribute 'value' of object 'Object Repository/TC03-MTA/APandRPValue' is: '330.00'

2019-04-17 17:17:48 - [TEST_STEP][PASSED] - out.println(APRPValue): null

2019-04-17 17:17:48 - [TEST_STEP][NOT_RUN] - click(findTestObject("TC03-MTA/EmailQuoteButtonClick")): NOT_RUN: click(findTestObject("TC03-MTA/EmailQuoteButtonClick"))

2019-04-17 17:17:48 - [MESSAGE][NOT_RUN] - NOT_RUN: click(findTestObject("TC03-MTA/EmailQuoteButtonClick"))

2019-04-17 17:17:48 - [TEST_STEP][NOT_RUN] - delay(5): NOT_RUN: delay(5)

2019-04-17 17:17:48 - [MESSAGE][NOT_RUN] - NOT_RUN: delay(5)

2019-04-17 17:17:48 - [TEST_STEP][PASSED] - click(findTestObject("TC03-MTA/Complete")): Object: 'Object Repository/TC03-MTA/Complete' is clicked on

2019-04-17 17:17:50 - [MESSAGE][PASSED] - Object: 'Object Repository/TC03-MTA/Complete' is clicked on

2019-04-17 17:17:50 - [TEST_STEP][PASSED] - delay(5): Delayed 5 second(s)

2019-04-17 17:17:55 - [MESSAGE][PASSED] - Delayed 5 second(s)

2019-04-17 17:17:55 - [TEST_STEP][PASSED] - click(findTestObject("TC-CreatePolicy/PaymentDetails/PaymentMethods")): Object: 'Object Repository/TC-CreatePolicy/PaymentDetails/PaymentMethods' is clicked on

2019-04-17 17:17:55 - [MESSAGE][PASSED] - Object: 'Object Repository/TC-CreatePolicy/PaymentDetails/PaymentMethods' is clicked on

2019-04-17 17:17:55 - [TEST_STEP][PASSED] - selectOptionByLabel(findTestObject("TC-CreatePolicy/PaymentDetails/SelectNoOfInstallment"), "1", false): All options with label '1' are selected in object 'Object Repository/TC-CreatePolicy/PaymentDetails/SelectNoOfInstallment' 

2019-04-17 17:17:55 - [MESSAGE][PASSED] - All options with label '1' are selected in object 'Object Repository/TC-CreatePolicy/PaymentDetails/SelectNoOfInstallment' 

2019-04-17 17:17:55 - [TEST_STEP][PASSED] - delay(5, STOP_ON_FAILURE): Delayed 5 second(s)

2019-04-17 17:18:00 - [MESSAGE][PASSED] - Delayed 5 second(s)

2019-04-17 17:18:00 - [TEST_STEP][PASSED] - click(findTestObject("TC-CreatePolicy/PaymentDetails/ConfirmPaymentType")): Object: 'Object Repository/TC-CreatePolicy/PaymentDetails/ConfirmPaymentType' is clicked on

2019-04-17 17:18:00 - [MESSAGE][PASSED] - Object: 'Object Repository/TC-CreatePolicy/PaymentDetails/ConfirmPaymentType' is clicked on

2019-04-17 17:18:00 - [TEST_STEP][PASSED] - waitForJQueryLoad(5): jQuery is ready.

2019-04-17 17:18:00 - [MESSAGE][PASSED] - jQuery is ready.

2019-04-17 17:18:00 - [TEST_STEP][PASSED] - delay(3): Delayed 3 second(s)

2019-04-17 17:18:03 - [MESSAGE][PASSED] - Delayed 3 second(s)

2019-04-17 17:18:03 - [TEST_STEP][PASSED] - setText(findTestObject("TC-CreatePolicy/PaymentDetails/EmailText"), "dipak.das@mailinator.com"): Text 'dipak.das@mailinator.com' is set on object 'Object Repository/TC-CreatePolicy/PaymentDetails/EmailText'

2019-04-17 17:18:04 - [MESSAGE][PASSED] - Text 'dipak.das@mailinator.com' is set on object 'Object Repository/TC-CreatePolicy/PaymentDetails/EmailText'

2019-04-17 17:18:04 - [TEST_STEP][PASSED] - scrollToElement(findTestObject("TC03-MTA/SendEmail"), 5): Scroll to object 'Object Repository/TC03-MTA/SendEmail' successfully

2019-04-17 17:18:04 - [MESSAGE][PASSED] - Scroll to object 'Object Repository/TC03-MTA/SendEmail' successfully

2019-04-17 17:18:04 - [TEST_STEP][PASSED] - delay(4): Delayed 4 second(s)

2019-04-17 17:18:08 - [MESSAGE][PASSED] - Delayed 4 second(s)

2019-04-17 17:18:09 - [TEST_STEP][PASSED] - click(findTestObject("TC03-MTA/SendEmail")): Object: 'Object Repository/TC03-MTA/SendEmail' is clicked on

2019-04-17 17:18:09 - [MESSAGE][PASSED] - Object: 'Object Repository/TC03-MTA/SendEmail' is clicked on

2019-04-17 17:18:09 - [TEST_STEP][PASSED] - delay(5): Delayed 5 second(s)

2019-04-17 17:18:14 - [MESSAGE][PASSED] - Delayed 5 second(s)

2019-04-17 17:18:14 - [TEST_STEP][PASSED] - log.logInfo(PolicyNo_Global): 

2019-04-17 17:18:14 - [MESSAGE][INFO] -]]></system-out>
         <system-err><![CDATA[]]></system-err>
      </testcase>
      <testcase name="Test Cases/TC03-MTA" classname="Test Cases/TC03-MTA" status="PASSED">
         <system-out><![CDATA[2019-04-17 17:18:14 - [TEST_CASE][PASSED] - Test Cases/TC03-MTA: Test Cases/TC03-MTA

2019-04-17 17:18:14 - [TEST_STEP][PASSED] - log = new com.kms.katalon.core.logging.KeywordLogger(): null

2019-04-17 17:18:14 - [TEST_STEP][PASSED] - waitForJQueryLoad(5): jQuery is ready.

2019-04-17 17:18:14 - [MESSAGE][PASSED] - jQuery is ready.

2019-04-17 17:18:14 - [TEST_STEP][PASSED] - click(findTestObject("TC03-MTA/PolicyRecord")): Object: 'Object Repository/TC03-MTA/PolicyRecord' is clicked on

2019-04-17 17:18:16 - [MESSAGE][PASSED] - Object: 'Object Repository/TC03-MTA/PolicyRecord' is clicked on

2019-04-17 17:18:16 - [TEST_STEP][PASSED] - waitForJQueryLoad(5): jQuery is ready.

2019-04-17 17:18:17 - [MESSAGE][PASSED] - jQuery is ready.

2019-04-17 17:18:17 - [TEST_STEP][NOT_RUN] - setText(findTestObject("TC03-MTA/SearchFields"), PolicyNo_Global): NOT_RUN: setText(findTestObject("TC03-MTA/SearchFields"), PolicyNo_Global)

2019-04-17 17:18:17 - [MESSAGE][NOT_RUN] - NOT_RUN: setText(findTestObject("TC03-MTA/SearchFields"), PolicyNo_Global)

2019-04-17 17:18:17 - [TEST_STEP][PASSED] - setText(findTestObject("TC03-MTA/SearchFields"), MTA_PolicyNo): Text '' is set on object 'Object Repository/TC03-MTA/SearchFields'

2019-04-17 17:18:17 - [MESSAGE][PASSED] - Text '' is set on object 'Object Repository/TC03-MTA/SearchFields'

2019-04-17 17:18:17 - [TEST_STEP][PASSED] - delay(4, STOP_ON_FAILURE): Delayed 4 second(s)

2019-04-17 17:18:21 - [MESSAGE][PASSED] - Delayed 4 second(s)

2019-04-17 17:18:21 - [TEST_STEP][PASSED] - sendKeys(findTestObject("TC03-MTA/SearchFields"), Keys.chord(ENTER)): Keys 'ENTER + ' sent to object: 'Object Repository/TC03-MTA/SearchFields'

2019-04-17 17:18:21 - [MESSAGE][PASSED] - Keys 'ENTER + ' sent to object: 'Object Repository/TC03-MTA/SearchFields'

2019-04-17 17:18:21 - [TEST_STEP][PASSED] - delay(5): Delayed 5 second(s)

2019-04-17 17:18:26 - [MESSAGE][PASSED] - Delayed 5 second(s)

2019-04-17 17:18:26 - [TEST_STEP][PASSED] - click(findTestObject("TC03-MTA/ClickEdit")): Object: 'Object Repository/TC03-MTA/ClickEdit' is clicked on

2019-04-17 17:18:28 - [MESSAGE][PASSED] - Object: 'Object Repository/TC03-MTA/ClickEdit' is clicked on

2019-04-17 17:18:28 - [TEST_STEP][PASSED] - delay(2): Delayed 2 second(s)

2019-04-17 17:18:30 - [MESSAGE][PASSED] - Delayed 2 second(s)

2019-04-17 17:18:30 - [TEST_STEP][PASSED] - click(findTestObject("TC03-MTA/MTA TAB")): Object: 'Object Repository/TC03-MTA/MTA TAB' is clicked on

2019-04-17 17:18:31 - [MESSAGE][PASSED] - Object: 'Object Repository/TC03-MTA/MTA TAB' is clicked on

2019-04-17 17:18:31 - [TEST_STEP][PASSED] - waitForJQueryLoad(5): jQuery is ready.

2019-04-17 17:18:32 - [MESSAGE][PASSED] - jQuery is ready.

2019-04-17 17:18:32 - [TEST_STEP][PASSED] - click(findTestObject("TC03-MTA/GO BUTTON")): Object: 'Object Repository/TC03-MTA/GO BUTTON' is clicked on

2019-04-17 17:18:39 - [MESSAGE][PASSED] - Object: 'Object Repository/TC03-MTA/GO BUTTON' is clicked on

2019-04-17 17:18:39 - [TEST_STEP][PASSED] - waitForJQueryLoad(5): jQuery is ready.

2019-04-17 17:18:40 - [MESSAGE][PASSED] - jQuery is ready.

2019-04-17 17:18:40 - [TEST_STEP][PASSED] - selectOptionByLabel(findTestObject("TC03-MTA/MTA Resons Type"), "Reason Description MTA", false): All options with label 'Reason Description MTA' are selected in object 'Object Repository/TC03-MTA/MTA Resons Type' 

2019-04-17 17:18:40 - [MESSAGE][PASSED] - All options with label 'Reason Description MTA' are selected in object 'Object Repository/TC03-MTA/MTA Resons Type' 

2019-04-17 17:18:40 - [TEST_STEP][PASSED] - setText(findTestObject("TC03-MTA/MTAReasonTextArea"), "Only For Testing Purpose."): Text 'Only For Testing Purpose.' is set on object 'Object Repository/TC03-MTA/MTAReasonTextArea'

2019-04-17 17:18:41 - [MESSAGE][PASSED] - Text 'Only For Testing Purpose.' is set on object 'Object Repository/TC03-MTA/MTAReasonTextArea'

2019-04-17 17:18:41 - [TEST_STEP][PASSED] - delay(5): Delayed 5 second(s)

2019-04-17 17:18:46 - [MESSAGE][PASSED] - Delayed 5 second(s)

2019-04-17 17:18:46 - [TEST_STEP][PASSED] - click(findTestObject("TC03-MTA/MTAResonsSaveButton")): Object: 'Object Repository/TC03-MTA/MTAResonsSaveButton' is clicked on

2019-04-17 17:18:48 - [MESSAGE][PASSED] - Object: 'Object Repository/TC03-MTA/MTAResonsSaveButton' is clicked on

2019-04-17 17:18:48 - [TEST_STEP][PASSED] - delay(4): Delayed 4 second(s)

2019-04-17 17:18:52 - [MESSAGE][PASSED] - Delayed 4 second(s)

2019-04-17 17:18:52 - [TEST_STEP][PASSED] - click(findTestObject("TC03-MTA/EditRiskItemListing")): Object: 'Object Repository/TC03-MTA/EditRiskItemListing' is clicked on

2019-04-17 17:18:54 - [MESSAGE][PASSED] - Object: 'Object Repository/TC03-MTA/EditRiskItemListing' is clicked on

2019-04-17 17:18:54 - [TEST_STEP][PASSED] - selectOptionByLabel(findTestObject("TC-CreatePolicy/RiskDetails/Type"), "Duplex", false): All options with label 'Duplex' are selected in object 'Object Repository/TC-CreatePolicy/RiskDetails/Type' 

2019-04-17 17:18:55 - [MESSAGE][PASSED] - All options with label 'Duplex' are selected in object 'Object Repository/TC-CreatePolicy/RiskDetails/Type' 

2019-04-17 17:18:55 - [TEST_STEP][PASSED] - clearText(findTestObject("TC-CreatePolicy/RiskDetails/SumInsurreTextBox")): Text of object 'Object Repository/TC-CreatePolicy/RiskDetails/SumInsurreTextBox' is cleared

2019-04-17 17:18:55 - [MESSAGE][PASSED] - Text of object 'Object Repository/TC-CreatePolicy/RiskDetails/SumInsurreTextBox' is cleared

2019-04-17 17:18:55 - [TEST_STEP][PASSED] - setText(findTestObject("TC-CreatePolicy/RiskDetails/SumInsurreTextBox"), "4000"): Text '4000' is set on object 'Object Repository/TC-CreatePolicy/RiskDetails/SumInsurreTextBox'

2019-04-17 17:18:55 - [MESSAGE][PASSED] - Text '4000' is set on object 'Object Repository/TC-CreatePolicy/RiskDetails/SumInsurreTextBox'

2019-04-17 17:18:55 - [TEST_STEP][PASSED] - clearText(findTestObject("TC-CreatePolicy/RiskDetails/RoomNo")): Text of object 'Object Repository/TC-CreatePolicy/RiskDetails/RoomNo' is cleared

2019-04-17 17:18:55 - [MESSAGE][PASSED] - Text of object 'Object Repository/TC-CreatePolicy/RiskDetails/RoomNo' is cleared

2019-04-17 17:18:55 - [TEST_STEP][PASSED] - setText(findTestObject("TC-CreatePolicy/RiskDetails/RoomNo"), "2"): Text '2' is set on object 'Object Repository/TC-CreatePolicy/RiskDetails/RoomNo'

2019-04-17 17:18:55 - [MESSAGE][PASSED] - Text '2' is set on object 'Object Repository/TC-CreatePolicy/RiskDetails/RoomNo'

2019-04-17 17:18:55 - [TEST_STEP][PASSED] - clearText(findTestObject("TC-CreatePolicy/RiskDetails/ContentSumInsure")): Text of object 'Object Repository/TC-CreatePolicy/RiskDetails/ContentSumInsure' is cleared

2019-04-17 17:18:55 - [MESSAGE][PASSED] - Text of object 'Object Repository/TC-CreatePolicy/RiskDetails/ContentSumInsure' is cleared

2019-04-17 17:18:55 - [TEST_STEP][PASSED] - setText(findTestObject("TC-CreatePolicy/RiskDetails/ContentSumInsure"), "2000"): Text '2000' is set on object 'Object Repository/TC-CreatePolicy/RiskDetails/ContentSumInsure'

2019-04-17 17:18:55 - [MESSAGE][PASSED] - Text '2000' is set on object 'Object Repository/TC-CreatePolicy/RiskDetails/ContentSumInsure'

2019-04-17 17:18:55 - [TEST_STEP][PASSED] - click(findTestObject("TC03-MTA/MTASaveButton")): Object: 'Object Repository/TC03-MTA/MTASaveButton' is clicked on

2019-04-17 17:19:04 - [MESSAGE][PASSED] - Object: 'Object Repository/TC03-MTA/MTASaveButton' is clicked on

2019-04-17 17:19:04 - [TEST_STEP][PASSED] - waitForJQueryLoad(5): jQuery is ready.

2019-04-17 17:19:05 - [MESSAGE][PASSED] - jQuery is ready.

2019-04-17 17:19:05 - [TEST_STEP][PASSED] - delay(5): Delayed 5 second(s)

2019-04-17 17:19:10 - [MESSAGE][PASSED] - Delayed 5 second(s)

2019-04-17 17:19:10 - [TEST_STEP][PASSED] - APRPValue = getAttribute(findTestObject("TC03-MTA/APandRPValue"), "value"): Attribute 'value' of object 'Object Repository/TC03-MTA/APandRPValue' is: '330.00'

2019-04-17 17:19:10 - [MESSAGE][PASSED] - Attribute 'value' of object 'Object Repository/TC03-MTA/APandRPValue' is: '330.00'

2019-04-17 17:19:10 - [TEST_STEP][PASSED] - out.println(APRPValue): null

2019-04-17 17:19:10 - [TEST_STEP][NOT_RUN] - click(findTestObject("TC03-MTA/EmailQuoteButtonClick")): NOT_RUN: click(findTestObject("TC03-MTA/EmailQuoteButtonClick"))

2019-04-17 17:19:10 - [MESSAGE][NOT_RUN] - NOT_RUN: click(findTestObject("TC03-MTA/EmailQuoteButtonClick"))

2019-04-17 17:19:10 - [TEST_STEP][NOT_RUN] - delay(5): NOT_RUN: delay(5)

2019-04-17 17:19:10 - [MESSAGE][NOT_RUN] - NOT_RUN: delay(5)

2019-04-17 17:19:10 - [TEST_STEP][PASSED] - click(findTestObject("TC03-MTA/Complete")): Object: 'Object Repository/TC03-MTA/Complete' is clicked on

2019-04-17 17:19:12 - [MESSAGE][PASSED] - Object: 'Object Repository/TC03-MTA/Complete' is clicked on

2019-04-17 17:19:12 - [TEST_STEP][PASSED] - delay(5): Delayed 5 second(s)

2019-04-17 17:19:17 - [MESSAGE][PASSED] - Delayed 5 second(s)

2019-04-17 17:19:17 - [TEST_STEP][PASSED] - click(findTestObject("TC-CreatePolicy/PaymentDetails/PaymentMethods")): Object: 'Object Repository/TC-CreatePolicy/PaymentDetails/PaymentMethods' is clicked on

2019-04-17 17:19:17 - [MESSAGE][PASSED] - Object: 'Object Repository/TC-CreatePolicy/PaymentDetails/PaymentMethods' is clicked on

2019-04-17 17:19:17 - [TEST_STEP][PASSED] - selectOptionByLabel(findTestObject("TC-CreatePolicy/PaymentDetails/SelectNoOfInstallment"), "1", false): All options with label '1' are selected in object 'Object Repository/TC-CreatePolicy/PaymentDetails/SelectNoOfInstallment' 

2019-04-17 17:19:17 - [MESSAGE][PASSED] - All options with label '1' are selected in object 'Object Repository/TC-CreatePolicy/PaymentDetails/SelectNoOfInstallment' 

2019-04-17 17:19:17 - [TEST_STEP][PASSED] - delay(5, STOP_ON_FAILURE): Delayed 5 second(s)

2019-04-17 17:19:22 - [MESSAGE][PASSED] - Delayed 5 second(s)

2019-04-17 17:19:22 - [TEST_STEP][PASSED] - click(findTestObject("TC-CreatePolicy/PaymentDetails/ConfirmPaymentType")): Object: 'Object Repository/TC-CreatePolicy/PaymentDetails/ConfirmPaymentType' is clicked on

2019-04-17 17:19:23 - [MESSAGE][PASSED] - Object: 'Object Repository/TC-CreatePolicy/PaymentDetails/ConfirmPaymentType' is clicked on

2019-04-17 17:19:23 - [TEST_STEP][PASSED] - waitForJQueryLoad(5): jQuery is ready.

2019-04-17 17:19:23 - [MESSAGE][PASSED] - jQuery is ready.

2019-04-17 17:19:23 - [TEST_STEP][PASSED] - delay(3): Delayed 3 second(s)

2019-04-17 17:19:26 - [MESSAGE][PASSED] - Delayed 3 second(s)

2019-04-17 17:19:26 - [TEST_STEP][PASSED] - setText(findTestObject("TC-CreatePolicy/PaymentDetails/EmailText"), "dipak.das@mailinator.com"): Text 'dipak.das@mailinator.com' is set on object 'Object Repository/TC-CreatePolicy/PaymentDetails/EmailText'

2019-04-17 17:19:26 - [MESSAGE][PASSED] - Text 'dipak.das@mailinator.com' is set on object 'Object Repository/TC-CreatePolicy/PaymentDetails/EmailText'

2019-04-17 17:19:26 - [TEST_STEP][PASSED] - scrollToElement(findTestObject("TC03-MTA/SendEmail"), 5): Scroll to object 'Object Repository/TC03-MTA/SendEmail' successfully

2019-04-17 17:19:26 - [MESSAGE][PASSED] - Scroll to object 'Object Repository/TC03-MTA/SendEmail' successfully

2019-04-17 17:19:26 - [TEST_STEP][PASSED] - delay(4): Delayed 4 second(s)

2019-04-17 17:19:30 - [MESSAGE][PASSED] - Delayed 4 second(s)

2019-04-17 17:19:30 - [TEST_STEP][PASSED] - click(findTestObject("TC03-MTA/SendEmail")): Object: 'Object Repository/TC03-MTA/SendEmail' is clicked on

2019-04-17 17:19:30 - [MESSAGE][PASSED] - Object: 'Object Repository/TC03-MTA/SendEmail' is clicked on

2019-04-17 17:19:30 - [TEST_STEP][PASSED] - delay(5): Delayed 5 second(s)

2019-04-17 17:19:35 - [MESSAGE][PASSED] - Delayed 5 second(s)

2019-04-17 17:19:35 - [TEST_STEP][PASSED] - log.logInfo(PolicyNo_Global): 

2019-04-17 17:19:35 - [MESSAGE][INFO] -]]></system-out>
         <system-err><![CDATA[]]></system-err>
      </testcase>
      <system-out><![CDATA[2019-04-17 17:16:29 - [TEST_SUITE][PASSED] - MTA Policy: Test Cases/TC03-MTA]]></system-out>
      <system-err><![CDATA[]]></system-err>
   </testsuite>
</testsuites>
