<?xml version="1.0" encoding="UTF-8"?>
<testsuites name="PolicyCreation" time="215" tests="3" failures="0" errors="0">
   <testsuite name="PolicyCreation" tests="3" failures="0" errors="0" time="215" timestamp="2019-05-16 14:21:20" hostname="Swarnendu - SwarnenduMuk-PC" id="Test Suites/PolicyCreation">
      <properties>
         <property name="deviceName" value=""/>
         <property name="devicePlatform" value=""/>
         <property name="logFolder" value="E:\\Katalon_Projects\\Markit Core\\MarkitCore\\Reports\\PolicyCreation\\20190516_142118"/>
         <property name="logFiles" value="E:\\Katalon_Projects\\Markit Core\\MarkitCore\\Reports\\PolicyCreation\\20190516_142118\\execution0.log"/>
         <property name="attachments" value=""/>
         <property name="hostName" value="Swarnendu - SwarnenduMuk-PC"/>
         <property name="os" value="Windows 7 32bit"/>
         <property name="katalonVersion" value="6.0.5.4"/>
         <property name="browser" value="Chrome 74.0.3729.157"/>
         <property name="hostAddress" value="192.168.56.1"/>
         <property name="sessionId" value="6cf6eccc83d18db013b872e1306f3399"/>
         <property name="seleniumVersion" value="3.7.1"/>
         <property name="proxyInformation" value="ProxyInformation{proxyOption=NO_PROXY, proxyServerType=HTTP, password=, proxyServerAddress=, proxyServerPort=0}"/>
         <property name="platform" value="Windows 7"/>
      </properties>
      <testcase name="Test Cases/TC01-LoginApplication" classname="Test Cases/TC01-LoginApplication" status="PASSED">
         <system-out><![CDATA[2019-05-16 14:21:28 - [TEST_CASE][PASSED] - Test Cases/TC01-LoginApplication: Test Cases/TC01-LoginApplication

2019-05-16 14:21:28 - [TEST_STEP][NOT_RUN] - openBrowser(""): NOT_RUN: openBrowser("")

2019-05-16 14:21:28 - [MESSAGE][NOT_RUN] - NOT_RUN: openBrowser("")

2019-05-16 14:21:28 - [TEST_STEP][NOT_RUN] - navigateToUrl("https://dev.offshoresoftwaresolutions.net/markit_coreV2/Sites/CoreTest/login/admin_display"): NOT_RUN: navigateToUrl("https://dev.offshoresoftwaresolutions.net/markit_coreV2/Sites/CoreTest/login/admin_display")

2019-05-16 14:21:28 - [MESSAGE][NOT_RUN] - NOT_RUN: navigateToUrl("https://dev.offshoresoftwaresolutions.net/markit_coreV2/Sites/CoreTest/login/admin_display")

2019-05-16 14:21:28 - [TEST_STEP][PASSED] - setText(findTestObject("Object Repository/TC-LoginApplication/Page_Markit core new  Login/input_Login to your account_username"), username): Text 'dDasTester' is set on object 'Object Repository/TC-LoginApplication/Page_Markit core new  Login/input_Login to your account_username'

2019-05-16 14:21:28 - [MESSAGE][PASSED] - Text 'dDasTester' is set on object 'Object Repository/TC-LoginApplication/Page_Markit core new  Login/input_Login to your account_username'

2019-05-16 14:21:29 - [TEST_STEP][PASSED] - setText(findTestObject("Object Repository/TC-LoginApplication/Page_Markit core new  Login/input_Login to your account_password"), password): Text 'Czybm6R*' is set on object 'Object Repository/TC-LoginApplication/Page_Markit core new  Login/input_Login to your account_password'

2019-05-16 14:21:29 - [MESSAGE][PASSED] - Text 'Czybm6R*' is set on object 'Object Repository/TC-LoginApplication/Page_Markit core new  Login/input_Login to your account_password'

2019-05-16 14:21:29 - [TEST_STEP][PASSED] - delay(4, STOP_ON_FAILURE): Delayed 4 second(s)

2019-05-16 14:21:33 - [MESSAGE][PASSED] - Delayed 4 second(s)

2019-05-16 14:21:33 - [TEST_STEP][NOT_RUN] - maximizeWindow(): NOT_RUN: maximizeWindow()

2019-05-16 14:21:33 - [MESSAGE][NOT_RUN] - NOT_RUN: maximizeWindow()

2019-05-16 14:21:33 - [TEST_STEP][PASSED] - click(findTestObject("Object Repository/TC-LoginApplication/Page_Markit core new  Login/button_Login")): Object: 'Object Repository/TC-LoginApplication/Page_Markit core new  Login/button_Login' is clicked on

2019-05-16 14:21:39 - [MESSAGE][PASSED] - Object: 'Object Repository/TC-LoginApplication/Page_Markit core new  Login/button_Login' is clicked on

2019-05-16 14:21:39 - [TEST_STEP][NOT_RUN] - log = new com.kms.katalon.core.logging.KeywordLogger(): NOT_RUN: log = new com.kms.katalon.core.logging.KeywordLogger()

2019-05-16 14:21:39 - [MESSAGE][NOT_RUN] - NOT_RUN: log = new com.kms.katalon.core.logging.KeywordLogger()

2019-05-16 14:21:39 - [TEST_STEP][NOT_RUN] - log.logInfo(“Dipak”): NOT_RUN: log.logInfo(“Dipak”)

2019-05-16 14:21:39 - [MESSAGE][NOT_RUN] - NOT_RUN: log.logInfo(“Dipak”)]]></system-out>
         <system-err><![CDATA[]]></system-err>
      </testcase>
      <testcase name="Test Cases/TC02-CreatePolicy" classname="Test Cases/TC02-CreatePolicy" status="PASSED">
         <system-out><![CDATA[2019-05-16 14:21:39 - [TEST_CASE][PASSED] - Test Cases/TC02-CreatePolicy: Test Cases/TC02-CreatePolicy

2019-05-16 14:21:39 - [TEST_STEP][PASSED] - log = new com.kms.katalon.core.logging.KeywordLogger(): null

2019-05-16 14:21:39 - [TEST_STEP][PASSED] - waitForJQueryLoad(10): jQuery is ready.

2019-05-16 14:21:39 - [MESSAGE][PASSED] - jQuery is ready.

2019-05-16 14:21:39 - [TEST_STEP][PASSED] - delay(5): Delayed 5 second(s)

2019-05-16 14:21:44 - [MESSAGE][PASSED] - Delayed 5 second(s)

2019-05-16 14:21:44 - [TEST_STEP][PASSED] - click(findTestObject("TC-CreatePolicy/DashBoard/ClientSearchLink")): Object: 'Object Repository/TC-CreatePolicy/DashBoard/ClientSearchLink' is clicked on

2019-05-16 14:21:46 - [MESSAGE][PASSED] - Object: 'Object Repository/TC-CreatePolicy/DashBoard/ClientSearchLink' is clicked on

2019-05-16 14:21:46 - [TEST_STEP][PASSED] - setText(findTestObject("TC-CreatePolicy/ClientListing/ClientName"), "Dipak"): Text 'Dipak' is set on object 'Object Repository/TC-CreatePolicy/ClientListing/ClientName'

2019-05-16 14:21:46 - [MESSAGE][PASSED] - Text 'Dipak' is set on object 'Object Repository/TC-CreatePolicy/ClientListing/ClientName'

2019-05-16 14:21:46 - [TEST_STEP][PASSED] - delay(5): Delayed 5 second(s)

2019-05-16 14:21:51 - [MESSAGE][PASSED] - Delayed 5 second(s)

2019-05-16 14:21:51 - [TEST_STEP][PASSED] - sendKeys(findTestObject("TC-CreatePolicy/ClientListing/ClientName"), Keys.chord(ENTER)): Keys 'ENTER + ' sent to object: 'Object Repository/TC-CreatePolicy/ClientListing/ClientName'

2019-05-16 14:21:51 - [MESSAGE][PASSED] - Keys 'ENTER + ' sent to object: 'Object Repository/TC-CreatePolicy/ClientListing/ClientName'

2019-05-16 14:21:51 - [TEST_STEP][PASSED] - delay(4): Delayed 4 second(s)

2019-05-16 14:21:55 - [MESSAGE][PASSED] - Delayed 4 second(s)

2019-05-16 14:21:55 - [TEST_STEP][PASSED] - waitForElementClickable(findTestObject("TC-CreatePolicy/ClientListing/ClientListAction"), 3): Object 'Object Repository/TC-CreatePolicy/ClientListing/ClientListAction' is clickable

2019-05-16 14:21:55 - [MESSAGE][PASSED] - Object 'Object Repository/TC-CreatePolicy/ClientListing/ClientListAction' is clickable

2019-05-16 14:21:55 - [TEST_STEP][PASSED] - click(findTestObject("TC-CreatePolicy/ClientListing/ClientListAction")): Object: 'Object Repository/TC-CreatePolicy/ClientListing/ClientListAction' is clicked on

2019-05-16 14:21:56 - [MESSAGE][PASSED] - Object: 'Object Repository/TC-CreatePolicy/ClientListing/ClientListAction' is clicked on

2019-05-16 14:21:56 - [TEST_STEP][PASSED] - delay(3): Delayed 3 second(s)

2019-05-16 14:21:59 - [MESSAGE][PASSED] - Delayed 3 second(s)

2019-05-16 14:21:59 - [TEST_STEP][PASSED] - click(findTestObject("TC-CreatePolicy/ClientListing/StartQuote")): Object: 'Object Repository/TC-CreatePolicy/ClientListing/StartQuote' is clicked on

2019-05-16 14:22:02 - [MESSAGE][PASSED] - Object: 'Object Repository/TC-CreatePolicy/ClientListing/StartQuote' is clicked on

2019-05-16 14:22:02 - [TEST_STEP][PASSED] - waitForJQueryLoad(5): jQuery is ready.

2019-05-16 14:22:03 - [MESSAGE][PASSED] - jQuery is ready.

2019-05-16 14:22:03 - [TEST_STEP][PASSED] - selectOptionByLabel(findTestObject("TC-CreatePolicy/GeneralDetails/SelectCurrency"), var_Currency, true): All options with label 'USD' are selected in object 'Object Repository/TC-CreatePolicy/GeneralDetails/SelectCurrency'  using regular expression

2019-05-16 14:22:03 - [MESSAGE][PASSED] - All options with label 'USD' are selected in object 'Object Repository/TC-CreatePolicy/GeneralDetails/SelectCurrency'  using regular expression

2019-05-16 14:22:03 - [TEST_STEP][PASSED] - selectOptionByLabel(findTestObject("TC-CreatePolicy/GeneralDetails/SelectBroker"), var_Broker, true): All options with label 'New Broker' are selected in object 'Object Repository/TC-CreatePolicy/GeneralDetails/SelectBroker'  using regular expression

2019-05-16 14:22:04 - [MESSAGE][PASSED] - All options with label 'New Broker' are selected in object 'Object Repository/TC-CreatePolicy/GeneralDetails/SelectBroker'  using regular expression

2019-05-16 14:22:04 - [TEST_STEP][PASSED] - waitForJQueryLoad(5): jQuery is ready.

2019-05-16 14:22:04 - [MESSAGE][PASSED] - jQuery is ready.

2019-05-16 14:22:04 - [TEST_STEP][PASSED] - selectOptionByLabel(findTestObject("TC-CreatePolicy/GeneralDetails/SelectProduct"), var_ProductName, false): All options with label 'BasicDemoProduct' are selected in object 'Object Repository/TC-CreatePolicy/GeneralDetails/SelectProduct' 

2019-05-16 14:22:04 - [MESSAGE][PASSED] - All options with label 'BasicDemoProduct' are selected in object 'Object Repository/TC-CreatePolicy/GeneralDetails/SelectProduct' 

2019-05-16 14:22:04 - [TEST_STEP][PASSED] - waitForJQueryLoad(5): jQuery is ready.

2019-05-16 14:22:05 - [MESSAGE][PASSED] - jQuery is ready.

2019-05-16 14:22:05 - [TEST_STEP][PASSED] - selectOptionByLabel(findTestObject("TC-CreatePolicy/GeneralDetails/SelectPolicyTerm"), var_policyTerm, false): All options with label 'Yearly' are selected in object 'Object Repository/TC-CreatePolicy/GeneralDetails/SelectPolicyTerm' 

2019-05-16 14:22:05 - [MESSAGE][PASSED] - All options with label 'Yearly' are selected in object 'Object Repository/TC-CreatePolicy/GeneralDetails/SelectPolicyTerm' 

2019-05-16 14:22:05 - [TEST_STEP][PASSED] - waitForJQueryLoad(3): jQuery is ready.

2019-05-16 14:22:06 - [MESSAGE][PASSED] - jQuery is ready.

2019-05-16 14:22:06 - [TEST_STEP][NOT_RUN] - selectOptionByValue(findTestObject("TC-CreatePolicy/GeneralDetails/SelectTimeZone"), "343", false): NOT_RUN: selectOptionByValue(findTestObject("TC-CreatePolicy/GeneralDetails/SelectTimeZone"), "343", false)

2019-05-16 14:22:06 - [MESSAGE][NOT_RUN] - NOT_RUN: selectOptionByValue(findTestObject("TC-CreatePolicy/GeneralDetails/SelectTimeZone"), "343", false)

2019-05-16 14:22:06 - [TEST_STEP][PASSED] - delay(3): Delayed 3 second(s)

2019-05-16 14:22:09 - [MESSAGE][PASSED] - Delayed 3 second(s)

2019-05-16 14:22:09 - [TEST_STEP][PASSED] - click(findTestObject("TC-CreatePolicy/GeneralDetails/NextButton")): Object: 'Object Repository/TC-CreatePolicy/GeneralDetails/NextButton' is clicked on

2019-05-16 14:22:09 - [MESSAGE][PASSED] - Object: 'Object Repository/TC-CreatePolicy/GeneralDetails/NextButton' is clicked on

2019-05-16 14:22:09 - [TEST_STEP][PASSED] - delay(5): Delayed 5 second(s)

2019-05-16 14:22:14 - [MESSAGE][PASSED] - Delayed 5 second(s)

2019-05-16 14:22:14 - [TEST_STEP][PASSED] - if (var_Alert.equals("Cancel")): Delayed 5 second(s)

2019-05-16 14:22:14 - [TEST_STEP][PASSED] - click(findTestObject("TC-CreatePolicy/GeneralDetails/ButtonCancel")): Object: 'Object Repository/TC-CreatePolicy/GeneralDetails/ButtonCancel' is clicked on

2019-05-16 14:22:17 - [MESSAGE][PASSED] - Object: 'Object Repository/TC-CreatePolicy/GeneralDetails/ButtonCancel' is clicked on

2019-05-16 14:22:17 - [TEST_STEP][PASSED] - delay(3): Delayed 3 second(s)

2019-05-16 14:22:20 - [MESSAGE][PASSED] - Delayed 3 second(s)

2019-05-16 14:22:20 - [TEST_STEP][PASSED] - waitForJQueryLoad(5, STOP_ON_FAILURE): jQuery is ready.

2019-05-16 14:22:20 - [MESSAGE][PASSED] - jQuery is ready.

2019-05-16 14:22:20 - [TEST_STEP][PASSED] - selectOptionByLabel(findTestObject("TC-CreatePolicy/RiskDetails/Type"), var_Type, false): All options with label 'Flat' are selected in object 'Object Repository/TC-CreatePolicy/RiskDetails/Type' 

2019-05-16 14:22:20 - [MESSAGE][PASSED] - All options with label 'Flat' are selected in object 'Object Repository/TC-CreatePolicy/RiskDetails/Type' 

2019-05-16 14:22:20 - [TEST_STEP][PASSED] - setText(findTestObject("TC-CreatePolicy/RiskDetails/SumInsurreTextBox"), var_BuildingSumInsure): Text '1000' is set on object 'Object Repository/TC-CreatePolicy/RiskDetails/SumInsurreTextBox'

2019-05-16 14:22:20 - [MESSAGE][PASSED] - Text '1000' is set on object 'Object Repository/TC-CreatePolicy/RiskDetails/SumInsurreTextBox'

2019-05-16 14:22:20 - [TEST_STEP][PASSED] - setText(findTestObject("TC-CreatePolicy/RiskDetails/RoomNo"), var_RoomNo): Text '2' is set on object 'Object Repository/TC-CreatePolicy/RiskDetails/RoomNo'

2019-05-16 14:22:20 - [MESSAGE][PASSED] - Text '2' is set on object 'Object Repository/TC-CreatePolicy/RiskDetails/RoomNo'

2019-05-16 14:22:20 - [TEST_STEP][PASSED] - setText(findTestObject("TC-CreatePolicy/RiskDetails/ContentSumInsure"), var_ContentSumInsure): Text '2000' is set on object 'Object Repository/TC-CreatePolicy/RiskDetails/ContentSumInsure'

2019-05-16 14:22:20 - [MESSAGE][PASSED] - Text '2000' is set on object 'Object Repository/TC-CreatePolicy/RiskDetails/ContentSumInsure'

2019-05-16 14:22:20 - [TEST_STEP][PASSED] - click(findTestObject("TC-CreatePolicy/RiskDetails/Save")): Object: 'Object Repository/TC-CreatePolicy/RiskDetails/Save' is clicked on

2019-05-16 14:22:26 - [MESSAGE][PASSED] - Object: 'Object Repository/TC-CreatePolicy/RiskDetails/Save' is clicked on

2019-05-16 14:22:26 - [TEST_STEP][PASSED] - delay(5): Delayed 5 second(s)

2019-05-16 14:22:31 - [MESSAGE][PASSED] - Delayed 5 second(s)

2019-05-16 14:22:31 - [TEST_STEP][PASSED] - delay(5): Delayed 5 second(s)

2019-05-16 14:22:36 - [MESSAGE][PASSED] - Delayed 5 second(s)

2019-05-16 14:22:36 - [TEST_STEP][PASSED] - var_Total = getText(findTestObject("TC-CreatePolicy/Premium/TotalPremium")): Text of object 'Object Repository/TC-CreatePolicy/Premium/TotalPremium' is: 'USD 330.00'

2019-05-16 14:22:36 - [MESSAGE][PASSED] - Text of object 'Object Repository/TC-CreatePolicy/Premium/TotalPremium' is: 'USD 330.00'

2019-05-16 14:22:36 - [TEST_STEP][NOT_RUN] - com.excel.helper.ExcelHelper.updateTheExcel("Data Files/TestData/policy.xlsx", "ActualValue", var_Total): NOT_RUN: com.excel.helper.ExcelHelper.updateTheExcel("Data Files/TestData/policy.xlsx", "ActualValue", var_Total)

2019-05-16 14:22:36 - [MESSAGE][NOT_RUN] - NOT_RUN: com.excel.helper.ExcelHelper.updateTheExcel("Data Files/TestData/policy.xlsx", "ActualValue", var_Total)

2019-05-16 14:22:36 - [TEST_STEP][NOT_RUN] - verifyElementText(findTestObject("TC-CreatePolicy/Premium/TotalPremium"), var_ExpectedValue): NOT_RUN: verifyElementText(findTestObject("TC-CreatePolicy/Premium/TotalPremium"), var_ExpectedValue)

2019-05-16 14:22:36 - [MESSAGE][NOT_RUN] - NOT_RUN: verifyElementText(findTestObject("TC-CreatePolicy/Premium/TotalPremium"), var_ExpectedValue)

2019-05-16 14:22:36 - [TEST_STEP][PASSED] - delay(2): Delayed 2 second(s)

2019-05-16 14:22:38 - [MESSAGE][PASSED] - Delayed 2 second(s)

2019-05-16 14:22:38 - [TEST_STEP][PASSED] - click(findTestObject("TC-CreatePolicy/Premium/BindButton")): Object: 'Object Repository/TC-CreatePolicy/Premium/BindButton' is clicked on

2019-05-16 14:22:40 - [MESSAGE][PASSED] - Object: 'Object Repository/TC-CreatePolicy/Premium/BindButton' is clicked on

2019-05-16 14:22:40 - [TEST_STEP][PASSED] - delay(5): Delayed 5 second(s)

2019-05-16 14:22:45 - [MESSAGE][PASSED] - Delayed 5 second(s)

2019-05-16 14:22:45 - [TEST_STEP][PASSED] - click(findTestObject("TC-CreatePolicy/PaymentDetails/PaymentMethods")): Object: 'Object Repository/TC-CreatePolicy/PaymentDetails/PaymentMethods' is clicked on

2019-05-16 14:22:45 - [MESSAGE][PASSED] - Object: 'Object Repository/TC-CreatePolicy/PaymentDetails/PaymentMethods' is clicked on

2019-05-16 14:22:45 - [TEST_STEP][PASSED] - waitForJQueryLoad(4): jQuery is ready.

2019-05-16 14:22:45 - [MESSAGE][PASSED] - jQuery is ready.

2019-05-16 14:22:45 - [TEST_STEP][PASSED] - selectOptionByLabel(findTestObject("TC-CreatePolicy/PaymentDetails/SelectNoOfInstallment"), "1", false): All options with label '1' are selected in object 'Object Repository/TC-CreatePolicy/PaymentDetails/SelectNoOfInstallment' 

2019-05-16 14:22:45 - [MESSAGE][PASSED] - All options with label '1' are selected in object 'Object Repository/TC-CreatePolicy/PaymentDetails/SelectNoOfInstallment' 

2019-05-16 14:22:45 - [TEST_STEP][PASSED] - delay(4): Delayed 4 second(s)

2019-05-16 14:22:49 - [MESSAGE][PASSED] - Delayed 4 second(s)

2019-05-16 14:22:49 - [TEST_STEP][PASSED] - click(findTestObject("TC-CreatePolicy/PaymentDetails/ConfirmPaymentType")): Object: 'Object Repository/TC-CreatePolicy/PaymentDetails/ConfirmPaymentType' is clicked on

2019-05-16 14:22:49 - [MESSAGE][PASSED] - Object: 'Object Repository/TC-CreatePolicy/PaymentDetails/ConfirmPaymentType' is clicked on

2019-05-16 14:22:49 - [TEST_STEP][PASSED] - delay(4): Delayed 4 second(s)

2019-05-16 14:22:53 - [MESSAGE][PASSED] - Delayed 4 second(s)

2019-05-16 14:22:53 - [TEST_STEP][PASSED] - setText(findTestObject("TC-CreatePolicy/PaymentDetails/EmailText"), "dipak.das@mailinator.com"): Text 'dipak.das@mailinator.com' is set on object 'Object Repository/TC-CreatePolicy/PaymentDetails/EmailText'

2019-05-16 14:22:55 - [MESSAGE][PASSED] - Text 'dipak.das@mailinator.com' is set on object 'Object Repository/TC-CreatePolicy/PaymentDetails/EmailText'

2019-05-16 14:22:55 - [TEST_STEP][PASSED] - scrollToElement(findTestObject("TC-CreatePolicy/PaymentDetails/BindAndSendPolicySchedule"), 5): Scroll to object 'Object Repository/TC-CreatePolicy/PaymentDetails/BindAndSendPolicySchedule' successfully

2019-05-16 14:22:55 - [MESSAGE][PASSED] - Scroll to object 'Object Repository/TC-CreatePolicy/PaymentDetails/BindAndSendPolicySchedule' successfully

2019-05-16 14:22:55 - [TEST_STEP][PASSED] - delay(6): Delayed 6 second(s)

2019-05-16 14:23:01 - [MESSAGE][PASSED] - Delayed 6 second(s)

2019-05-16 14:23:01 - [TEST_STEP][PASSED] - click(findTestObject("TC-CreatePolicy/PaymentDetails/BindAndSendPolicySchedule")): Object: 'Object Repository/TC-CreatePolicy/PaymentDetails/BindAndSendPolicySchedule' is clicked on

2019-05-16 14:23:01 - [MESSAGE][PASSED] - Object: 'Object Repository/TC-CreatePolicy/PaymentDetails/BindAndSendPolicySchedule' is clicked on

2019-05-16 14:23:01 - [TEST_STEP][PASSED] - delay(5): Delayed 5 second(s)

2019-05-16 14:23:06 - [MESSAGE][PASSED] - Delayed 5 second(s)

2019-05-16 14:23:06 - [TEST_STEP][NOT_RUN] - PolicyNo_Global = getText(findTestObject("TC-CreatePolicy/Premium/PolicyNo")): NOT_RUN: PolicyNo_Global = getText(findTestObject("TC-CreatePolicy/Premium/PolicyNo"))

2019-05-16 14:23:06 - [MESSAGE][NOT_RUN] - NOT_RUN: PolicyNo_Global = getText(findTestObject("TC-CreatePolicy/Premium/PolicyNo"))

2019-05-16 14:23:06 - [TEST_STEP][PASSED] - Get_Policy_No = getText(findTestObject("TC-CreatePolicy/Premium/PolicyNo")): Text of object 'Object Repository/TC-CreatePolicy/Premium/PolicyNo' is: 'DASD/POLICY/003187'

2019-05-16 14:23:08 - [MESSAGE][PASSED] - Text of object 'Object Repository/TC-CreatePolicy/Premium/PolicyNo' is: 'DASD/POLICY/003187'

2019-05-16 14:23:08 - [TEST_STEP][PASSED] - delay(5): Delayed 5 second(s)

2019-05-16 14:23:13 - [MESSAGE][PASSED] - Delayed 5 second(s)

2019-05-16 14:23:13 - [TEST_STEP][NOT_RUN] - out.println(PolicyNo_Global): NOT_RUN: out.println(PolicyNo_Global)

2019-05-16 14:23:13 - [MESSAGE][NOT_RUN] - NOT_RUN: out.println(PolicyNo_Global)

2019-05-16 14:23:13 - [TEST_STEP][PASSED] - com.excel.helper.ExcelHelper.updateTheExcel1("Data Files/PolicyData.xlsx", "Sheet2", "PolicyNo", Get_Policy_No): com.excel.helper.ExcelHelper.updateTheExcel1 is PASSED

2019-05-16 14:23:14 - [MESSAGE][PASSED] - com.excel.helper.ExcelHelper.updateTheExcel1 is PASSED

2019-05-16 14:23:14 - [TEST_STEP][NOT_RUN] - log.logInfo(PolicyNo_Global): NOT_RUN: log.logInfo(PolicyNo_Global)

2019-05-16 14:23:14 - [MESSAGE][NOT_RUN] - NOT_RUN: log.logInfo(PolicyNo_Global)

2019-05-16 14:23:14 - [TEST_STEP][PASSED] - log.logInfo(var_Total): USD 330.00

2019-05-16 14:23:14 - [MESSAGE][INFO] - USD 330.00

2019-05-16 14:23:14 - [TEST_STEP][PASSED] - delay(5): Delayed 5 second(s)

2019-05-16 14:23:19 - [MESSAGE][PASSED] - Delayed 5 second(s)]]></system-out>
         <system-err><![CDATA[]]></system-err>
      </testcase>
      <testcase name="Test Cases/TC02-CreatePolicy" classname="Test Cases/TC02-CreatePolicy" status="PASSED">
         <system-out><![CDATA[2019-05-16 14:23:19 - [TEST_CASE][PASSED] - Test Cases/TC02-CreatePolicy: Test Cases/TC02-CreatePolicy

2019-05-16 14:23:19 - [TEST_STEP][PASSED] - log = new com.kms.katalon.core.logging.KeywordLogger(): null

2019-05-16 14:23:19 - [TEST_STEP][PASSED] - waitForJQueryLoad(10): jQuery is ready.

2019-05-16 14:23:19 - [MESSAGE][PASSED] - jQuery is ready.

2019-05-16 14:23:19 - [TEST_STEP][PASSED] - delay(5): Delayed 5 second(s)

2019-05-16 14:23:24 - [MESSAGE][PASSED] - Delayed 5 second(s)

2019-05-16 14:23:24 - [TEST_STEP][PASSED] - click(findTestObject("TC-CreatePolicy/DashBoard/ClientSearchLink")): Object: 'Object Repository/TC-CreatePolicy/DashBoard/ClientSearchLink' is clicked on

2019-05-16 14:23:26 - [MESSAGE][PASSED] - Object: 'Object Repository/TC-CreatePolicy/DashBoard/ClientSearchLink' is clicked on

2019-05-16 14:23:26 - [TEST_STEP][PASSED] - setText(findTestObject("TC-CreatePolicy/ClientListing/ClientName"), "Dipak"): Text 'Dipak' is set on object 'Object Repository/TC-CreatePolicy/ClientListing/ClientName'

2019-05-16 14:23:26 - [MESSAGE][PASSED] - Text 'Dipak' is set on object 'Object Repository/TC-CreatePolicy/ClientListing/ClientName'

2019-05-16 14:23:26 - [TEST_STEP][PASSED] - delay(5): Delayed 5 second(s)

2019-05-16 14:23:31 - [MESSAGE][PASSED] - Delayed 5 second(s)

2019-05-16 14:23:31 - [TEST_STEP][PASSED] - sendKeys(findTestObject("TC-CreatePolicy/ClientListing/ClientName"), Keys.chord(ENTER)): Keys 'ENTER + ' sent to object: 'Object Repository/TC-CreatePolicy/ClientListing/ClientName'

2019-05-16 14:23:31 - [MESSAGE][PASSED] - Keys 'ENTER + ' sent to object: 'Object Repository/TC-CreatePolicy/ClientListing/ClientName'

2019-05-16 14:23:31 - [TEST_STEP][PASSED] - delay(4): Delayed 4 second(s)

2019-05-16 14:23:35 - [MESSAGE][PASSED] - Delayed 4 second(s)

2019-05-16 14:23:35 - [TEST_STEP][PASSED] - waitForElementClickable(findTestObject("TC-CreatePolicy/ClientListing/ClientListAction"), 3): Object 'Object Repository/TC-CreatePolicy/ClientListing/ClientListAction' is clickable

2019-05-16 14:23:35 - [MESSAGE][PASSED] - Object 'Object Repository/TC-CreatePolicy/ClientListing/ClientListAction' is clickable

2019-05-16 14:23:35 - [TEST_STEP][PASSED] - click(findTestObject("TC-CreatePolicy/ClientListing/ClientListAction")): Object: 'Object Repository/TC-CreatePolicy/ClientListing/ClientListAction' is clicked on

2019-05-16 14:23:38 - [MESSAGE][PASSED] - Object: 'Object Repository/TC-CreatePolicy/ClientListing/ClientListAction' is clicked on

2019-05-16 14:23:38 - [TEST_STEP][PASSED] - delay(3): Delayed 3 second(s)

2019-05-16 14:23:41 - [MESSAGE][PASSED] - Delayed 3 second(s)

2019-05-16 14:23:41 - [TEST_STEP][PASSED] - click(findTestObject("TC-CreatePolicy/ClientListing/StartQuote")): Object: 'Object Repository/TC-CreatePolicy/ClientListing/StartQuote' is clicked on

2019-05-16 14:23:42 - [MESSAGE][PASSED] - Object: 'Object Repository/TC-CreatePolicy/ClientListing/StartQuote' is clicked on

2019-05-16 14:23:42 - [TEST_STEP][PASSED] - waitForJQueryLoad(5): jQuery is ready.

2019-05-16 14:23:42 - [MESSAGE][PASSED] - jQuery is ready.

2019-05-16 14:23:43 - [TEST_STEP][PASSED] - selectOptionByLabel(findTestObject("TC-CreatePolicy/GeneralDetails/SelectCurrency"), var_Currency, true): All options with label 'USD' are selected in object 'Object Repository/TC-CreatePolicy/GeneralDetails/SelectCurrency'  using regular expression

2019-05-16 14:23:43 - [MESSAGE][PASSED] - All options with label 'USD' are selected in object 'Object Repository/TC-CreatePolicy/GeneralDetails/SelectCurrency'  using regular expression

2019-05-16 14:23:43 - [TEST_STEP][PASSED] - selectOptionByLabel(findTestObject("TC-CreatePolicy/GeneralDetails/SelectBroker"), var_Broker, true): All options with label 'New Broker' are selected in object 'Object Repository/TC-CreatePolicy/GeneralDetails/SelectBroker'  using regular expression

2019-05-16 14:23:44 - [MESSAGE][PASSED] - All options with label 'New Broker' are selected in object 'Object Repository/TC-CreatePolicy/GeneralDetails/SelectBroker'  using regular expression

2019-05-16 14:23:44 - [TEST_STEP][PASSED] - waitForJQueryLoad(5): jQuery is ready.

2019-05-16 14:23:44 - [MESSAGE][PASSED] - jQuery is ready.

2019-05-16 14:23:44 - [TEST_STEP][PASSED] - selectOptionByLabel(findTestObject("TC-CreatePolicy/GeneralDetails/SelectProduct"), var_ProductName, false): All options with label 'BasicDemoProduct' are selected in object 'Object Repository/TC-CreatePolicy/GeneralDetails/SelectProduct' 

2019-05-16 14:23:44 - [MESSAGE][PASSED] - All options with label 'BasicDemoProduct' are selected in object 'Object Repository/TC-CreatePolicy/GeneralDetails/SelectProduct' 

2019-05-16 14:23:44 - [TEST_STEP][PASSED] - waitForJQueryLoad(5): jQuery is ready.

2019-05-16 14:23:45 - [MESSAGE][PASSED] - jQuery is ready.

2019-05-16 14:23:45 - [TEST_STEP][PASSED] - selectOptionByLabel(findTestObject("TC-CreatePolicy/GeneralDetails/SelectPolicyTerm"), var_policyTerm, false): All options with label 'Yearly' are selected in object 'Object Repository/TC-CreatePolicy/GeneralDetails/SelectPolicyTerm' 

2019-05-16 14:23:45 - [MESSAGE][PASSED] - All options with label 'Yearly' are selected in object 'Object Repository/TC-CreatePolicy/GeneralDetails/SelectPolicyTerm' 

2019-05-16 14:23:45 - [TEST_STEP][PASSED] - waitForJQueryLoad(3): jQuery is ready.

2019-05-16 14:23:45 - [MESSAGE][PASSED] - jQuery is ready.

2019-05-16 14:23:45 - [TEST_STEP][NOT_RUN] - selectOptionByValue(findTestObject("TC-CreatePolicy/GeneralDetails/SelectTimeZone"), "343", false): NOT_RUN: selectOptionByValue(findTestObject("TC-CreatePolicy/GeneralDetails/SelectTimeZone"), "343", false)

2019-05-16 14:23:45 - [MESSAGE][NOT_RUN] - NOT_RUN: selectOptionByValue(findTestObject("TC-CreatePolicy/GeneralDetails/SelectTimeZone"), "343", false)

2019-05-16 14:23:45 - [TEST_STEP][PASSED] - delay(3): Delayed 3 second(s)

2019-05-16 14:23:48 - [MESSAGE][PASSED] - Delayed 3 second(s)

2019-05-16 14:23:48 - [TEST_STEP][PASSED] - click(findTestObject("TC-CreatePolicy/GeneralDetails/NextButton")): Object: 'Object Repository/TC-CreatePolicy/GeneralDetails/NextButton' is clicked on

2019-05-16 14:23:49 - [MESSAGE][PASSED] - Object: 'Object Repository/TC-CreatePolicy/GeneralDetails/NextButton' is clicked on

2019-05-16 14:23:49 - [TEST_STEP][PASSED] - delay(5): Delayed 5 second(s)

2019-05-16 14:23:54 - [MESSAGE][PASSED] - Delayed 5 second(s)

2019-05-16 14:23:54 - [TEST_STEP][PASSED] - if (var_Alert.equals("Cancel")): Delayed 5 second(s)

2019-05-16 14:23:54 - [TEST_STEP][PASSED] - click(findTestObject("TC-CreatePolicy/GeneralDetails/ButtonCancel")): Object: 'Object Repository/TC-CreatePolicy/GeneralDetails/ButtonCancel' is clicked on

2019-05-16 14:23:56 - [MESSAGE][PASSED] - Object: 'Object Repository/TC-CreatePolicy/GeneralDetails/ButtonCancel' is clicked on

2019-05-16 14:23:56 - [TEST_STEP][PASSED] - delay(3): Delayed 3 second(s)

2019-05-16 14:23:59 - [MESSAGE][PASSED] - Delayed 3 second(s)

2019-05-16 14:23:59 - [TEST_STEP][PASSED] - waitForJQueryLoad(5, STOP_ON_FAILURE): jQuery is ready.

2019-05-16 14:23:59 - [MESSAGE][PASSED] - jQuery is ready.

2019-05-16 14:23:59 - [TEST_STEP][PASSED] - selectOptionByLabel(findTestObject("TC-CreatePolicy/RiskDetails/Type"), var_Type, false): All options with label 'StandAlone' are selected in object 'Object Repository/TC-CreatePolicy/RiskDetails/Type' 

2019-05-16 14:23:59 - [MESSAGE][PASSED] - All options with label 'StandAlone' are selected in object 'Object Repository/TC-CreatePolicy/RiskDetails/Type' 

2019-05-16 14:23:59 - [TEST_STEP][PASSED] - setText(findTestObject("TC-CreatePolicy/RiskDetails/SumInsurreTextBox"), var_BuildingSumInsure): Text '5000' is set on object 'Object Repository/TC-CreatePolicy/RiskDetails/SumInsurreTextBox'

2019-05-16 14:23:59 - [MESSAGE][PASSED] - Text '5000' is set on object 'Object Repository/TC-CreatePolicy/RiskDetails/SumInsurreTextBox'

2019-05-16 14:23:59 - [TEST_STEP][PASSED] - setText(findTestObject("TC-CreatePolicy/RiskDetails/RoomNo"), var_RoomNo): Text '2' is set on object 'Object Repository/TC-CreatePolicy/RiskDetails/RoomNo'

2019-05-16 14:23:59 - [MESSAGE][PASSED] - Text '2' is set on object 'Object Repository/TC-CreatePolicy/RiskDetails/RoomNo'

2019-05-16 14:23:59 - [TEST_STEP][PASSED] - setText(findTestObject("TC-CreatePolicy/RiskDetails/ContentSumInsure"), var_ContentSumInsure): Text '1000' is set on object 'Object Repository/TC-CreatePolicy/RiskDetails/ContentSumInsure'

2019-05-16 14:24:00 - [MESSAGE][PASSED] - Text '1000' is set on object 'Object Repository/TC-CreatePolicy/RiskDetails/ContentSumInsure'

2019-05-16 14:24:00 - [TEST_STEP][PASSED] - click(findTestObject("TC-CreatePolicy/RiskDetails/Save")): Object: 'Object Repository/TC-CreatePolicy/RiskDetails/Save' is clicked on

2019-05-16 14:24:05 - [MESSAGE][PASSED] - Object: 'Object Repository/TC-CreatePolicy/RiskDetails/Save' is clicked on

2019-05-16 14:24:05 - [TEST_STEP][PASSED] - delay(5): Delayed 5 second(s)

2019-05-16 14:24:10 - [MESSAGE][PASSED] - Delayed 5 second(s)

2019-05-16 14:24:10 - [TEST_STEP][PASSED] - delay(5): Delayed 5 second(s)

2019-05-16 14:24:15 - [MESSAGE][PASSED] - Delayed 5 second(s)

2019-05-16 14:24:15 - [TEST_STEP][PASSED] - var_Total = getText(findTestObject("TC-CreatePolicy/Premium/TotalPremium")): Text of object 'Object Repository/TC-CreatePolicy/Premium/TotalPremium' is: 'USD 660.00'

2019-05-16 14:24:15 - [MESSAGE][PASSED] - Text of object 'Object Repository/TC-CreatePolicy/Premium/TotalPremium' is: 'USD 660.00'

2019-05-16 14:24:15 - [TEST_STEP][NOT_RUN] - com.excel.helper.ExcelHelper.updateTheExcel("Data Files/TestData/policy.xlsx", "ActualValue", var_Total): NOT_RUN: com.excel.helper.ExcelHelper.updateTheExcel("Data Files/TestData/policy.xlsx", "ActualValue", var_Total)

2019-05-16 14:24:15 - [MESSAGE][NOT_RUN] - NOT_RUN: com.excel.helper.ExcelHelper.updateTheExcel("Data Files/TestData/policy.xlsx", "ActualValue", var_Total)

2019-05-16 14:24:15 - [TEST_STEP][NOT_RUN] - verifyElementText(findTestObject("TC-CreatePolicy/Premium/TotalPremium"), var_ExpectedValue): NOT_RUN: verifyElementText(findTestObject("TC-CreatePolicy/Premium/TotalPremium"), var_ExpectedValue)

2019-05-16 14:24:15 - [MESSAGE][NOT_RUN] - NOT_RUN: verifyElementText(findTestObject("TC-CreatePolicy/Premium/TotalPremium"), var_ExpectedValue)

2019-05-16 14:24:15 - [TEST_STEP][PASSED] - delay(2): Delayed 2 second(s)

2019-05-16 14:24:17 - [MESSAGE][PASSED] - Delayed 2 second(s)

2019-05-16 14:24:17 - [TEST_STEP][PASSED] - click(findTestObject("TC-CreatePolicy/Premium/BindButton")): Object: 'Object Repository/TC-CreatePolicy/Premium/BindButton' is clicked on

2019-05-16 14:24:19 - [MESSAGE][PASSED] - Object: 'Object Repository/TC-CreatePolicy/Premium/BindButton' is clicked on

2019-05-16 14:24:19 - [TEST_STEP][PASSED] - delay(5): Delayed 5 second(s)

2019-05-16 14:24:24 - [MESSAGE][PASSED] - Delayed 5 second(s)

2019-05-16 14:24:24 - [TEST_STEP][PASSED] - click(findTestObject("TC-CreatePolicy/PaymentDetails/PaymentMethods")): Object: 'Object Repository/TC-CreatePolicy/PaymentDetails/PaymentMethods' is clicked on

2019-05-16 14:24:24 - [MESSAGE][PASSED] - Object: 'Object Repository/TC-CreatePolicy/PaymentDetails/PaymentMethods' is clicked on

2019-05-16 14:24:24 - [TEST_STEP][PASSED] - waitForJQueryLoad(4): jQuery is ready.

2019-05-16 14:24:24 - [MESSAGE][PASSED] - jQuery is ready.

2019-05-16 14:24:24 - [TEST_STEP][PASSED] - selectOptionByLabel(findTestObject("TC-CreatePolicy/PaymentDetails/SelectNoOfInstallment"), "1", false): All options with label '1' are selected in object 'Object Repository/TC-CreatePolicy/PaymentDetails/SelectNoOfInstallment' 

2019-05-16 14:24:24 - [MESSAGE][PASSED] - All options with label '1' are selected in object 'Object Repository/TC-CreatePolicy/PaymentDetails/SelectNoOfInstallment' 

2019-05-16 14:24:24 - [TEST_STEP][PASSED] - delay(4): Delayed 4 second(s)

2019-05-16 14:24:28 - [MESSAGE][PASSED] - Delayed 4 second(s)

2019-05-16 14:24:28 - [TEST_STEP][PASSED] - click(findTestObject("TC-CreatePolicy/PaymentDetails/ConfirmPaymentType")): Object: 'Object Repository/TC-CreatePolicy/PaymentDetails/ConfirmPaymentType' is clicked on

2019-05-16 14:24:28 - [MESSAGE][PASSED] - Object: 'Object Repository/TC-CreatePolicy/PaymentDetails/ConfirmPaymentType' is clicked on

2019-05-16 14:24:28 - [TEST_STEP][PASSED] - delay(4): Delayed 4 second(s)

2019-05-16 14:24:32 - [MESSAGE][PASSED] - Delayed 4 second(s)

2019-05-16 14:24:32 - [TEST_STEP][PASSED] - setText(findTestObject("TC-CreatePolicy/PaymentDetails/EmailText"), "dipak.das@mailinator.com"): Text 'dipak.das@mailinator.com' is set on object 'Object Repository/TC-CreatePolicy/PaymentDetails/EmailText'

2019-05-16 14:24:33 - [MESSAGE][PASSED] - Text 'dipak.das@mailinator.com' is set on object 'Object Repository/TC-CreatePolicy/PaymentDetails/EmailText'

2019-05-16 14:24:33 - [TEST_STEP][PASSED] - scrollToElement(findTestObject("TC-CreatePolicy/PaymentDetails/BindAndSendPolicySchedule"), 5): Scroll to object 'Object Repository/TC-CreatePolicy/PaymentDetails/BindAndSendPolicySchedule' successfully

2019-05-16 14:24:33 - [MESSAGE][PASSED] - Scroll to object 'Object Repository/TC-CreatePolicy/PaymentDetails/BindAndSendPolicySchedule' successfully

2019-05-16 14:24:33 - [TEST_STEP][PASSED] - delay(6): Delayed 6 second(s)

2019-05-16 14:24:39 - [MESSAGE][PASSED] - Delayed 6 second(s)

2019-05-16 14:24:39 - [TEST_STEP][PASSED] - click(findTestObject("TC-CreatePolicy/PaymentDetails/BindAndSendPolicySchedule")): Object: 'Object Repository/TC-CreatePolicy/PaymentDetails/BindAndSendPolicySchedule' is clicked on

2019-05-16 14:24:39 - [MESSAGE][PASSED] - Object: 'Object Repository/TC-CreatePolicy/PaymentDetails/BindAndSendPolicySchedule' is clicked on

2019-05-16 14:24:39 - [TEST_STEP][PASSED] - delay(5): Delayed 5 second(s)

2019-05-16 14:24:44 - [MESSAGE][PASSED] - Delayed 5 second(s)

2019-05-16 14:24:44 - [TEST_STEP][NOT_RUN] - PolicyNo_Global = getText(findTestObject("TC-CreatePolicy/Premium/PolicyNo")): NOT_RUN: PolicyNo_Global = getText(findTestObject("TC-CreatePolicy/Premium/PolicyNo"))

2019-05-16 14:24:44 - [MESSAGE][NOT_RUN] - NOT_RUN: PolicyNo_Global = getText(findTestObject("TC-CreatePolicy/Premium/PolicyNo"))

2019-05-16 14:24:44 - [TEST_STEP][PASSED] - Get_Policy_No = getText(findTestObject("TC-CreatePolicy/Premium/PolicyNo")): Text of object 'Object Repository/TC-CreatePolicy/Premium/PolicyNo' is: 'DASD/POLICY/003189'

2019-05-16 14:24:44 - [MESSAGE][PASSED] - Text of object 'Object Repository/TC-CreatePolicy/Premium/PolicyNo' is: 'DASD/POLICY/003189'

2019-05-16 14:24:44 - [TEST_STEP][PASSED] - delay(5): Delayed 5 second(s)

2019-05-16 14:24:49 - [MESSAGE][PASSED] - Delayed 5 second(s)

2019-05-16 14:24:49 - [TEST_STEP][NOT_RUN] - out.println(PolicyNo_Global): NOT_RUN: out.println(PolicyNo_Global)

2019-05-16 14:24:49 - [MESSAGE][NOT_RUN] - NOT_RUN: out.println(PolicyNo_Global)

2019-05-16 14:24:49 - [TEST_STEP][PASSED] - com.excel.helper.ExcelHelper.updateTheExcel1("Data Files/PolicyData.xlsx", "Sheet2", "PolicyNo", Get_Policy_No): com.excel.helper.ExcelHelper.updateTheExcel1 is PASSED

2019-05-16 14:24:49 - [MESSAGE][PASSED] - com.excel.helper.ExcelHelper.updateTheExcel1 is PASSED

2019-05-16 14:24:49 - [TEST_STEP][NOT_RUN] - log.logInfo(PolicyNo_Global): NOT_RUN: log.logInfo(PolicyNo_Global)

2019-05-16 14:24:49 - [MESSAGE][NOT_RUN] - NOT_RUN: log.logInfo(PolicyNo_Global)

2019-05-16 14:24:49 - [TEST_STEP][PASSED] - log.logInfo(var_Total): USD 660.00

2019-05-16 14:24:49 - [MESSAGE][INFO] - USD 660.00

2019-05-16 14:24:49 - [TEST_STEP][PASSED] - delay(5): Delayed 5 second(s)

2019-05-16 14:24:54 - [MESSAGE][PASSED] - Delayed 5 second(s)]]></system-out>
         <system-err><![CDATA[]]></system-err>
      </testcase>
      <system-out><![CDATA[2019-05-16 14:21:20 - [TEST_SUITE][PASSED] - PolicyCreation: Test Cases/TC02-CreatePolicy]]></system-out>
      <system-err><![CDATA[]]></system-err>
   </testsuite>
</testsuites>
