<?xml version="1.0" encoding="UTF-8"?>
<testsuites name="PolicyCreation" time="48" tests="2" failures="0" errors="0">
   <testsuite name="PolicyCreation" tests="2" failures="0" errors="0" time="48" timestamp="2019-04-30 14:35:59" hostname="dipak - DIPAKDAS-PC.indusnettechnologies.com" id="Test Suites/PolicyCreation">
      <properties>
         <property name="deviceName" value=""/>
         <property name="devicePlatform" value=""/>
         <property name="logFolder" value="E:\\MarkitCore\\CoreApplication\\Reports\\PolicyCreation\\20190430_143557"/>
         <property name="logFiles" value="E:\\MarkitCore\\CoreApplication\\Reports\\PolicyCreation\\20190430_143557\\execution0.log"/>
         <property name="attachments" value=""/>
         <property name="hostName" value="dipak - DIPAKDAS-PC.indusnettechnologies.com"/>
         <property name="os" value="Windows 7 32bit"/>
         <property name="katalonVersion" value="6.0.5.4"/>
         <property name="browser" value="Chrome 74.0.3729.108"/>
         <property name="hostAddress" value="10.0.12.237"/>
         <property name="sessionId" value="d66e367a3ba83c0218aca1492ea4d640"/>
         <property name="seleniumVersion" value="3.7.1"/>
         <property name="proxyInformation" value="ProxyInformation{proxyOption=NO_PROXY, proxyServerType=HTTP, password=, proxyServerAddress=, proxyServerPort=0}"/>
         <property name="platform" value="Windows 7"/>
      </properties>
      <testcase name="Test Cases/TC01-LoginApplication" classname="Test Cases/TC01-LoginApplication" status="PASSED">
         <system-out><![CDATA[2019-04-30 14:36:07 - [TEST_CASE][PASSED] - Test Cases/TC01-LoginApplication: Test Cases/TC01-LoginApplication

2019-04-30 14:36:08 - [TEST_STEP][NOT_RUN] - openBrowser(""): NOT_RUN: openBrowser("")

2019-04-30 14:36:08 - [MESSAGE][NOT_RUN] - NOT_RUN: openBrowser("")

2019-04-30 14:36:08 - [TEST_STEP][NOT_RUN] - navigateToUrl("https://dev.offshoresoftwaresolutions.net/markit_coreV2/Sites/CoreTest/login/admin_display"): NOT_RUN: navigateToUrl("https://dev.offshoresoftwaresolutions.net/markit_coreV2/Sites/CoreTest/login/admin_display")

2019-04-30 14:36:08 - [MESSAGE][NOT_RUN] - NOT_RUN: navigateToUrl("https://dev.offshoresoftwaresolutions.net/markit_coreV2/Sites/CoreTest/login/admin_display")

2019-04-30 14:36:08 - [TEST_STEP][PASSED] - setText(findTestObject("Object Repository/TC-LoginApplication/Page_Markit core new  Login/input_Login to your account_username"), "dDasTester"): Text 'dDasTester' is set on object 'Object Repository/TC-LoginApplication/Page_Markit core new  Login/input_Login to your account_username'

2019-04-30 14:36:08 - [MESSAGE][PASSED] - Text 'dDasTester' is set on object 'Object Repository/TC-LoginApplication/Page_Markit core new  Login/input_Login to your account_username'

2019-04-30 14:36:08 - [TEST_STEP][PASSED] - setText(findTestObject("Object Repository/TC-LoginApplication/Page_Markit core new  Login/input_Login to your account_password"), "Czybm6R*"): Text 'Czybm6R*' is set on object 'Object Repository/TC-LoginApplication/Page_Markit core new  Login/input_Login to your account_password'

2019-04-30 14:36:08 - [MESSAGE][PASSED] - Text 'Czybm6R*' is set on object 'Object Repository/TC-LoginApplication/Page_Markit core new  Login/input_Login to your account_password'

2019-04-30 14:36:08 - [TEST_STEP][PASSED] - delay(4, STOP_ON_FAILURE): Delayed 4 second(s)

2019-04-30 14:36:12 - [MESSAGE][PASSED] - Delayed 4 second(s)

2019-04-30 14:36:12 - [TEST_STEP][NOT_RUN] - maximizeWindow(): NOT_RUN: maximizeWindow()

2019-04-30 14:36:12 - [MESSAGE][NOT_RUN] - NOT_RUN: maximizeWindow()

2019-04-30 14:36:12 - [TEST_STEP][PASSED] - click(findTestObject("Object Repository/TC-LoginApplication/Page_Markit core new  Login/button_Login")): Object: 'Object Repository/TC-LoginApplication/Page_Markit core new  Login/button_Login' is clicked on

2019-04-30 14:36:17 - [MESSAGE][PASSED] - Object: 'Object Repository/TC-LoginApplication/Page_Markit core new  Login/button_Login' is clicked on

2019-04-30 14:36:17 - [TEST_STEP][NOT_RUN] - log = new com.kms.katalon.core.logging.KeywordLogger(): NOT_RUN: log = new com.kms.katalon.core.logging.KeywordLogger()

2019-04-30 14:36:17 - [MESSAGE][NOT_RUN] - NOT_RUN: log = new com.kms.katalon.core.logging.KeywordLogger()

2019-04-30 14:36:17 - [TEST_STEP][NOT_RUN] - log.logInfo(“Dipak”): NOT_RUN: log.logInfo(“Dipak”)

2019-04-30 14:36:17 - [MESSAGE][NOT_RUN] - NOT_RUN: log.logInfo(“Dipak”)]]></system-out>
         <system-err><![CDATA[]]></system-err>
      </testcase>
      <testcase name="Test Cases/TC05-PaymentSection" classname="Test Cases/TC05-PaymentSection" status="PASSED">
         <system-out><![CDATA[2019-04-30 14:36:17 - [TEST_CASE][PASSED] - Test Cases/TC05-PaymentSection: Test Cases/TC05-PaymentSection

2019-04-30 14:36:18 - [TEST_STEP][PASSED] - delay(3): Delayed 3 second(s)

2019-04-30 14:36:21 - [MESSAGE][PASSED] - Delayed 3 second(s)

2019-04-30 14:36:21 - [TEST_STEP][PASSED] - scrollToElement(findTestObject("TC05-PaymentSection/Payments"), 3): Scroll to object 'Object Repository/TC05-PaymentSection/Payments' successfully

2019-04-30 14:36:21 - [MESSAGE][PASSED] - Scroll to object 'Object Repository/TC05-PaymentSection/Payments' successfully

2019-04-30 14:36:21 - [TEST_STEP][PASSED] - click(findTestObject("TC05-PaymentSection/Payments")): Object: 'Object Repository/TC05-PaymentSection/Payments' is clicked on

2019-04-30 14:36:21 - [MESSAGE][PASSED] - Object: 'Object Repository/TC05-PaymentSection/Payments' is clicked on

2019-04-30 14:36:21 - [TEST_STEP][PASSED] - delay(5): Delayed 5 second(s)

2019-04-30 14:36:26 - [MESSAGE][PASSED] - Delayed 5 second(s)

2019-04-30 14:36:26 - [TEST_STEP][PASSED] - click(findTestObject("TC05-PaymentSection/Cash and Cheque Payments")): Object: 'Object Repository/TC05-PaymentSection/Cash and Cheque Payments' is clicked on

2019-04-30 14:36:28 - [MESSAGE][PASSED] - Object: 'Object Repository/TC05-PaymentSection/Cash and Cheque Payments' is clicked on

2019-04-30 14:36:28 - [TEST_STEP][PASSED] - delay(5): Delayed 5 second(s)

2019-04-30 14:36:33 - [MESSAGE][PASSED] - Delayed 5 second(s)

2019-04-30 14:36:33 - [TEST_STEP][PASSED] - setText(findTestObject("TC05-PaymentSection/PolicyNoSearchBox"), Policy_No_Search): Text 'DASD/POLICY/002993' is set on object 'Object Repository/TC05-PaymentSection/PolicyNoSearchBox'

2019-04-30 14:36:33 - [MESSAGE][PASSED] - Text 'DASD/POLICY/002993' is set on object 'Object Repository/TC05-PaymentSection/PolicyNoSearchBox'

2019-04-30 14:36:33 - [TEST_STEP][PASSED] - sendKeys(findTestObject("TC05-PaymentSection/PolicyNoSearchBox"), Keys.chord(ENTER)): Keys 'ENTER + ' sent to object: 'Object Repository/TC05-PaymentSection/PolicyNoSearchBox'

2019-04-30 14:36:33 - [MESSAGE][PASSED] - Keys 'ENTER + ' sent to object: 'Object Repository/TC05-PaymentSection/PolicyNoSearchBox'

2019-04-30 14:36:33 - [TEST_STEP][PASSED] - delay(5): Delayed 5 second(s)

2019-04-30 14:36:38 - [MESSAGE][PASSED] - Delayed 5 second(s)

2019-04-30 14:36:38 - [TEST_STEP][PASSED] - click(findTestObject("TC05-PaymentSection/EditPaymentListing")): Object: 'Object Repository/TC05-PaymentSection/EditPaymentListing' is clicked on

2019-04-30 14:36:38 - [MESSAGE][PASSED] - Object: 'Object Repository/TC05-PaymentSection/EditPaymentListing' is clicked on

2019-04-30 14:36:38 - [TEST_STEP][PASSED] - setText(findTestObject("TC05-PaymentSection/Note"), "This is Testing Only"): Text 'This is Testing Only' is set on object 'Object Repository/TC05-PaymentSection/Note'

2019-04-30 14:36:40 - [MESSAGE][PASSED] - Text 'This is Testing Only' is set on object 'Object Repository/TC05-PaymentSection/Note'

2019-04-30 14:36:40 - [TEST_STEP][PASSED] - selectOptionByLabel(findTestObject("TC05-PaymentSection/TransactionStatus"), "Paid", false): All options with label 'Paid' are selected in object 'Object Repository/TC05-PaymentSection/TransactionStatus' 

2019-04-30 14:36:40 - [MESSAGE][PASSED] - All options with label 'Paid' are selected in object 'Object Repository/TC05-PaymentSection/TransactionStatus' 

2019-04-30 14:36:40 - [TEST_STEP][PASSED] - click(findTestObject("TC05-PaymentSection/SaveButton")): Object: 'Object Repository/TC05-PaymentSection/SaveButton' is clicked on

2019-04-30 14:36:41 - [MESSAGE][PASSED] - Object: 'Object Repository/TC05-PaymentSection/SaveButton' is clicked on

2019-04-30 14:36:41 - [TEST_STEP][PASSED] - delay(5): Delayed 5 second(s)

2019-04-30 14:36:46 - [MESSAGE][PASSED] - Delayed 5 second(s)]]></system-out>
         <system-err><![CDATA[]]></system-err>
      </testcase>
      <system-out><![CDATA[2019-04-30 14:35:59 - [TEST_SUITE][PASSED] - PolicyCreation: Test Cases/TC05-PaymentSection]]></system-out>
      <system-err><![CDATA[]]></system-err>
   </testsuite>
</testsuites>
