<?xml version="1.0" encoding="UTF-8"?>
<testsuites name="PolicyCreation" time="336" tests="5" failures="0" errors="0">
   <testsuite name="PolicyCreation" tests="5" failures="0" errors="0" time="336" timestamp="2019-04-17 11:47:35" hostname="dipak - DIPAKDAS-PC.indusnettechnologies.com" id="Test Suites/CreatePolicy/PolicyCreation">
      <properties>
         <property name="deviceName" value=""/>
         <property name="devicePlatform" value=""/>
         <property name="logFolder" value="E:\\MarkitCore\\CoreApplication\\Reports\\CreatePolicy\\PolicyCreation\\20190417_114728"/>
         <property name="logFiles" value="E:\\MarkitCore\\CoreApplication\\Reports\\CreatePolicy\\PolicyCreation\\20190417_114728\\execution0.log"/>
         <property name="attachments" value=""/>
         <property name="hostName" value="dipak - DIPAKDAS-PC.indusnettechnologies.com"/>
         <property name="os" value="Windows 7 32bit"/>
         <property name="katalonVersion" value="6.0.5.4"/>
         <property name="browser" value="Chrome 73.0.3683.103"/>
         <property name="hostAddress" value="10.0.12.237"/>
         <property name="sessionId" value="71ea78907c4fe9ead307e028a7b90736"/>
         <property name="seleniumVersion" value="3.7.1"/>
         <property name="proxyInformation" value="ProxyInformation{proxyOption=NO_PROXY, proxyServerType=HTTP, password=, proxyServerAddress=, proxyServerPort=0}"/>
         <property name="platform" value="Windows 7"/>
      </properties>
      <testcase name="Test Cases/TC01-LoginApplication" classname="Test Cases/TC01-LoginApplication" status="PASSED">
         <system-out><![CDATA[2019-04-17 11:47:51 - [TEST_CASE][PASSED] - Test Cases/TC01-LoginApplication: Test Cases/TC01-LoginApplication

2019-04-17 11:47:51 - [TEST_STEP][NOT_RUN] - openBrowser(""): NOT_RUN: openBrowser("")

2019-04-17 11:47:51 - [MESSAGE][NOT_RUN] - NOT_RUN: openBrowser("")

2019-04-17 11:47:51 - [TEST_STEP][NOT_RUN] - navigateToUrl("https://dev.offshoresoftwaresolutions.net/markit_coreV2/Sites/CoreTest/login/admin_display"): NOT_RUN: navigateToUrl("https://dev.offshoresoftwaresolutions.net/markit_coreV2/Sites/CoreTest/login/admin_display")

2019-04-17 11:47:51 - [MESSAGE][NOT_RUN] - NOT_RUN: navigateToUrl("https://dev.offshoresoftwaresolutions.net/markit_coreV2/Sites/CoreTest/login/admin_display")

2019-04-17 11:47:51 - [TEST_STEP][PASSED] - setText(findTestObject("Object Repository/TC-LoginApplication/Page_Markit core new  Login/input_Login to your account_username"), "dDasTester"): Text 'dDasTester' is set on object 'Object Repository/TC-LoginApplication/Page_Markit core new  Login/input_Login to your account_username'

2019-04-17 11:47:52 - [MESSAGE][PASSED] - Text 'dDasTester' is set on object 'Object Repository/TC-LoginApplication/Page_Markit core new  Login/input_Login to your account_username'

2019-04-17 11:47:52 - [TEST_STEP][PASSED] - setText(findTestObject("Object Repository/TC-LoginApplication/Page_Markit core new  Login/input_Login to your account_password"), "Czybm6R*"): Text 'Czybm6R*' is set on object 'Object Repository/TC-LoginApplication/Page_Markit core new  Login/input_Login to your account_password'

2019-04-17 11:47:52 - [MESSAGE][PASSED] - Text 'Czybm6R*' is set on object 'Object Repository/TC-LoginApplication/Page_Markit core new  Login/input_Login to your account_password'

2019-04-17 11:47:52 - [TEST_STEP][PASSED] - delay(4, STOP_ON_FAILURE): Delayed 4 second(s)

2019-04-17 11:47:56 - [MESSAGE][PASSED] - Delayed 4 second(s)

2019-04-17 11:47:56 - [TEST_STEP][NOT_RUN] - maximizeWindow(): NOT_RUN: maximizeWindow()

2019-04-17 11:47:56 - [MESSAGE][NOT_RUN] - NOT_RUN: maximizeWindow()

2019-04-17 11:47:56 - [TEST_STEP][PASSED] - click(findTestObject("Object Repository/TC-LoginApplication/Page_Markit core new  Login/button_Login")): Object: 'Object Repository/TC-LoginApplication/Page_Markit core new  Login/button_Login' is clicked on

2019-04-17 11:48:01 - [MESSAGE][PASSED] - Object: 'Object Repository/TC-LoginApplication/Page_Markit core new  Login/button_Login' is clicked on

2019-04-17 11:48:01 - [TEST_STEP][NOT_RUN] - log = new com.kms.katalon.core.logging.KeywordLogger(): NOT_RUN: log = new com.kms.katalon.core.logging.KeywordLogger()

2019-04-17 11:48:01 - [MESSAGE][NOT_RUN] - NOT_RUN: log = new com.kms.katalon.core.logging.KeywordLogger()

2019-04-17 11:48:01 - [TEST_STEP][NOT_RUN] - log.logInfo(“Dipak”): NOT_RUN: log.logInfo(“Dipak”)

2019-04-17 11:48:01 - [MESSAGE][NOT_RUN] - NOT_RUN: log.logInfo(“Dipak”)]]></system-out>
         <system-err><![CDATA[]]></system-err>
      </testcase>
      <testcase name="Test Cases/TC03-MTA" classname="Test Cases/TC03-MTA" status="PASSED">
         <system-out><![CDATA[2019-04-17 11:48:01 - [TEST_CASE][PASSED] - Test Cases/TC03-MTA: Test Cases/TC03-MTA

2019-04-17 11:48:02 - [TEST_STEP][PASSED] - log = new com.kms.katalon.core.logging.KeywordLogger(): null

2019-04-17 11:48:02 - [TEST_STEP][PASSED] - waitForJQueryLoad(5): jQuery is ready.

2019-04-17 11:48:02 - [MESSAGE][PASSED] - jQuery is ready.

2019-04-17 11:48:02 - [TEST_STEP][PASSED] - click(findTestObject("TC03-MTA/PolicyRecord")): Object: 'Object Repository/TC03-MTA/PolicyRecord' is clicked on

2019-04-17 11:48:03 - [MESSAGE][PASSED] - Object: 'Object Repository/TC03-MTA/PolicyRecord' is clicked on

2019-04-17 11:48:03 - [TEST_STEP][PASSED] - waitForJQueryLoad(5): jQuery is ready.

2019-04-17 11:48:05 - [MESSAGE][PASSED] - jQuery is ready.

2019-04-17 11:48:05 - [TEST_STEP][NOT_RUN] - setText(findTestObject("TC03-MTA/SearchFields"), PolicyNo_Global): NOT_RUN: setText(findTestObject("TC03-MTA/SearchFields"), PolicyNo_Global)

2019-04-17 11:48:05 - [MESSAGE][NOT_RUN] - NOT_RUN: setText(findTestObject("TC03-MTA/SearchFields"), PolicyNo_Global)

2019-04-17 11:48:05 - [TEST_STEP][PASSED] - setText(findTestObject("TC03-MTA/SearchFields"), MTA_PolicyNo): Text 'DASD/POLICY/002873' is set on object 'Object Repository/TC03-MTA/SearchFields'

2019-04-17 11:48:05 - [MESSAGE][PASSED] - Text 'DASD/POLICY/002873' is set on object 'Object Repository/TC03-MTA/SearchFields'

2019-04-17 11:48:05 - [TEST_STEP][PASSED] - delay(4, STOP_ON_FAILURE): Delayed 4 second(s)

2019-04-17 11:48:09 - [MESSAGE][PASSED] - Delayed 4 second(s)

2019-04-17 11:48:09 - [TEST_STEP][PASSED] - sendKeys(findTestObject("TC03-MTA/SearchFields"), Keys.chord(ENTER)): Keys 'ENTER + ' sent to object: 'Object Repository/TC03-MTA/SearchFields'

2019-04-17 11:48:09 - [MESSAGE][PASSED] - Keys 'ENTER + ' sent to object: 'Object Repository/TC03-MTA/SearchFields'

2019-04-17 11:48:09 - [TEST_STEP][PASSED] - delay(5): Delayed 5 second(s)

2019-04-17 11:48:14 - [MESSAGE][PASSED] - Delayed 5 second(s)

2019-04-17 11:48:14 - [TEST_STEP][PASSED] - click(findTestObject("TC03-MTA/ClickEdit")): Object: 'Object Repository/TC03-MTA/ClickEdit' is clicked on

2019-04-17 11:48:19 - [MESSAGE][PASSED] - Object: 'Object Repository/TC03-MTA/ClickEdit' is clicked on

2019-04-17 11:48:19 - [TEST_STEP][PASSED] - delay(2): Delayed 2 second(s)

2019-04-17 11:48:21 - [MESSAGE][PASSED] - Delayed 2 second(s)

2019-04-17 11:48:21 - [TEST_STEP][PASSED] - click(findTestObject("TC03-MTA/MTA TAB")): Object: 'Object Repository/TC03-MTA/MTA TAB' is clicked on

2019-04-17 11:48:22 - [MESSAGE][PASSED] - Object: 'Object Repository/TC03-MTA/MTA TAB' is clicked on

2019-04-17 11:48:22 - [TEST_STEP][PASSED] - waitForJQueryLoad(5): jQuery is ready.

2019-04-17 11:48:22 - [MESSAGE][PASSED] - jQuery is ready.

2019-04-17 11:48:22 - [TEST_STEP][PASSED] - click(findTestObject("TC03-MTA/GO BUTTON")): Object: 'Object Repository/TC03-MTA/GO BUTTON' is clicked on

2019-04-17 11:48:30 - [MESSAGE][PASSED] - Object: 'Object Repository/TC03-MTA/GO BUTTON' is clicked on

2019-04-17 11:48:30 - [TEST_STEP][PASSED] - waitForJQueryLoad(5): jQuery is ready.

2019-04-17 11:48:31 - [MESSAGE][PASSED] - jQuery is ready.

2019-04-17 11:48:31 - [TEST_STEP][PASSED] - selectOptionByLabel(findTestObject("TC03-MTA/MTA Resons Type"), "Reason Description MTA", false): All options with label 'Reason Description MTA' are selected in object 'Object Repository/TC03-MTA/MTA Resons Type' 

2019-04-17 11:48:31 - [MESSAGE][PASSED] - All options with label 'Reason Description MTA' are selected in object 'Object Repository/TC03-MTA/MTA Resons Type' 

2019-04-17 11:48:31 - [TEST_STEP][PASSED] - setText(findTestObject("TC03-MTA/MTAReasonTextArea"), "Only For Testing Purpose."): Text 'Only For Testing Purpose.' is set on object 'Object Repository/TC03-MTA/MTAReasonTextArea'

2019-04-17 11:48:31 - [MESSAGE][PASSED] - Text 'Only For Testing Purpose.' is set on object 'Object Repository/TC03-MTA/MTAReasonTextArea'

2019-04-17 11:48:31 - [TEST_STEP][PASSED] - delay(5): Delayed 5 second(s)

2019-04-17 11:48:36 - [MESSAGE][PASSED] - Delayed 5 second(s)

2019-04-17 11:48:36 - [TEST_STEP][PASSED] - click(findTestObject("TC03-MTA/MTAResonsSaveButton")): Object: 'Object Repository/TC03-MTA/MTAResonsSaveButton' is clicked on

2019-04-17 11:48:39 - [MESSAGE][PASSED] - Object: 'Object Repository/TC03-MTA/MTAResonsSaveButton' is clicked on

2019-04-17 11:48:39 - [TEST_STEP][PASSED] - delay(4): Delayed 4 second(s)

2019-04-17 11:48:43 - [MESSAGE][PASSED] - Delayed 4 second(s)

2019-04-17 11:48:43 - [TEST_STEP][PASSED] - click(findTestObject("TC03-MTA/EditRiskItemListing")): Object: 'Object Repository/TC03-MTA/EditRiskItemListing' is clicked on

2019-04-17 11:48:46 - [MESSAGE][PASSED] - Object: 'Object Repository/TC03-MTA/EditRiskItemListing' is clicked on

2019-04-17 11:48:46 - [TEST_STEP][PASSED] - selectOptionByLabel(findTestObject("TC-CreatePolicy/RiskDetails/Type"), "Duplex", false): All options with label 'Duplex' are selected in object 'Object Repository/TC-CreatePolicy/RiskDetails/Type' 

2019-04-17 11:48:46 - [MESSAGE][PASSED] - All options with label 'Duplex' are selected in object 'Object Repository/TC-CreatePolicy/RiskDetails/Type' 

2019-04-17 11:48:46 - [TEST_STEP][PASSED] - clearText(findTestObject("TC-CreatePolicy/RiskDetails/SumInsurreTextBox")): Text of object 'Object Repository/TC-CreatePolicy/RiskDetails/SumInsurreTextBox' is cleared

2019-04-17 11:48:46 - [MESSAGE][PASSED] - Text of object 'Object Repository/TC-CreatePolicy/RiskDetails/SumInsurreTextBox' is cleared

2019-04-17 11:48:46 - [TEST_STEP][PASSED] - setText(findTestObject("TC-CreatePolicy/RiskDetails/SumInsurreTextBox"), "4000"): Text '4000' is set on object 'Object Repository/TC-CreatePolicy/RiskDetails/SumInsurreTextBox'

2019-04-17 11:48:46 - [MESSAGE][PASSED] - Text '4000' is set on object 'Object Repository/TC-CreatePolicy/RiskDetails/SumInsurreTextBox'

2019-04-17 11:48:46 - [TEST_STEP][PASSED] - clearText(findTestObject("TC-CreatePolicy/RiskDetails/RoomNo")): Text of object 'Object Repository/TC-CreatePolicy/RiskDetails/RoomNo' is cleared

2019-04-17 11:48:46 - [MESSAGE][PASSED] - Text of object 'Object Repository/TC-CreatePolicy/RiskDetails/RoomNo' is cleared

2019-04-17 11:48:46 - [TEST_STEP][PASSED] - setText(findTestObject("TC-CreatePolicy/RiskDetails/RoomNo"), "2"): Text '2' is set on object 'Object Repository/TC-CreatePolicy/RiskDetails/RoomNo'

2019-04-17 11:48:47 - [MESSAGE][PASSED] - Text '2' is set on object 'Object Repository/TC-CreatePolicy/RiskDetails/RoomNo'

2019-04-17 11:48:47 - [TEST_STEP][PASSED] - clearText(findTestObject("TC-CreatePolicy/RiskDetails/ContentSumInsure")): Text of object 'Object Repository/TC-CreatePolicy/RiskDetails/ContentSumInsure' is cleared

2019-04-17 11:48:47 - [MESSAGE][PASSED] - Text of object 'Object Repository/TC-CreatePolicy/RiskDetails/ContentSumInsure' is cleared

2019-04-17 11:48:47 - [TEST_STEP][PASSED] - setText(findTestObject("TC-CreatePolicy/RiskDetails/ContentSumInsure"), "2000"): Text '2000' is set on object 'Object Repository/TC-CreatePolicy/RiskDetails/ContentSumInsure'

2019-04-17 11:48:47 - [MESSAGE][PASSED] - Text '2000' is set on object 'Object Repository/TC-CreatePolicy/RiskDetails/ContentSumInsure'

2019-04-17 11:48:47 - [TEST_STEP][PASSED] - click(findTestObject("TC03-MTA/MTASaveButton")): Object: 'Object Repository/TC03-MTA/MTASaveButton' is clicked on

2019-04-17 11:48:56 - [MESSAGE][PASSED] - Object: 'Object Repository/TC03-MTA/MTASaveButton' is clicked on

2019-04-17 11:48:56 - [TEST_STEP][PASSED] - waitForJQueryLoad(5): jQuery is ready.

2019-04-17 11:48:57 - [MESSAGE][PASSED] - jQuery is ready.

2019-04-17 11:48:57 - [TEST_STEP][PASSED] - delay(5): Delayed 5 second(s)

2019-04-17 11:49:02 - [MESSAGE][PASSED] - Delayed 5 second(s)

2019-04-17 11:49:02 - [TEST_STEP][PASSED] - APRPValue = getAttribute(findTestObject("TC03-MTA/APandRPValue"), "value"): Attribute 'value' of object 'Object Repository/TC03-MTA/APandRPValue' is: '330.00'

2019-04-17 11:49:02 - [MESSAGE][PASSED] - Attribute 'value' of object 'Object Repository/TC03-MTA/APandRPValue' is: '330.00'

2019-04-17 11:49:02 - [TEST_STEP][PASSED] - out.println(APRPValue): null

2019-04-17 11:49:02 - [TEST_STEP][NOT_RUN] - click(findTestObject("TC03-MTA/EmailQuoteButtonClick")): NOT_RUN: click(findTestObject("TC03-MTA/EmailQuoteButtonClick"))

2019-04-17 11:49:02 - [MESSAGE][NOT_RUN] - NOT_RUN: click(findTestObject("TC03-MTA/EmailQuoteButtonClick"))

2019-04-17 11:49:02 - [TEST_STEP][NOT_RUN] - delay(5): NOT_RUN: delay(5)

2019-04-17 11:49:02 - [MESSAGE][NOT_RUN] - NOT_RUN: delay(5)

2019-04-17 11:49:02 - [TEST_STEP][PASSED] - click(findTestObject("TC03-MTA/Complete")): Object: 'Object Repository/TC03-MTA/Complete' is clicked on

2019-04-17 11:49:04 - [MESSAGE][PASSED] - Object: 'Object Repository/TC03-MTA/Complete' is clicked on

2019-04-17 11:49:04 - [TEST_STEP][PASSED] - delay(5): Delayed 5 second(s)

2019-04-17 11:49:09 - [MESSAGE][PASSED] - Delayed 5 second(s)

2019-04-17 11:49:09 - [TEST_STEP][PASSED] - click(findTestObject("TC-CreatePolicy/PaymentDetails/PaymentMethods")): Object: 'Object Repository/TC-CreatePolicy/PaymentDetails/PaymentMethods' is clicked on

2019-04-17 11:49:09 - [MESSAGE][PASSED] - Object: 'Object Repository/TC-CreatePolicy/PaymentDetails/PaymentMethods' is clicked on

2019-04-17 11:49:09 - [TEST_STEP][PASSED] - selectOptionByLabel(findTestObject("TC-CreatePolicy/PaymentDetails/SelectNoOfInstallment"), "1", false): All options with label '1' are selected in object 'Object Repository/TC-CreatePolicy/PaymentDetails/SelectNoOfInstallment' 

2019-04-17 11:49:09 - [MESSAGE][PASSED] - All options with label '1' are selected in object 'Object Repository/TC-CreatePolicy/PaymentDetails/SelectNoOfInstallment' 

2019-04-17 11:49:09 - [TEST_STEP][PASSED] - delay(5, STOP_ON_FAILURE): Delayed 5 second(s)

2019-04-17 11:49:14 - [MESSAGE][PASSED] - Delayed 5 second(s)

2019-04-17 11:49:14 - [TEST_STEP][PASSED] - click(findTestObject("TC-CreatePolicy/PaymentDetails/ConfirmPaymentType")): Object: 'Object Repository/TC-CreatePolicy/PaymentDetails/ConfirmPaymentType' is clicked on

2019-04-17 11:49:15 - [MESSAGE][PASSED] - Object: 'Object Repository/TC-CreatePolicy/PaymentDetails/ConfirmPaymentType' is clicked on

2019-04-17 11:49:15 - [TEST_STEP][PASSED] - waitForJQueryLoad(5): jQuery is ready.

2019-04-17 11:49:15 - [MESSAGE][PASSED] - jQuery is ready.

2019-04-17 11:49:15 - [TEST_STEP][PASSED] - delay(3): Delayed 3 second(s)

2019-04-17 11:49:18 - [MESSAGE][PASSED] - Delayed 3 second(s)

2019-04-17 11:49:18 - [TEST_STEP][PASSED] - setText(findTestObject("TC-CreatePolicy/PaymentDetails/EmailText"), "dipak.das@mailinator.com"): Text 'dipak.das@mailinator.com' is set on object 'Object Repository/TC-CreatePolicy/PaymentDetails/EmailText'

2019-04-17 11:49:19 - [MESSAGE][PASSED] - Text 'dipak.das@mailinator.com' is set on object 'Object Repository/TC-CreatePolicy/PaymentDetails/EmailText'

2019-04-17 11:49:19 - [TEST_STEP][PASSED] - scrollToElement(findTestObject("TC03-MTA/SendEmail"), 5): Scroll to object 'Object Repository/TC03-MTA/SendEmail' successfully

2019-04-17 11:49:19 - [MESSAGE][PASSED] - Scroll to object 'Object Repository/TC03-MTA/SendEmail' successfully

2019-04-17 11:49:19 - [TEST_STEP][PASSED] - delay(4): Delayed 4 second(s)

2019-04-17 11:49:23 - [MESSAGE][PASSED] - Delayed 4 second(s)

2019-04-17 11:49:23 - [TEST_STEP][PASSED] - click(findTestObject("TC03-MTA/SendEmail")): Object: 'Object Repository/TC03-MTA/SendEmail' is clicked on

2019-04-17 11:49:23 - [MESSAGE][PASSED] - Object: 'Object Repository/TC03-MTA/SendEmail' is clicked on

2019-04-17 11:49:23 - [TEST_STEP][PASSED] - delay(5): Delayed 5 second(s)

2019-04-17 11:49:28 - [MESSAGE][PASSED] - Delayed 5 second(s)

2019-04-17 11:49:28 - [TEST_STEP][PASSED] - log.logInfo(PolicyNo_Global): 

2019-04-17 11:49:28 - [MESSAGE][INFO] -]]></system-out>
         <system-err><![CDATA[]]></system-err>
      </testcase>
      <testcase name="Test Cases/TC03-MTA" classname="Test Cases/TC03-MTA" status="PASSED">
         <system-out><![CDATA[2019-04-17 11:49:28 - [TEST_CASE][PASSED] - Test Cases/TC03-MTA: Test Cases/TC03-MTA

2019-04-17 11:49:28 - [TEST_STEP][PASSED] - log = new com.kms.katalon.core.logging.KeywordLogger(): null

2019-04-17 11:49:28 - [TEST_STEP][PASSED] - waitForJQueryLoad(5): jQuery is ready.

2019-04-17 11:49:30 - [MESSAGE][PASSED] - jQuery is ready.

2019-04-17 11:49:30 - [TEST_STEP][PASSED] - click(findTestObject("TC03-MTA/PolicyRecord")): Object: 'Object Repository/TC03-MTA/PolicyRecord' is clicked on

2019-04-17 11:49:31 - [MESSAGE][PASSED] - Object: 'Object Repository/TC03-MTA/PolicyRecord' is clicked on

2019-04-17 11:49:31 - [TEST_STEP][PASSED] - waitForJQueryLoad(5): jQuery is ready.

2019-04-17 11:49:32 - [MESSAGE][PASSED] - jQuery is ready.

2019-04-17 11:49:32 - [TEST_STEP][NOT_RUN] - setText(findTestObject("TC03-MTA/SearchFields"), PolicyNo_Global): NOT_RUN: setText(findTestObject("TC03-MTA/SearchFields"), PolicyNo_Global)

2019-04-17 11:49:32 - [MESSAGE][NOT_RUN] - NOT_RUN: setText(findTestObject("TC03-MTA/SearchFields"), PolicyNo_Global)

2019-04-17 11:49:32 - [TEST_STEP][PASSED] - setText(findTestObject("TC03-MTA/SearchFields"), MTA_PolicyNo): Text 'DASD/POLICY/002875' is set on object 'Object Repository/TC03-MTA/SearchFields'

2019-04-17 11:49:32 - [MESSAGE][PASSED] - Text 'DASD/POLICY/002875' is set on object 'Object Repository/TC03-MTA/SearchFields'

2019-04-17 11:49:32 - [TEST_STEP][PASSED] - delay(4, STOP_ON_FAILURE): Delayed 4 second(s)

2019-04-17 11:49:36 - [MESSAGE][PASSED] - Delayed 4 second(s)

2019-04-17 11:49:36 - [TEST_STEP][PASSED] - sendKeys(findTestObject("TC03-MTA/SearchFields"), Keys.chord(ENTER)): Keys 'ENTER + ' sent to object: 'Object Repository/TC03-MTA/SearchFields'

2019-04-17 11:49:36 - [MESSAGE][PASSED] - Keys 'ENTER + ' sent to object: 'Object Repository/TC03-MTA/SearchFields'

2019-04-17 11:49:36 - [TEST_STEP][PASSED] - delay(5): Delayed 5 second(s)

2019-04-17 11:49:41 - [MESSAGE][PASSED] - Delayed 5 second(s)

2019-04-17 11:49:41 - [TEST_STEP][PASSED] - click(findTestObject("TC03-MTA/ClickEdit")): Object: 'Object Repository/TC03-MTA/ClickEdit' is clicked on

2019-04-17 11:49:42 - [MESSAGE][PASSED] - Object: 'Object Repository/TC03-MTA/ClickEdit' is clicked on

2019-04-17 11:49:42 - [TEST_STEP][PASSED] - delay(2): Delayed 2 second(s)

2019-04-17 11:49:44 - [MESSAGE][PASSED] - Delayed 2 second(s)

2019-04-17 11:49:44 - [TEST_STEP][PASSED] - click(findTestObject("TC03-MTA/MTA TAB")): Object: 'Object Repository/TC03-MTA/MTA TAB' is clicked on

2019-04-17 11:49:46 - [MESSAGE][PASSED] - Object: 'Object Repository/TC03-MTA/MTA TAB' is clicked on

2019-04-17 11:49:46 - [TEST_STEP][PASSED] - waitForJQueryLoad(5): jQuery is ready.

2019-04-17 11:49:47 - [MESSAGE][PASSED] - jQuery is ready.

2019-04-17 11:49:47 - [TEST_STEP][PASSED] - click(findTestObject("TC03-MTA/GO BUTTON")): Object: 'Object Repository/TC03-MTA/GO BUTTON' is clicked on

2019-04-17 11:49:52 - [MESSAGE][PASSED] - Object: 'Object Repository/TC03-MTA/GO BUTTON' is clicked on

2019-04-17 11:49:52 - [TEST_STEP][PASSED] - waitForJQueryLoad(5): jQuery is ready.

2019-04-17 11:49:53 - [MESSAGE][PASSED] - jQuery is ready.

2019-04-17 11:49:53 - [TEST_STEP][PASSED] - selectOptionByLabel(findTestObject("TC03-MTA/MTA Resons Type"), "Reason Description MTA", false): All options with label 'Reason Description MTA' are selected in object 'Object Repository/TC03-MTA/MTA Resons Type' 

2019-04-17 11:49:54 - [MESSAGE][PASSED] - All options with label 'Reason Description MTA' are selected in object 'Object Repository/TC03-MTA/MTA Resons Type' 

2019-04-17 11:49:54 - [TEST_STEP][PASSED] - setText(findTestObject("TC03-MTA/MTAReasonTextArea"), "Only For Testing Purpose."): Text 'Only For Testing Purpose.' is set on object 'Object Repository/TC03-MTA/MTAReasonTextArea'

2019-04-17 11:49:54 - [MESSAGE][PASSED] - Text 'Only For Testing Purpose.' is set on object 'Object Repository/TC03-MTA/MTAReasonTextArea'

2019-04-17 11:49:54 - [TEST_STEP][PASSED] - delay(5): Delayed 5 second(s)

2019-04-17 11:49:59 - [MESSAGE][PASSED] - Delayed 5 second(s)

2019-04-17 11:49:59 - [TEST_STEP][PASSED] - click(findTestObject("TC03-MTA/MTAResonsSaveButton")): Object: 'Object Repository/TC03-MTA/MTAResonsSaveButton' is clicked on

2019-04-17 11:50:02 - [MESSAGE][PASSED] - Object: 'Object Repository/TC03-MTA/MTAResonsSaveButton' is clicked on

2019-04-17 11:50:02 - [TEST_STEP][PASSED] - delay(4): Delayed 4 second(s)

2019-04-17 11:50:06 - [MESSAGE][PASSED] - Delayed 4 second(s)

2019-04-17 11:50:06 - [TEST_STEP][PASSED] - click(findTestObject("TC03-MTA/EditRiskItemListing")): Object: 'Object Repository/TC03-MTA/EditRiskItemListing' is clicked on

2019-04-17 11:50:08 - [MESSAGE][PASSED] - Object: 'Object Repository/TC03-MTA/EditRiskItemListing' is clicked on

2019-04-17 11:50:08 - [TEST_STEP][PASSED] - selectOptionByLabel(findTestObject("TC-CreatePolicy/RiskDetails/Type"), "Duplex", false): All options with label 'Duplex' are selected in object 'Object Repository/TC-CreatePolicy/RiskDetails/Type' 

2019-04-17 11:50:08 - [MESSAGE][PASSED] - All options with label 'Duplex' are selected in object 'Object Repository/TC-CreatePolicy/RiskDetails/Type' 

2019-04-17 11:50:08 - [TEST_STEP][PASSED] - clearText(findTestObject("TC-CreatePolicy/RiskDetails/SumInsurreTextBox")): Text of object 'Object Repository/TC-CreatePolicy/RiskDetails/SumInsurreTextBox' is cleared

2019-04-17 11:50:08 - [MESSAGE][PASSED] - Text of object 'Object Repository/TC-CreatePolicy/RiskDetails/SumInsurreTextBox' is cleared

2019-04-17 11:50:08 - [TEST_STEP][PASSED] - setText(findTestObject("TC-CreatePolicy/RiskDetails/SumInsurreTextBox"), "4000"): Text '4000' is set on object 'Object Repository/TC-CreatePolicy/RiskDetails/SumInsurreTextBox'

2019-04-17 11:50:08 - [MESSAGE][PASSED] - Text '4000' is set on object 'Object Repository/TC-CreatePolicy/RiskDetails/SumInsurreTextBox'

2019-04-17 11:50:08 - [TEST_STEP][PASSED] - clearText(findTestObject("TC-CreatePolicy/RiskDetails/RoomNo")): Text of object 'Object Repository/TC-CreatePolicy/RiskDetails/RoomNo' is cleared

2019-04-17 11:50:09 - [MESSAGE][PASSED] - Text of object 'Object Repository/TC-CreatePolicy/RiskDetails/RoomNo' is cleared

2019-04-17 11:50:09 - [TEST_STEP][PASSED] - setText(findTestObject("TC-CreatePolicy/RiskDetails/RoomNo"), "2"): Text '2' is set on object 'Object Repository/TC-CreatePolicy/RiskDetails/RoomNo'

2019-04-17 11:50:09 - [MESSAGE][PASSED] - Text '2' is set on object 'Object Repository/TC-CreatePolicy/RiskDetails/RoomNo'

2019-04-17 11:50:09 - [TEST_STEP][PASSED] - clearText(findTestObject("TC-CreatePolicy/RiskDetails/ContentSumInsure")): Text of object 'Object Repository/TC-CreatePolicy/RiskDetails/ContentSumInsure' is cleared

2019-04-17 11:50:09 - [MESSAGE][PASSED] - Text of object 'Object Repository/TC-CreatePolicy/RiskDetails/ContentSumInsure' is cleared

2019-04-17 11:50:09 - [TEST_STEP][PASSED] - setText(findTestObject("TC-CreatePolicy/RiskDetails/ContentSumInsure"), "2000"): Text '2000' is set on object 'Object Repository/TC-CreatePolicy/RiskDetails/ContentSumInsure'

2019-04-17 11:50:09 - [MESSAGE][PASSED] - Text '2000' is set on object 'Object Repository/TC-CreatePolicy/RiskDetails/ContentSumInsure'

2019-04-17 11:50:09 - [TEST_STEP][PASSED] - click(findTestObject("TC03-MTA/MTASaveButton")): Object: 'Object Repository/TC03-MTA/MTASaveButton' is clicked on

2019-04-17 11:50:16 - [MESSAGE][PASSED] - Object: 'Object Repository/TC03-MTA/MTASaveButton' is clicked on

2019-04-17 11:50:16 - [TEST_STEP][PASSED] - waitForJQueryLoad(5): jQuery is ready.

2019-04-17 11:50:17 - [MESSAGE][PASSED] - jQuery is ready.

2019-04-17 11:50:17 - [TEST_STEP][PASSED] - delay(5): Delayed 5 second(s)

2019-04-17 11:50:22 - [MESSAGE][PASSED] - Delayed 5 second(s)

2019-04-17 11:50:22 - [TEST_STEP][PASSED] - APRPValue = getAttribute(findTestObject("TC03-MTA/APandRPValue"), "value"): Attribute 'value' of object 'Object Repository/TC03-MTA/APandRPValue' is: '330.00'

2019-04-17 11:50:22 - [MESSAGE][PASSED] - Attribute 'value' of object 'Object Repository/TC03-MTA/APandRPValue' is: '330.00'

2019-04-17 11:50:22 - [TEST_STEP][PASSED] - out.println(APRPValue): null

2019-04-17 11:50:22 - [TEST_STEP][NOT_RUN] - click(findTestObject("TC03-MTA/EmailQuoteButtonClick")): NOT_RUN: click(findTestObject("TC03-MTA/EmailQuoteButtonClick"))

2019-04-17 11:50:22 - [MESSAGE][NOT_RUN] - NOT_RUN: click(findTestObject("TC03-MTA/EmailQuoteButtonClick"))

2019-04-17 11:50:22 - [TEST_STEP][NOT_RUN] - delay(5): NOT_RUN: delay(5)

2019-04-17 11:50:22 - [MESSAGE][NOT_RUN] - NOT_RUN: delay(5)

2019-04-17 11:50:22 - [TEST_STEP][PASSED] - click(findTestObject("TC03-MTA/Complete")): Object: 'Object Repository/TC03-MTA/Complete' is clicked on

2019-04-17 11:50:23 - [MESSAGE][PASSED] - Object: 'Object Repository/TC03-MTA/Complete' is clicked on

2019-04-17 11:50:23 - [TEST_STEP][PASSED] - delay(5): Delayed 5 second(s)

2019-04-17 11:50:28 - [MESSAGE][PASSED] - Delayed 5 second(s)

2019-04-17 11:50:28 - [TEST_STEP][PASSED] - click(findTestObject("TC-CreatePolicy/PaymentDetails/PaymentMethods")): Object: 'Object Repository/TC-CreatePolicy/PaymentDetails/PaymentMethods' is clicked on

2019-04-17 11:50:28 - [MESSAGE][PASSED] - Object: 'Object Repository/TC-CreatePolicy/PaymentDetails/PaymentMethods' is clicked on

2019-04-17 11:50:28 - [TEST_STEP][PASSED] - selectOptionByLabel(findTestObject("TC-CreatePolicy/PaymentDetails/SelectNoOfInstallment"), "1", false): All options with label '1' are selected in object 'Object Repository/TC-CreatePolicy/PaymentDetails/SelectNoOfInstallment' 

2019-04-17 11:50:28 - [MESSAGE][PASSED] - All options with label '1' are selected in object 'Object Repository/TC-CreatePolicy/PaymentDetails/SelectNoOfInstallment' 

2019-04-17 11:50:28 - [TEST_STEP][PASSED] - delay(5, STOP_ON_FAILURE): Delayed 5 second(s)

2019-04-17 11:50:33 - [MESSAGE][PASSED] - Delayed 5 second(s)

2019-04-17 11:50:33 - [TEST_STEP][PASSED] - click(findTestObject("TC-CreatePolicy/PaymentDetails/ConfirmPaymentType")): Object: 'Object Repository/TC-CreatePolicy/PaymentDetails/ConfirmPaymentType' is clicked on

2019-04-17 11:50:33 - [MESSAGE][PASSED] - Object: 'Object Repository/TC-CreatePolicy/PaymentDetails/ConfirmPaymentType' is clicked on

2019-04-17 11:50:33 - [TEST_STEP][PASSED] - waitForJQueryLoad(5): jQuery is ready.

2019-04-17 11:50:34 - [MESSAGE][PASSED] - jQuery is ready.

2019-04-17 11:50:34 - [TEST_STEP][PASSED] - delay(3): Delayed 3 second(s)

2019-04-17 11:50:37 - [MESSAGE][PASSED] - Delayed 3 second(s)

2019-04-17 11:50:37 - [TEST_STEP][PASSED] - setText(findTestObject("TC-CreatePolicy/PaymentDetails/EmailText"), "dipak.das@mailinator.com"): Text 'dipak.das@mailinator.com' is set on object 'Object Repository/TC-CreatePolicy/PaymentDetails/EmailText'

2019-04-17 11:50:37 - [MESSAGE][PASSED] - Text 'dipak.das@mailinator.com' is set on object 'Object Repository/TC-CreatePolicy/PaymentDetails/EmailText'

2019-04-17 11:50:37 - [TEST_STEP][PASSED] - scrollToElement(findTestObject("TC03-MTA/SendEmail"), 5): Scroll to object 'Object Repository/TC03-MTA/SendEmail' successfully

2019-04-17 11:50:37 - [MESSAGE][PASSED] - Scroll to object 'Object Repository/TC03-MTA/SendEmail' successfully

2019-04-17 11:50:37 - [TEST_STEP][PASSED] - delay(4): Delayed 4 second(s)

2019-04-17 11:50:41 - [MESSAGE][PASSED] - Delayed 4 second(s)

2019-04-17 11:50:41 - [TEST_STEP][PASSED] - click(findTestObject("TC03-MTA/SendEmail")): Object: 'Object Repository/TC03-MTA/SendEmail' is clicked on

2019-04-17 11:50:41 - [MESSAGE][PASSED] - Object: 'Object Repository/TC03-MTA/SendEmail' is clicked on

2019-04-17 11:50:41 - [TEST_STEP][PASSED] - delay(5): Delayed 5 second(s)

2019-04-17 11:50:46 - [MESSAGE][PASSED] - Delayed 5 second(s)

2019-04-17 11:50:46 - [TEST_STEP][PASSED] - log.logInfo(PolicyNo_Global): 

2019-04-17 11:50:46 - [MESSAGE][INFO] -]]></system-out>
         <system-err><![CDATA[]]></system-err>
      </testcase>
      <testcase name="Test Cases/TC03-MTA" classname="Test Cases/TC03-MTA" status="PASSED">
         <system-out><![CDATA[2019-04-17 11:50:46 - [TEST_CASE][PASSED] - Test Cases/TC03-MTA: Test Cases/TC03-MTA

2019-04-17 11:50:46 - [TEST_STEP][PASSED] - log = new com.kms.katalon.core.logging.KeywordLogger(): null

2019-04-17 11:50:46 - [TEST_STEP][PASSED] - waitForJQueryLoad(5): jQuery is ready.

2019-04-17 11:50:46 - [MESSAGE][PASSED] - jQuery is ready.

2019-04-17 11:50:46 - [TEST_STEP][PASSED] - click(findTestObject("TC03-MTA/PolicyRecord")): Object: 'Object Repository/TC03-MTA/PolicyRecord' is clicked on

2019-04-17 11:50:47 - [MESSAGE][PASSED] - Object: 'Object Repository/TC03-MTA/PolicyRecord' is clicked on

2019-04-17 11:50:47 - [TEST_STEP][PASSED] - waitForJQueryLoad(5): jQuery is ready.

2019-04-17 11:50:48 - [MESSAGE][PASSED] - jQuery is ready.

2019-04-17 11:50:48 - [TEST_STEP][NOT_RUN] - setText(findTestObject("TC03-MTA/SearchFields"), PolicyNo_Global): NOT_RUN: setText(findTestObject("TC03-MTA/SearchFields"), PolicyNo_Global)

2019-04-17 11:50:48 - [MESSAGE][NOT_RUN] - NOT_RUN: setText(findTestObject("TC03-MTA/SearchFields"), PolicyNo_Global)

2019-04-17 11:50:48 - [TEST_STEP][PASSED] - setText(findTestObject("TC03-MTA/SearchFields"), MTA_PolicyNo): Text '' is set on object 'Object Repository/TC03-MTA/SearchFields'

2019-04-17 11:50:48 - [MESSAGE][PASSED] - Text '' is set on object 'Object Repository/TC03-MTA/SearchFields'

2019-04-17 11:50:48 - [TEST_STEP][PASSED] - delay(4, STOP_ON_FAILURE): Delayed 4 second(s)

2019-04-17 11:50:52 - [MESSAGE][PASSED] - Delayed 4 second(s)

2019-04-17 11:50:52 - [TEST_STEP][PASSED] - sendKeys(findTestObject("TC03-MTA/SearchFields"), Keys.chord(ENTER)): Keys 'ENTER + ' sent to object: 'Object Repository/TC03-MTA/SearchFields'

2019-04-17 11:50:52 - [MESSAGE][PASSED] - Keys 'ENTER + ' sent to object: 'Object Repository/TC03-MTA/SearchFields'

2019-04-17 11:50:52 - [TEST_STEP][PASSED] - delay(5): Delayed 5 second(s)

2019-04-17 11:50:57 - [MESSAGE][PASSED] - Delayed 5 second(s)

2019-04-17 11:50:57 - [TEST_STEP][PASSED] - click(findTestObject("TC03-MTA/ClickEdit")): Object: 'Object Repository/TC03-MTA/ClickEdit' is clicked on

2019-04-17 11:50:58 - [MESSAGE][PASSED] - Object: 'Object Repository/TC03-MTA/ClickEdit' is clicked on

2019-04-17 11:50:58 - [TEST_STEP][PASSED] - delay(2): Delayed 2 second(s)

2019-04-17 11:51:00 - [MESSAGE][PASSED] - Delayed 2 second(s)

2019-04-17 11:51:00 - [TEST_STEP][PASSED] - click(findTestObject("TC03-MTA/MTA TAB")): Object: 'Object Repository/TC03-MTA/MTA TAB' is clicked on

2019-04-17 11:51:01 - [MESSAGE][PASSED] - Object: 'Object Repository/TC03-MTA/MTA TAB' is clicked on

2019-04-17 11:51:01 - [TEST_STEP][PASSED] - waitForJQueryLoad(5): jQuery is ready.

2019-04-17 11:51:02 - [MESSAGE][PASSED] - jQuery is ready.

2019-04-17 11:51:02 - [TEST_STEP][PASSED] - click(findTestObject("TC03-MTA/GO BUTTON")): Object: 'Object Repository/TC03-MTA/GO BUTTON' is clicked on

2019-04-17 11:51:07 - [MESSAGE][PASSED] - Object: 'Object Repository/TC03-MTA/GO BUTTON' is clicked on

2019-04-17 11:51:07 - [TEST_STEP][PASSED] - waitForJQueryLoad(5): jQuery is ready.

2019-04-17 11:51:07 - [MESSAGE][PASSED] - jQuery is ready.

2019-04-17 11:51:07 - [TEST_STEP][PASSED] - selectOptionByLabel(findTestObject("TC03-MTA/MTA Resons Type"), "Reason Description MTA", false): All options with label 'Reason Description MTA' are selected in object 'Object Repository/TC03-MTA/MTA Resons Type' 

2019-04-17 11:51:07 - [MESSAGE][PASSED] - All options with label 'Reason Description MTA' are selected in object 'Object Repository/TC03-MTA/MTA Resons Type' 

2019-04-17 11:51:07 - [TEST_STEP][PASSED] - setText(findTestObject("TC03-MTA/MTAReasonTextArea"), "Only For Testing Purpose."): Text 'Only For Testing Purpose.' is set on object 'Object Repository/TC03-MTA/MTAReasonTextArea'

2019-04-17 11:51:08 - [MESSAGE][PASSED] - Text 'Only For Testing Purpose.' is set on object 'Object Repository/TC03-MTA/MTAReasonTextArea'

2019-04-17 11:51:08 - [TEST_STEP][PASSED] - delay(5): Delayed 5 second(s)

2019-04-17 11:51:13 - [MESSAGE][PASSED] - Delayed 5 second(s)

2019-04-17 11:51:13 - [TEST_STEP][PASSED] - click(findTestObject("TC03-MTA/MTAResonsSaveButton")): Object: 'Object Repository/TC03-MTA/MTAResonsSaveButton' is clicked on

2019-04-17 11:51:14 - [MESSAGE][PASSED] - Object: 'Object Repository/TC03-MTA/MTAResonsSaveButton' is clicked on

2019-04-17 11:51:14 - [TEST_STEP][PASSED] - delay(4): Delayed 4 second(s)

2019-04-17 11:51:18 - [MESSAGE][PASSED] - Delayed 4 second(s)

2019-04-17 11:51:18 - [TEST_STEP][PASSED] - click(findTestObject("TC03-MTA/EditRiskItemListing")): Object: 'Object Repository/TC03-MTA/EditRiskItemListing' is clicked on

2019-04-17 11:51:20 - [MESSAGE][PASSED] - Object: 'Object Repository/TC03-MTA/EditRiskItemListing' is clicked on

2019-04-17 11:51:20 - [TEST_STEP][PASSED] - selectOptionByLabel(findTestObject("TC-CreatePolicy/RiskDetails/Type"), "Duplex", false): All options with label 'Duplex' are selected in object 'Object Repository/TC-CreatePolicy/RiskDetails/Type' 

2019-04-17 11:51:20 - [MESSAGE][PASSED] - All options with label 'Duplex' are selected in object 'Object Repository/TC-CreatePolicy/RiskDetails/Type' 

2019-04-17 11:51:20 - [TEST_STEP][PASSED] - clearText(findTestObject("TC-CreatePolicy/RiskDetails/SumInsurreTextBox")): Text of object 'Object Repository/TC-CreatePolicy/RiskDetails/SumInsurreTextBox' is cleared

2019-04-17 11:51:20 - [MESSAGE][PASSED] - Text of object 'Object Repository/TC-CreatePolicy/RiskDetails/SumInsurreTextBox' is cleared

2019-04-17 11:51:20 - [TEST_STEP][PASSED] - setText(findTestObject("TC-CreatePolicy/RiskDetails/SumInsurreTextBox"), "4000"): Text '4000' is set on object 'Object Repository/TC-CreatePolicy/RiskDetails/SumInsurreTextBox'

2019-04-17 11:51:20 - [MESSAGE][PASSED] - Text '4000' is set on object 'Object Repository/TC-CreatePolicy/RiskDetails/SumInsurreTextBox'

2019-04-17 11:51:20 - [TEST_STEP][PASSED] - clearText(findTestObject("TC-CreatePolicy/RiskDetails/RoomNo")): Text of object 'Object Repository/TC-CreatePolicy/RiskDetails/RoomNo' is cleared

2019-04-17 11:51:20 - [MESSAGE][PASSED] - Text of object 'Object Repository/TC-CreatePolicy/RiskDetails/RoomNo' is cleared

2019-04-17 11:51:20 - [TEST_STEP][PASSED] - setText(findTestObject("TC-CreatePolicy/RiskDetails/RoomNo"), "2"): Text '2' is set on object 'Object Repository/TC-CreatePolicy/RiskDetails/RoomNo'

2019-04-17 11:51:20 - [MESSAGE][PASSED] - Text '2' is set on object 'Object Repository/TC-CreatePolicy/RiskDetails/RoomNo'

2019-04-17 11:51:20 - [TEST_STEP][PASSED] - clearText(findTestObject("TC-CreatePolicy/RiskDetails/ContentSumInsure")): Text of object 'Object Repository/TC-CreatePolicy/RiskDetails/ContentSumInsure' is cleared

2019-04-17 11:51:20 - [MESSAGE][PASSED] - Text of object 'Object Repository/TC-CreatePolicy/RiskDetails/ContentSumInsure' is cleared

2019-04-17 11:51:20 - [TEST_STEP][PASSED] - setText(findTestObject("TC-CreatePolicy/RiskDetails/ContentSumInsure"), "2000"): Text '2000' is set on object 'Object Repository/TC-CreatePolicy/RiskDetails/ContentSumInsure'

2019-04-17 11:51:20 - [MESSAGE][PASSED] - Text '2000' is set on object 'Object Repository/TC-CreatePolicy/RiskDetails/ContentSumInsure'

2019-04-17 11:51:20 - [TEST_STEP][PASSED] - click(findTestObject("TC03-MTA/MTASaveButton")): Object: 'Object Repository/TC03-MTA/MTASaveButton' is clicked on

2019-04-17 11:51:28 - [MESSAGE][PASSED] - Object: 'Object Repository/TC03-MTA/MTASaveButton' is clicked on

2019-04-17 11:51:28 - [TEST_STEP][PASSED] - waitForJQueryLoad(5): jQuery is ready.

2019-04-17 11:51:29 - [MESSAGE][PASSED] - jQuery is ready.

2019-04-17 11:51:29 - [TEST_STEP][PASSED] - delay(5): Delayed 5 second(s)

2019-04-17 11:51:34 - [MESSAGE][PASSED] - Delayed 5 second(s)

2019-04-17 11:51:34 - [TEST_STEP][PASSED] - APRPValue = getAttribute(findTestObject("TC03-MTA/APandRPValue"), "value"): Attribute 'value' of object 'Object Repository/TC03-MTA/APandRPValue' is: '330.00'

2019-04-17 11:51:34 - [MESSAGE][PASSED] - Attribute 'value' of object 'Object Repository/TC03-MTA/APandRPValue' is: '330.00'

2019-04-17 11:51:34 - [TEST_STEP][PASSED] - out.println(APRPValue): null

2019-04-17 11:51:34 - [TEST_STEP][NOT_RUN] - click(findTestObject("TC03-MTA/EmailQuoteButtonClick")): NOT_RUN: click(findTestObject("TC03-MTA/EmailQuoteButtonClick"))

2019-04-17 11:51:34 - [MESSAGE][NOT_RUN] - NOT_RUN: click(findTestObject("TC03-MTA/EmailQuoteButtonClick"))

2019-04-17 11:51:34 - [TEST_STEP][NOT_RUN] - delay(5): NOT_RUN: delay(5)

2019-04-17 11:51:34 - [MESSAGE][NOT_RUN] - NOT_RUN: delay(5)

2019-04-17 11:51:34 - [TEST_STEP][PASSED] - click(findTestObject("TC03-MTA/Complete")): Object: 'Object Repository/TC03-MTA/Complete' is clicked on

2019-04-17 11:51:36 - [MESSAGE][PASSED] - Object: 'Object Repository/TC03-MTA/Complete' is clicked on

2019-04-17 11:51:36 - [TEST_STEP][PASSED] - delay(5): Delayed 5 second(s)

2019-04-17 11:51:41 - [MESSAGE][PASSED] - Delayed 5 second(s)

2019-04-17 11:51:41 - [TEST_STEP][PASSED] - click(findTestObject("TC-CreatePolicy/PaymentDetails/PaymentMethods")): Object: 'Object Repository/TC-CreatePolicy/PaymentDetails/PaymentMethods' is clicked on

2019-04-17 11:51:41 - [MESSAGE][PASSED] - Object: 'Object Repository/TC-CreatePolicy/PaymentDetails/PaymentMethods' is clicked on

2019-04-17 11:51:41 - [TEST_STEP][PASSED] - selectOptionByLabel(findTestObject("TC-CreatePolicy/PaymentDetails/SelectNoOfInstallment"), "1", false): All options with label '1' are selected in object 'Object Repository/TC-CreatePolicy/PaymentDetails/SelectNoOfInstallment' 

2019-04-17 11:51:41 - [MESSAGE][PASSED] - All options with label '1' are selected in object 'Object Repository/TC-CreatePolicy/PaymentDetails/SelectNoOfInstallment' 

2019-04-17 11:51:41 - [TEST_STEP][PASSED] - delay(5, STOP_ON_FAILURE): Delayed 5 second(s)

2019-04-17 11:51:46 - [MESSAGE][PASSED] - Delayed 5 second(s)

2019-04-17 11:51:46 - [TEST_STEP][PASSED] - click(findTestObject("TC-CreatePolicy/PaymentDetails/ConfirmPaymentType")): Object: 'Object Repository/TC-CreatePolicy/PaymentDetails/ConfirmPaymentType' is clicked on

2019-04-17 11:51:46 - [MESSAGE][PASSED] - Object: 'Object Repository/TC-CreatePolicy/PaymentDetails/ConfirmPaymentType' is clicked on

2019-04-17 11:51:46 - [TEST_STEP][PASSED] - waitForJQueryLoad(5): jQuery is ready.

2019-04-17 11:51:46 - [MESSAGE][PASSED] - jQuery is ready.

2019-04-17 11:51:46 - [TEST_STEP][PASSED] - delay(3): Delayed 3 second(s)

2019-04-17 11:51:49 - [MESSAGE][PASSED] - Delayed 3 second(s)

2019-04-17 11:51:49 - [TEST_STEP][PASSED] - setText(findTestObject("TC-CreatePolicy/PaymentDetails/EmailText"), "dipak.das@mailinator.com"): Text 'dipak.das@mailinator.com' is set on object 'Object Repository/TC-CreatePolicy/PaymentDetails/EmailText'

2019-04-17 11:51:49 - [MESSAGE][PASSED] - Text 'dipak.das@mailinator.com' is set on object 'Object Repository/TC-CreatePolicy/PaymentDetails/EmailText'

2019-04-17 11:51:49 - [TEST_STEP][PASSED] - scrollToElement(findTestObject("TC03-MTA/SendEmail"), 5): Scroll to object 'Object Repository/TC03-MTA/SendEmail' successfully

2019-04-17 11:51:49 - [MESSAGE][PASSED] - Scroll to object 'Object Repository/TC03-MTA/SendEmail' successfully

2019-04-17 11:51:49 - [TEST_STEP][PASSED] - delay(4): Delayed 4 second(s)

2019-04-17 11:51:53 - [MESSAGE][PASSED] - Delayed 4 second(s)

2019-04-17 11:51:53 - [TEST_STEP][PASSED] - click(findTestObject("TC03-MTA/SendEmail")): Object: 'Object Repository/TC03-MTA/SendEmail' is clicked on

2019-04-17 11:51:53 - [MESSAGE][PASSED] - Object: 'Object Repository/TC03-MTA/SendEmail' is clicked on

2019-04-17 11:51:53 - [TEST_STEP][PASSED] - delay(5): Delayed 5 second(s)

2019-04-17 11:51:58 - [MESSAGE][PASSED] - Delayed 5 second(s)

2019-04-17 11:51:58 - [TEST_STEP][PASSED] - log.logInfo(PolicyNo_Global): 

2019-04-17 11:51:58 - [MESSAGE][INFO] -]]></system-out>
         <system-err><![CDATA[]]></system-err>
      </testcase>
      <testcase name="Test Cases/TC03-MTA" classname="Test Cases/TC03-MTA" status="PASSED">
         <system-out><![CDATA[2019-04-17 11:51:58 - [TEST_CASE][PASSED] - Test Cases/TC03-MTA: Test Cases/TC03-MTA

2019-04-17 11:51:58 - [TEST_STEP][PASSED] - log = new com.kms.katalon.core.logging.KeywordLogger(): null

2019-04-17 11:51:58 - [TEST_STEP][PASSED] - waitForJQueryLoad(5): jQuery is ready.

2019-04-17 11:51:58 - [MESSAGE][PASSED] - jQuery is ready.

2019-04-17 11:51:58 - [TEST_STEP][PASSED] - click(findTestObject("TC03-MTA/PolicyRecord")): Object: 'Object Repository/TC03-MTA/PolicyRecord' is clicked on

2019-04-17 11:51:59 - [MESSAGE][PASSED] - Object: 'Object Repository/TC03-MTA/PolicyRecord' is clicked on

2019-04-17 11:51:59 - [TEST_STEP][PASSED] - waitForJQueryLoad(5): jQuery is ready.

2019-04-17 11:52:00 - [MESSAGE][PASSED] - jQuery is ready.

2019-04-17 11:52:00 - [TEST_STEP][NOT_RUN] - setText(findTestObject("TC03-MTA/SearchFields"), PolicyNo_Global): NOT_RUN: setText(findTestObject("TC03-MTA/SearchFields"), PolicyNo_Global)

2019-04-17 11:52:00 - [MESSAGE][NOT_RUN] - NOT_RUN: setText(findTestObject("TC03-MTA/SearchFields"), PolicyNo_Global)

2019-04-17 11:52:00 - [TEST_STEP][PASSED] - setText(findTestObject("TC03-MTA/SearchFields"), MTA_PolicyNo): Text '' is set on object 'Object Repository/TC03-MTA/SearchFields'

2019-04-17 11:52:00 - [MESSAGE][PASSED] - Text '' is set on object 'Object Repository/TC03-MTA/SearchFields'

2019-04-17 11:52:00 - [TEST_STEP][PASSED] - delay(4, STOP_ON_FAILURE): Delayed 4 second(s)

2019-04-17 11:52:04 - [MESSAGE][PASSED] - Delayed 4 second(s)

2019-04-17 11:52:04 - [TEST_STEP][PASSED] - sendKeys(findTestObject("TC03-MTA/SearchFields"), Keys.chord(ENTER)): Keys 'ENTER + ' sent to object: 'Object Repository/TC03-MTA/SearchFields'

2019-04-17 11:52:04 - [MESSAGE][PASSED] - Keys 'ENTER + ' sent to object: 'Object Repository/TC03-MTA/SearchFields'

2019-04-17 11:52:04 - [TEST_STEP][PASSED] - delay(5): Delayed 5 second(s)

2019-04-17 11:52:09 - [MESSAGE][PASSED] - Delayed 5 second(s)

2019-04-17 11:52:09 - [TEST_STEP][PASSED] - click(findTestObject("TC03-MTA/ClickEdit")): Object: 'Object Repository/TC03-MTA/ClickEdit' is clicked on

2019-04-17 11:52:10 - [MESSAGE][PASSED] - Object: 'Object Repository/TC03-MTA/ClickEdit' is clicked on

2019-04-17 11:52:10 - [TEST_STEP][PASSED] - delay(2): Delayed 2 second(s)

2019-04-17 11:52:12 - [MESSAGE][PASSED] - Delayed 2 second(s)

2019-04-17 11:52:12 - [TEST_STEP][PASSED] - click(findTestObject("TC03-MTA/MTA TAB")): Object: 'Object Repository/TC03-MTA/MTA TAB' is clicked on

2019-04-17 11:52:13 - [MESSAGE][PASSED] - Object: 'Object Repository/TC03-MTA/MTA TAB' is clicked on

2019-04-17 11:52:13 - [TEST_STEP][PASSED] - waitForJQueryLoad(5): jQuery is ready.

2019-04-17 11:52:14 - [MESSAGE][PASSED] - jQuery is ready.

2019-04-17 11:52:14 - [TEST_STEP][PASSED] - click(findTestObject("TC03-MTA/GO BUTTON")): Object: 'Object Repository/TC03-MTA/GO BUTTON' is clicked on

2019-04-17 11:52:19 - [MESSAGE][PASSED] - Object: 'Object Repository/TC03-MTA/GO BUTTON' is clicked on

2019-04-17 11:52:19 - [TEST_STEP][PASSED] - waitForJQueryLoad(5): jQuery is ready.

2019-04-17 11:52:20 - [MESSAGE][PASSED] - jQuery is ready.

2019-04-17 11:52:20 - [TEST_STEP][PASSED] - selectOptionByLabel(findTestObject("TC03-MTA/MTA Resons Type"), "Reason Description MTA", false): All options with label 'Reason Description MTA' are selected in object 'Object Repository/TC03-MTA/MTA Resons Type' 

2019-04-17 11:52:20 - [MESSAGE][PASSED] - All options with label 'Reason Description MTA' are selected in object 'Object Repository/TC03-MTA/MTA Resons Type' 

2019-04-17 11:52:20 - [TEST_STEP][PASSED] - setText(findTestObject("TC03-MTA/MTAReasonTextArea"), "Only For Testing Purpose."): Text 'Only For Testing Purpose.' is set on object 'Object Repository/TC03-MTA/MTAReasonTextArea'

2019-04-17 11:52:20 - [MESSAGE][PASSED] - Text 'Only For Testing Purpose.' is set on object 'Object Repository/TC03-MTA/MTAReasonTextArea'

2019-04-17 11:52:20 - [TEST_STEP][PASSED] - delay(5): Delayed 5 second(s)

2019-04-17 11:52:25 - [MESSAGE][PASSED] - Delayed 5 second(s)

2019-04-17 11:52:25 - [TEST_STEP][PASSED] - click(findTestObject("TC03-MTA/MTAResonsSaveButton")): Object: 'Object Repository/TC03-MTA/MTAResonsSaveButton' is clicked on

2019-04-17 11:52:27 - [MESSAGE][PASSED] - Object: 'Object Repository/TC03-MTA/MTAResonsSaveButton' is clicked on

2019-04-17 11:52:27 - [TEST_STEP][PASSED] - delay(4): Delayed 4 second(s)

2019-04-17 11:52:31 - [MESSAGE][PASSED] - Delayed 4 second(s)

2019-04-17 11:52:31 - [TEST_STEP][PASSED] - click(findTestObject("TC03-MTA/EditRiskItemListing")): Object: 'Object Repository/TC03-MTA/EditRiskItemListing' is clicked on

2019-04-17 11:52:32 - [MESSAGE][PASSED] - Object: 'Object Repository/TC03-MTA/EditRiskItemListing' is clicked on

2019-04-17 11:52:32 - [TEST_STEP][PASSED] - selectOptionByLabel(findTestObject("TC-CreatePolicy/RiskDetails/Type"), "Duplex", false): All options with label 'Duplex' are selected in object 'Object Repository/TC-CreatePolicy/RiskDetails/Type' 

2019-04-17 11:52:33 - [MESSAGE][PASSED] - All options with label 'Duplex' are selected in object 'Object Repository/TC-CreatePolicy/RiskDetails/Type' 

2019-04-17 11:52:33 - [TEST_STEP][PASSED] - clearText(findTestObject("TC-CreatePolicy/RiskDetails/SumInsurreTextBox")): Text of object 'Object Repository/TC-CreatePolicy/RiskDetails/SumInsurreTextBox' is cleared

2019-04-17 11:52:33 - [MESSAGE][PASSED] - Text of object 'Object Repository/TC-CreatePolicy/RiskDetails/SumInsurreTextBox' is cleared

2019-04-17 11:52:33 - [TEST_STEP][PASSED] - setText(findTestObject("TC-CreatePolicy/RiskDetails/SumInsurreTextBox"), "4000"): Text '4000' is set on object 'Object Repository/TC-CreatePolicy/RiskDetails/SumInsurreTextBox'

2019-04-17 11:52:33 - [MESSAGE][PASSED] - Text '4000' is set on object 'Object Repository/TC-CreatePolicy/RiskDetails/SumInsurreTextBox'

2019-04-17 11:52:33 - [TEST_STEP][PASSED] - clearText(findTestObject("TC-CreatePolicy/RiskDetails/RoomNo")): Text of object 'Object Repository/TC-CreatePolicy/RiskDetails/RoomNo' is cleared

2019-04-17 11:52:33 - [MESSAGE][PASSED] - Text of object 'Object Repository/TC-CreatePolicy/RiskDetails/RoomNo' is cleared

2019-04-17 11:52:33 - [TEST_STEP][PASSED] - setText(findTestObject("TC-CreatePolicy/RiskDetails/RoomNo"), "2"): Text '2' is set on object 'Object Repository/TC-CreatePolicy/RiskDetails/RoomNo'

2019-04-17 11:52:33 - [MESSAGE][PASSED] - Text '2' is set on object 'Object Repository/TC-CreatePolicy/RiskDetails/RoomNo'

2019-04-17 11:52:33 - [TEST_STEP][PASSED] - clearText(findTestObject("TC-CreatePolicy/RiskDetails/ContentSumInsure")): Text of object 'Object Repository/TC-CreatePolicy/RiskDetails/ContentSumInsure' is cleared

2019-04-17 11:52:33 - [MESSAGE][PASSED] - Text of object 'Object Repository/TC-CreatePolicy/RiskDetails/ContentSumInsure' is cleared

2019-04-17 11:52:33 - [TEST_STEP][PASSED] - setText(findTestObject("TC-CreatePolicy/RiskDetails/ContentSumInsure"), "2000"): Text '2000' is set on object 'Object Repository/TC-CreatePolicy/RiskDetails/ContentSumInsure'

2019-04-17 11:52:33 - [MESSAGE][PASSED] - Text '2000' is set on object 'Object Repository/TC-CreatePolicy/RiskDetails/ContentSumInsure'

2019-04-17 11:52:33 - [TEST_STEP][PASSED] - click(findTestObject("TC03-MTA/MTASaveButton")): Object: 'Object Repository/TC03-MTA/MTASaveButton' is clicked on

2019-04-17 11:52:41 - [MESSAGE][PASSED] - Object: 'Object Repository/TC03-MTA/MTASaveButton' is clicked on

2019-04-17 11:52:41 - [TEST_STEP][PASSED] - waitForJQueryLoad(5): jQuery is ready.

2019-04-17 11:52:41 - [MESSAGE][PASSED] - jQuery is ready.

2019-04-17 11:52:41 - [TEST_STEP][PASSED] - delay(5): Delayed 5 second(s)

2019-04-17 11:52:46 - [MESSAGE][PASSED] - Delayed 5 second(s)

2019-04-17 11:52:46 - [TEST_STEP][PASSED] - APRPValue = getAttribute(findTestObject("TC03-MTA/APandRPValue"), "value"): Attribute 'value' of object 'Object Repository/TC03-MTA/APandRPValue' is: '0.00'

2019-04-17 11:52:46 - [MESSAGE][PASSED] - Attribute 'value' of object 'Object Repository/TC03-MTA/APandRPValue' is: '0.00'

2019-04-17 11:52:46 - [TEST_STEP][PASSED] - out.println(APRPValue): null

2019-04-17 11:52:46 - [TEST_STEP][NOT_RUN] - click(findTestObject("TC03-MTA/EmailQuoteButtonClick")): NOT_RUN: click(findTestObject("TC03-MTA/EmailQuoteButtonClick"))

2019-04-17 11:52:46 - [MESSAGE][NOT_RUN] - NOT_RUN: click(findTestObject("TC03-MTA/EmailQuoteButtonClick"))

2019-04-17 11:52:46 - [TEST_STEP][NOT_RUN] - delay(5): NOT_RUN: delay(5)

2019-04-17 11:52:46 - [MESSAGE][NOT_RUN] - NOT_RUN: delay(5)

2019-04-17 11:52:46 - [TEST_STEP][PASSED] - click(findTestObject("TC03-MTA/Complete")): Object: 'Object Repository/TC03-MTA/Complete' is clicked on

2019-04-17 11:52:48 - [MESSAGE][PASSED] - Object: 'Object Repository/TC03-MTA/Complete' is clicked on

2019-04-17 11:52:48 - [TEST_STEP][PASSED] - delay(5): Delayed 5 second(s)

2019-04-17 11:52:53 - [MESSAGE][PASSED] - Delayed 5 second(s)

2019-04-17 11:52:53 - [TEST_STEP][PASSED] - click(findTestObject("TC-CreatePolicy/PaymentDetails/PaymentMethods")): Object: 'Object Repository/TC-CreatePolicy/PaymentDetails/PaymentMethods' is clicked on

2019-04-17 11:52:53 - [MESSAGE][PASSED] - Object: 'Object Repository/TC-CreatePolicy/PaymentDetails/PaymentMethods' is clicked on

2019-04-17 11:52:53 - [TEST_STEP][PASSED] - selectOptionByLabel(findTestObject("TC-CreatePolicy/PaymentDetails/SelectNoOfInstallment"), "1", false): All options with label '1' are selected in object 'Object Repository/TC-CreatePolicy/PaymentDetails/SelectNoOfInstallment' 

2019-04-17 11:52:53 - [MESSAGE][PASSED] - All options with label '1' are selected in object 'Object Repository/TC-CreatePolicy/PaymentDetails/SelectNoOfInstallment' 

2019-04-17 11:52:53 - [TEST_STEP][PASSED] - delay(5, STOP_ON_FAILURE): Delayed 5 second(s)

2019-04-17 11:52:58 - [MESSAGE][PASSED] - Delayed 5 second(s)

2019-04-17 11:52:58 - [TEST_STEP][PASSED] - click(findTestObject("TC-CreatePolicy/PaymentDetails/ConfirmPaymentType")): Object: 'Object Repository/TC-CreatePolicy/PaymentDetails/ConfirmPaymentType' is clicked on

2019-04-17 11:52:58 - [MESSAGE][PASSED] - Object: 'Object Repository/TC-CreatePolicy/PaymentDetails/ConfirmPaymentType' is clicked on

2019-04-17 11:52:58 - [TEST_STEP][PASSED] - waitForJQueryLoad(5): jQuery is ready.

2019-04-17 11:52:58 - [MESSAGE][PASSED] - jQuery is ready.

2019-04-17 11:52:58 - [TEST_STEP][PASSED] - delay(3): Delayed 3 second(s)

2019-04-17 11:53:01 - [MESSAGE][PASSED] - Delayed 3 second(s)

2019-04-17 11:53:01 - [TEST_STEP][PASSED] - setText(findTestObject("TC-CreatePolicy/PaymentDetails/EmailText"), "dipak.das@mailinator.com"): Text 'dipak.das@mailinator.com' is set on object 'Object Repository/TC-CreatePolicy/PaymentDetails/EmailText'

2019-04-17 11:53:02 - [MESSAGE][PASSED] - Text 'dipak.das@mailinator.com' is set on object 'Object Repository/TC-CreatePolicy/PaymentDetails/EmailText'

2019-04-17 11:53:02 - [TEST_STEP][PASSED] - scrollToElement(findTestObject("TC03-MTA/SendEmail"), 5): Scroll to object 'Object Repository/TC03-MTA/SendEmail' successfully

2019-04-17 11:53:02 - [MESSAGE][PASSED] - Scroll to object 'Object Repository/TC03-MTA/SendEmail' successfully

2019-04-17 11:53:02 - [TEST_STEP][PASSED] - delay(4): Delayed 4 second(s)

2019-04-17 11:53:06 - [MESSAGE][PASSED] - Delayed 4 second(s)

2019-04-17 11:53:06 - [TEST_STEP][PASSED] - click(findTestObject("TC03-MTA/SendEmail")): Object: 'Object Repository/TC03-MTA/SendEmail' is clicked on

2019-04-17 11:53:06 - [MESSAGE][PASSED] - Object: 'Object Repository/TC03-MTA/SendEmail' is clicked on

2019-04-17 11:53:06 - [TEST_STEP][PASSED] - delay(5): Delayed 5 second(s)

2019-04-17 11:53:11 - [MESSAGE][PASSED] - Delayed 5 second(s)

2019-04-17 11:53:11 - [TEST_STEP][PASSED] - log.logInfo(PolicyNo_Global): 

2019-04-17 11:53:11 - [MESSAGE][INFO] -]]></system-out>
         <system-err><![CDATA[]]></system-err>
      </testcase>
      <system-out><![CDATA[2019-04-17 11:47:35 - [TEST_SUITE][PASSED] - PolicyCreation: Test Cases/TC03-MTA]]></system-out>
      <system-err><![CDATA[]]></system-err>
   </testsuite>
</testsuites>
