<?xml version="1.0" encoding="UTF-8"?>
<testsuites name="Claim" time="75" tests="2" failures="0" errors="0">
   <testsuite name="Claim" tests="2" failures="0" errors="0" time="75" timestamp="2019-04-25 14:45:43" hostname="dipak - DIPAKDAS-PC.indusnettechnologies.com" id="Test Suites/Claim">
      <properties>
         <property name="deviceName" value=""/>
         <property name="devicePlatform" value=""/>
         <property name="logFolder" value="E:\\MarkitCore\\CoreApplication\\Reports\\Claim\\20190425_144535"/>
         <property name="logFiles" value="E:\\MarkitCore\\CoreApplication\\Reports\\Claim\\20190425_144535\\execution0.log"/>
         <property name="attachments" value=""/>
         <property name="hostName" value="dipak - DIPAKDAS-PC.indusnettechnologies.com"/>
         <property name="os" value="Windows 7 32bit"/>
         <property name="katalonVersion" value="6.0.5.4"/>
         <property name="browser" value="Chrome 74.0.3729.108"/>
         <property name="hostAddress" value="10.0.12.237"/>
         <property name="sessionId" value="8c91f66d60d02bb45b831412a5d3fe11"/>
         <property name="seleniumVersion" value="3.7.1"/>
         <property name="proxyInformation" value="ProxyInformation{proxyOption=NO_PROXY, proxyServerType=HTTP, password=, proxyServerAddress=, proxyServerPort=0}"/>
         <property name="platform" value="Windows 7"/>
      </properties>
      <testcase name="Test Cases/TC01-LoginApplication" classname="Test Cases/TC01-LoginApplication" status="PASSED">
         <system-out><![CDATA[2019-04-25 14:46:15 - [TEST_CASE][PASSED] - Test Cases/TC01-LoginApplication: Test Cases/TC01-LoginApplication

2019-04-25 14:46:16 - [TEST_STEP][NOT_RUN] - openBrowser(""): NOT_RUN: openBrowser("")

2019-04-25 14:46:16 - [MESSAGE][NOT_RUN] - NOT_RUN: openBrowser("")

2019-04-25 14:46:16 - [TEST_STEP][NOT_RUN] - navigateToUrl("https://dev.offshoresoftwaresolutions.net/markit_coreV2/Sites/CoreTest/login/admin_display"): NOT_RUN: navigateToUrl("https://dev.offshoresoftwaresolutions.net/markit_coreV2/Sites/CoreTest/login/admin_display")

2019-04-25 14:46:16 - [MESSAGE][NOT_RUN] - NOT_RUN: navigateToUrl("https://dev.offshoresoftwaresolutions.net/markit_coreV2/Sites/CoreTest/login/admin_display")

2019-04-25 14:46:16 - [TEST_STEP][PASSED] - setText(findTestObject("Object Repository/TC-LoginApplication/Page_Markit core new  Login/input_Login to your account_username"), "dDasTester"): Text 'dDasTester' is set on object 'Object Repository/TC-LoginApplication/Page_Markit core new  Login/input_Login to your account_username'

2019-04-25 14:46:16 - [MESSAGE][PASSED] - Text 'dDasTester' is set on object 'Object Repository/TC-LoginApplication/Page_Markit core new  Login/input_Login to your account_username'

2019-04-25 14:46:16 - [TEST_STEP][PASSED] - setText(findTestObject("Object Repository/TC-LoginApplication/Page_Markit core new  Login/input_Login to your account_password"), "Czybm6R*"): Text 'Czybm6R*' is set on object 'Object Repository/TC-LoginApplication/Page_Markit core new  Login/input_Login to your account_password'

2019-04-25 14:46:16 - [MESSAGE][PASSED] - Text 'Czybm6R*' is set on object 'Object Repository/TC-LoginApplication/Page_Markit core new  Login/input_Login to your account_password'

2019-04-25 14:46:16 - [TEST_STEP][PASSED] - delay(4, STOP_ON_FAILURE): Delayed 4 second(s)

2019-04-25 14:46:20 - [MESSAGE][PASSED] - Delayed 4 second(s)

2019-04-25 14:46:20 - [TEST_STEP][NOT_RUN] - maximizeWindow(): NOT_RUN: maximizeWindow()

2019-04-25 14:46:20 - [MESSAGE][NOT_RUN] - NOT_RUN: maximizeWindow()

2019-04-25 14:46:20 - [TEST_STEP][PASSED] - click(findTestObject("Object Repository/TC-LoginApplication/Page_Markit core new  Login/button_Login")): Object: 'Object Repository/TC-LoginApplication/Page_Markit core new  Login/button_Login' is clicked on

2019-04-25 14:46:33 - [MESSAGE][PASSED] - Object: 'Object Repository/TC-LoginApplication/Page_Markit core new  Login/button_Login' is clicked on

2019-04-25 14:46:33 - [TEST_STEP][NOT_RUN] - log = new com.kms.katalon.core.logging.KeywordLogger(): NOT_RUN: log = new com.kms.katalon.core.logging.KeywordLogger()

2019-04-25 14:46:33 - [MESSAGE][NOT_RUN] - NOT_RUN: log = new com.kms.katalon.core.logging.KeywordLogger()

2019-04-25 14:46:33 - [TEST_STEP][NOT_RUN] - log.logInfo(“Dipak”): NOT_RUN: log.logInfo(“Dipak”)

2019-04-25 14:46:33 - [MESSAGE][NOT_RUN] - NOT_RUN: log.logInfo(“Dipak”)]]></system-out>
         <system-err><![CDATA[]]></system-err>
      </testcase>
      <testcase name="Test Cases/TC10-ClaimManagement" classname="Test Cases/TC10-ClaimManagement" status="PASSED">
         <system-out><![CDATA[2019-04-25 14:46:33 - [TEST_CASE][PASSED] - Test Cases/TC10-ClaimManagement: Test Cases/TC10-ClaimManagement

2019-04-25 14:46:33 - [TEST_STEP][PASSED] - delay(3): Delayed 3 second(s)

2019-04-25 14:46:36 - [MESSAGE][PASSED] - Delayed 3 second(s)

2019-04-25 14:46:36 - [TEST_STEP][PASSED] - click(findTestObject("TC10-Claim/Claims")): Object: 'Object Repository/TC10-Claim/Claims' is clicked on

2019-04-25 14:46:37 - [MESSAGE][PASSED] - Object: 'Object Repository/TC10-Claim/Claims' is clicked on

2019-04-25 14:46:37 - [TEST_STEP][PASSED] - delay(4): Delayed 4 second(s)

2019-04-25 14:46:41 - [MESSAGE][PASSED] - Delayed 4 second(s)

2019-04-25 14:46:41 - [TEST_STEP][PASSED] - click(findTestObject("TC10-Claim/ClaimManagement")): Object: 'Object Repository/TC10-Claim/ClaimManagement' is clicked on

2019-04-25 14:46:43 - [MESSAGE][PASSED] - Object: 'Object Repository/TC10-Claim/ClaimManagement' is clicked on

2019-04-25 14:46:43 - [TEST_STEP][PASSED] - waitForJQueryLoad(5): jQuery is ready.

2019-04-25 14:46:44 - [MESSAGE][PASSED] - jQuery is ready.

2019-04-25 14:46:44 - [TEST_STEP][PASSED] - click(findTestObject("TC10-Claim/AddClaimButton")): Object: 'Object Repository/TC10-Claim/AddClaimButton' is clicked on

2019-04-25 14:46:45 - [MESSAGE][PASSED] - Object: 'Object Repository/TC10-Claim/AddClaimButton' is clicked on

2019-04-25 14:46:45 - [TEST_STEP][PASSED] - waitForJQueryLoad(4): jQuery is ready.

2019-04-25 14:46:46 - [MESSAGE][PASSED] - jQuery is ready.

2019-04-25 14:46:46 - [TEST_STEP][PASSED] - click(findTestObject("TC10-Claim/PolicyRefNo")): Object: 'Object Repository/TC10-Claim/PolicyRefNo' is clicked on

2019-04-25 14:46:46 - [MESSAGE][PASSED] - Object: 'Object Repository/TC10-Claim/PolicyRefNo' is clicked on

2019-04-25 14:46:46 - [TEST_STEP][PASSED] - setText(findTestObject("TC10-Claim/SetPolicyNo"), PolicyNo_Claim): Text 'DASD/POLICY/002887' is set on object 'Object Repository/TC10-Claim/SetPolicyNo'

2019-04-25 14:46:48 - [MESSAGE][PASSED] - Text 'DASD/POLICY/002887' is set on object 'Object Repository/TC10-Claim/SetPolicyNo'

2019-04-25 14:46:48 - [TEST_STEP][PASSED] - delay(2): Delayed 2 second(s)

2019-04-25 14:46:50 - [MESSAGE][PASSED] - Delayed 2 second(s)

2019-04-25 14:46:50 - [TEST_STEP][PASSED] - click(findTestObject("TC10-Claim/FindPolicyButton")): Object: 'Object Repository/TC10-Claim/FindPolicyButton' is clicked on

2019-04-25 14:46:50 - [MESSAGE][PASSED] - Object: 'Object Repository/TC10-Claim/FindPolicyButton' is clicked on

2019-04-25 14:46:50 - [TEST_STEP][PASSED] - click(findTestObject("TC10-Claim/CloseButton")): Object: 'Object Repository/TC10-Claim/CloseButton' is clicked on

2019-04-25 14:46:51 - [MESSAGE][PASSED] - Object: 'Object Repository/TC10-Claim/CloseButton' is clicked on

2019-04-25 14:46:51 - [TEST_STEP][NOT_RUN] - delay(5): NOT_RUN: delay(5)

2019-04-25 14:46:51 - [MESSAGE][NOT_RUN] - NOT_RUN: delay(5)

2019-04-25 14:46:51 - [TEST_STEP][NOT_RUN] - click(findTestObject("TC10-Claim/ClientType")): NOT_RUN: click(findTestObject("TC10-Claim/ClientType"))

2019-04-25 14:46:51 - [MESSAGE][NOT_RUN] - NOT_RUN: click(findTestObject("TC10-Claim/ClientType"))

2019-04-25 14:46:51 - [TEST_STEP][NOT_RUN] - waitForJQueryLoad(5): NOT_RUN: waitForJQueryLoad(5)

2019-04-25 14:46:51 - [MESSAGE][NOT_RUN] - NOT_RUN: waitForJQueryLoad(5)

2019-04-25 14:46:51 - [TEST_STEP][NOT_RUN] - selectOptionByLabel(findTestObject("TC10-Claim/ClientSearch"), "Dipak Das", false): NOT_RUN: selectOptionByLabel(findTestObject("TC10-Claim/ClientSearch"), "Dipak Das", false)

2019-04-25 14:46:51 - [MESSAGE][NOT_RUN] - NOT_RUN: selectOptionByLabel(findTestObject("TC10-Claim/ClientSearch"), "Dipak Das", false)

2019-04-25 14:46:51 - [TEST_STEP][NOT_RUN] - selectOptionByLabel(findTestObject("TC10-Claim/ProductSearch"), "BasicDemoProduct", false): NOT_RUN: selectOptionByLabel(findTestObject("TC10-Claim/ProductSearch"), "BasicDemoProduct", false)

2019-04-25 14:46:51 - [MESSAGE][NOT_RUN] - NOT_RUN: selectOptionByLabel(findTestObject("TC10-Claim/ProductSearch"), "BasicDemoProduct", false)

2019-04-25 14:46:51 - [TEST_STEP][NOT_RUN] - click(findTestObject("TC10-Claim/SearchPolicy")): NOT_RUN: click(findTestObject("TC10-Claim/SearchPolicy"))

2019-04-25 14:46:51 - [MESSAGE][NOT_RUN] - NOT_RUN: click(findTestObject("TC10-Claim/SearchPolicy"))

2019-04-25 14:46:51 - [TEST_STEP][NOT_RUN] - waitForJQueryLoad(5): NOT_RUN: waitForJQueryLoad(5)

2019-04-25 14:46:51 - [MESSAGE][NOT_RUN] - NOT_RUN: waitForJQueryLoad(5)

2019-04-25 14:46:51 - [TEST_STEP][NOT_RUN] - selectOptionByLabel(findTestObject("TC10-Claim/FindPolicyButton"), findTestData("TestData/MTA_PolicyNO").getValue(1, 1), false): NOT_RUN: selectOptionByLabel(findTestObject("TC10-Claim/FindPolicyButton"), findTestData("TestData/MTA_PolicyNO").getValue(1, 1), false)

2019-04-25 14:46:51 - [MESSAGE][NOT_RUN] - NOT_RUN: selectOptionByLabel(findTestObject("TC10-Claim/FindPolicyButton"), findTestData("TestData/MTA_PolicyNO").getValue(1, 1), false)

2019-04-25 14:46:51 - [TEST_STEP][NOT_RUN] - click(findTestObject("TC10-Claim/SelectPolicy")): NOT_RUN: click(findTestObject("TC10-Claim/SelectPolicy"))

2019-04-25 14:46:51 - [MESSAGE][NOT_RUN] - NOT_RUN: click(findTestObject("TC10-Claim/SelectPolicy"))

2019-04-25 14:46:51 - [TEST_STEP][PASSED] - setText(findTestObject("TC10-Claim/ClaimantName"), "Jerry Miller"): Text 'Jerry Miller' is set on object 'Object Repository/TC10-Claim/ClaimantName'

2019-04-25 14:46:51 - [MESSAGE][PASSED] - Text 'Jerry Miller' is set on object 'Object Repository/TC10-Claim/ClaimantName'

2019-04-25 14:46:51 - [TEST_STEP][PASSED] - click(findTestObject("TC10-Claim/ClickDateOfLossFields")): Object: 'Object Repository/TC10-Claim/ClickDateOfLossFields' is clicked on

2019-04-25 14:46:52 - [MESSAGE][PASSED] - Object: 'Object Repository/TC10-Claim/ClickDateOfLossFields' is clicked on

2019-04-25 14:46:52 - [TEST_STEP][PASSED] - selectOptionByLabel(findTestObject("TC10-Claim/DatePickerYear"), "2019", false): All options with label '2019' are selected in object 'Object Repository/TC10-Claim/DatePickerYear' 

2019-04-25 14:46:52 - [MESSAGE][PASSED] - All options with label '2019' are selected in object 'Object Repository/TC10-Claim/DatePickerYear' 

2019-04-25 14:46:52 - [TEST_STEP][PASSED] - selectOptionByLabel(findTestObject("TC10-Claim/DatePickerMonth"), "Apr", false): All options with label 'Apr' are selected in object 'Object Repository/TC10-Claim/DatePickerMonth' 

2019-04-25 14:46:52 - [MESSAGE][PASSED] - All options with label 'Apr' are selected in object 'Object Repository/TC10-Claim/DatePickerMonth' 

2019-04-25 14:46:52 - [TEST_STEP][PASSED] - click(findTestObject("TC10-Claim/DatePickerDay")): Object: 'Object Repository/TC10-Claim/DatePickerDay' is clicked on

2019-04-25 14:46:52 - [MESSAGE][PASSED] - Object: 'Object Repository/TC10-Claim/DatePickerDay' is clicked on

2019-04-25 14:46:52 - [TEST_STEP][PASSED] - delay(5): Delayed 5 second(s)

2019-04-25 14:46:57 - [MESSAGE][PASSED] - Delayed 5 second(s)]]></system-out>
         <system-err><![CDATA[]]></system-err>
      </testcase>
      <system-out><![CDATA[2019-04-25 14:45:43 - [TEST_SUITE][PASSED] - Claim: Test Cases/TC10-ClaimManagement]]></system-out>
      <system-err><![CDATA[]]></system-err>
   </testsuite>
</testsuites>
