<?xml version="1.0" encoding="UTF-8"?>
<testsuites name="Claim" time="88" tests="2" failures="0" errors="0">
   <testsuite name="Claim" tests="2" failures="0" errors="0" time="88" timestamp="2019-04-29 14:26:49" hostname="dipak - DIPAKDAS-PC.indusnettechnologies.com" id="Test Suites/Claim">
      <properties>
         <property name="deviceName" value=""/>
         <property name="devicePlatform" value=""/>
         <property name="logFolder" value="E:\\MarkitCore\\CoreApplication\\Reports\\Claim\\20190429_142647"/>
         <property name="logFiles" value="E:\\MarkitCore\\CoreApplication\\Reports\\Claim\\20190429_142647\\execution0.log"/>
         <property name="attachments" value=""/>
         <property name="hostName" value="dipak - DIPAKDAS-PC.indusnettechnologies.com"/>
         <property name="os" value="Windows 7 32bit"/>
         <property name="katalonVersion" value="6.0.5.4"/>
         <property name="browser" value="Chrome 74.0.3729.108"/>
         <property name="hostAddress" value="10.0.12.237"/>
         <property name="sessionId" value="5bc604bac853a2d78a0fa0d83d0579d3"/>
         <property name="seleniumVersion" value="3.7.1"/>
         <property name="proxyInformation" value="ProxyInformation{proxyOption=NO_PROXY, proxyServerType=HTTP, password=, proxyServerAddress=, proxyServerPort=0}"/>
         <property name="platform" value="Windows 7"/>
      </properties>
      <testcase name="Test Cases/TC01-LoginApplication" classname="Test Cases/TC01-LoginApplication" status="PASSED">
         <system-out><![CDATA[2019-04-29 14:27:05 - [TEST_CASE][PASSED] - Test Cases/TC01-LoginApplication: Test Cases/TC01-LoginApplication

2019-04-29 14:27:05 - [TEST_STEP][NOT_RUN] - openBrowser(""): NOT_RUN: openBrowser("")

2019-04-29 14:27:05 - [MESSAGE][NOT_RUN] - NOT_RUN: openBrowser("")

2019-04-29 14:27:05 - [TEST_STEP][NOT_RUN] - navigateToUrl("https://dev.offshoresoftwaresolutions.net/markit_coreV2/Sites/CoreTest/login/admin_display"): NOT_RUN: navigateToUrl("https://dev.offshoresoftwaresolutions.net/markit_coreV2/Sites/CoreTest/login/admin_display")

2019-04-29 14:27:05 - [MESSAGE][NOT_RUN] - NOT_RUN: navigateToUrl("https://dev.offshoresoftwaresolutions.net/markit_coreV2/Sites/CoreTest/login/admin_display")

2019-04-29 14:27:05 - [TEST_STEP][PASSED] - setText(findTestObject("Object Repository/TC-LoginApplication/Page_Markit core new  Login/input_Login to your account_username"), "dDasTester"): Text 'dDasTester' is set on object 'Object Repository/TC-LoginApplication/Page_Markit core new  Login/input_Login to your account_username'

2019-04-29 14:27:05 - [MESSAGE][PASSED] - Text 'dDasTester' is set on object 'Object Repository/TC-LoginApplication/Page_Markit core new  Login/input_Login to your account_username'

2019-04-29 14:27:05 - [TEST_STEP][PASSED] - setText(findTestObject("Object Repository/TC-LoginApplication/Page_Markit core new  Login/input_Login to your account_password"), "Czybm6R*"): Text 'Czybm6R*' is set on object 'Object Repository/TC-LoginApplication/Page_Markit core new  Login/input_Login to your account_password'

2019-04-29 14:27:05 - [MESSAGE][PASSED] - Text 'Czybm6R*' is set on object 'Object Repository/TC-LoginApplication/Page_Markit core new  Login/input_Login to your account_password'

2019-04-29 14:27:05 - [TEST_STEP][PASSED] - delay(4, STOP_ON_FAILURE): Delayed 4 second(s)

2019-04-29 14:27:10 - [MESSAGE][PASSED] - Delayed 4 second(s)

2019-04-29 14:27:10 - [TEST_STEP][NOT_RUN] - maximizeWindow(): NOT_RUN: maximizeWindow()

2019-04-29 14:27:10 - [MESSAGE][NOT_RUN] - NOT_RUN: maximizeWindow()

2019-04-29 14:27:10 - [TEST_STEP][PASSED] - click(findTestObject("Object Repository/TC-LoginApplication/Page_Markit core new  Login/button_Login")): Object: 'Object Repository/TC-LoginApplication/Page_Markit core new  Login/button_Login' is clicked on

2019-04-29 14:27:17 - [MESSAGE][PASSED] - Object: 'Object Repository/TC-LoginApplication/Page_Markit core new  Login/button_Login' is clicked on

2019-04-29 14:27:17 - [TEST_STEP][NOT_RUN] - log = new com.kms.katalon.core.logging.KeywordLogger(): NOT_RUN: log = new com.kms.katalon.core.logging.KeywordLogger()

2019-04-29 14:27:17 - [MESSAGE][NOT_RUN] - NOT_RUN: log = new com.kms.katalon.core.logging.KeywordLogger()

2019-04-29 14:27:17 - [TEST_STEP][NOT_RUN] - log.logInfo(“Dipak”): NOT_RUN: log.logInfo(“Dipak”)

2019-04-29 14:27:17 - [MESSAGE][NOT_RUN] - NOT_RUN: log.logInfo(“Dipak”)]]></system-out>
         <system-err><![CDATA[]]></system-err>
      </testcase>
      <testcase name="Test Cases/TC10-ClaimManagement" classname="Test Cases/TC10-ClaimManagement" status="PASSED">
         <system-out><![CDATA[2019-04-29 14:27:17 - [TEST_CASE][PASSED] - Test Cases/TC10-ClaimManagement: Test Cases/TC10-ClaimManagement

2019-04-29 14:27:18 - [TEST_STEP][PASSED] - delay(3, STOP_ON_FAILURE): Delayed 3 second(s)

2019-04-29 14:27:21 - [MESSAGE][PASSED] - Delayed 3 second(s)

2019-04-29 14:27:21 - [TEST_STEP][PASSED] - click(findTestObject("TC10-Claim/Claims"), STOP_ON_FAILURE): Object: 'Object Repository/TC10-Claim/Claims' is clicked on

2019-04-29 14:27:21 - [MESSAGE][PASSED] - Object: 'Object Repository/TC10-Claim/Claims' is clicked on

2019-04-29 14:27:21 - [TEST_STEP][PASSED] - delay(4, STOP_ON_FAILURE): Delayed 4 second(s)

2019-04-29 14:27:25 - [MESSAGE][PASSED] - Delayed 4 second(s)

2019-04-29 14:27:25 - [TEST_STEP][PASSED] - click(findTestObject("TC10-Claim/ClaimManagement"), STOP_ON_FAILURE): Object: 'Object Repository/TC10-Claim/ClaimManagement' is clicked on

2019-04-29 14:27:26 - [MESSAGE][PASSED] - Object: 'Object Repository/TC10-Claim/ClaimManagement' is clicked on

2019-04-29 14:27:26 - [TEST_STEP][PASSED] - delay(4): Delayed 4 second(s)

2019-04-29 14:27:30 - [MESSAGE][PASSED] - Delayed 4 second(s)

2019-04-29 14:27:30 - [TEST_STEP][NOT_RUN] - waitForJQueryLoad(5, STOP_ON_FAILURE): NOT_RUN: waitForJQueryLoad(5, STOP_ON_FAILURE)

2019-04-29 14:27:30 - [MESSAGE][NOT_RUN] - NOT_RUN: waitForJQueryLoad(5, STOP_ON_FAILURE)

2019-04-29 14:27:30 - [TEST_STEP][PASSED] - click(findTestObject("TC10-Claim/AddClaimButton"), STOP_ON_FAILURE): Object: 'Object Repository/TC10-Claim/AddClaimButton' is clicked on

2019-04-29 14:27:32 - [MESSAGE][PASSED] - Object: 'Object Repository/TC10-Claim/AddClaimButton' is clicked on

2019-04-29 14:27:32 - [TEST_STEP][PASSED] - delay(3): Delayed 3 second(s)

2019-04-29 14:27:35 - [MESSAGE][PASSED] - Delayed 3 second(s)

2019-04-29 14:27:35 - [TEST_STEP][PASSED] - ClaimRef_No = getAttribute(findTestObject("TC10-Claim/ClaimRefNo"), "value"): Attribute 'value' of object 'Object Repository/TC10-Claim/ClaimRefNo' is: 'CLM0000080'

2019-04-29 14:27:36 - [MESSAGE][PASSED] - Attribute 'value' of object 'Object Repository/TC10-Claim/ClaimRefNo' is: 'CLM0000080'

2019-04-29 14:27:36 - [TEST_STEP][PASSED] - com.excel.helper.ExcelHelper.updateTheExcel("E:\MarkitCore\CoreApplication\Data Files\TestData\policy.xlsx", "ClaimRefNo", ClaimRef_No): com.excel.helper.ExcelHelper.updateTheExcel is PASSED

2019-04-29 14:27:37 - [MESSAGE][PASSED] - com.excel.helper.ExcelHelper.updateTheExcel is PASSED

2019-04-29 14:27:37 - [TEST_STEP][PASSED] - waitForJQueryLoad(4, STOP_ON_FAILURE): jQuery is ready.

2019-04-29 14:27:38 - [MESSAGE][PASSED] - jQuery is ready.

2019-04-29 14:27:38 - [TEST_STEP][PASSED] - click(findTestObject("TC10-Claim/PolicyRefNo"), STOP_ON_FAILURE): Object: 'Object Repository/TC10-Claim/PolicyRefNo' is clicked on

2019-04-29 14:27:38 - [MESSAGE][PASSED] - Object: 'Object Repository/TC10-Claim/PolicyRefNo' is clicked on

2019-04-29 14:27:38 - [TEST_STEP][PASSED] - setText(findTestObject("TC10-Claim/SetPolicyNo"), PolicyNo_Claim, STOP_ON_FAILURE): Text 'DASD/POLICY/002823' is set on object 'Object Repository/TC10-Claim/SetPolicyNo'

2019-04-29 14:27:39 - [MESSAGE][PASSED] - Text 'DASD/POLICY/002823' is set on object 'Object Repository/TC10-Claim/SetPolicyNo'

2019-04-29 14:27:39 - [TEST_STEP][PASSED] - delay(2, STOP_ON_FAILURE): Delayed 2 second(s)

2019-04-29 14:27:41 - [MESSAGE][PASSED] - Delayed 2 second(s)

2019-04-29 14:27:41 - [TEST_STEP][PASSED] - click(findTestObject("TC10-Claim/FindPolicyButton"), STOP_ON_FAILURE): Object: 'Object Repository/TC10-Claim/FindPolicyButton' is clicked on

2019-04-29 14:27:41 - [MESSAGE][PASSED] - Object: 'Object Repository/TC10-Claim/FindPolicyButton' is clicked on

2019-04-29 14:27:41 - [TEST_STEP][NOT_RUN] - delay(5, STOP_ON_FAILURE): NOT_RUN: delay(5, STOP_ON_FAILURE)

2019-04-29 14:27:41 - [MESSAGE][NOT_RUN] - NOT_RUN: delay(5, STOP_ON_FAILURE)

2019-04-29 14:27:41 - [TEST_STEP][NOT_RUN] - click(findTestObject("TC10-Claim/CloseButton"), STOP_ON_FAILURE): NOT_RUN: click(findTestObject("TC10-Claim/CloseButton"), STOP_ON_FAILURE)

2019-04-29 14:27:41 - [MESSAGE][NOT_RUN] - NOT_RUN: click(findTestObject("TC10-Claim/CloseButton"), STOP_ON_FAILURE)

2019-04-29 14:27:41 - [TEST_STEP][NOT_RUN] - delay(5, STOP_ON_FAILURE): NOT_RUN: delay(5, STOP_ON_FAILURE)

2019-04-29 14:27:41 - [MESSAGE][NOT_RUN] - NOT_RUN: delay(5, STOP_ON_FAILURE)

2019-04-29 14:27:41 - [TEST_STEP][PASSED] - click(findTestObject("TC10-Claim/ClientType"), STOP_ON_FAILURE): Object: 'Object Repository/TC10-Claim/ClientType' is clicked on

2019-04-29 14:27:42 - [MESSAGE][PASSED] - Object: 'Object Repository/TC10-Claim/ClientType' is clicked on

2019-04-29 14:27:42 - [TEST_STEP][PASSED] - delay(5, STOP_ON_FAILURE): Delayed 5 second(s)

2019-04-29 14:27:47 - [MESSAGE][PASSED] - Delayed 5 second(s)

2019-04-29 14:27:47 - [TEST_STEP][PASSED] - waitForJQueryLoad(5, STOP_ON_FAILURE): jQuery is ready.

2019-04-29 14:27:47 - [MESSAGE][PASSED] - jQuery is ready.

2019-04-29 14:27:47 - [TEST_STEP][PASSED] - selectOptionByLabel(findTestObject("TC10-Claim/ClientSearch"), "Dipak Das", false, STOP_ON_FAILURE): All options with label 'Dipak Das' are selected in object 'Object Repository/TC10-Claim/ClientSearch' 

2019-04-29 14:27:47 - [MESSAGE][PASSED] - All options with label 'Dipak Das' are selected in object 'Object Repository/TC10-Claim/ClientSearch' 

2019-04-29 14:27:47 - [TEST_STEP][PASSED] - delay(3, STOP_ON_FAILURE): Delayed 3 second(s)

2019-04-29 14:27:50 - [MESSAGE][PASSED] - Delayed 3 second(s)

2019-04-29 14:27:50 - [TEST_STEP][PASSED] - selectOptionByLabel(findTestObject("TC10-Claim/ProductSearch"), "BasicDemoProduct", false, STOP_ON_FAILURE): All options with label 'BasicDemoProduct' are selected in object 'Object Repository/TC10-Claim/ProductSearch' 

2019-04-29 14:27:51 - [MESSAGE][PASSED] - All options with label 'BasicDemoProduct' are selected in object 'Object Repository/TC10-Claim/ProductSearch' 

2019-04-29 14:27:51 - [TEST_STEP][PASSED] - click(findTestObject("TC10-Claim/SearchPolicy"), STOP_ON_FAILURE): Object: 'Object Repository/TC10-Claim/SearchPolicy' is clicked on

2019-04-29 14:27:51 - [MESSAGE][PASSED] - Object: 'Object Repository/TC10-Claim/SearchPolicy' is clicked on

2019-04-29 14:27:51 - [TEST_STEP][PASSED] - waitForJQueryLoad(5, STOP_ON_FAILURE): jQuery is ready.

2019-04-29 14:27:52 - [MESSAGE][PASSED] - jQuery is ready.

2019-04-29 14:27:52 - [TEST_STEP][PASSED] - selectOptionByLabel(findTestObject("TC10-Claim/FindPolicyRefNo"), PolicyNo_Claim, false, STOP_ON_FAILURE): All options with label 'DASD/POLICY/002823' are selected in object 'Object Repository/TC10-Claim/FindPolicyRefNo' 

2019-04-29 14:27:52 - [MESSAGE][PASSED] - All options with label 'DASD/POLICY/002823' are selected in object 'Object Repository/TC10-Claim/FindPolicyRefNo' 

2019-04-29 14:27:52 - [TEST_STEP][PASSED] - click(findTestObject("TC10-Claim/SelectPolicy"), STOP_ON_FAILURE): Object: 'Object Repository/TC10-Claim/SelectPolicy' is clicked on

2019-04-29 14:27:52 - [MESSAGE][PASSED] - Object: 'Object Repository/TC10-Claim/SelectPolicy' is clicked on

2019-04-29 14:27:52 - [TEST_STEP][PASSED] - delay(5, STOP_ON_FAILURE): Delayed 5 second(s)

2019-04-29 14:27:57 - [MESSAGE][PASSED] - Delayed 5 second(s)

2019-04-29 14:27:57 - [TEST_STEP][PASSED] - setText(findTestObject("TC10-Claim/ClaimantName"), "Jerry Miller", STOP_ON_FAILURE): Text 'Jerry Miller' is set on object 'Object Repository/TC10-Claim/ClaimantName'

2019-04-29 14:27:57 - [MESSAGE][PASSED] - Text 'Jerry Miller' is set on object 'Object Repository/TC10-Claim/ClaimantName'

2019-04-29 14:27:57 - [TEST_STEP][PASSED] - click(findTestObject("TC10-Claim/ClickDateOfLossFields"), STOP_ON_FAILURE): Object: 'Object Repository/TC10-Claim/ClickDateOfLossFields' is clicked on

2019-04-29 14:27:57 - [MESSAGE][PASSED] - Object: 'Object Repository/TC10-Claim/ClickDateOfLossFields' is clicked on

2019-04-29 14:27:57 - [TEST_STEP][PASSED] - selectOptionByLabel(findTestObject("TC10-Claim/DatePickerYear"), "2019", false, STOP_ON_FAILURE): All options with label '2019' are selected in object 'Object Repository/TC10-Claim/DatePickerYear' 

2019-04-29 14:27:57 - [MESSAGE][PASSED] - All options with label '2019' are selected in object 'Object Repository/TC10-Claim/DatePickerYear' 

2019-04-29 14:27:57 - [TEST_STEP][PASSED] - selectOptionByLabel(findTestObject("TC10-Claim/DatePickerMonth"), "Apr", false, STOP_ON_FAILURE): All options with label 'Apr' are selected in object 'Object Repository/TC10-Claim/DatePickerMonth' 

2019-04-29 14:27:57 - [MESSAGE][PASSED] - All options with label 'Apr' are selected in object 'Object Repository/TC10-Claim/DatePickerMonth' 

2019-04-29 14:27:57 - [TEST_STEP][PASSED] - click(findTestObject("TC10-Claim/DatePickerDay"), STOP_ON_FAILURE): Object: 'Object Repository/TC10-Claim/DatePickerDay' is clicked on

2019-04-29 14:27:57 - [MESSAGE][PASSED] - Object: 'Object Repository/TC10-Claim/DatePickerDay' is clicked on

2019-04-29 14:27:57 - [TEST_STEP][PASSED] - delay(5, STOP_ON_FAILURE): Delayed 5 second(s)

2019-04-29 14:28:02 - [MESSAGE][PASSED] - Delayed 5 second(s)

2019-04-29 14:28:02 - [TEST_STEP][PASSED] - click(findTestObject("TC10-Claim/ClaimDateMadeTextBox"), STOP_ON_FAILURE): Object: 'Object Repository/TC10-Claim/ClaimDateMadeTextBox' is clicked on

2019-04-29 14:28:02 - [MESSAGE][PASSED] - Object: 'Object Repository/TC10-Claim/ClaimDateMadeTextBox' is clicked on

2019-04-29 14:28:02 - [TEST_STEP][PASSED] - click(findTestObject("TC10-Claim/DatePickerYear"), STOP_ON_FAILURE): Object: 'Object Repository/TC10-Claim/DatePickerYear' is clicked on

2019-04-29 14:28:03 - [MESSAGE][PASSED] - Object: 'Object Repository/TC10-Claim/DatePickerYear' is clicked on

2019-04-29 14:28:03 - [TEST_STEP][PASSED] - click(findTestObject("TC10-Claim/DatePickerMonth"), STOP_ON_FAILURE): Object: 'Object Repository/TC10-Claim/DatePickerMonth' is clicked on

2019-04-29 14:28:03 - [MESSAGE][PASSED] - Object: 'Object Repository/TC10-Claim/DatePickerMonth' is clicked on

2019-04-29 14:28:03 - [TEST_STEP][PASSED] - click(findTestObject("TC10-Claim/DatePickerDay"), STOP_ON_FAILURE): Object: 'Object Repository/TC10-Claim/DatePickerDay' is clicked on

2019-04-29 14:28:03 - [MESSAGE][PASSED] - Object: 'Object Repository/TC10-Claim/DatePickerDay' is clicked on

2019-04-29 14:28:03 - [TEST_STEP][PASSED] - delay(5, STOP_ON_FAILURE): Delayed 5 second(s)

2019-04-29 14:28:08 - [MESSAGE][PASSED] - Delayed 5 second(s)

2019-04-29 14:28:08 - [TEST_STEP][PASSED] - click(findTestObject("TC10-Claim/CauseOfLossC"), STOP_ON_FAILURE): Object: 'Object Repository/TC10-Claim/CauseOfLossC' is clicked on

2019-04-29 14:28:08 - [MESSAGE][PASSED] - Object: 'Object Repository/TC10-Claim/CauseOfLossC' is clicked on

2019-04-29 14:28:08 - [TEST_STEP][PASSED] - setText(findTestObject("TC10-Claim/DamageRes"), "Accidental Damage", STOP_ON_FAILURE): Text 'Accidental Damage' is set on object 'Object Repository/TC10-Claim/DamageRes'

2019-04-29 14:28:08 - [MESSAGE][PASSED] - Text 'Accidental Damage' is set on object 'Object Repository/TC10-Claim/DamageRes'

2019-04-29 14:28:08 - [TEST_STEP][PASSED] - sendKeys(findTestObject("TC10-Claim/DamageRes"), Keys.chord(ENTER), STOP_ON_FAILURE): Keys 'ENTER + ' sent to object: 'Object Repository/TC10-Claim/DamageRes'

2019-04-29 14:28:08 - [MESSAGE][PASSED] - Keys 'ENTER + ' sent to object: 'Object Repository/TC10-Claim/DamageRes'

2019-04-29 14:28:08 - [TEST_STEP][PASSED] - delay(2, STOP_ON_FAILURE): Delayed 2 second(s)

2019-04-29 14:28:10 - [MESSAGE][PASSED] - Delayed 2 second(s)

2019-04-29 14:28:10 - [TEST_STEP][PASSED] - click(findTestObject("TC10-Claim/LossLocation"), STOP_ON_FAILURE): Object: 'Object Repository/TC10-Claim/LossLocation' is clicked on

2019-04-29 14:28:10 - [MESSAGE][PASSED] - Object: 'Object Repository/TC10-Claim/LossLocation' is clicked on

2019-04-29 14:28:10 - [TEST_STEP][PASSED] - setText(findTestObject("TC10-Claim/CountryName"), "India", STOP_ON_FAILURE): Text 'India' is set on object 'Object Repository/TC10-Claim/CountryName'

2019-04-29 14:28:10 - [MESSAGE][PASSED] - Text 'India' is set on object 'Object Repository/TC10-Claim/CountryName'

2019-04-29 14:28:10 - [TEST_STEP][PASSED] - sendKeys(findTestObject("TC10-Claim/CountryName"), Keys.chord(ENTER), STOP_ON_FAILURE): Keys 'ENTER + ' sent to object: 'Object Repository/TC10-Claim/CountryName'

2019-04-29 14:28:11 - [MESSAGE][PASSED] - Keys 'ENTER + ' sent to object: 'Object Repository/TC10-Claim/CountryName'

2019-04-29 14:28:11 - [TEST_STEP][PASSED] - delay(3, STOP_ON_FAILURE): Delayed 3 second(s)

2019-04-29 14:28:14 - [MESSAGE][PASSED] - Delayed 3 second(s)

2019-04-29 14:28:14 - [TEST_STEP][PASSED] - click(findTestObject("TC10-Claim/SaveClaimButton"), STOP_ON_FAILURE): Object: 'Object Repository/TC10-Claim/SaveClaimButton' is clicked on

2019-04-29 14:28:14 - [MESSAGE][PASSED] - Object: 'Object Repository/TC10-Claim/SaveClaimButton' is clicked on

2019-04-29 14:28:14 - [TEST_STEP][PASSED] - delay(3, STOP_ON_FAILURE): Delayed 3 second(s)

2019-04-29 14:28:17 - [MESSAGE][PASSED] - Delayed 3 second(s)]]></system-out>
         <system-err><![CDATA[]]></system-err>
      </testcase>
      <system-out><![CDATA[2019-04-29 14:26:49 - [TEST_SUITE][PASSED] - Claim: Test Cases/TC10-ClaimManagement]]></system-out>
      <system-err><![CDATA[]]></system-err>
   </testsuite>
</testsuites>
