<?xml version="1.0" encoding="UTF-8"?>
<testsuites name="TrialBalance" time="161" tests="5" failures="0" errors="0">
   <testsuite name="TrialBalance" tests="5" failures="0" errors="0" time="161" timestamp="2019-05-16 18:38:06" hostname="dipak - DIPAKDAS-PC.indusnettechnologies.com" id="Test Suites/TrialBalance">
      <properties>
         <property name="deviceName" value=""/>
         <property name="devicePlatform" value=""/>
         <property name="logFolder" value="E:\\MarkitCore\\MarkitCore-Final\\MarkitCoreSystem\\MarkitCore\\Reports\\TrialBalance\\20190516_183804"/>
         <property name="logFiles" value="E:\\MarkitCore\\MarkitCore-Final\\MarkitCoreSystem\\MarkitCore\\Reports\\TrialBalance\\20190516_183804\\execution0.log"/>
         <property name="attachments" value=""/>
         <property name="hostName" value="dipak - DIPAKDAS-PC.indusnettechnologies.com"/>
         <property name="os" value="Windows 7 32bit"/>
         <property name="katalonVersion" value="6.0.5.4"/>
         <property name="browser" value="Chrome 74.0.3729.157"/>
         <property name="hostAddress" value="10.0.12.237"/>
         <property name="sessionId" value="04e8e753088ed1f64956f7d53aab775e"/>
         <property name="seleniumVersion" value="3.7.1"/>
         <property name="proxyInformation" value="ProxyInformation{proxyOption=NO_PROXY, proxyServerType=HTTP, password=, proxyServerAddress=, proxyServerPort=0}"/>
         <property name="platform" value="Windows 7"/>
      </properties>
      <testcase name="Test Cases/TC01-LoginApplication" classname="Test Cases/TC01-LoginApplication" status="PASSED">
         <system-out><![CDATA[2019-05-16 18:38:19 - [TEST_CASE][PASSED] - Test Cases/TC01-LoginApplication: Test Cases/TC01-LoginApplication

2019-05-16 18:38:20 - [TEST_STEP][NOT_RUN] - openBrowser(""): NOT_RUN: openBrowser("")

2019-05-16 18:38:20 - [MESSAGE][NOT_RUN] - NOT_RUN: openBrowser("")

2019-05-16 18:38:20 - [TEST_STEP][NOT_RUN] - navigateToUrl("https://dev.offshoresoftwaresolutions.net/markit_coreV2/Sites/CoreTest/login/admin_display"): NOT_RUN: navigateToUrl("https://dev.offshoresoftwaresolutions.net/markit_coreV2/Sites/CoreTest/login/admin_display")

2019-05-16 18:38:20 - [MESSAGE][NOT_RUN] - NOT_RUN: navigateToUrl("https://dev.offshoresoftwaresolutions.net/markit_coreV2/Sites/CoreTest/login/admin_display")

2019-05-16 18:38:20 - [TEST_STEP][PASSED] - setText(findTestObject("Object Repository/TC-LoginApplication/Page_Markit core new  Login/input_Login to your account_username"), username): Text 'dDasTester' is set on object 'Object Repository/TC-LoginApplication/Page_Markit core new  Login/input_Login to your account_username'

2019-05-16 18:38:20 - [MESSAGE][PASSED] - Text 'dDasTester' is set on object 'Object Repository/TC-LoginApplication/Page_Markit core new  Login/input_Login to your account_username'

2019-05-16 18:38:20 - [TEST_STEP][PASSED] - setText(findTestObject("Object Repository/TC-LoginApplication/Page_Markit core new  Login/input_Login to your account_password"), password): Text 'Czybm6R*' is set on object 'Object Repository/TC-LoginApplication/Page_Markit core new  Login/input_Login to your account_password'

2019-05-16 18:38:20 - [MESSAGE][PASSED] - Text 'Czybm6R*' is set on object 'Object Repository/TC-LoginApplication/Page_Markit core new  Login/input_Login to your account_password'

2019-05-16 18:38:20 - [TEST_STEP][PASSED] - delay(4, STOP_ON_FAILURE): Delayed 4 second(s)

2019-05-16 18:38:24 - [MESSAGE][PASSED] - Delayed 4 second(s)

2019-05-16 18:38:24 - [TEST_STEP][NOT_RUN] - maximizeWindow(): NOT_RUN: maximizeWindow()

2019-05-16 18:38:24 - [MESSAGE][NOT_RUN] - NOT_RUN: maximizeWindow()

2019-05-16 18:38:24 - [TEST_STEP][PASSED] - click(findTestObject("Object Repository/TC-LoginApplication/Page_Markit core new  Login/button_Login")): Object: 'Object Repository/TC-LoginApplication/Page_Markit core new  Login/button_Login' is clicked on

2019-05-16 18:38:29 - [MESSAGE][PASSED] - Object: 'Object Repository/TC-LoginApplication/Page_Markit core new  Login/button_Login' is clicked on

2019-05-16 18:38:29 - [TEST_STEP][NOT_RUN] - log = new com.kms.katalon.core.logging.KeywordLogger(): NOT_RUN: log = new com.kms.katalon.core.logging.KeywordLogger()

2019-05-16 18:38:29 - [MESSAGE][NOT_RUN] - NOT_RUN: log = new com.kms.katalon.core.logging.KeywordLogger()

2019-05-16 18:38:29 - [TEST_STEP][NOT_RUN] - log.logInfo(“Dipak”): NOT_RUN: log.logInfo(“Dipak”)

2019-05-16 18:38:29 - [MESSAGE][NOT_RUN] - NOT_RUN: log.logInfo(“Dipak”)]]></system-out>
         <system-err><![CDATA[]]></system-err>
      </testcase>
      <testcase name="Test Cases/TC11-TrialBalance-MGA" classname="Test Cases/TC11-TrialBalance-MGA" status="PASSED">
         <system-out><![CDATA[2019-05-16 18:38:29 - [TEST_CASE][PASSED] - Test Cases/TC11-TrialBalance-MGA: Test Cases/TC11-TrialBalance-MGA

2019-05-16 18:38:29 - [TEST_STEP][PASSED] - waitForJQueryLoad(5, STOP_ON_FAILURE): jQuery is ready.

2019-05-16 18:38:29 - [MESSAGE][PASSED] - jQuery is ready.

2019-05-16 18:38:29 - [TEST_STEP][PASSED] - scrollToElement(findTestObject("TC11-TrialBalance/Report"), 4, STOP_ON_FAILURE): Scroll to object 'Object Repository/TC11-TrialBalance/Report' successfully

2019-05-16 18:38:29 - [MESSAGE][PASSED] - Scroll to object 'Object Repository/TC11-TrialBalance/Report' successfully

2019-05-16 18:38:29 - [TEST_STEP][PASSED] - click(findTestObject("TC11-TrialBalance/Report"), STOP_ON_FAILURE): Object: 'Object Repository/TC11-TrialBalance/Report' is clicked on

2019-05-16 18:38:29 - [MESSAGE][PASSED] - Object: 'Object Repository/TC11-TrialBalance/Report' is clicked on

2019-05-16 18:38:29 - [TEST_STEP][PASSED] - delay(4, STOP_ON_FAILURE): Delayed 4 second(s)

2019-05-16 18:38:33 - [MESSAGE][PASSED] - Delayed 4 second(s)

2019-05-16 18:38:33 - [TEST_STEP][PASSED] - scrollToElement(findTestObject("TC11-TrialBalance/TrialBalance"), 4, STOP_ON_FAILURE): Scroll to object 'Object Repository/TC11-TrialBalance/TrialBalance' successfully

2019-05-16 18:38:33 - [MESSAGE][PASSED] - Scroll to object 'Object Repository/TC11-TrialBalance/TrialBalance' successfully

2019-05-16 18:38:33 - [TEST_STEP][PASSED] - waitForElementClickable(findTestObject("TC11-TrialBalance/TrialBalance"), 5, STOP_ON_FAILURE): Object 'Object Repository/TC11-TrialBalance/TrialBalance' is clickable

2019-05-16 18:38:33 - [MESSAGE][PASSED] - Object 'Object Repository/TC11-TrialBalance/TrialBalance' is clickable

2019-05-16 18:38:33 - [TEST_STEP][PASSED] - click(findTestObject("TC11-TrialBalance/TrialBalance"), STOP_ON_FAILURE): Object: 'Object Repository/TC11-TrialBalance/TrialBalance' is clicked on

2019-05-16 18:38:36 - [MESSAGE][PASSED] - Object: 'Object Repository/TC11-TrialBalance/TrialBalance' is clicked on

2019-05-16 18:38:36 - [TEST_STEP][PASSED] - waitForJQueryLoad(4, STOP_ON_FAILURE): jQuery is ready.

2019-05-16 18:38:37 - [MESSAGE][PASSED] - jQuery is ready.

2019-05-16 18:38:37 - [TEST_STEP][PASSED] - selectOptionByLabel(findTestObject("TC11-TrialBalance/SelectCurrency"), "USD", false, STOP_ON_FAILURE): All options with label 'USD' are selected in object 'Object Repository/TC11-TrialBalance/SelectCurrency' 

2019-05-16 18:38:37 - [MESSAGE][PASSED] - All options with label 'USD' are selected in object 'Object Repository/TC11-TrialBalance/SelectCurrency' 

2019-05-16 18:38:37 - [TEST_STEP][PASSED] - delay(4, STOP_ON_FAILURE): Delayed 4 second(s)

2019-05-16 18:38:41 - [MESSAGE][PASSED] - Delayed 4 second(s)

2019-05-16 18:38:41 - [TEST_STEP][PASSED] - click(findTestObject("TC11-TrialBalance/SelectEntity"), STOP_ON_FAILURE): Object: 'Object Repository/TC11-TrialBalance/SelectEntity' is clicked on

2019-05-16 18:38:41 - [MESSAGE][PASSED] - Object: 'Object Repository/TC11-TrialBalance/SelectEntity' is clicked on

2019-05-16 18:38:41 - [TEST_STEP][PASSED] - delay(4, STOP_ON_FAILURE): Delayed 4 second(s)

2019-05-16 18:38:45 - [MESSAGE][PASSED] - Delayed 4 second(s)

2019-05-16 18:38:45 - [TEST_STEP][PASSED] - setText(findTestObject("TC11-TrialBalance/TypeEntityName"), "NEW MGA", STOP_ON_FAILURE): Text 'NEW MGA' is set on object 'Object Repository/TC11-TrialBalance/TypeEntityName'

2019-05-16 18:38:45 - [MESSAGE][PASSED] - Text 'NEW MGA' is set on object 'Object Repository/TC11-TrialBalance/TypeEntityName'

2019-05-16 18:38:45 - [TEST_STEP][PASSED] - sendKeys(findTestObject("TC11-TrialBalance/TypeEntityName"), Keys.chord(ENTER), STOP_ON_FAILURE): Keys 'ENTER + ' sent to object: 'Object Repository/TC11-TrialBalance/TypeEntityName'

2019-05-16 18:38:45 - [MESSAGE][PASSED] - Keys 'ENTER + ' sent to object: 'Object Repository/TC11-TrialBalance/TypeEntityName'

2019-05-16 18:38:45 - [TEST_STEP][PASSED] - delay(5, STOP_ON_FAILURE): Delayed 5 second(s)

2019-05-16 18:38:50 - [MESSAGE][PASSED] - Delayed 5 second(s)

2019-05-16 18:38:50 - [TEST_STEP][PASSED] - click(findTestObject("TC11-TrialBalance/MGACreditor"), STOP_ON_FAILURE): Object: 'Object Repository/TC11-TrialBalance/MGACreditor' is clicked on

2019-05-16 18:38:52 - [MESSAGE][PASSED] - Object: 'Object Repository/TC11-TrialBalance/MGACreditor' is clicked on

2019-05-16 18:38:52 - [TEST_STEP][PASSED] - delay(4, STOP_ON_FAILURE): Delayed 4 second(s)

2019-05-16 18:38:56 - [MESSAGE][PASSED] - Delayed 4 second(s)

2019-05-16 18:38:56 - [TEST_STEP][PASSED] - setText(findTestObject("TC11-TrialBalance/SearchPolicy"), PolicyNo_TrialBalance, STOP_ON_FAILURE): Text 'DASD/POLICY/003223' is set on object 'Object Repository/TC11-TrialBalance/SearchPolicy'

2019-05-16 18:38:56 - [MESSAGE][PASSED] - Text 'DASD/POLICY/003223' is set on object 'Object Repository/TC11-TrialBalance/SearchPolicy'

2019-05-16 18:38:56 - [TEST_STEP][PASSED] - sendKeys(findTestObject("TC11-TrialBalance/SearchPolicy"), Keys.chord(ENTER), STOP_ON_FAILURE): Keys 'ENTER + ' sent to object: 'Object Repository/TC11-TrialBalance/SearchPolicy'

2019-05-16 18:38:56 - [MESSAGE][PASSED] - Keys 'ENTER + ' sent to object: 'Object Repository/TC11-TrialBalance/SearchPolicy'

2019-05-16 18:38:56 - [TEST_STEP][PASSED] - delay(4, STOP_ON_FAILURE): Delayed 4 second(s)

2019-05-16 18:39:00 - [MESSAGE][PASSED] - Delayed 4 second(s)

2019-05-16 18:39:00 - [TEST_STEP][PASSED] - MGA_Comm_Value = getText(findTestObject("TC11-TrialBalance/MGAValueCapture"), STOP_ON_FAILURE): Text of object 'Object Repository/TC11-TrialBalance/MGAValueCapture' is: '145.50'

2019-05-16 18:39:00 - [MESSAGE][PASSED] - Text of object 'Object Repository/TC11-TrialBalance/MGAValueCapture' is: '145.50'

2019-05-16 18:39:00 - [TEST_STEP][NOT_RUN] - com.excel.helper.ExcelHelper.updateTheExcel("Data Files/TestData/Comission.xlsx", "MGATrialBalance", MGA_Comm_Value): NOT_RUN: com.excel.helper.ExcelHelper.updateTheExcel("Data Files/TestData/Comission.xlsx", "MGATrialBalance", MGA_Comm_Value)

2019-05-16 18:39:00 - [MESSAGE][NOT_RUN] - NOT_RUN: com.excel.helper.ExcelHelper.updateTheExcel("Data Files/TestData/Comission.xlsx", "MGATrialBalance", MGA_Comm_Value)

2019-05-16 18:39:00 - [TEST_STEP][PASSED] - delay(3, STOP_ON_FAILURE): Delayed 3 second(s)

2019-05-16 18:39:03 - [MESSAGE][PASSED] - Delayed 3 second(s)

2019-05-16 18:39:03 - [TEST_STEP][NOT_RUN] - verifyEqual(findTestObject("TC11-TrialBalance/VerifyObject"), findTestData("TestData/MGAComission").getValue(MGA_Comm_Value, MGA_Comm_Value)): NOT_RUN: verifyEqual(findTestObject("TC11-TrialBalance/VerifyObject"), findTestData("TestData/MGAComission").getValue(MGA_Comm_Value, MGA_Comm_Value))

2019-05-16 18:39:03 - [MESSAGE][NOT_RUN] - NOT_RUN: verifyEqual(findTestObject("TC11-TrialBalance/VerifyObject"), findTestData("TestData/MGAComission").getValue(MGA_Comm_Value, MGA_Comm_Value))

2019-05-16 18:39:03 - [TEST_STEP][PASSED] - waitForElementClickable(findTestObject("TC04-AccountMatching-MGA/CloseButton"), 5, STOP_ON_FAILURE): Object 'Object Repository/TC04-AccountMatching-MGA/CloseButton' is clickable

2019-05-16 18:39:03 - [MESSAGE][PASSED] - Object 'Object Repository/TC04-AccountMatching-MGA/CloseButton' is clickable

2019-05-16 18:39:03 - [TEST_STEP][PASSED] - click(findTestObject("TC04-AccountMatching-MGA/CloseButton"), STOP_ON_FAILURE): Object: 'Object Repository/TC04-AccountMatching-MGA/CloseButton' is clicked on

2019-05-16 18:39:03 - [MESSAGE][PASSED] - Object: 'Object Repository/TC04-AccountMatching-MGA/CloseButton' is clicked on

2019-05-16 18:39:03 - [TEST_STEP][PASSED] - scrollToElement(findTestObject("TC11-TrialBalance/HomeLink"), 4, STOP_ON_FAILURE): Scroll to object 'Object Repository/TC11-TrialBalance/HomeLink' successfully

2019-05-16 18:39:03 - [MESSAGE][PASSED] - Scroll to object 'Object Repository/TC11-TrialBalance/HomeLink' successfully

2019-05-16 18:39:03 - [TEST_STEP][PASSED] - click(findTestObject("TC11-TrialBalance/HomeLink"), STOP_ON_FAILURE): Object: 'Object Repository/TC11-TrialBalance/HomeLink' is clicked on

2019-05-16 18:39:05 - [MESSAGE][PASSED] - Object: 'Object Repository/TC11-TrialBalance/HomeLink' is clicked on

2019-05-16 18:39:05 - [TEST_STEP][NOT_RUN] - scrollToElement(findTestObject("TC11-TrialBalance/Report"), 4, STOP_ON_FAILURE): NOT_RUN: scrollToElement(findTestObject("TC11-TrialBalance/Report"), 4, STOP_ON_FAILURE)

2019-05-16 18:39:05 - [MESSAGE][NOT_RUN] - NOT_RUN: scrollToElement(findTestObject("TC11-TrialBalance/Report"), 4, STOP_ON_FAILURE)

2019-05-16 18:39:05 - [TEST_STEP][NOT_RUN] - click(findTestObject("TC11-TrialBalance/Report"), STOP_ON_FAILURE): NOT_RUN: click(findTestObject("TC11-TrialBalance/Report"), STOP_ON_FAILURE)

2019-05-16 18:39:05 - [MESSAGE][NOT_RUN] - NOT_RUN: click(findTestObject("TC11-TrialBalance/Report"), STOP_ON_FAILURE)]]></system-out>
         <system-err><![CDATA[]]></system-err>
      </testcase>
      <testcase name="Test Cases/TC11-TrialBalance-MGA" classname="Test Cases/TC11-TrialBalance-MGA" status="PASSED">
         <system-out><![CDATA[2019-05-16 18:39:05 - [TEST_CASE][PASSED] - Test Cases/TC11-TrialBalance-MGA: Test Cases/TC11-TrialBalance-MGA

2019-05-16 18:39:05 - [TEST_STEP][PASSED] - waitForJQueryLoad(5, STOP_ON_FAILURE): jQuery is ready.

2019-05-16 18:39:06 - [MESSAGE][PASSED] - jQuery is ready.

2019-05-16 18:39:06 - [TEST_STEP][PASSED] - scrollToElement(findTestObject("TC11-TrialBalance/Report"), 4, STOP_ON_FAILURE): Scroll to object 'Object Repository/TC11-TrialBalance/Report' successfully

2019-05-16 18:39:06 - [MESSAGE][PASSED] - Scroll to object 'Object Repository/TC11-TrialBalance/Report' successfully

2019-05-16 18:39:06 - [TEST_STEP][PASSED] - click(findTestObject("TC11-TrialBalance/Report"), STOP_ON_FAILURE): Object: 'Object Repository/TC11-TrialBalance/Report' is clicked on

2019-05-16 18:39:06 - [MESSAGE][PASSED] - Object: 'Object Repository/TC11-TrialBalance/Report' is clicked on

2019-05-16 18:39:06 - [TEST_STEP][PASSED] - delay(4, STOP_ON_FAILURE): Delayed 4 second(s)

2019-05-16 18:39:10 - [MESSAGE][PASSED] - Delayed 4 second(s)

2019-05-16 18:39:10 - [TEST_STEP][PASSED] - scrollToElement(findTestObject("TC11-TrialBalance/TrialBalance"), 4, STOP_ON_FAILURE): Scroll to object 'Object Repository/TC11-TrialBalance/TrialBalance' successfully

2019-05-16 18:39:10 - [MESSAGE][PASSED] - Scroll to object 'Object Repository/TC11-TrialBalance/TrialBalance' successfully

2019-05-16 18:39:10 - [TEST_STEP][PASSED] - waitForElementClickable(findTestObject("TC11-TrialBalance/TrialBalance"), 5, STOP_ON_FAILURE): Object 'Object Repository/TC11-TrialBalance/TrialBalance' is clickable

2019-05-16 18:39:10 - [MESSAGE][PASSED] - Object 'Object Repository/TC11-TrialBalance/TrialBalance' is clickable

2019-05-16 18:39:10 - [TEST_STEP][PASSED] - click(findTestObject("TC11-TrialBalance/TrialBalance"), STOP_ON_FAILURE): Object: 'Object Repository/TC11-TrialBalance/TrialBalance' is clicked on

2019-05-16 18:39:11 - [MESSAGE][PASSED] - Object: 'Object Repository/TC11-TrialBalance/TrialBalance' is clicked on

2019-05-16 18:39:11 - [TEST_STEP][PASSED] - waitForJQueryLoad(4, STOP_ON_FAILURE): jQuery is ready.

2019-05-16 18:39:12 - [MESSAGE][PASSED] - jQuery is ready.

2019-05-16 18:39:12 - [TEST_STEP][PASSED] - selectOptionByLabel(findTestObject("TC11-TrialBalance/SelectCurrency"), "USD", false, STOP_ON_FAILURE): All options with label 'USD' are selected in object 'Object Repository/TC11-TrialBalance/SelectCurrency' 

2019-05-16 18:39:12 - [MESSAGE][PASSED] - All options with label 'USD' are selected in object 'Object Repository/TC11-TrialBalance/SelectCurrency' 

2019-05-16 18:39:12 - [TEST_STEP][PASSED] - delay(4, STOP_ON_FAILURE): Delayed 4 second(s)

2019-05-16 18:39:16 - [MESSAGE][PASSED] - Delayed 4 second(s)

2019-05-16 18:39:16 - [TEST_STEP][PASSED] - click(findTestObject("TC11-TrialBalance/SelectEntity"), STOP_ON_FAILURE): Object: 'Object Repository/TC11-TrialBalance/SelectEntity' is clicked on

2019-05-16 18:39:16 - [MESSAGE][PASSED] - Object: 'Object Repository/TC11-TrialBalance/SelectEntity' is clicked on

2019-05-16 18:39:16 - [TEST_STEP][PASSED] - delay(4, STOP_ON_FAILURE): Delayed 4 second(s)

2019-05-16 18:39:20 - [MESSAGE][PASSED] - Delayed 4 second(s)

2019-05-16 18:39:20 - [TEST_STEP][PASSED] - setText(findTestObject("TC11-TrialBalance/TypeEntityName"), "NEW MGA", STOP_ON_FAILURE): Text 'NEW MGA' is set on object 'Object Repository/TC11-TrialBalance/TypeEntityName'

2019-05-16 18:39:20 - [MESSAGE][PASSED] - Text 'NEW MGA' is set on object 'Object Repository/TC11-TrialBalance/TypeEntityName'

2019-05-16 18:39:20 - [TEST_STEP][PASSED] - sendKeys(findTestObject("TC11-TrialBalance/TypeEntityName"), Keys.chord(ENTER), STOP_ON_FAILURE): Keys 'ENTER + ' sent to object: 'Object Repository/TC11-TrialBalance/TypeEntityName'

2019-05-16 18:39:20 - [MESSAGE][PASSED] - Keys 'ENTER + ' sent to object: 'Object Repository/TC11-TrialBalance/TypeEntityName'

2019-05-16 18:39:20 - [TEST_STEP][PASSED] - delay(5, STOP_ON_FAILURE): Delayed 5 second(s)

2019-05-16 18:39:25 - [MESSAGE][PASSED] - Delayed 5 second(s)

2019-05-16 18:39:25 - [TEST_STEP][PASSED] - click(findTestObject("TC11-TrialBalance/MGACreditor"), STOP_ON_FAILURE): Object: 'Object Repository/TC11-TrialBalance/MGACreditor' is clicked on

2019-05-16 18:39:26 - [MESSAGE][PASSED] - Object: 'Object Repository/TC11-TrialBalance/MGACreditor' is clicked on

2019-05-16 18:39:26 - [TEST_STEP][PASSED] - delay(4, STOP_ON_FAILURE): Delayed 4 second(s)

2019-05-16 18:39:30 - [MESSAGE][PASSED] - Delayed 4 second(s)

2019-05-16 18:39:30 - [TEST_STEP][PASSED] - setText(findTestObject("TC11-TrialBalance/SearchPolicy"), PolicyNo_TrialBalance, STOP_ON_FAILURE): Text 'DASD/POLICY/003225' is set on object 'Object Repository/TC11-TrialBalance/SearchPolicy'

2019-05-16 18:39:30 - [MESSAGE][PASSED] - Text 'DASD/POLICY/003225' is set on object 'Object Repository/TC11-TrialBalance/SearchPolicy'

2019-05-16 18:39:30 - [TEST_STEP][PASSED] - sendKeys(findTestObject("TC11-TrialBalance/SearchPolicy"), Keys.chord(ENTER), STOP_ON_FAILURE): Keys 'ENTER + ' sent to object: 'Object Repository/TC11-TrialBalance/SearchPolicy'

2019-05-16 18:39:30 - [MESSAGE][PASSED] - Keys 'ENTER + ' sent to object: 'Object Repository/TC11-TrialBalance/SearchPolicy'

2019-05-16 18:39:30 - [TEST_STEP][PASSED] - delay(4, STOP_ON_FAILURE): Delayed 4 second(s)

2019-05-16 18:39:34 - [MESSAGE][PASSED] - Delayed 4 second(s)

2019-05-16 18:39:34 - [TEST_STEP][PASSED] - MGA_Comm_Value = getText(findTestObject("TC11-TrialBalance/MGAValueCapture"), STOP_ON_FAILURE): Text of object 'Object Repository/TC11-TrialBalance/MGAValueCapture' is: '291.00'

2019-05-16 18:39:34 - [MESSAGE][PASSED] - Text of object 'Object Repository/TC11-TrialBalance/MGAValueCapture' is: '291.00'

2019-05-16 18:39:34 - [TEST_STEP][NOT_RUN] - com.excel.helper.ExcelHelper.updateTheExcel("Data Files/TestData/Comission.xlsx", "MGATrialBalance", MGA_Comm_Value): NOT_RUN: com.excel.helper.ExcelHelper.updateTheExcel("Data Files/TestData/Comission.xlsx", "MGATrialBalance", MGA_Comm_Value)

2019-05-16 18:39:34 - [MESSAGE][NOT_RUN] - NOT_RUN: com.excel.helper.ExcelHelper.updateTheExcel("Data Files/TestData/Comission.xlsx", "MGATrialBalance", MGA_Comm_Value)

2019-05-16 18:39:34 - [TEST_STEP][PASSED] - delay(3, STOP_ON_FAILURE): Delayed 3 second(s)

2019-05-16 18:39:37 - [MESSAGE][PASSED] - Delayed 3 second(s)

2019-05-16 18:39:37 - [TEST_STEP][NOT_RUN] - verifyEqual(findTestObject("TC11-TrialBalance/VerifyObject"), findTestData("TestData/MGAComission").getValue(MGA_Comm_Value, MGA_Comm_Value)): NOT_RUN: verifyEqual(findTestObject("TC11-TrialBalance/VerifyObject"), findTestData("TestData/MGAComission").getValue(MGA_Comm_Value, MGA_Comm_Value))

2019-05-16 18:39:37 - [MESSAGE][NOT_RUN] - NOT_RUN: verifyEqual(findTestObject("TC11-TrialBalance/VerifyObject"), findTestData("TestData/MGAComission").getValue(MGA_Comm_Value, MGA_Comm_Value))

2019-05-16 18:39:37 - [TEST_STEP][PASSED] - waitForElementClickable(findTestObject("TC04-AccountMatching-MGA/CloseButton"), 5, STOP_ON_FAILURE): Object 'Object Repository/TC04-AccountMatching-MGA/CloseButton' is clickable

2019-05-16 18:39:38 - [MESSAGE][PASSED] - Object 'Object Repository/TC04-AccountMatching-MGA/CloseButton' is clickable

2019-05-16 18:39:38 - [TEST_STEP][PASSED] - click(findTestObject("TC04-AccountMatching-MGA/CloseButton"), STOP_ON_FAILURE): Object: 'Object Repository/TC04-AccountMatching-MGA/CloseButton' is clicked on

2019-05-16 18:39:38 - [MESSAGE][PASSED] - Object: 'Object Repository/TC04-AccountMatching-MGA/CloseButton' is clicked on

2019-05-16 18:39:38 - [TEST_STEP][PASSED] - scrollToElement(findTestObject("TC11-TrialBalance/HomeLink"), 4, STOP_ON_FAILURE): Scroll to object 'Object Repository/TC11-TrialBalance/HomeLink' successfully

2019-05-16 18:39:38 - [MESSAGE][PASSED] - Scroll to object 'Object Repository/TC11-TrialBalance/HomeLink' successfully

2019-05-16 18:39:38 - [TEST_STEP][PASSED] - click(findTestObject("TC11-TrialBalance/HomeLink"), STOP_ON_FAILURE): Object: 'Object Repository/TC11-TrialBalance/HomeLink' is clicked on

2019-05-16 18:39:39 - [MESSAGE][PASSED] - Object: 'Object Repository/TC11-TrialBalance/HomeLink' is clicked on

2019-05-16 18:39:39 - [TEST_STEP][NOT_RUN] - scrollToElement(findTestObject("TC11-TrialBalance/Report"), 4, STOP_ON_FAILURE): NOT_RUN: scrollToElement(findTestObject("TC11-TrialBalance/Report"), 4, STOP_ON_FAILURE)

2019-05-16 18:39:39 - [MESSAGE][NOT_RUN] - NOT_RUN: scrollToElement(findTestObject("TC11-TrialBalance/Report"), 4, STOP_ON_FAILURE)

2019-05-16 18:39:39 - [TEST_STEP][NOT_RUN] - click(findTestObject("TC11-TrialBalance/Report"), STOP_ON_FAILURE): NOT_RUN: click(findTestObject("TC11-TrialBalance/Report"), STOP_ON_FAILURE)

2019-05-16 18:39:39 - [MESSAGE][NOT_RUN] - NOT_RUN: click(findTestObject("TC11-TrialBalance/Report"), STOP_ON_FAILURE)]]></system-out>
         <system-err><![CDATA[]]></system-err>
      </testcase>
      <testcase name="Test Cases/TC11-TrialBalance-MGA" classname="Test Cases/TC11-TrialBalance-MGA" status="PASSED">
         <system-out><![CDATA[2019-05-16 18:39:39 - [TEST_CASE][PASSED] - Test Cases/TC11-TrialBalance-MGA: Test Cases/TC11-TrialBalance-MGA

2019-05-16 18:39:39 - [TEST_STEP][PASSED] - waitForJQueryLoad(5, STOP_ON_FAILURE): jQuery is ready.

2019-05-16 18:39:40 - [MESSAGE][PASSED] - jQuery is ready.

2019-05-16 18:39:40 - [TEST_STEP][PASSED] - scrollToElement(findTestObject("TC11-TrialBalance/Report"), 4, STOP_ON_FAILURE): Scroll to object 'Object Repository/TC11-TrialBalance/Report' successfully

2019-05-16 18:39:40 - [MESSAGE][PASSED] - Scroll to object 'Object Repository/TC11-TrialBalance/Report' successfully

2019-05-16 18:39:40 - [TEST_STEP][PASSED] - click(findTestObject("TC11-TrialBalance/Report"), STOP_ON_FAILURE): Object: 'Object Repository/TC11-TrialBalance/Report' is clicked on

2019-05-16 18:39:40 - [MESSAGE][PASSED] - Object: 'Object Repository/TC11-TrialBalance/Report' is clicked on

2019-05-16 18:39:40 - [TEST_STEP][PASSED] - delay(4, STOP_ON_FAILURE): Delayed 4 second(s)

2019-05-16 18:39:44 - [MESSAGE][PASSED] - Delayed 4 second(s)

2019-05-16 18:39:44 - [TEST_STEP][PASSED] - scrollToElement(findTestObject("TC11-TrialBalance/TrialBalance"), 4, STOP_ON_FAILURE): Scroll to object 'Object Repository/TC11-TrialBalance/TrialBalance' successfully

2019-05-16 18:39:44 - [MESSAGE][PASSED] - Scroll to object 'Object Repository/TC11-TrialBalance/TrialBalance' successfully

2019-05-16 18:39:44 - [TEST_STEP][PASSED] - waitForElementClickable(findTestObject("TC11-TrialBalance/TrialBalance"), 5, STOP_ON_FAILURE): Object 'Object Repository/TC11-TrialBalance/TrialBalance' is clickable

2019-05-16 18:39:44 - [MESSAGE][PASSED] - Object 'Object Repository/TC11-TrialBalance/TrialBalance' is clickable

2019-05-16 18:39:44 - [TEST_STEP][PASSED] - click(findTestObject("TC11-TrialBalance/TrialBalance"), STOP_ON_FAILURE): Object: 'Object Repository/TC11-TrialBalance/TrialBalance' is clicked on

2019-05-16 18:39:45 - [MESSAGE][PASSED] - Object: 'Object Repository/TC11-TrialBalance/TrialBalance' is clicked on

2019-05-16 18:39:45 - [TEST_STEP][PASSED] - waitForJQueryLoad(4, STOP_ON_FAILURE): jQuery is ready.

2019-05-16 18:39:46 - [MESSAGE][PASSED] - jQuery is ready.

2019-05-16 18:39:46 - [TEST_STEP][PASSED] - selectOptionByLabel(findTestObject("TC11-TrialBalance/SelectCurrency"), "USD", false, STOP_ON_FAILURE): All options with label 'USD' are selected in object 'Object Repository/TC11-TrialBalance/SelectCurrency' 

2019-05-16 18:39:46 - [MESSAGE][PASSED] - All options with label 'USD' are selected in object 'Object Repository/TC11-TrialBalance/SelectCurrency' 

2019-05-16 18:39:46 - [TEST_STEP][PASSED] - delay(4, STOP_ON_FAILURE): Delayed 4 second(s)

2019-05-16 18:39:50 - [MESSAGE][PASSED] - Delayed 4 second(s)

2019-05-16 18:39:50 - [TEST_STEP][PASSED] - click(findTestObject("TC11-TrialBalance/SelectEntity"), STOP_ON_FAILURE): Object: 'Object Repository/TC11-TrialBalance/SelectEntity' is clicked on

2019-05-16 18:39:50 - [MESSAGE][PASSED] - Object: 'Object Repository/TC11-TrialBalance/SelectEntity' is clicked on

2019-05-16 18:39:50 - [TEST_STEP][PASSED] - delay(4, STOP_ON_FAILURE): Delayed 4 second(s)

2019-05-16 18:39:54 - [MESSAGE][PASSED] - Delayed 4 second(s)

2019-05-16 18:39:54 - [TEST_STEP][PASSED] - setText(findTestObject("TC11-TrialBalance/TypeEntityName"), "NEW MGA", STOP_ON_FAILURE): Text 'NEW MGA' is set on object 'Object Repository/TC11-TrialBalance/TypeEntityName'

2019-05-16 18:39:54 - [MESSAGE][PASSED] - Text 'NEW MGA' is set on object 'Object Repository/TC11-TrialBalance/TypeEntityName'

2019-05-16 18:39:54 - [TEST_STEP][PASSED] - sendKeys(findTestObject("TC11-TrialBalance/TypeEntityName"), Keys.chord(ENTER), STOP_ON_FAILURE): Keys 'ENTER + ' sent to object: 'Object Repository/TC11-TrialBalance/TypeEntityName'

2019-05-16 18:39:54 - [MESSAGE][PASSED] - Keys 'ENTER + ' sent to object: 'Object Repository/TC11-TrialBalance/TypeEntityName'

2019-05-16 18:39:54 - [TEST_STEP][PASSED] - delay(5, STOP_ON_FAILURE): Delayed 5 second(s)

2019-05-16 18:39:59 - [MESSAGE][PASSED] - Delayed 5 second(s)

2019-05-16 18:39:59 - [TEST_STEP][PASSED] - click(findTestObject("TC11-TrialBalance/MGACreditor"), STOP_ON_FAILURE): Object: 'Object Repository/TC11-TrialBalance/MGACreditor' is clicked on

2019-05-16 18:40:00 - [MESSAGE][PASSED] - Object: 'Object Repository/TC11-TrialBalance/MGACreditor' is clicked on

2019-05-16 18:40:00 - [TEST_STEP][PASSED] - delay(4, STOP_ON_FAILURE): Delayed 4 second(s)

2019-05-16 18:40:04 - [MESSAGE][PASSED] - Delayed 4 second(s)

2019-05-16 18:40:04 - [TEST_STEP][PASSED] - setText(findTestObject("TC11-TrialBalance/SearchPolicy"), PolicyNo_TrialBalance, STOP_ON_FAILURE): Text 'DASD/POLICY/003227' is set on object 'Object Repository/TC11-TrialBalance/SearchPolicy'

2019-05-16 18:40:04 - [MESSAGE][PASSED] - Text 'DASD/POLICY/003227' is set on object 'Object Repository/TC11-TrialBalance/SearchPolicy'

2019-05-16 18:40:04 - [TEST_STEP][PASSED] - sendKeys(findTestObject("TC11-TrialBalance/SearchPolicy"), Keys.chord(ENTER), STOP_ON_FAILURE): Keys 'ENTER + ' sent to object: 'Object Repository/TC11-TrialBalance/SearchPolicy'

2019-05-16 18:40:04 - [MESSAGE][PASSED] - Keys 'ENTER + ' sent to object: 'Object Repository/TC11-TrialBalance/SearchPolicy'

2019-05-16 18:40:04 - [TEST_STEP][PASSED] - delay(4, STOP_ON_FAILURE): Delayed 4 second(s)

2019-05-16 18:40:08 - [MESSAGE][PASSED] - Delayed 4 second(s)

2019-05-16 18:40:08 - [TEST_STEP][PASSED] - MGA_Comm_Value = getText(findTestObject("TC11-TrialBalance/MGAValueCapture"), STOP_ON_FAILURE): Text of object 'Object Repository/TC11-TrialBalance/MGAValueCapture' is: '145.50'

2019-05-16 18:40:08 - [MESSAGE][PASSED] - Text of object 'Object Repository/TC11-TrialBalance/MGAValueCapture' is: '145.50'

2019-05-16 18:40:08 - [TEST_STEP][NOT_RUN] - com.excel.helper.ExcelHelper.updateTheExcel("Data Files/TestData/Comission.xlsx", "MGATrialBalance", MGA_Comm_Value): NOT_RUN: com.excel.helper.ExcelHelper.updateTheExcel("Data Files/TestData/Comission.xlsx", "MGATrialBalance", MGA_Comm_Value)

2019-05-16 18:40:08 - [MESSAGE][NOT_RUN] - NOT_RUN: com.excel.helper.ExcelHelper.updateTheExcel("Data Files/TestData/Comission.xlsx", "MGATrialBalance", MGA_Comm_Value)

2019-05-16 18:40:08 - [TEST_STEP][PASSED] - delay(3, STOP_ON_FAILURE): Delayed 3 second(s)

2019-05-16 18:40:11 - [MESSAGE][PASSED] - Delayed 3 second(s)

2019-05-16 18:40:11 - [TEST_STEP][NOT_RUN] - verifyEqual(findTestObject("TC11-TrialBalance/VerifyObject"), findTestData("TestData/MGAComission").getValue(MGA_Comm_Value, MGA_Comm_Value)): NOT_RUN: verifyEqual(findTestObject("TC11-TrialBalance/VerifyObject"), findTestData("TestData/MGAComission").getValue(MGA_Comm_Value, MGA_Comm_Value))

2019-05-16 18:40:11 - [MESSAGE][NOT_RUN] - NOT_RUN: verifyEqual(findTestObject("TC11-TrialBalance/VerifyObject"), findTestData("TestData/MGAComission").getValue(MGA_Comm_Value, MGA_Comm_Value))

2019-05-16 18:40:11 - [TEST_STEP][PASSED] - waitForElementClickable(findTestObject("TC04-AccountMatching-MGA/CloseButton"), 5, STOP_ON_FAILURE): Object 'Object Repository/TC04-AccountMatching-MGA/CloseButton' is clickable

2019-05-16 18:40:11 - [MESSAGE][PASSED] - Object 'Object Repository/TC04-AccountMatching-MGA/CloseButton' is clickable

2019-05-16 18:40:11 - [TEST_STEP][PASSED] - click(findTestObject("TC04-AccountMatching-MGA/CloseButton"), STOP_ON_FAILURE): Object: 'Object Repository/TC04-AccountMatching-MGA/CloseButton' is clicked on

2019-05-16 18:40:11 - [MESSAGE][PASSED] - Object: 'Object Repository/TC04-AccountMatching-MGA/CloseButton' is clicked on

2019-05-16 18:40:11 - [TEST_STEP][PASSED] - scrollToElement(findTestObject("TC11-TrialBalance/HomeLink"), 4, STOP_ON_FAILURE): Scroll to object 'Object Repository/TC11-TrialBalance/HomeLink' successfully

2019-05-16 18:40:11 - [MESSAGE][PASSED] - Scroll to object 'Object Repository/TC11-TrialBalance/HomeLink' successfully

2019-05-16 18:40:11 - [TEST_STEP][PASSED] - click(findTestObject("TC11-TrialBalance/HomeLink"), STOP_ON_FAILURE): Object: 'Object Repository/TC11-TrialBalance/HomeLink' is clicked on

2019-05-16 18:40:13 - [MESSAGE][PASSED] - Object: 'Object Repository/TC11-TrialBalance/HomeLink' is clicked on

2019-05-16 18:40:13 - [TEST_STEP][NOT_RUN] - scrollToElement(findTestObject("TC11-TrialBalance/Report"), 4, STOP_ON_FAILURE): NOT_RUN: scrollToElement(findTestObject("TC11-TrialBalance/Report"), 4, STOP_ON_FAILURE)

2019-05-16 18:40:13 - [MESSAGE][NOT_RUN] - NOT_RUN: scrollToElement(findTestObject("TC11-TrialBalance/Report"), 4, STOP_ON_FAILURE)

2019-05-16 18:40:13 - [TEST_STEP][NOT_RUN] - click(findTestObject("TC11-TrialBalance/Report"), STOP_ON_FAILURE): NOT_RUN: click(findTestObject("TC11-TrialBalance/Report"), STOP_ON_FAILURE)

2019-05-16 18:40:13 - [MESSAGE][NOT_RUN] - NOT_RUN: click(findTestObject("TC11-TrialBalance/Report"), STOP_ON_FAILURE)]]></system-out>
         <system-err><![CDATA[]]></system-err>
      </testcase>
      <testcase name="Test Cases/TC11-TrialBalance-MGA" classname="Test Cases/TC11-TrialBalance-MGA" status="PASSED">
         <system-out><![CDATA[2019-05-16 18:40:13 - [TEST_CASE][PASSED] - Test Cases/TC11-TrialBalance-MGA: Test Cases/TC11-TrialBalance-MGA

2019-05-16 18:40:13 - [TEST_STEP][PASSED] - waitForJQueryLoad(5, STOP_ON_FAILURE): jQuery is ready.

2019-05-16 18:40:13 - [MESSAGE][PASSED] - jQuery is ready.

2019-05-16 18:40:13 - [TEST_STEP][PASSED] - scrollToElement(findTestObject("TC11-TrialBalance/Report"), 4, STOP_ON_FAILURE): Scroll to object 'Object Repository/TC11-TrialBalance/Report' successfully

2019-05-16 18:40:13 - [MESSAGE][PASSED] - Scroll to object 'Object Repository/TC11-TrialBalance/Report' successfully

2019-05-16 18:40:13 - [TEST_STEP][PASSED] - click(findTestObject("TC11-TrialBalance/Report"), STOP_ON_FAILURE): Object: 'Object Repository/TC11-TrialBalance/Report' is clicked on

2019-05-16 18:40:13 - [MESSAGE][PASSED] - Object: 'Object Repository/TC11-TrialBalance/Report' is clicked on

2019-05-16 18:40:13 - [TEST_STEP][PASSED] - delay(4, STOP_ON_FAILURE): Delayed 4 second(s)

2019-05-16 18:40:17 - [MESSAGE][PASSED] - Delayed 4 second(s)

2019-05-16 18:40:17 - [TEST_STEP][PASSED] - scrollToElement(findTestObject("TC11-TrialBalance/TrialBalance"), 4, STOP_ON_FAILURE): Scroll to object 'Object Repository/TC11-TrialBalance/TrialBalance' successfully

2019-05-16 18:40:18 - [MESSAGE][PASSED] - Scroll to object 'Object Repository/TC11-TrialBalance/TrialBalance' successfully

2019-05-16 18:40:18 - [TEST_STEP][PASSED] - waitForElementClickable(findTestObject("TC11-TrialBalance/TrialBalance"), 5, STOP_ON_FAILURE): Object 'Object Repository/TC11-TrialBalance/TrialBalance' is clickable

2019-05-16 18:40:18 - [MESSAGE][PASSED] - Object 'Object Repository/TC11-TrialBalance/TrialBalance' is clickable

2019-05-16 18:40:18 - [TEST_STEP][PASSED] - click(findTestObject("TC11-TrialBalance/TrialBalance"), STOP_ON_FAILURE): Object: 'Object Repository/TC11-TrialBalance/TrialBalance' is clicked on

2019-05-16 18:40:19 - [MESSAGE][PASSED] - Object: 'Object Repository/TC11-TrialBalance/TrialBalance' is clicked on

2019-05-16 18:40:19 - [TEST_STEP][PASSED] - waitForJQueryLoad(4, STOP_ON_FAILURE): jQuery is ready.

2019-05-16 18:40:20 - [MESSAGE][PASSED] - jQuery is ready.

2019-05-16 18:40:20 - [TEST_STEP][PASSED] - selectOptionByLabel(findTestObject("TC11-TrialBalance/SelectCurrency"), "USD", false, STOP_ON_FAILURE): All options with label 'USD' are selected in object 'Object Repository/TC11-TrialBalance/SelectCurrency' 

2019-05-16 18:40:20 - [MESSAGE][PASSED] - All options with label 'USD' are selected in object 'Object Repository/TC11-TrialBalance/SelectCurrency' 

2019-05-16 18:40:20 - [TEST_STEP][PASSED] - delay(4, STOP_ON_FAILURE): Delayed 4 second(s)

2019-05-16 18:40:24 - [MESSAGE][PASSED] - Delayed 4 second(s)

2019-05-16 18:40:24 - [TEST_STEP][PASSED] - click(findTestObject("TC11-TrialBalance/SelectEntity"), STOP_ON_FAILURE): Object: 'Object Repository/TC11-TrialBalance/SelectEntity' is clicked on

2019-05-16 18:40:24 - [MESSAGE][PASSED] - Object: 'Object Repository/TC11-TrialBalance/SelectEntity' is clicked on

2019-05-16 18:40:24 - [TEST_STEP][PASSED] - delay(4, STOP_ON_FAILURE): Delayed 4 second(s)

2019-05-16 18:40:28 - [MESSAGE][PASSED] - Delayed 4 second(s)

2019-05-16 18:40:28 - [TEST_STEP][PASSED] - setText(findTestObject("TC11-TrialBalance/TypeEntityName"), "NEW MGA", STOP_ON_FAILURE): Text 'NEW MGA' is set on object 'Object Repository/TC11-TrialBalance/TypeEntityName'

2019-05-16 18:40:28 - [MESSAGE][PASSED] - Text 'NEW MGA' is set on object 'Object Repository/TC11-TrialBalance/TypeEntityName'

2019-05-16 18:40:28 - [TEST_STEP][PASSED] - sendKeys(findTestObject("TC11-TrialBalance/TypeEntityName"), Keys.chord(ENTER), STOP_ON_FAILURE): Keys 'ENTER + ' sent to object: 'Object Repository/TC11-TrialBalance/TypeEntityName'

2019-05-16 18:40:28 - [MESSAGE][PASSED] - Keys 'ENTER + ' sent to object: 'Object Repository/TC11-TrialBalance/TypeEntityName'

2019-05-16 18:40:28 - [TEST_STEP][PASSED] - delay(5, STOP_ON_FAILURE): Delayed 5 second(s)

2019-05-16 18:40:33 - [MESSAGE][PASSED] - Delayed 5 second(s)

2019-05-16 18:40:33 - [TEST_STEP][PASSED] - click(findTestObject("TC11-TrialBalance/MGACreditor"), STOP_ON_FAILURE): Object: 'Object Repository/TC11-TrialBalance/MGACreditor' is clicked on

2019-05-16 18:40:34 - [MESSAGE][PASSED] - Object: 'Object Repository/TC11-TrialBalance/MGACreditor' is clicked on

2019-05-16 18:40:34 - [TEST_STEP][PASSED] - delay(4, STOP_ON_FAILURE): Delayed 4 second(s)

2019-05-16 18:40:38 - [MESSAGE][PASSED] - Delayed 4 second(s)

2019-05-16 18:40:38 - [TEST_STEP][PASSED] - setText(findTestObject("TC11-TrialBalance/SearchPolicy"), PolicyNo_TrialBalance, STOP_ON_FAILURE): Text 'DASD/POLICY/003229' is set on object 'Object Repository/TC11-TrialBalance/SearchPolicy'

2019-05-16 18:40:38 - [MESSAGE][PASSED] - Text 'DASD/POLICY/003229' is set on object 'Object Repository/TC11-TrialBalance/SearchPolicy'

2019-05-16 18:40:38 - [TEST_STEP][PASSED] - sendKeys(findTestObject("TC11-TrialBalance/SearchPolicy"), Keys.chord(ENTER), STOP_ON_FAILURE): Keys 'ENTER + ' sent to object: 'Object Repository/TC11-TrialBalance/SearchPolicy'

2019-05-16 18:40:38 - [MESSAGE][PASSED] - Keys 'ENTER + ' sent to object: 'Object Repository/TC11-TrialBalance/SearchPolicy'

2019-05-16 18:40:38 - [TEST_STEP][PASSED] - delay(4, STOP_ON_FAILURE): Delayed 4 second(s)

2019-05-16 18:40:42 - [MESSAGE][PASSED] - Delayed 4 second(s)

2019-05-16 18:40:42 - [TEST_STEP][PASSED] - MGA_Comm_Value = getText(findTestObject("TC11-TrialBalance/MGAValueCapture"), STOP_ON_FAILURE): Text of object 'Object Repository/TC11-TrialBalance/MGAValueCapture' is: '291.00'

2019-05-16 18:40:42 - [MESSAGE][PASSED] - Text of object 'Object Repository/TC11-TrialBalance/MGAValueCapture' is: '291.00'

2019-05-16 18:40:42 - [TEST_STEP][NOT_RUN] - com.excel.helper.ExcelHelper.updateTheExcel("Data Files/TestData/Comission.xlsx", "MGATrialBalance", MGA_Comm_Value): NOT_RUN: com.excel.helper.ExcelHelper.updateTheExcel("Data Files/TestData/Comission.xlsx", "MGATrialBalance", MGA_Comm_Value)

2019-05-16 18:40:42 - [MESSAGE][NOT_RUN] - NOT_RUN: com.excel.helper.ExcelHelper.updateTheExcel("Data Files/TestData/Comission.xlsx", "MGATrialBalance", MGA_Comm_Value)

2019-05-16 18:40:42 - [TEST_STEP][PASSED] - delay(3, STOP_ON_FAILURE): Delayed 3 second(s)

2019-05-16 18:40:45 - [MESSAGE][PASSED] - Delayed 3 second(s)

2019-05-16 18:40:45 - [TEST_STEP][NOT_RUN] - verifyEqual(findTestObject("TC11-TrialBalance/VerifyObject"), findTestData("TestData/MGAComission").getValue(MGA_Comm_Value, MGA_Comm_Value)): NOT_RUN: verifyEqual(findTestObject("TC11-TrialBalance/VerifyObject"), findTestData("TestData/MGAComission").getValue(MGA_Comm_Value, MGA_Comm_Value))

2019-05-16 18:40:45 - [MESSAGE][NOT_RUN] - NOT_RUN: verifyEqual(findTestObject("TC11-TrialBalance/VerifyObject"), findTestData("TestData/MGAComission").getValue(MGA_Comm_Value, MGA_Comm_Value))

2019-05-16 18:40:45 - [TEST_STEP][PASSED] - waitForElementClickable(findTestObject("TC04-AccountMatching-MGA/CloseButton"), 5, STOP_ON_FAILURE): Object 'Object Repository/TC04-AccountMatching-MGA/CloseButton' is clickable

2019-05-16 18:40:45 - [MESSAGE][PASSED] - Object 'Object Repository/TC04-AccountMatching-MGA/CloseButton' is clickable

2019-05-16 18:40:45 - [TEST_STEP][PASSED] - click(findTestObject("TC04-AccountMatching-MGA/CloseButton"), STOP_ON_FAILURE): Object: 'Object Repository/TC04-AccountMatching-MGA/CloseButton' is clicked on

2019-05-16 18:40:45 - [MESSAGE][PASSED] - Object: 'Object Repository/TC04-AccountMatching-MGA/CloseButton' is clicked on

2019-05-16 18:40:45 - [TEST_STEP][PASSED] - scrollToElement(findTestObject("TC11-TrialBalance/HomeLink"), 4, STOP_ON_FAILURE): Scroll to object 'Object Repository/TC11-TrialBalance/HomeLink' successfully

2019-05-16 18:40:45 - [MESSAGE][PASSED] - Scroll to object 'Object Repository/TC11-TrialBalance/HomeLink' successfully

2019-05-16 18:40:45 - [TEST_STEP][PASSED] - click(findTestObject("TC11-TrialBalance/HomeLink"), STOP_ON_FAILURE): Object: 'Object Repository/TC11-TrialBalance/HomeLink' is clicked on

2019-05-16 18:40:47 - [MESSAGE][PASSED] - Object: 'Object Repository/TC11-TrialBalance/HomeLink' is clicked on

2019-05-16 18:40:47 - [TEST_STEP][NOT_RUN] - scrollToElement(findTestObject("TC11-TrialBalance/Report"), 4, STOP_ON_FAILURE): NOT_RUN: scrollToElement(findTestObject("TC11-TrialBalance/Report"), 4, STOP_ON_FAILURE)

2019-05-16 18:40:47 - [MESSAGE][NOT_RUN] - NOT_RUN: scrollToElement(findTestObject("TC11-TrialBalance/Report"), 4, STOP_ON_FAILURE)

2019-05-16 18:40:47 - [TEST_STEP][NOT_RUN] - click(findTestObject("TC11-TrialBalance/Report"), STOP_ON_FAILURE): NOT_RUN: click(findTestObject("TC11-TrialBalance/Report"), STOP_ON_FAILURE)

2019-05-16 18:40:47 - [MESSAGE][NOT_RUN] - NOT_RUN: click(findTestObject("TC11-TrialBalance/Report"), STOP_ON_FAILURE)]]></system-out>
         <system-err><![CDATA[]]></system-err>
      </testcase>
      <system-out><![CDATA[2019-05-16 18:38:06 - [TEST_SUITE][PASSED] - TrialBalance: Test Cases/TC11-TrialBalance-MGA]]></system-out>
      <system-err><![CDATA[]]></system-err>
   </testsuite>
</testsuites>
