<?xml version="1.0" encoding="UTF-8"?>
<testsuites name="PolicyCreation" time="157" tests="5" failures="0" errors="0">
   <testsuite name="PolicyCreation" tests="5" failures="0" errors="0" time="157" timestamp="2019-05-16 14:25:48" hostname="Swarnendu - SwarnenduMuk-PC" id="Test Suites/PolicyCreation">
      <properties>
         <property name="deviceName" value=""/>
         <property name="devicePlatform" value=""/>
         <property name="logFolder" value="E:\\Katalon_Projects\\Markit Core\\MarkitCore\\Reports\\PolicyCreation\\20190516_142546"/>
         <property name="logFiles" value="E:\\Katalon_Projects\\Markit Core\\MarkitCore\\Reports\\PolicyCreation\\20190516_142546\\execution0.log"/>
         <property name="attachments" value=""/>
         <property name="hostName" value="Swarnendu - SwarnenduMuk-PC"/>
         <property name="os" value="Windows 7 32bit"/>
         <property name="katalonVersion" value="6.0.5.4"/>
         <property name="browser" value="Chrome 74.0.3729.157"/>
         <property name="hostAddress" value="192.168.56.1"/>
         <property name="sessionId" value="39225c15ec74c93fbf479570d7229040"/>
         <property name="seleniumVersion" value="3.7.1"/>
         <property name="proxyInformation" value="ProxyInformation{proxyOption=NO_PROXY, proxyServerType=HTTP, password=, proxyServerAddress=, proxyServerPort=0}"/>
         <property name="platform" value="Windows 7"/>
      </properties>
      <testcase name="Test Cases/TC01-LoginApplication" classname="Test Cases/TC01-LoginApplication" status="PASSED">
         <system-out><![CDATA[2019-05-16 14:25:56 - [TEST_CASE][PASSED] - Test Cases/TC01-LoginApplication: Test Cases/TC01-LoginApplication

2019-05-16 14:25:57 - [TEST_STEP][NOT_RUN] - openBrowser(""): NOT_RUN: openBrowser("")

2019-05-16 14:25:57 - [MESSAGE][NOT_RUN] - NOT_RUN: openBrowser("")

2019-05-16 14:25:57 - [TEST_STEP][NOT_RUN] - navigateToUrl("https://dev.offshoresoftwaresolutions.net/markit_coreV2/Sites/CoreTest/login/admin_display"): NOT_RUN: navigateToUrl("https://dev.offshoresoftwaresolutions.net/markit_coreV2/Sites/CoreTest/login/admin_display")

2019-05-16 14:25:57 - [MESSAGE][NOT_RUN] - NOT_RUN: navigateToUrl("https://dev.offshoresoftwaresolutions.net/markit_coreV2/Sites/CoreTest/login/admin_display")

2019-05-16 14:25:57 - [TEST_STEP][PASSED] - setText(findTestObject("Object Repository/TC-LoginApplication/Page_Markit core new  Login/input_Login to your account_username"), username): Text 'dDasTester' is set on object 'Object Repository/TC-LoginApplication/Page_Markit core new  Login/input_Login to your account_username'

2019-05-16 14:25:57 - [MESSAGE][PASSED] - Text 'dDasTester' is set on object 'Object Repository/TC-LoginApplication/Page_Markit core new  Login/input_Login to your account_username'

2019-05-16 14:25:57 - [TEST_STEP][PASSED] - setText(findTestObject("Object Repository/TC-LoginApplication/Page_Markit core new  Login/input_Login to your account_password"), password): Text 'Czybm6R*' is set on object 'Object Repository/TC-LoginApplication/Page_Markit core new  Login/input_Login to your account_password'

2019-05-16 14:25:57 - [MESSAGE][PASSED] - Text 'Czybm6R*' is set on object 'Object Repository/TC-LoginApplication/Page_Markit core new  Login/input_Login to your account_password'

2019-05-16 14:25:57 - [TEST_STEP][PASSED] - delay(4, STOP_ON_FAILURE): Delayed 4 second(s)

2019-05-16 14:26:01 - [MESSAGE][PASSED] - Delayed 4 second(s)

2019-05-16 14:26:01 - [TEST_STEP][NOT_RUN] - maximizeWindow(): NOT_RUN: maximizeWindow()

2019-05-16 14:26:01 - [MESSAGE][NOT_RUN] - NOT_RUN: maximizeWindow()

2019-05-16 14:26:01 - [TEST_STEP][PASSED] - click(findTestObject("Object Repository/TC-LoginApplication/Page_Markit core new  Login/button_Login")): Object: 'Object Repository/TC-LoginApplication/Page_Markit core new  Login/button_Login' is clicked on

2019-05-16 14:26:07 - [MESSAGE][PASSED] - Object: 'Object Repository/TC-LoginApplication/Page_Markit core new  Login/button_Login' is clicked on

2019-05-16 14:26:07 - [TEST_STEP][NOT_RUN] - log = new com.kms.katalon.core.logging.KeywordLogger(): NOT_RUN: log = new com.kms.katalon.core.logging.KeywordLogger()

2019-05-16 14:26:07 - [MESSAGE][NOT_RUN] - NOT_RUN: log = new com.kms.katalon.core.logging.KeywordLogger()

2019-05-16 14:26:07 - [TEST_STEP][NOT_RUN] - log.logInfo(“Dipak”): NOT_RUN: log.logInfo(“Dipak”)

2019-05-16 14:26:07 - [MESSAGE][NOT_RUN] - NOT_RUN: log.logInfo(“Dipak”)]]></system-out>
         <system-err><![CDATA[]]></system-err>
      </testcase>
      <testcase name="Test Cases/TC05-PaymentSection" classname="Test Cases/TC05-PaymentSection" status="PASSED">
         <system-out><![CDATA[2019-05-16 14:26:07 - [TEST_CASE][PASSED] - Test Cases/TC05-PaymentSection: Test Cases/TC05-PaymentSection

2019-05-16 14:26:08 - [TEST_STEP][PASSED] - delay(3): Delayed 3 second(s)

2019-05-16 14:26:11 - [MESSAGE][PASSED] - Delayed 3 second(s)

2019-05-16 14:26:11 - [TEST_STEP][PASSED] - scrollToElement(findTestObject("TC05-PaymentSection/Payments"), 3): Scroll to object 'Object Repository/TC05-PaymentSection/Payments' successfully

2019-05-16 14:26:11 - [MESSAGE][PASSED] - Scroll to object 'Object Repository/TC05-PaymentSection/Payments' successfully

2019-05-16 14:26:11 - [TEST_STEP][PASSED] - click(findTestObject("TC05-PaymentSection/Payments")): Object: 'Object Repository/TC05-PaymentSection/Payments' is clicked on

2019-05-16 14:26:11 - [MESSAGE][PASSED] - Object: 'Object Repository/TC05-PaymentSection/Payments' is clicked on

2019-05-16 14:26:11 - [TEST_STEP][PASSED] - delay(5): Delayed 5 second(s)

2019-05-16 14:26:16 - [MESSAGE][PASSED] - Delayed 5 second(s)

2019-05-16 14:26:16 - [TEST_STEP][PASSED] - click(findTestObject("TC05-PaymentSection/Cash and Cheque Payments"), STOP_ON_FAILURE): Object: 'Object Repository/TC05-PaymentSection/Cash and Cheque Payments' is clicked on

2019-05-16 14:26:18 - [MESSAGE][PASSED] - Object: 'Object Repository/TC05-PaymentSection/Cash and Cheque Payments' is clicked on

2019-05-16 14:26:18 - [TEST_STEP][PASSED] - delay(5, STOP_ON_FAILURE): Delayed 5 second(s)

2019-05-16 14:26:23 - [MESSAGE][PASSED] - Delayed 5 second(s)

2019-05-16 14:26:23 - [TEST_STEP][PASSED] - setText(findTestObject("TC05-PaymentSection/PolicyNoSearchBox"), Policy_No_Search, STOP_ON_FAILURE): Text 'DASD/POLICY/003187' is set on object 'Object Repository/TC05-PaymentSection/PolicyNoSearchBox'

2019-05-16 14:26:23 - [MESSAGE][PASSED] - Text 'DASD/POLICY/003187' is set on object 'Object Repository/TC05-PaymentSection/PolicyNoSearchBox'

2019-05-16 14:26:23 - [TEST_STEP][PASSED] - sendKeys(findTestObject("TC05-PaymentSection/PolicyNoSearchBox"), Keys.chord(ENTER), STOP_ON_FAILURE): Keys 'ENTER + ' sent to object: 'Object Repository/TC05-PaymentSection/PolicyNoSearchBox'

2019-05-16 14:26:23 - [MESSAGE][PASSED] - Keys 'ENTER + ' sent to object: 'Object Repository/TC05-PaymentSection/PolicyNoSearchBox'

2019-05-16 14:26:23 - [TEST_STEP][PASSED] - delay(5, STOP_ON_FAILURE): Delayed 5 second(s)

2019-05-16 14:26:28 - [MESSAGE][PASSED] - Delayed 5 second(s)

2019-05-16 14:26:28 - [TEST_STEP][PASSED] - click(findTestObject("TC05-PaymentSection/EditPaymentListing"), STOP_ON_FAILURE): Object: 'Object Repository/TC05-PaymentSection/EditPaymentListing' is clicked on

2019-05-16 14:26:28 - [MESSAGE][PASSED] - Object: 'Object Repository/TC05-PaymentSection/EditPaymentListing' is clicked on

2019-05-16 14:26:28 - [TEST_STEP][PASSED] - setText(findTestObject("TC05-PaymentSection/Note"), "This is Testing Only", STOP_ON_FAILURE): Text 'This is Testing Only' is set on object 'Object Repository/TC05-PaymentSection/Note'

2019-05-16 14:26:29 - [MESSAGE][PASSED] - Text 'This is Testing Only' is set on object 'Object Repository/TC05-PaymentSection/Note'

2019-05-16 14:26:29 - [TEST_STEP][PASSED] - selectOptionByLabel(findTestObject("TC05-PaymentSection/TransactionStatus"), "Paid", false, STOP_ON_FAILURE): All options with label 'Paid' are selected in object 'Object Repository/TC05-PaymentSection/TransactionStatus' 

2019-05-16 14:26:30 - [MESSAGE][PASSED] - All options with label 'Paid' are selected in object 'Object Repository/TC05-PaymentSection/TransactionStatus' 

2019-05-16 14:26:30 - [TEST_STEP][PASSED] - click(findTestObject("TC05-PaymentSection/SaveButton"), STOP_ON_FAILURE): Object: 'Object Repository/TC05-PaymentSection/SaveButton' is clicked on

2019-05-16 14:26:31 - [MESSAGE][PASSED] - Object: 'Object Repository/TC05-PaymentSection/SaveButton' is clicked on

2019-05-16 14:26:31 - [TEST_STEP][PASSED] - delay(4): Delayed 4 second(s)

2019-05-16 14:26:35 - [MESSAGE][PASSED] - Delayed 4 second(s)

2019-05-16 14:26:35 - [TEST_STEP][PASSED] - waitForElementPresent(findTestObject("TC05-PaymentSection/PaymentAddedSuccessfully"), 5, STOP_ON_FAILURE): Object 'Object Repository/TC05-PaymentSection/PaymentAddedSuccessfully' is present

2019-05-16 14:26:35 - [MESSAGE][PASSED] - Object 'Object Repository/TC05-PaymentSection/PaymentAddedSuccessfully' is present

2019-05-16 14:26:35 - [TEST_STEP][PASSED] - click(findTestObject("TC05-PaymentSection/Payments")): Object: 'Object Repository/TC05-PaymentSection/Payments' is clicked on

2019-05-16 14:26:35 - [MESSAGE][PASSED] - Object: 'Object Repository/TC05-PaymentSection/Payments' is clicked on]]></system-out>
         <system-err><![CDATA[]]></system-err>
      </testcase>
      <testcase name="Test Cases/TC05-PaymentSection" classname="Test Cases/TC05-PaymentSection" status="PASSED">
         <system-out><![CDATA[2019-05-16 14:26:35 - [TEST_CASE][PASSED] - Test Cases/TC05-PaymentSection: Test Cases/TC05-PaymentSection

2019-05-16 14:26:35 - [TEST_STEP][PASSED] - delay(3): Delayed 3 second(s)

2019-05-16 14:26:38 - [MESSAGE][PASSED] - Delayed 3 second(s)

2019-05-16 14:26:38 - [TEST_STEP][PASSED] - scrollToElement(findTestObject("TC05-PaymentSection/Payments"), 3): Scroll to object 'Object Repository/TC05-PaymentSection/Payments' successfully

2019-05-16 14:26:38 - [MESSAGE][PASSED] - Scroll to object 'Object Repository/TC05-PaymentSection/Payments' successfully

2019-05-16 14:26:38 - [TEST_STEP][PASSED] - click(findTestObject("TC05-PaymentSection/Payments")): Object: 'Object Repository/TC05-PaymentSection/Payments' is clicked on

2019-05-16 14:26:38 - [MESSAGE][PASSED] - Object: 'Object Repository/TC05-PaymentSection/Payments' is clicked on

2019-05-16 14:26:38 - [TEST_STEP][PASSED] - delay(5): Delayed 5 second(s)

2019-05-16 14:26:43 - [MESSAGE][PASSED] - Delayed 5 second(s)

2019-05-16 14:26:43 - [TEST_STEP][PASSED] - click(findTestObject("TC05-PaymentSection/Cash and Cheque Payments"), STOP_ON_FAILURE): Object: 'Object Repository/TC05-PaymentSection/Cash and Cheque Payments' is clicked on

2019-05-16 14:26:44 - [MESSAGE][PASSED] - Object: 'Object Repository/TC05-PaymentSection/Cash and Cheque Payments' is clicked on

2019-05-16 14:26:44 - [TEST_STEP][PASSED] - delay(5, STOP_ON_FAILURE): Delayed 5 second(s)

2019-05-16 14:26:49 - [MESSAGE][PASSED] - Delayed 5 second(s)

2019-05-16 14:26:49 - [TEST_STEP][PASSED] - setText(findTestObject("TC05-PaymentSection/PolicyNoSearchBox"), Policy_No_Search, STOP_ON_FAILURE): Text 'DASD/POLICY/003189' is set on object 'Object Repository/TC05-PaymentSection/PolicyNoSearchBox'

2019-05-16 14:26:50 - [MESSAGE][PASSED] - Text 'DASD/POLICY/003189' is set on object 'Object Repository/TC05-PaymentSection/PolicyNoSearchBox'

2019-05-16 14:26:50 - [TEST_STEP][PASSED] - sendKeys(findTestObject("TC05-PaymentSection/PolicyNoSearchBox"), Keys.chord(ENTER), STOP_ON_FAILURE): Keys 'ENTER + ' sent to object: 'Object Repository/TC05-PaymentSection/PolicyNoSearchBox'

2019-05-16 14:26:50 - [MESSAGE][PASSED] - Keys 'ENTER + ' sent to object: 'Object Repository/TC05-PaymentSection/PolicyNoSearchBox'

2019-05-16 14:26:50 - [TEST_STEP][PASSED] - delay(5, STOP_ON_FAILURE): Delayed 5 second(s)

2019-05-16 14:26:55 - [MESSAGE][PASSED] - Delayed 5 second(s)

2019-05-16 14:26:55 - [TEST_STEP][PASSED] - click(findTestObject("TC05-PaymentSection/EditPaymentListing"), STOP_ON_FAILURE): Object: 'Object Repository/TC05-PaymentSection/EditPaymentListing' is clicked on

2019-05-16 14:26:55 - [MESSAGE][PASSED] - Object: 'Object Repository/TC05-PaymentSection/EditPaymentListing' is clicked on

2019-05-16 14:26:55 - [TEST_STEP][PASSED] - setText(findTestObject("TC05-PaymentSection/Note"), "This is Testing Only", STOP_ON_FAILURE): Text 'This is Testing Only' is set on object 'Object Repository/TC05-PaymentSection/Note'

2019-05-16 14:26:55 - [MESSAGE][PASSED] - Text 'This is Testing Only' is set on object 'Object Repository/TC05-PaymentSection/Note'

2019-05-16 14:26:55 - [TEST_STEP][PASSED] - selectOptionByLabel(findTestObject("TC05-PaymentSection/TransactionStatus"), "Paid", false, STOP_ON_FAILURE): All options with label 'Paid' are selected in object 'Object Repository/TC05-PaymentSection/TransactionStatus' 

2019-05-16 14:26:56 - [MESSAGE][PASSED] - All options with label 'Paid' are selected in object 'Object Repository/TC05-PaymentSection/TransactionStatus' 

2019-05-16 14:26:56 - [TEST_STEP][PASSED] - click(findTestObject("TC05-PaymentSection/SaveButton"), STOP_ON_FAILURE): Object: 'Object Repository/TC05-PaymentSection/SaveButton' is clicked on

2019-05-16 14:26:57 - [MESSAGE][PASSED] - Object: 'Object Repository/TC05-PaymentSection/SaveButton' is clicked on

2019-05-16 14:26:57 - [TEST_STEP][PASSED] - delay(4): Delayed 4 second(s)

2019-05-16 14:27:01 - [MESSAGE][PASSED] - Delayed 4 second(s)

2019-05-16 14:27:01 - [TEST_STEP][PASSED] - waitForElementPresent(findTestObject("TC05-PaymentSection/PaymentAddedSuccessfully"), 5, STOP_ON_FAILURE): Object 'Object Repository/TC05-PaymentSection/PaymentAddedSuccessfully' is present

2019-05-16 14:27:01 - [MESSAGE][PASSED] - Object 'Object Repository/TC05-PaymentSection/PaymentAddedSuccessfully' is present

2019-05-16 14:27:01 - [TEST_STEP][PASSED] - click(findTestObject("TC05-PaymentSection/Payments")): Object: 'Object Repository/TC05-PaymentSection/Payments' is clicked on

2019-05-16 14:27:01 - [MESSAGE][PASSED] - Object: 'Object Repository/TC05-PaymentSection/Payments' is clicked on]]></system-out>
         <system-err><![CDATA[]]></system-err>
      </testcase>
      <testcase name="Test Cases/TC04-AccountMatching-MGA" classname="Test Cases/TC04-AccountMatching-MGA" status="PASSED">
         <system-out><![CDATA[2019-05-16 14:27:01 - [TEST_CASE][PASSED] - Test Cases/TC04-AccountMatching-MGA: Test Cases/TC04-AccountMatching-MGA

2019-05-16 14:27:01 - [TEST_STEP][PASSED] - log = new com.kms.katalon.core.logging.KeywordLogger(): null

2019-05-16 14:27:01 - [TEST_STEP][PASSED] - delay(3): Delayed 3 second(s)

2019-05-16 14:27:04 - [MESSAGE][PASSED] - Delayed 3 second(s)

2019-05-16 14:27:04 - [TEST_STEP][PASSED] - scrollToElement(findTestObject("TC04-AccountMatching-MGA/AccountManagement"), 5): Scroll to object 'Object Repository/TC04-AccountMatching-MGA/AccountManagement' successfully

2019-05-16 14:27:04 - [MESSAGE][PASSED] - Scroll to object 'Object Repository/TC04-AccountMatching-MGA/AccountManagement' successfully

2019-05-16 14:27:04 - [TEST_STEP][PASSED] - click(findTestObject("TC04-AccountMatching-MGA/AccountManagement")): Object: 'Object Repository/TC04-AccountMatching-MGA/AccountManagement' is clicked on

2019-05-16 14:27:04 - [MESSAGE][PASSED] - Object: 'Object Repository/TC04-AccountMatching-MGA/AccountManagement' is clicked on

2019-05-16 14:27:04 - [TEST_STEP][NOT_RUN] - delay(5): NOT_RUN: delay(5)

2019-05-16 14:27:04 - [MESSAGE][NOT_RUN] - NOT_RUN: delay(5)

2019-05-16 14:27:04 - [TEST_STEP][PASSED] - waitForElementVisible(findTestObject("TC04-AccountMatching-MGA/AccountMatchingLink"), 4): Object 'Object Repository/TC04-AccountMatching-MGA/AccountMatchingLink' is visible

2019-05-16 14:27:05 - [MESSAGE][PASSED] - Object 'Object Repository/TC04-AccountMatching-MGA/AccountMatchingLink' is visible

2019-05-16 14:27:05 - [TEST_STEP][PASSED] - click(findTestObject("TC04-AccountMatching-MGA/AccountMatchingLink")): Object: 'Object Repository/TC04-AccountMatching-MGA/AccountMatchingLink' is clicked on

2019-05-16 14:27:06 - [MESSAGE][PASSED] - Object: 'Object Repository/TC04-AccountMatching-MGA/AccountMatchingLink' is clicked on

2019-05-16 14:27:06 - [TEST_STEP][PASSED] - delay(5): Delayed 5 second(s)

2019-05-16 14:27:11 - [MESSAGE][PASSED] - Delayed 5 second(s)

2019-05-16 14:27:11 - [TEST_STEP][PASSED] - selectOptionByLabel(findTestObject("TC04-AccountMatching-MGA/EntityType"), "MGA", false): All options with label 'MGA' are selected in object 'Object Repository/TC04-AccountMatching-MGA/EntityType' 

2019-05-16 14:27:11 - [MESSAGE][PASSED] - All options with label 'MGA' are selected in object 'Object Repository/TC04-AccountMatching-MGA/EntityType' 

2019-05-16 14:27:11 - [TEST_STEP][PASSED] - delay(5): Delayed 5 second(s)

2019-05-16 14:27:16 - [MESSAGE][PASSED] - Delayed 5 second(s)

2019-05-16 14:27:16 - [TEST_STEP][PASSED] - selectOptionByLabel(findTestObject("TC04-AccountMatching-MGA/Entity"), "NEW MGA", false): All options with label 'NEW MGA' are selected in object 'Object Repository/TC04-AccountMatching-MGA/Entity' 

2019-05-16 14:27:16 - [MESSAGE][PASSED] - All options with label 'NEW MGA' are selected in object 'Object Repository/TC04-AccountMatching-MGA/Entity' 

2019-05-16 14:27:16 - [TEST_STEP][PASSED] - waitForElementClickable(findTestObject("TC04-AccountMatching-MGA/ClickGoButton"), 5): Object 'Object Repository/TC04-AccountMatching-MGA/ClickGoButton' is clickable

2019-05-16 14:27:16 - [MESSAGE][PASSED] - Object 'Object Repository/TC04-AccountMatching-MGA/ClickGoButton' is clickable

2019-05-16 14:27:16 - [TEST_STEP][PASSED] - click(findTestObject("TC04-AccountMatching-MGA/ClickGoButton")): Object: 'Object Repository/TC04-AccountMatching-MGA/ClickGoButton' is clicked on

2019-05-16 14:27:18 - [MESSAGE][PASSED] - Object: 'Object Repository/TC04-AccountMatching-MGA/ClickGoButton' is clicked on

2019-05-16 14:27:18 - [TEST_STEP][PASSED] - waitForJQueryLoad(5): jQuery is ready.

2019-05-16 14:27:19 - [MESSAGE][PASSED] - jQuery is ready.

2019-05-16 14:27:19 - [TEST_STEP][PASSED] - selectOptionByLabel(findTestObject("TC04-AccountMatching-MGA/SelectAccount"), "ComissionOnly -- Allocated -- NEW MGA CommAccount -- USD", false): All options with label 'ComissionOnly -- Allocated -- NEW MGA CommAccount -- USD' are selected in object 'Object Repository/TC04-AccountMatching-MGA/SelectAccount' 

2019-05-16 14:27:19 - [MESSAGE][PASSED] - All options with label 'ComissionOnly -- Allocated -- NEW MGA CommAccount -- USD' are selected in object 'Object Repository/TC04-AccountMatching-MGA/SelectAccount' 

2019-05-16 14:27:19 - [TEST_STEP][PASSED] - delay(5): Delayed 5 second(s)

2019-05-16 14:27:24 - [MESSAGE][PASSED] - Delayed 5 second(s)

2019-05-16 14:27:24 - [TEST_STEP][PASSED] - setText(findTestObject("TC04-AccountMatching-MGA/Acc_Matching_PolicyNo_TextBox"), MTA_Policy_No): Text 'DASD/POLICY/003187' is set on object 'Object Repository/TC04-AccountMatching-MGA/Acc_Matching_PolicyNo_TextBox'

2019-05-16 14:27:24 - [MESSAGE][PASSED] - Text 'DASD/POLICY/003187' is set on object 'Object Repository/TC04-AccountMatching-MGA/Acc_Matching_PolicyNo_TextBox'

2019-05-16 14:27:24 - [TEST_STEP][PASSED] - sendKeys(findTestObject("TC04-AccountMatching-MGA/Acc_Matching_PolicyNo_TextBox"), Keys.chord(ENTER)): Keys 'ENTER + ' sent to object: 'Object Repository/TC04-AccountMatching-MGA/Acc_Matching_PolicyNo_TextBox'

2019-05-16 14:27:24 - [MESSAGE][PASSED] - Keys 'ENTER + ' sent to object: 'Object Repository/TC04-AccountMatching-MGA/Acc_Matching_PolicyNo_TextBox'

2019-05-16 14:27:24 - [TEST_STEP][PASSED] - delay(5): Delayed 5 second(s)

2019-05-16 14:27:29 - [MESSAGE][PASSED] - Delayed 5 second(s)

2019-05-16 14:27:29 - [TEST_STEP][PASSED] - waitForElementClickable(findTestObject("TC04-AccountMatching-MGA/CheckBox"), 5): Object 'Object Repository/TC04-AccountMatching-MGA/CheckBox' is clickable

2019-05-16 14:27:29 - [MESSAGE][PASSED] - Object 'Object Repository/TC04-AccountMatching-MGA/CheckBox' is clickable

2019-05-16 14:27:29 - [TEST_STEP][PASSED] - click(findTestObject("TC04-AccountMatching-MGA/CheckBox")): Object: 'Object Repository/TC04-AccountMatching-MGA/CheckBox' is clicked on

2019-05-16 14:27:30 - [MESSAGE][PASSED] - Object: 'Object Repository/TC04-AccountMatching-MGA/CheckBox' is clicked on

2019-05-16 14:27:30 - [TEST_STEP][PASSED] - delay(4): Delayed 4 second(s)

2019-05-16 14:27:34 - [MESSAGE][PASSED] - Delayed 4 second(s)

2019-05-16 14:27:34 - [TEST_STEP][PASSED] - MGA_Comission_Amount = getText(findTestObject("TC04-AccountMatching-MGA/MGA_Amount")): Text of object 'Object Repository/TC04-AccountMatching-MGA/MGA_Amount' is: 'USD 145.50'

2019-05-16 14:27:34 - [MESSAGE][PASSED] - Text of object 'Object Repository/TC04-AccountMatching-MGA/MGA_Amount' is: 'USD 145.50'

2019-05-16 14:27:34 - [TEST_STEP][PASSED] - MGA_Comm_Amt = subString.FatchSubstringValue.SubString(MGA_Comission_Amount): subString.FatchSubstringValue.SubString is PASSED

2019-05-16 14:27:34 - [MESSAGE][PASSED] - subString.FatchSubstringValue.SubString is PASSED

2019-05-16 14:27:34 - [TEST_STEP][PASSED] - delay(4): Delayed 4 second(s)

2019-05-16 14:27:38 - [MESSAGE][PASSED] - Delayed 4 second(s)

2019-05-16 14:27:38 - [TEST_STEP][NOT_RUN] - scrollToElement(findTestObject("TC04-AccountMatching-MGA/PayFullClick"), 5): NOT_RUN: scrollToElement(findTestObject("TC04-AccountMatching-MGA/PayFullClick"), 5)

2019-05-16 14:27:38 - [MESSAGE][NOT_RUN] - NOT_RUN: scrollToElement(findTestObject("TC04-AccountMatching-MGA/PayFullClick"), 5)

2019-05-16 14:27:38 - [TEST_STEP][PASSED] - click(findTestObject("TC04-AccountMatching-MGA/PayFullClick")): Object: 'Object Repository/TC04-AccountMatching-MGA/PayFullClick' is clicked on

2019-05-16 14:27:38 - [MESSAGE][PASSED] - Object: 'Object Repository/TC04-AccountMatching-MGA/PayFullClick' is clicked on

2019-05-16 14:27:38 - [TEST_STEP][NOT_RUN] - setText(findTestObject("TC04-AccountMatching-MGA/PAYFULL"), MGA_Comission_Amount): NOT_RUN: setText(findTestObject("TC04-AccountMatching-MGA/PAYFULL"), MGA_Comission_Amount)

2019-05-16 14:27:38 - [MESSAGE][NOT_RUN] - NOT_RUN: setText(findTestObject("TC04-AccountMatching-MGA/PAYFULL"), MGA_Comission_Amount)

2019-05-16 14:27:38 - [TEST_STEP][PASSED] - click(findTestObject("TC04-AccountMatching-MGA/MatchAmount")): Object: 'Object Repository/TC04-AccountMatching-MGA/MatchAmount' is clicked on

2019-05-16 14:27:38 - [MESSAGE][PASSED] - Object: 'Object Repository/TC04-AccountMatching-MGA/MatchAmount' is clicked on

2019-05-16 14:27:38 - [TEST_STEP][PASSED] - delay(5): Delayed 5 second(s)

2019-05-16 14:27:43 - [MESSAGE][PASSED] - Delayed 5 second(s)

2019-05-16 14:27:43 - [TEST_STEP][PASSED] - com.excel.helper.ExcelHelper.updateTheExcel2("Data Files/PolicyData.xlsx", "Sheet2", "MGA_Comission", MGA_Comm_Amt, MTA_Policy_No): com.excel.helper.ExcelHelper.updateTheExcel2 is PASSED

2019-05-16 14:27:44 - [MESSAGE][PASSED] - com.excel.helper.ExcelHelper.updateTheExcel2 is PASSED

2019-05-16 14:27:44 - [TEST_STEP][PASSED] - log.logInfo(MGA_Comission_Amount): USD 145.50

2019-05-16 14:27:44 - [MESSAGE][INFO] - USD 145.50]]></system-out>
         <system-err><![CDATA[]]></system-err>
      </testcase>
      <testcase name="Test Cases/TC04-AccountMatching-MGA" classname="Test Cases/TC04-AccountMatching-MGA" status="PASSED">
         <system-out><![CDATA[2019-05-16 14:27:44 - [TEST_CASE][PASSED] - Test Cases/TC04-AccountMatching-MGA: Test Cases/TC04-AccountMatching-MGA

2019-05-16 14:27:44 - [TEST_STEP][PASSED] - log = new com.kms.katalon.core.logging.KeywordLogger(): null

2019-05-16 14:27:44 - [TEST_STEP][PASSED] - delay(3): Delayed 3 second(s)

2019-05-16 14:27:47 - [MESSAGE][PASSED] - Delayed 3 second(s)

2019-05-16 14:27:47 - [TEST_STEP][PASSED] - scrollToElement(findTestObject("TC04-AccountMatching-MGA/AccountManagement"), 5): Scroll to object 'Object Repository/TC04-AccountMatching-MGA/AccountManagement' successfully

2019-05-16 14:27:47 - [MESSAGE][PASSED] - Scroll to object 'Object Repository/TC04-AccountMatching-MGA/AccountManagement' successfully

2019-05-16 14:27:47 - [TEST_STEP][PASSED] - click(findTestObject("TC04-AccountMatching-MGA/AccountManagement")): Object: 'Object Repository/TC04-AccountMatching-MGA/AccountManagement' is clicked on

2019-05-16 14:27:47 - [MESSAGE][PASSED] - Object: 'Object Repository/TC04-AccountMatching-MGA/AccountManagement' is clicked on

2019-05-16 14:27:47 - [TEST_STEP][NOT_RUN] - delay(5): NOT_RUN: delay(5)

2019-05-16 14:27:47 - [MESSAGE][NOT_RUN] - NOT_RUN: delay(5)

2019-05-16 14:27:47 - [TEST_STEP][PASSED] - waitForElementVisible(findTestObject("TC04-AccountMatching-MGA/AccountMatchingLink"), 4): Object 'Object Repository/TC04-AccountMatching-MGA/AccountMatchingLink' is visible

2019-05-16 14:27:47 - [MESSAGE][PASSED] - Object 'Object Repository/TC04-AccountMatching-MGA/AccountMatchingLink' is visible

2019-05-16 14:27:47 - [TEST_STEP][PASSED] - click(findTestObject("TC04-AccountMatching-MGA/AccountMatchingLink")): Object: 'Object Repository/TC04-AccountMatching-MGA/AccountMatchingLink' is clicked on

2019-05-16 14:27:48 - [MESSAGE][PASSED] - Object: 'Object Repository/TC04-AccountMatching-MGA/AccountMatchingLink' is clicked on

2019-05-16 14:27:48 - [TEST_STEP][PASSED] - delay(5): Delayed 5 second(s)

2019-05-16 14:27:53 - [MESSAGE][PASSED] - Delayed 5 second(s)

2019-05-16 14:27:53 - [TEST_STEP][PASSED] - selectOptionByLabel(findTestObject("TC04-AccountMatching-MGA/EntityType"), "MGA", false): All options with label 'MGA' are selected in object 'Object Repository/TC04-AccountMatching-MGA/EntityType' 

2019-05-16 14:27:53 - [MESSAGE][PASSED] - All options with label 'MGA' are selected in object 'Object Repository/TC04-AccountMatching-MGA/EntityType' 

2019-05-16 14:27:53 - [TEST_STEP][PASSED] - delay(5): Delayed 5 second(s)

2019-05-16 14:27:58 - [MESSAGE][PASSED] - Delayed 5 second(s)

2019-05-16 14:27:58 - [TEST_STEP][PASSED] - selectOptionByLabel(findTestObject("TC04-AccountMatching-MGA/Entity"), "NEW MGA", false): All options with label 'NEW MGA' are selected in object 'Object Repository/TC04-AccountMatching-MGA/Entity' 

2019-05-16 14:27:58 - [MESSAGE][PASSED] - All options with label 'NEW MGA' are selected in object 'Object Repository/TC04-AccountMatching-MGA/Entity' 

2019-05-16 14:27:58 - [TEST_STEP][PASSED] - waitForElementClickable(findTestObject("TC04-AccountMatching-MGA/ClickGoButton"), 5): Object 'Object Repository/TC04-AccountMatching-MGA/ClickGoButton' is clickable

2019-05-16 14:27:59 - [MESSAGE][PASSED] - Object 'Object Repository/TC04-AccountMatching-MGA/ClickGoButton' is clickable

2019-05-16 14:27:59 - [TEST_STEP][PASSED] - click(findTestObject("TC04-AccountMatching-MGA/ClickGoButton")): Object: 'Object Repository/TC04-AccountMatching-MGA/ClickGoButton' is clicked on

2019-05-16 14:28:00 - [MESSAGE][PASSED] - Object: 'Object Repository/TC04-AccountMatching-MGA/ClickGoButton' is clicked on

2019-05-16 14:28:00 - [TEST_STEP][PASSED] - waitForJQueryLoad(5): jQuery is ready.

2019-05-16 14:28:01 - [MESSAGE][PASSED] - jQuery is ready.

2019-05-16 14:28:01 - [TEST_STEP][PASSED] - selectOptionByLabel(findTestObject("TC04-AccountMatching-MGA/SelectAccount"), "ComissionOnly -- Allocated -- NEW MGA CommAccount -- USD", false): All options with label 'ComissionOnly -- Allocated -- NEW MGA CommAccount -- USD' are selected in object 'Object Repository/TC04-AccountMatching-MGA/SelectAccount' 

2019-05-16 14:28:01 - [MESSAGE][PASSED] - All options with label 'ComissionOnly -- Allocated -- NEW MGA CommAccount -- USD' are selected in object 'Object Repository/TC04-AccountMatching-MGA/SelectAccount' 

2019-05-16 14:28:01 - [TEST_STEP][PASSED] - delay(5): Delayed 5 second(s)

2019-05-16 14:28:06 - [MESSAGE][PASSED] - Delayed 5 second(s)

2019-05-16 14:28:06 - [TEST_STEP][PASSED] - setText(findTestObject("TC04-AccountMatching-MGA/Acc_Matching_PolicyNo_TextBox"), MTA_Policy_No): Text 'DASD/POLICY/003189' is set on object 'Object Repository/TC04-AccountMatching-MGA/Acc_Matching_PolicyNo_TextBox'

2019-05-16 14:28:06 - [MESSAGE][PASSED] - Text 'DASD/POLICY/003189' is set on object 'Object Repository/TC04-AccountMatching-MGA/Acc_Matching_PolicyNo_TextBox'

2019-05-16 14:28:06 - [TEST_STEP][PASSED] - sendKeys(findTestObject("TC04-AccountMatching-MGA/Acc_Matching_PolicyNo_TextBox"), Keys.chord(ENTER)): Keys 'ENTER + ' sent to object: 'Object Repository/TC04-AccountMatching-MGA/Acc_Matching_PolicyNo_TextBox'

2019-05-16 14:28:06 - [MESSAGE][PASSED] - Keys 'ENTER + ' sent to object: 'Object Repository/TC04-AccountMatching-MGA/Acc_Matching_PolicyNo_TextBox'

2019-05-16 14:28:06 - [TEST_STEP][PASSED] - delay(5): Delayed 5 second(s)

2019-05-16 14:28:11 - [MESSAGE][PASSED] - Delayed 5 second(s)

2019-05-16 14:28:11 - [TEST_STEP][PASSED] - waitForElementClickable(findTestObject("TC04-AccountMatching-MGA/CheckBox"), 5): Object 'Object Repository/TC04-AccountMatching-MGA/CheckBox' is clickable

2019-05-16 14:28:11 - [MESSAGE][PASSED] - Object 'Object Repository/TC04-AccountMatching-MGA/CheckBox' is clickable

2019-05-16 14:28:11 - [TEST_STEP][PASSED] - click(findTestObject("TC04-AccountMatching-MGA/CheckBox")): Object: 'Object Repository/TC04-AccountMatching-MGA/CheckBox' is clicked on

2019-05-16 14:28:11 - [MESSAGE][PASSED] - Object: 'Object Repository/TC04-AccountMatching-MGA/CheckBox' is clicked on

2019-05-16 14:28:11 - [TEST_STEP][PASSED] - delay(4): Delayed 4 second(s)

2019-05-16 14:28:15 - [MESSAGE][PASSED] - Delayed 4 second(s)

2019-05-16 14:28:15 - [TEST_STEP][PASSED] - MGA_Comission_Amount = getText(findTestObject("TC04-AccountMatching-MGA/MGA_Amount")): Text of object 'Object Repository/TC04-AccountMatching-MGA/MGA_Amount' is: 'USD 291.00'

2019-05-16 14:28:15 - [MESSAGE][PASSED] - Text of object 'Object Repository/TC04-AccountMatching-MGA/MGA_Amount' is: 'USD 291.00'

2019-05-16 14:28:15 - [TEST_STEP][PASSED] - MGA_Comm_Amt = subString.FatchSubstringValue.SubString(MGA_Comission_Amount): subString.FatchSubstringValue.SubString is PASSED

2019-05-16 14:28:15 - [MESSAGE][PASSED] - subString.FatchSubstringValue.SubString is PASSED

2019-05-16 14:28:15 - [TEST_STEP][PASSED] - delay(4): Delayed 4 second(s)

2019-05-16 14:28:19 - [MESSAGE][PASSED] - Delayed 4 second(s)

2019-05-16 14:28:19 - [TEST_STEP][NOT_RUN] - scrollToElement(findTestObject("TC04-AccountMatching-MGA/PayFullClick"), 5): NOT_RUN: scrollToElement(findTestObject("TC04-AccountMatching-MGA/PayFullClick"), 5)

2019-05-16 14:28:19 - [MESSAGE][NOT_RUN] - NOT_RUN: scrollToElement(findTestObject("TC04-AccountMatching-MGA/PayFullClick"), 5)

2019-05-16 14:28:19 - [TEST_STEP][PASSED] - click(findTestObject("TC04-AccountMatching-MGA/PayFullClick")): Object: 'Object Repository/TC04-AccountMatching-MGA/PayFullClick' is clicked on

2019-05-16 14:28:20 - [MESSAGE][PASSED] - Object: 'Object Repository/TC04-AccountMatching-MGA/PayFullClick' is clicked on

2019-05-16 14:28:20 - [TEST_STEP][NOT_RUN] - setText(findTestObject("TC04-AccountMatching-MGA/PAYFULL"), MGA_Comission_Amount): NOT_RUN: setText(findTestObject("TC04-AccountMatching-MGA/PAYFULL"), MGA_Comission_Amount)

2019-05-16 14:28:20 - [MESSAGE][NOT_RUN] - NOT_RUN: setText(findTestObject("TC04-AccountMatching-MGA/PAYFULL"), MGA_Comission_Amount)

2019-05-16 14:28:20 - [TEST_STEP][PASSED] - click(findTestObject("TC04-AccountMatching-MGA/MatchAmount")): Object: 'Object Repository/TC04-AccountMatching-MGA/MatchAmount' is clicked on

2019-05-16 14:28:20 - [MESSAGE][PASSED] - Object: 'Object Repository/TC04-AccountMatching-MGA/MatchAmount' is clicked on

2019-05-16 14:28:20 - [TEST_STEP][PASSED] - delay(5): Delayed 5 second(s)

2019-05-16 14:28:25 - [MESSAGE][PASSED] - Delayed 5 second(s)

2019-05-16 14:28:25 - [TEST_STEP][PASSED] - com.excel.helper.ExcelHelper.updateTheExcel2("Data Files/PolicyData.xlsx", "Sheet2", "MGA_Comission", MGA_Comm_Amt, MTA_Policy_No): com.excel.helper.ExcelHelper.updateTheExcel2 is PASSED

2019-05-16 14:28:25 - [MESSAGE][PASSED] - com.excel.helper.ExcelHelper.updateTheExcel2 is PASSED

2019-05-16 14:28:25 - [TEST_STEP][PASSED] - log.logInfo(MGA_Comission_Amount): USD 291.00

2019-05-16 14:28:25 - [MESSAGE][INFO] - USD 291.00]]></system-out>
         <system-err><![CDATA[]]></system-err>
      </testcase>
      <system-out><![CDATA[2019-05-16 14:25:48 - [TEST_SUITE][PASSED] - PolicyCreation: Test Cases/TC04-AccountMatching-MGA]]></system-out>
      <system-err><![CDATA[]]></system-err>
   </testsuite>
</testsuites>
