<?xml version="1.0" encoding="UTF-8"?>
<testsuites name="TrialBalance" time="88" tests="3" failures="0" errors="0">
   <testsuite name="TrialBalance" tests="3" failures="0" errors="0" time="88" timestamp="2019-05-15 15:51:55" hostname="dipak - DIPAKDAS-PC.indusnettechnologies.com" id="Test Suites/TrialBalance">
      <properties>
         <property name="deviceName" value=""/>
         <property name="devicePlatform" value=""/>
         <property name="logFolder" value="E:\\MarkitCore\\MarkitCore-Final\\MarkitCoreSystem\\MarkitCore\\Reports\\TrialBalance\\20190515_155152"/>
         <property name="logFiles" value="E:\\MarkitCore\\MarkitCore-Final\\MarkitCoreSystem\\MarkitCore\\Reports\\TrialBalance\\20190515_155152\\execution0.log"/>
         <property name="attachments" value=""/>
         <property name="hostName" value="dipak - DIPAKDAS-PC.indusnettechnologies.com"/>
         <property name="os" value="Windows 7 32bit"/>
         <property name="katalonVersion" value="6.0.5.4"/>
         <property name="browser" value="Chrome 74.0.3729.131"/>
         <property name="hostAddress" value="10.0.12.237"/>
         <property name="sessionId" value="10c9e14568622e7baebf49123dc53404"/>
         <property name="seleniumVersion" value="3.7.1"/>
         <property name="proxyInformation" value="ProxyInformation{proxyOption=NO_PROXY, proxyServerType=HTTP, password=, proxyServerAddress=, proxyServerPort=0}"/>
         <property name="platform" value="Windows 7"/>
      </properties>
      <testcase name="Test Cases/TC01-LoginApplication" classname="Test Cases/TC01-LoginApplication" status="PASSED">
         <system-out><![CDATA[2019-05-15 15:52:02 - [TEST_CASE][PASSED] - Test Cases/TC01-LoginApplication: Test Cases/TC01-LoginApplication

2019-05-15 15:52:02 - [TEST_STEP][NOT_RUN] - openBrowser(""): NOT_RUN: openBrowser("")

2019-05-15 15:52:02 - [MESSAGE][NOT_RUN] - NOT_RUN: openBrowser("")

2019-05-15 15:52:02 - [TEST_STEP][NOT_RUN] - navigateToUrl("https://dev.offshoresoftwaresolutions.net/markit_coreV2/Sites/CoreTest/login/admin_display"): NOT_RUN: navigateToUrl("https://dev.offshoresoftwaresolutions.net/markit_coreV2/Sites/CoreTest/login/admin_display")

2019-05-15 15:52:02 - [MESSAGE][NOT_RUN] - NOT_RUN: navigateToUrl("https://dev.offshoresoftwaresolutions.net/markit_coreV2/Sites/CoreTest/login/admin_display")

2019-05-15 15:52:02 - [TEST_STEP][PASSED] - setText(findTestObject("Object Repository/TC-LoginApplication/Page_Markit core new  Login/input_Login to your account_username"), username): Text 'dDasTester' is set on object 'Object Repository/TC-LoginApplication/Page_Markit core new  Login/input_Login to your account_username'

2019-05-15 15:52:03 - [MESSAGE][PASSED] - Text 'dDasTester' is set on object 'Object Repository/TC-LoginApplication/Page_Markit core new  Login/input_Login to your account_username'

2019-05-15 15:52:03 - [TEST_STEP][PASSED] - setText(findTestObject("Object Repository/TC-LoginApplication/Page_Markit core new  Login/input_Login to your account_password"), password): Text 'Czybm6R*' is set on object 'Object Repository/TC-LoginApplication/Page_Markit core new  Login/input_Login to your account_password'

2019-05-15 15:52:03 - [MESSAGE][PASSED] - Text 'Czybm6R*' is set on object 'Object Repository/TC-LoginApplication/Page_Markit core new  Login/input_Login to your account_password'

2019-05-15 15:52:03 - [TEST_STEP][PASSED] - delay(4, STOP_ON_FAILURE): Delayed 4 second(s)

2019-05-15 15:52:07 - [MESSAGE][PASSED] - Delayed 4 second(s)

2019-05-15 15:52:07 - [TEST_STEP][NOT_RUN] - maximizeWindow(): NOT_RUN: maximizeWindow()

2019-05-15 15:52:07 - [MESSAGE][NOT_RUN] - NOT_RUN: maximizeWindow()

2019-05-15 15:52:07 - [TEST_STEP][PASSED] - click(findTestObject("Object Repository/TC-LoginApplication/Page_Markit core new  Login/button_Login")): Object: 'Object Repository/TC-LoginApplication/Page_Markit core new  Login/button_Login' is clicked on

2019-05-15 15:52:12 - [MESSAGE][PASSED] - Object: 'Object Repository/TC-LoginApplication/Page_Markit core new  Login/button_Login' is clicked on

2019-05-15 15:52:12 - [TEST_STEP][NOT_RUN] - log = new com.kms.katalon.core.logging.KeywordLogger(): NOT_RUN: log = new com.kms.katalon.core.logging.KeywordLogger()

2019-05-15 15:52:12 - [MESSAGE][NOT_RUN] - NOT_RUN: log = new com.kms.katalon.core.logging.KeywordLogger()

2019-05-15 15:52:12 - [TEST_STEP][NOT_RUN] - log.logInfo(“Dipak”): NOT_RUN: log.logInfo(“Dipak”)

2019-05-15 15:52:12 - [MESSAGE][NOT_RUN] - NOT_RUN: log.logInfo(“Dipak”)]]></system-out>
         <system-err><![CDATA[]]></system-err>
      </testcase>
      <testcase name="Test Cases/TC11-TrialBalance-MGA" classname="Test Cases/TC11-TrialBalance-MGA" status="PASSED">
         <system-out><![CDATA[2019-05-15 15:52:12 - [TEST_CASE][PASSED] - Test Cases/TC11-TrialBalance-MGA: Test Cases/TC11-TrialBalance-MGA

2019-05-15 15:52:12 - [TEST_STEP][PASSED] - waitForJQueryLoad(5, STOP_ON_FAILURE): jQuery is ready.

2019-05-15 15:52:13 - [MESSAGE][PASSED] - jQuery is ready.

2019-05-15 15:52:13 - [TEST_STEP][PASSED] - scrollToElement(findTestObject("TC11-TrialBalance/Report"), 4, STOP_ON_FAILURE): Scroll to object 'Object Repository/TC11-TrialBalance/Report' successfully

2019-05-15 15:52:13 - [MESSAGE][PASSED] - Scroll to object 'Object Repository/TC11-TrialBalance/Report' successfully

2019-05-15 15:52:13 - [TEST_STEP][PASSED] - click(findTestObject("TC11-TrialBalance/Report"), STOP_ON_FAILURE): Object: 'Object Repository/TC11-TrialBalance/Report' is clicked on

2019-05-15 15:52:13 - [MESSAGE][PASSED] - Object: 'Object Repository/TC11-TrialBalance/Report' is clicked on

2019-05-15 15:52:13 - [TEST_STEP][PASSED] - delay(4, STOP_ON_FAILURE): Delayed 4 second(s)

2019-05-15 15:52:17 - [MESSAGE][PASSED] - Delayed 4 second(s)

2019-05-15 15:52:17 - [TEST_STEP][PASSED] - scrollToElement(findTestObject("TC11-TrialBalance/TrialBalance"), 4, STOP_ON_FAILURE): Scroll to object 'Object Repository/TC11-TrialBalance/TrialBalance' successfully

2019-05-15 15:52:17 - [MESSAGE][PASSED] - Scroll to object 'Object Repository/TC11-TrialBalance/TrialBalance' successfully

2019-05-15 15:52:17 - [TEST_STEP][PASSED] - waitForElementClickable(findTestObject("TC11-TrialBalance/TrialBalance"), 5, STOP_ON_FAILURE): Object 'Object Repository/TC11-TrialBalance/TrialBalance' is clickable

2019-05-15 15:52:17 - [MESSAGE][PASSED] - Object 'Object Repository/TC11-TrialBalance/TrialBalance' is clickable

2019-05-15 15:52:17 - [TEST_STEP][PASSED] - click(findTestObject("TC11-TrialBalance/TrialBalance"), STOP_ON_FAILURE): Object: 'Object Repository/TC11-TrialBalance/TrialBalance' is clicked on

2019-05-15 15:52:19 - [MESSAGE][PASSED] - Object: 'Object Repository/TC11-TrialBalance/TrialBalance' is clicked on

2019-05-15 15:52:19 - [TEST_STEP][PASSED] - waitForJQueryLoad(4, STOP_ON_FAILURE): jQuery is ready.

2019-05-15 15:52:20 - [MESSAGE][PASSED] - jQuery is ready.

2019-05-15 15:52:20 - [TEST_STEP][PASSED] - selectOptionByLabel(findTestObject("TC11-TrialBalance/SelectCurrency"), "USD", false, STOP_ON_FAILURE): All options with label 'USD' are selected in object 'Object Repository/TC11-TrialBalance/SelectCurrency' 

2019-05-15 15:52:20 - [MESSAGE][PASSED] - All options with label 'USD' are selected in object 'Object Repository/TC11-TrialBalance/SelectCurrency' 

2019-05-15 15:52:20 - [TEST_STEP][PASSED] - delay(4, STOP_ON_FAILURE): Delayed 4 second(s)

2019-05-15 15:52:24 - [MESSAGE][PASSED] - Delayed 4 second(s)

2019-05-15 15:52:24 - [TEST_STEP][PASSED] - click(findTestObject("TC11-TrialBalance/SelectEntity"), STOP_ON_FAILURE): Object: 'Object Repository/TC11-TrialBalance/SelectEntity' is clicked on

2019-05-15 15:52:24 - [MESSAGE][PASSED] - Object: 'Object Repository/TC11-TrialBalance/SelectEntity' is clicked on

2019-05-15 15:52:24 - [TEST_STEP][PASSED] - delay(4, STOP_ON_FAILURE): Delayed 4 second(s)

2019-05-15 15:52:28 - [MESSAGE][PASSED] - Delayed 4 second(s)

2019-05-15 15:52:28 - [TEST_STEP][PASSED] - setText(findTestObject("TC11-TrialBalance/TypeEntityName"), "NEW MGA", STOP_ON_FAILURE): Text 'NEW MGA' is set on object 'Object Repository/TC11-TrialBalance/TypeEntityName'

2019-05-15 15:52:28 - [MESSAGE][PASSED] - Text 'NEW MGA' is set on object 'Object Repository/TC11-TrialBalance/TypeEntityName'

2019-05-15 15:52:28 - [TEST_STEP][PASSED] - sendKeys(findTestObject("TC11-TrialBalance/TypeEntityName"), Keys.chord(ENTER), STOP_ON_FAILURE): Keys 'ENTER + ' sent to object: 'Object Repository/TC11-TrialBalance/TypeEntityName'

2019-05-15 15:52:28 - [MESSAGE][PASSED] - Keys 'ENTER + ' sent to object: 'Object Repository/TC11-TrialBalance/TypeEntityName'

2019-05-15 15:52:28 - [TEST_STEP][PASSED] - delay(5, STOP_ON_FAILURE): Delayed 5 second(s)

2019-05-15 15:52:33 - [MESSAGE][PASSED] - Delayed 5 second(s)

2019-05-15 15:52:33 - [TEST_STEP][PASSED] - click(findTestObject("TC11-TrialBalance/MGACreditor"), STOP_ON_FAILURE): Object: 'Object Repository/TC11-TrialBalance/MGACreditor' is clicked on

2019-05-15 15:52:35 - [MESSAGE][PASSED] - Object: 'Object Repository/TC11-TrialBalance/MGACreditor' is clicked on

2019-05-15 15:52:35 - [TEST_STEP][PASSED] - delay(4, STOP_ON_FAILURE): Delayed 4 second(s)

2019-05-15 15:52:39 - [MESSAGE][PASSED] - Delayed 4 second(s)

2019-05-15 15:52:39 - [TEST_STEP][PASSED] - setText(findTestObject("TC11-TrialBalance/SearchPolicy"), PolicyNo_TrialBalance, STOP_ON_FAILURE): Text 'DASD/POLICY/003081' is set on object 'Object Repository/TC11-TrialBalance/SearchPolicy'

2019-05-15 15:52:39 - [MESSAGE][PASSED] - Text 'DASD/POLICY/003081' is set on object 'Object Repository/TC11-TrialBalance/SearchPolicy'

2019-05-15 15:52:39 - [TEST_STEP][PASSED] - sendKeys(findTestObject("TC11-TrialBalance/SearchPolicy"), Keys.chord(ENTER), STOP_ON_FAILURE): Keys 'ENTER + ' sent to object: 'Object Repository/TC11-TrialBalance/SearchPolicy'

2019-05-15 15:52:39 - [MESSAGE][PASSED] - Keys 'ENTER + ' sent to object: 'Object Repository/TC11-TrialBalance/SearchPolicy'

2019-05-15 15:52:39 - [TEST_STEP][PASSED] - delay(4, STOP_ON_FAILURE): Delayed 4 second(s)

2019-05-15 15:52:43 - [MESSAGE][PASSED] - Delayed 4 second(s)

2019-05-15 15:52:43 - [TEST_STEP][PASSED] - MGA_Comm_Value = getText(findTestObject("TC11-TrialBalance/MGAValueCapture"), STOP_ON_FAILURE): Text of object 'Object Repository/TC11-TrialBalance/MGAValueCapture' is: '145.50'

2019-05-15 15:52:43 - [MESSAGE][PASSED] - Text of object 'Object Repository/TC11-TrialBalance/MGAValueCapture' is: '145.50'

2019-05-15 15:52:43 - [TEST_STEP][PASSED] - com.excel.helper.ExcelHelper.updateTheExcel("Data Files/TestData/Comission.xlsx", "MGATrialBalance", MGA_Comm_Value): com.excel.helper.ExcelHelper.updateTheExcel is PASSED

2019-05-15 15:52:44 - [MESSAGE][PASSED] - com.excel.helper.ExcelHelper.updateTheExcel is PASSED

2019-05-15 15:52:44 - [TEST_STEP][PASSED] - delay(3, STOP_ON_FAILURE): Delayed 3 second(s)

2019-05-15 15:52:47 - [MESSAGE][PASSED] - Delayed 3 second(s)

2019-05-15 15:52:47 - [TEST_STEP][PASSED] - verifyEqual(findTestData("TestData/MGAComission").getValue(1, 1), MGA_Comm_Value, STOP_ON_FAILURE): Actual object '145.50' and expected object '145.50' are equal

2019-05-15 15:52:47 - [MESSAGE][PASSED] - Actual object '145.50' and expected object '145.50' are equal

2019-05-15 15:52:47 - [TEST_STEP][PASSED] - waitForElementClickable(findTestObject("TC04-AccountMatching-MGA/CloseButton"), 5, STOP_ON_FAILURE): Object 'Object Repository/TC04-AccountMatching-MGA/CloseButton' is clickable

2019-05-15 15:52:47 - [MESSAGE][PASSED] - Object 'Object Repository/TC04-AccountMatching-MGA/CloseButton' is clickable

2019-05-15 15:52:47 - [TEST_STEP][PASSED] - click(findTestObject("TC04-AccountMatching-MGA/CloseButton"), STOP_ON_FAILURE): Object: 'Object Repository/TC04-AccountMatching-MGA/CloseButton' is clicked on

2019-05-15 15:52:47 - [MESSAGE][PASSED] - Object: 'Object Repository/TC04-AccountMatching-MGA/CloseButton' is clicked on

2019-05-15 15:52:47 - [TEST_STEP][PASSED] - scrollToElement(findTestObject("TC11-TrialBalance/HomeLink"), 4, STOP_ON_FAILURE): Scroll to object 'Object Repository/TC11-TrialBalance/HomeLink' successfully

2019-05-15 15:52:47 - [MESSAGE][PASSED] - Scroll to object 'Object Repository/TC11-TrialBalance/HomeLink' successfully

2019-05-15 15:52:47 - [TEST_STEP][PASSED] - click(findTestObject("TC11-TrialBalance/HomeLink"), STOP_ON_FAILURE): Object: 'Object Repository/TC11-TrialBalance/HomeLink' is clicked on

2019-05-15 15:52:49 - [MESSAGE][PASSED] - Object: 'Object Repository/TC11-TrialBalance/HomeLink' is clicked on

2019-05-15 15:52:49 - [TEST_STEP][NOT_RUN] - scrollToElement(findTestObject("TC11-TrialBalance/Report"), 4, STOP_ON_FAILURE): NOT_RUN: scrollToElement(findTestObject("TC11-TrialBalance/Report"), 4, STOP_ON_FAILURE)

2019-05-15 15:52:49 - [MESSAGE][NOT_RUN] - NOT_RUN: scrollToElement(findTestObject("TC11-TrialBalance/Report"), 4, STOP_ON_FAILURE)

2019-05-15 15:52:49 - [TEST_STEP][NOT_RUN] - click(findTestObject("TC11-TrialBalance/Report"), STOP_ON_FAILURE): NOT_RUN: click(findTestObject("TC11-TrialBalance/Report"), STOP_ON_FAILURE)

2019-05-15 15:52:49 - [MESSAGE][NOT_RUN] - NOT_RUN: click(findTestObject("TC11-TrialBalance/Report"), STOP_ON_FAILURE)]]></system-out>
         <system-err><![CDATA[]]></system-err>
      </testcase>
      <testcase name="Test Cases/TC11-TrialBalance-MGA" classname="Test Cases/TC11-TrialBalance-MGA" status="PASSED">
         <system-out><![CDATA[2019-05-15 15:52:49 - [TEST_CASE][PASSED] - Test Cases/TC11-TrialBalance-MGA: Test Cases/TC11-TrialBalance-MGA

2019-05-15 15:52:49 - [TEST_STEP][PASSED] - waitForJQueryLoad(5, STOP_ON_FAILURE): jQuery is ready.

2019-05-15 15:52:49 - [MESSAGE][PASSED] - jQuery is ready.

2019-05-15 15:52:49 - [TEST_STEP][PASSED] - scrollToElement(findTestObject("TC11-TrialBalance/Report"), 4, STOP_ON_FAILURE): Scroll to object 'Object Repository/TC11-TrialBalance/Report' successfully

2019-05-15 15:52:49 - [MESSAGE][PASSED] - Scroll to object 'Object Repository/TC11-TrialBalance/Report' successfully

2019-05-15 15:52:49 - [TEST_STEP][PASSED] - click(findTestObject("TC11-TrialBalance/Report"), STOP_ON_FAILURE): Object: 'Object Repository/TC11-TrialBalance/Report' is clicked on

2019-05-15 15:52:49 - [MESSAGE][PASSED] - Object: 'Object Repository/TC11-TrialBalance/Report' is clicked on

2019-05-15 15:52:49 - [TEST_STEP][PASSED] - delay(4, STOP_ON_FAILURE): Delayed 4 second(s)

2019-05-15 15:52:53 - [MESSAGE][PASSED] - Delayed 4 second(s)

2019-05-15 15:52:53 - [TEST_STEP][PASSED] - scrollToElement(findTestObject("TC11-TrialBalance/TrialBalance"), 4, STOP_ON_FAILURE): Scroll to object 'Object Repository/TC11-TrialBalance/TrialBalance' successfully

2019-05-15 15:52:53 - [MESSAGE][PASSED] - Scroll to object 'Object Repository/TC11-TrialBalance/TrialBalance' successfully

2019-05-15 15:52:53 - [TEST_STEP][PASSED] - waitForElementClickable(findTestObject("TC11-TrialBalance/TrialBalance"), 5, STOP_ON_FAILURE): Object 'Object Repository/TC11-TrialBalance/TrialBalance' is clickable

2019-05-15 15:52:53 - [MESSAGE][PASSED] - Object 'Object Repository/TC11-TrialBalance/TrialBalance' is clickable

2019-05-15 15:52:53 - [TEST_STEP][PASSED] - click(findTestObject("TC11-TrialBalance/TrialBalance"), STOP_ON_FAILURE): Object: 'Object Repository/TC11-TrialBalance/TrialBalance' is clicked on

2019-05-15 15:52:55 - [MESSAGE][PASSED] - Object: 'Object Repository/TC11-TrialBalance/TrialBalance' is clicked on

2019-05-15 15:52:55 - [TEST_STEP][PASSED] - waitForJQueryLoad(4, STOP_ON_FAILURE): jQuery is ready.

2019-05-15 15:52:55 - [MESSAGE][PASSED] - jQuery is ready.

2019-05-15 15:52:55 - [TEST_STEP][PASSED] - selectOptionByLabel(findTestObject("TC11-TrialBalance/SelectCurrency"), "USD", false, STOP_ON_FAILURE): All options with label 'USD' are selected in object 'Object Repository/TC11-TrialBalance/SelectCurrency' 

2019-05-15 15:52:55 - [MESSAGE][PASSED] - All options with label 'USD' are selected in object 'Object Repository/TC11-TrialBalance/SelectCurrency' 

2019-05-15 15:52:55 - [TEST_STEP][PASSED] - delay(4, STOP_ON_FAILURE): Delayed 4 second(s)

2019-05-15 15:52:59 - [MESSAGE][PASSED] - Delayed 4 second(s)

2019-05-15 15:52:59 - [TEST_STEP][PASSED] - click(findTestObject("TC11-TrialBalance/SelectEntity"), STOP_ON_FAILURE): Object: 'Object Repository/TC11-TrialBalance/SelectEntity' is clicked on

2019-05-15 15:53:00 - [MESSAGE][PASSED] - Object: 'Object Repository/TC11-TrialBalance/SelectEntity' is clicked on

2019-05-15 15:53:00 - [TEST_STEP][PASSED] - delay(4, STOP_ON_FAILURE): Delayed 4 second(s)

2019-05-15 15:53:04 - [MESSAGE][PASSED] - Delayed 4 second(s)

2019-05-15 15:53:04 - [TEST_STEP][PASSED] - setText(findTestObject("TC11-TrialBalance/TypeEntityName"), "NEW MGA", STOP_ON_FAILURE): Text 'NEW MGA' is set on object 'Object Repository/TC11-TrialBalance/TypeEntityName'

2019-05-15 15:53:04 - [MESSAGE][PASSED] - Text 'NEW MGA' is set on object 'Object Repository/TC11-TrialBalance/TypeEntityName'

2019-05-15 15:53:04 - [TEST_STEP][PASSED] - sendKeys(findTestObject("TC11-TrialBalance/TypeEntityName"), Keys.chord(ENTER), STOP_ON_FAILURE): Keys 'ENTER + ' sent to object: 'Object Repository/TC11-TrialBalance/TypeEntityName'

2019-05-15 15:53:04 - [MESSAGE][PASSED] - Keys 'ENTER + ' sent to object: 'Object Repository/TC11-TrialBalance/TypeEntityName'

2019-05-15 15:53:04 - [TEST_STEP][PASSED] - delay(5, STOP_ON_FAILURE): Delayed 5 second(s)

2019-05-15 15:53:09 - [MESSAGE][PASSED] - Delayed 5 second(s)

2019-05-15 15:53:09 - [TEST_STEP][PASSED] - click(findTestObject("TC11-TrialBalance/MGACreditor"), STOP_ON_FAILURE): Object: 'Object Repository/TC11-TrialBalance/MGACreditor' is clicked on

2019-05-15 15:53:10 - [MESSAGE][PASSED] - Object: 'Object Repository/TC11-TrialBalance/MGACreditor' is clicked on

2019-05-15 15:53:10 - [TEST_STEP][PASSED] - delay(4, STOP_ON_FAILURE): Delayed 4 second(s)

2019-05-15 15:53:14 - [MESSAGE][PASSED] - Delayed 4 second(s)

2019-05-15 15:53:14 - [TEST_STEP][PASSED] - setText(findTestObject("TC11-TrialBalance/SearchPolicy"), PolicyNo_TrialBalance, STOP_ON_FAILURE): Text 'DASD/POLICY/003083' is set on object 'Object Repository/TC11-TrialBalance/SearchPolicy'

2019-05-15 15:53:14 - [MESSAGE][PASSED] - Text 'DASD/POLICY/003083' is set on object 'Object Repository/TC11-TrialBalance/SearchPolicy'

2019-05-15 15:53:14 - [TEST_STEP][PASSED] - sendKeys(findTestObject("TC11-TrialBalance/SearchPolicy"), Keys.chord(ENTER), STOP_ON_FAILURE): Keys 'ENTER + ' sent to object: 'Object Repository/TC11-TrialBalance/SearchPolicy'

2019-05-15 15:53:14 - [MESSAGE][PASSED] - Keys 'ENTER + ' sent to object: 'Object Repository/TC11-TrialBalance/SearchPolicy'

2019-05-15 15:53:14 - [TEST_STEP][PASSED] - delay(4, STOP_ON_FAILURE): Delayed 4 second(s)

2019-05-15 15:53:18 - [MESSAGE][PASSED] - Delayed 4 second(s)

2019-05-15 15:53:18 - [TEST_STEP][PASSED] - MGA_Comm_Value = getText(findTestObject("TC11-TrialBalance/MGAValueCapture"), STOP_ON_FAILURE): Text of object 'Object Repository/TC11-TrialBalance/MGAValueCapture' is: '145.50'

2019-05-15 15:53:18 - [MESSAGE][PASSED] - Text of object 'Object Repository/TC11-TrialBalance/MGAValueCapture' is: '145.50'

2019-05-15 15:53:18 - [TEST_STEP][PASSED] - com.excel.helper.ExcelHelper.updateTheExcel("Data Files/TestData/Comission.xlsx", "MGATrialBalance", MGA_Comm_Value): com.excel.helper.ExcelHelper.updateTheExcel is PASSED

2019-05-15 15:53:18 - [MESSAGE][PASSED] - com.excel.helper.ExcelHelper.updateTheExcel is PASSED

2019-05-15 15:53:18 - [TEST_STEP][PASSED] - delay(3, STOP_ON_FAILURE): Delayed 3 second(s)

2019-05-15 15:53:21 - [MESSAGE][PASSED] - Delayed 3 second(s)

2019-05-15 15:53:21 - [TEST_STEP][PASSED] - verifyEqual(findTestData("TestData/MGAComission").getValue(1, 1), MGA_Comm_Value, STOP_ON_FAILURE): Actual object '145.50' and expected object '145.50' are equal

2019-05-15 15:53:21 - [MESSAGE][PASSED] - Actual object '145.50' and expected object '145.50' are equal

2019-05-15 15:53:21 - [TEST_STEP][PASSED] - waitForElementClickable(findTestObject("TC04-AccountMatching-MGA/CloseButton"), 5, STOP_ON_FAILURE): Object 'Object Repository/TC04-AccountMatching-MGA/CloseButton' is clickable

2019-05-15 15:53:21 - [MESSAGE][PASSED] - Object 'Object Repository/TC04-AccountMatching-MGA/CloseButton' is clickable

2019-05-15 15:53:21 - [TEST_STEP][PASSED] - click(findTestObject("TC04-AccountMatching-MGA/CloseButton"), STOP_ON_FAILURE): Object: 'Object Repository/TC04-AccountMatching-MGA/CloseButton' is clicked on

2019-05-15 15:53:21 - [MESSAGE][PASSED] - Object: 'Object Repository/TC04-AccountMatching-MGA/CloseButton' is clicked on

2019-05-15 15:53:21 - [TEST_STEP][PASSED] - scrollToElement(findTestObject("TC11-TrialBalance/HomeLink"), 4, STOP_ON_FAILURE): Scroll to object 'Object Repository/TC11-TrialBalance/HomeLink' successfully

2019-05-15 15:53:21 - [MESSAGE][PASSED] - Scroll to object 'Object Repository/TC11-TrialBalance/HomeLink' successfully

2019-05-15 15:53:22 - [TEST_STEP][PASSED] - click(findTestObject("TC11-TrialBalance/HomeLink"), STOP_ON_FAILURE): Object: 'Object Repository/TC11-TrialBalance/HomeLink' is clicked on

2019-05-15 15:53:23 - [MESSAGE][PASSED] - Object: 'Object Repository/TC11-TrialBalance/HomeLink' is clicked on

2019-05-15 15:53:23 - [TEST_STEP][NOT_RUN] - scrollToElement(findTestObject("TC11-TrialBalance/Report"), 4, STOP_ON_FAILURE): NOT_RUN: scrollToElement(findTestObject("TC11-TrialBalance/Report"), 4, STOP_ON_FAILURE)

2019-05-15 15:53:23 - [MESSAGE][NOT_RUN] - NOT_RUN: scrollToElement(findTestObject("TC11-TrialBalance/Report"), 4, STOP_ON_FAILURE)

2019-05-15 15:53:23 - [TEST_STEP][NOT_RUN] - click(findTestObject("TC11-TrialBalance/Report"), STOP_ON_FAILURE): NOT_RUN: click(findTestObject("TC11-TrialBalance/Report"), STOP_ON_FAILURE)

2019-05-15 15:53:23 - [MESSAGE][NOT_RUN] - NOT_RUN: click(findTestObject("TC11-TrialBalance/Report"), STOP_ON_FAILURE)]]></system-out>
         <system-err><![CDATA[]]></system-err>
      </testcase>
      <system-out><![CDATA[2019-05-15 15:51:55 - [TEST_SUITE][PASSED] - TrialBalance: Test Cases/TC11-TrialBalance-MGA]]></system-out>
      <system-err><![CDATA[]]></system-err>
   </testsuite>
</testsuites>
