<?xml version="1.0" encoding="UTF-8"?>
<testsuites name="TrialBalance" time="65" tests="2" failures="0" errors="0">
   <testsuite name="TrialBalance" tests="2" failures="0" errors="0" time="65" timestamp="2019-05-14 15:10:16" hostname="dipak - DIPAKDAS-PC.indusnettechnologies.com" id="Test Suites/TrialBalance">
      <properties>
         <property name="deviceName" value=""/>
         <property name="devicePlatform" value=""/>
         <property name="logFolder" value="E:\\MarkitCore\\MarkitCore-Final\\MarkitCoreSystem\\MarkitCore\\Reports\\TrialBalance\\20190514_151010"/>
         <property name="logFiles" value="E:\\MarkitCore\\MarkitCore-Final\\MarkitCoreSystem\\MarkitCore\\Reports\\TrialBalance\\20190514_151010\\execution0.log"/>
         <property name="attachments" value=""/>
         <property name="hostName" value="dipak - DIPAKDAS-PC.indusnettechnologies.com"/>
         <property name="os" value="Windows 7 32bit"/>
         <property name="katalonVersion" value="6.0.5.4"/>
         <property name="browser" value="Chrome 74.0.3729.131"/>
         <property name="hostAddress" value="10.0.12.237"/>
         <property name="sessionId" value="a7ba61adcda57f246a5fa9bf28369c5b"/>
         <property name="seleniumVersion" value="3.7.1"/>
         <property name="proxyInformation" value="ProxyInformation{proxyOption=NO_PROXY, proxyServerType=HTTP, password=, proxyServerAddress=, proxyServerPort=0}"/>
         <property name="platform" value="Windows 7"/>
      </properties>
      <testcase name="Test Cases/TC01-LoginApplication" classname="Test Cases/TC01-LoginApplication" status="PASSED">
         <system-out><![CDATA[2019-05-14 15:10:24 - [TEST_CASE][PASSED] - Test Cases/TC01-LoginApplication: Test Cases/TC01-LoginApplication

2019-05-14 15:10:25 - [TEST_STEP][NOT_RUN] - openBrowser(""): NOT_RUN: openBrowser("")

2019-05-14 15:10:25 - [MESSAGE][NOT_RUN] - NOT_RUN: openBrowser("")

2019-05-14 15:10:25 - [TEST_STEP][NOT_RUN] - navigateToUrl("https://dev.offshoresoftwaresolutions.net/markit_coreV2/Sites/CoreTest/login/admin_display"): NOT_RUN: navigateToUrl("https://dev.offshoresoftwaresolutions.net/markit_coreV2/Sites/CoreTest/login/admin_display")

2019-05-14 15:10:25 - [MESSAGE][NOT_RUN] - NOT_RUN: navigateToUrl("https://dev.offshoresoftwaresolutions.net/markit_coreV2/Sites/CoreTest/login/admin_display")

2019-05-14 15:10:25 - [TEST_STEP][PASSED] - setText(findTestObject("Object Repository/TC-LoginApplication/Page_Markit core new  Login/input_Login to your account_username"), username): Text 'dDasTester' is set on object 'Object Repository/TC-LoginApplication/Page_Markit core new  Login/input_Login to your account_username'

2019-05-14 15:10:25 - [MESSAGE][PASSED] - Text 'dDasTester' is set on object 'Object Repository/TC-LoginApplication/Page_Markit core new  Login/input_Login to your account_username'

2019-05-14 15:10:25 - [TEST_STEP][PASSED] - setText(findTestObject("Object Repository/TC-LoginApplication/Page_Markit core new  Login/input_Login to your account_password"), password): Text 'Czybm6R*' is set on object 'Object Repository/TC-LoginApplication/Page_Markit core new  Login/input_Login to your account_password'

2019-05-14 15:10:25 - [MESSAGE][PASSED] - Text 'Czybm6R*' is set on object 'Object Repository/TC-LoginApplication/Page_Markit core new  Login/input_Login to your account_password'

2019-05-14 15:10:25 - [TEST_STEP][PASSED] - delay(4, STOP_ON_FAILURE): Delayed 4 second(s)

2019-05-14 15:10:29 - [MESSAGE][PASSED] - Delayed 4 second(s)

2019-05-14 15:10:29 - [TEST_STEP][NOT_RUN] - maximizeWindow(): NOT_RUN: maximizeWindow()

2019-05-14 15:10:29 - [MESSAGE][NOT_RUN] - NOT_RUN: maximizeWindow()

2019-05-14 15:10:29 - [TEST_STEP][PASSED] - click(findTestObject("Object Repository/TC-LoginApplication/Page_Markit core new  Login/button_Login")): Object: 'Object Repository/TC-LoginApplication/Page_Markit core new  Login/button_Login' is clicked on

2019-05-14 15:10:36 - [MESSAGE][PASSED] - Object: 'Object Repository/TC-LoginApplication/Page_Markit core new  Login/button_Login' is clicked on

2019-05-14 15:10:36 - [TEST_STEP][NOT_RUN] - log = new com.kms.katalon.core.logging.KeywordLogger(): NOT_RUN: log = new com.kms.katalon.core.logging.KeywordLogger()

2019-05-14 15:10:36 - [MESSAGE][NOT_RUN] - NOT_RUN: log = new com.kms.katalon.core.logging.KeywordLogger()

2019-05-14 15:10:36 - [TEST_STEP][NOT_RUN] - log.logInfo(“Dipak”): NOT_RUN: log.logInfo(“Dipak”)

2019-05-14 15:10:36 - [MESSAGE][NOT_RUN] - NOT_RUN: log.logInfo(“Dipak”)]]></system-out>
         <system-err><![CDATA[]]></system-err>
      </testcase>
      <testcase name="Test Cases/TC13-TrialBalance-Broker" classname="Test Cases/TC13-TrialBalance-Broker" status="PASSED">
         <system-out><![CDATA[2019-05-14 15:10:36 - [TEST_CASE][PASSED] - Test Cases/TC13-TrialBalance-Broker: Test Cases/TC13-TrialBalance-Broker

2019-05-14 15:10:36 - [TEST_STEP][PASSED] - waitForJQueryLoad(5): jQuery is ready.

2019-05-14 15:10:37 - [MESSAGE][PASSED] - jQuery is ready.

2019-05-14 15:10:37 - [TEST_STEP][PASSED] - scrollToElement(findTestObject("TC11-TrialBalance/Report"), 4): Scroll to object 'Object Repository/TC11-TrialBalance/Report' successfully

2019-05-14 15:10:37 - [MESSAGE][PASSED] - Scroll to object 'Object Repository/TC11-TrialBalance/Report' successfully

2019-05-14 15:10:37 - [TEST_STEP][PASSED] - click(findTestObject("TC11-TrialBalance/Report")): Object: 'Object Repository/TC11-TrialBalance/Report' is clicked on

2019-05-14 15:10:37 - [MESSAGE][PASSED] - Object: 'Object Repository/TC11-TrialBalance/Report' is clicked on

2019-05-14 15:10:37 - [TEST_STEP][PASSED] - delay(4): Delayed 4 second(s)

2019-05-14 15:10:41 - [MESSAGE][PASSED] - Delayed 4 second(s)

2019-05-14 15:10:41 - [TEST_STEP][PASSED] - scrollToElement(findTestObject("TC11-TrialBalance/TrialBalance"), 4): Scroll to object 'Object Repository/TC11-TrialBalance/TrialBalance' successfully

2019-05-14 15:10:41 - [MESSAGE][PASSED] - Scroll to object 'Object Repository/TC11-TrialBalance/TrialBalance' successfully

2019-05-14 15:10:41 - [TEST_STEP][PASSED] - click(findTestObject("TC11-TrialBalance/TrialBalance")): Object: 'Object Repository/TC11-TrialBalance/TrialBalance' is clicked on

2019-05-14 15:10:44 - [MESSAGE][PASSED] - Object: 'Object Repository/TC11-TrialBalance/TrialBalance' is clicked on

2019-05-14 15:10:44 - [TEST_STEP][PASSED] - waitForJQueryLoad(4): jQuery is ready.

2019-05-14 15:10:45 - [MESSAGE][PASSED] - jQuery is ready.

2019-05-14 15:10:45 - [TEST_STEP][PASSED] - selectOptionByLabel(findTestObject("TC11-TrialBalance/SelectCurrency"), "USD", false): All options with label 'USD' are selected in object 'Object Repository/TC11-TrialBalance/SelectCurrency' 

2019-05-14 15:10:45 - [MESSAGE][PASSED] - All options with label 'USD' are selected in object 'Object Repository/TC11-TrialBalance/SelectCurrency' 

2019-05-14 15:10:45 - [TEST_STEP][PASSED] - delay(4): Delayed 4 second(s)

2019-05-14 15:10:49 - [MESSAGE][PASSED] - Delayed 4 second(s)

2019-05-14 15:10:49 - [TEST_STEP][PASSED] - click(findTestObject("TC11-TrialBalance/SelectEntity")): Object: 'Object Repository/TC11-TrialBalance/SelectEntity' is clicked on

2019-05-14 15:10:49 - [MESSAGE][PASSED] - Object: 'Object Repository/TC11-TrialBalance/SelectEntity' is clicked on

2019-05-14 15:10:49 - [TEST_STEP][PASSED] - delay(4): Delayed 4 second(s)

2019-05-14 15:10:53 - [MESSAGE][PASSED] - Delayed 4 second(s)

2019-05-14 15:10:53 - [TEST_STEP][PASSED] - setText(findTestObject("TC11-TrialBalance/TypeEntityName"), "New Broker"): Text 'New Broker' is set on object 'Object Repository/TC11-TrialBalance/TypeEntityName'

2019-05-14 15:10:53 - [MESSAGE][PASSED] - Text 'New Broker' is set on object 'Object Repository/TC11-TrialBalance/TypeEntityName'

2019-05-14 15:10:53 - [TEST_STEP][PASSED] - delay(3): Delayed 3 second(s)

2019-05-14 15:10:56 - [MESSAGE][PASSED] - Delayed 3 second(s)

2019-05-14 15:10:56 - [TEST_STEP][PASSED] - sendKeys(findTestObject("TC11-TrialBalance/TypeEntityName"), Keys.chord(ENTER)): Keys 'ENTER + ' sent to object: 'Object Repository/TC11-TrialBalance/TypeEntityName'

2019-05-14 15:10:56 - [MESSAGE][PASSED] - Keys 'ENTER + ' sent to object: 'Object Repository/TC11-TrialBalance/TypeEntityName'

2019-05-14 15:10:56 - [TEST_STEP][PASSED] - delay(5): Delayed 5 second(s)

2019-05-14 15:11:01 - [MESSAGE][PASSED] - Delayed 5 second(s)

2019-05-14 15:11:01 - [TEST_STEP][PASSED] - scrollToElement(findTestObject("TC13-TrialBalance-Broker/BrokerCreditor"), 4): Scroll to object 'Object Repository/TC13-TrialBalance-Broker/BrokerCreditor' successfully

2019-05-14 15:11:01 - [MESSAGE][PASSED] - Scroll to object 'Object Repository/TC13-TrialBalance-Broker/BrokerCreditor' successfully

2019-05-14 15:11:01 - [TEST_STEP][PASSED] - click(findTestObject("TC13-TrialBalance-Broker/BrokerCreditor")): Object: 'Object Repository/TC13-TrialBalance-Broker/BrokerCreditor' is clicked on

2019-05-14 15:11:03 - [MESSAGE][PASSED] - Object: 'Object Repository/TC13-TrialBalance-Broker/BrokerCreditor' is clicked on

2019-05-14 15:11:03 - [TEST_STEP][PASSED] - delay(5): Delayed 5 second(s)

2019-05-14 15:11:08 - [MESSAGE][PASSED] - Delayed 5 second(s)

2019-05-14 15:11:08 - [TEST_STEP][PASSED] - setText(findTestObject("TC11-TrialBalance/SearchPolicy"), findTestData("TestData/MTA_PolicyNO").getValue(1, 1)): Text 'DASD/POLICY/003095' is set on object 'Object Repository/TC11-TrialBalance/SearchPolicy'

2019-05-14 15:11:08 - [MESSAGE][PASSED] - Text 'DASD/POLICY/003095' is set on object 'Object Repository/TC11-TrialBalance/SearchPolicy'

2019-05-14 15:11:08 - [TEST_STEP][PASSED] - sendKeys(findTestObject("TC11-TrialBalance/SearchPolicy"), Keys.chord(ENTER)): Keys 'ENTER + ' sent to object: 'Object Repository/TC11-TrialBalance/SearchPolicy'

2019-05-14 15:11:09 - [MESSAGE][PASSED] - Keys 'ENTER + ' sent to object: 'Object Repository/TC11-TrialBalance/SearchPolicy'

2019-05-14 15:11:09 - [TEST_STEP][PASSED] - delay(5): Delayed 5 second(s)

2019-05-14 15:11:14 - [MESSAGE][PASSED] - Delayed 5 second(s)

2019-05-14 15:11:14 - [TEST_STEP][PASSED] - BrokerCom = getText(findTestObject("TC13-TrialBalance-Broker/BrokerValueCapture")): Text of object 'Object Repository/TC13-TrialBalance-Broker/BrokerValueCapture' is: '90.00'

2019-05-14 15:11:14 - [MESSAGE][PASSED] - Text of object 'Object Repository/TC13-TrialBalance-Broker/BrokerValueCapture' is: '90.00'

2019-05-14 15:11:14 - [TEST_STEP][PASSED] - com.excel.helper.ExcelHelper.updateTheExcel("E:\MarkitCore\CoreApplication\Data Files\TestData\Comission.xlsx", "ExpectedBrokerComission", BrokerCom): com.excel.helper.ExcelHelper.updateTheExcel is PASSED

2019-05-14 15:11:14 - [MESSAGE][PASSED] - com.excel.helper.ExcelHelper.updateTheExcel is PASSED

2019-05-14 15:11:14 - [TEST_STEP][PASSED] - delay(3): Delayed 3 second(s)

2019-05-14 15:11:17 - [MESSAGE][PASSED] - Delayed 3 second(s)

2019-05-14 15:11:17 - [TEST_STEP][PASSED] - verifyEqual(findTestData("TestData/BrokerComission").getValue(1, 1), BrokerCom): Actual object '90.00' and expected object '90.00' are equal

2019-05-14 15:11:17 - [MESSAGE][PASSED] - Actual object '90.00' and expected object '90.00' are equal

2019-05-14 15:11:17 - [TEST_STEP][PASSED] - delay(4): Delayed 4 second(s)

2019-05-14 15:11:21 - [MESSAGE][PASSED] - Delayed 4 second(s)]]></system-out>
         <system-err><![CDATA[]]></system-err>
      </testcase>
      <system-out><![CDATA[2019-05-14 15:10:16 - [TEST_SUITE][PASSED] - TrialBalance: Test Cases/TC13-TrialBalance-Broker]]></system-out>
      <system-err><![CDATA[]]></system-err>
   </testsuite>
</testsuites>
