<?xml version="1.0" encoding="UTF-8"?>
<testsuites name="MTA Policy" time="141" tests="2" failures="0" errors="0">
   <testsuite name="MTA Policy" tests="2" failures="0" errors="0" time="141" timestamp="2019-05-07 12:46:39" hostname="dipak - DIPAKDAS-PC.indusnettechnologies.com" id="Test Suites/MTA Policy">
      <properties>
         <property name="deviceName" value=""/>
         <property name="devicePlatform" value=""/>
         <property name="logFolder" value="E:\\MarkitCore\\CoreApplication\\Reports\\MTA Policy\\20190507_124618"/>
         <property name="logFiles" value="E:\\MarkitCore\\CoreApplication\\Reports\\MTA Policy\\20190507_124618\\execution0.log"/>
         <property name="attachments" value=""/>
         <property name="hostName" value="dipak - DIPAKDAS-PC.indusnettechnologies.com"/>
         <property name="os" value="Windows 7 32bit"/>
         <property name="katalonVersion" value="6.0.5.4"/>
         <property name="browser" value="Chrome 74.0.3729.131"/>
         <property name="hostAddress" value="10.0.12.237"/>
         <property name="sessionId" value="19fc6b746d8a0b2b811e80c23e7aa257"/>
         <property name="seleniumVersion" value="3.7.1"/>
         <property name="proxyInformation" value="ProxyInformation{proxyOption=NO_PROXY, proxyServerType=HTTP, password=, proxyServerAddress=, proxyServerPort=0}"/>
         <property name="platform" value="Windows 7"/>
      </properties>
      <testcase name="Test Cases/TC01-LoginApplication" classname="Test Cases/TC01-LoginApplication" status="PASSED">
         <system-out><![CDATA[2019-05-07 12:47:13 - [TEST_CASE][PASSED] - Test Cases/TC01-LoginApplication: Test Cases/TC01-LoginApplication

2019-05-07 12:47:13 - [TEST_STEP][NOT_RUN] - openBrowser(""): NOT_RUN: openBrowser("")

2019-05-07 12:47:13 - [MESSAGE][NOT_RUN] - NOT_RUN: openBrowser("")

2019-05-07 12:47:13 - [TEST_STEP][NOT_RUN] - navigateToUrl("https://dev.offshoresoftwaresolutions.net/markit_coreV2/Sites/CoreTest/login/admin_display"): NOT_RUN: navigateToUrl("https://dev.offshoresoftwaresolutions.net/markit_coreV2/Sites/CoreTest/login/admin_display")

2019-05-07 12:47:13 - [MESSAGE][NOT_RUN] - NOT_RUN: navigateToUrl("https://dev.offshoresoftwaresolutions.net/markit_coreV2/Sites/CoreTest/login/admin_display")

2019-05-07 12:47:13 - [TEST_STEP][PASSED] - setText(findTestObject("Object Repository/TC-LoginApplication/Page_Markit core new  Login/input_Login to your account_username"), username): Text 'dDasTester' is set on object 'Object Repository/TC-LoginApplication/Page_Markit core new  Login/input_Login to your account_username'

2019-05-07 12:47:15 - [MESSAGE][PASSED] - Text 'dDasTester' is set on object 'Object Repository/TC-LoginApplication/Page_Markit core new  Login/input_Login to your account_username'

2019-05-07 12:47:15 - [TEST_STEP][PASSED] - setText(findTestObject("Object Repository/TC-LoginApplication/Page_Markit core new  Login/input_Login to your account_password"), password): Text 'Czybm6R*' is set on object 'Object Repository/TC-LoginApplication/Page_Markit core new  Login/input_Login to your account_password'

2019-05-07 12:47:15 - [MESSAGE][PASSED] - Text 'Czybm6R*' is set on object 'Object Repository/TC-LoginApplication/Page_Markit core new  Login/input_Login to your account_password'

2019-05-07 12:47:15 - [TEST_STEP][PASSED] - delay(4, STOP_ON_FAILURE): Delayed 4 second(s)

2019-05-07 12:47:19 - [MESSAGE][PASSED] - Delayed 4 second(s)

2019-05-07 12:47:19 - [TEST_STEP][NOT_RUN] - maximizeWindow(): NOT_RUN: maximizeWindow()

2019-05-07 12:47:19 - [MESSAGE][NOT_RUN] - NOT_RUN: maximizeWindow()

2019-05-07 12:47:19 - [TEST_STEP][PASSED] - click(findTestObject("Object Repository/TC-LoginApplication/Page_Markit core new  Login/button_Login")): Object: 'Object Repository/TC-LoginApplication/Page_Markit core new  Login/button_Login' is clicked on

2019-05-07 12:47:27 - [MESSAGE][PASSED] - Object: 'Object Repository/TC-LoginApplication/Page_Markit core new  Login/button_Login' is clicked on

2019-05-07 12:47:27 - [TEST_STEP][NOT_RUN] - log = new com.kms.katalon.core.logging.KeywordLogger(): NOT_RUN: log = new com.kms.katalon.core.logging.KeywordLogger()

2019-05-07 12:47:27 - [MESSAGE][NOT_RUN] - NOT_RUN: log = new com.kms.katalon.core.logging.KeywordLogger()

2019-05-07 12:47:27 - [TEST_STEP][NOT_RUN] - log.logInfo(“Dipak”): NOT_RUN: log.logInfo(“Dipak”)

2019-05-07 12:47:27 - [MESSAGE][NOT_RUN] - NOT_RUN: log.logInfo(“Dipak”)]]></system-out>
         <system-err><![CDATA[]]></system-err>
      </testcase>
      <testcase name="Test Cases/TC03-MTA" classname="Test Cases/TC03-MTA" status="PASSED">
         <system-out><![CDATA[2019-05-07 12:47:27 - [TEST_CASE][PASSED] - Test Cases/TC03-MTA: Test Cases/TC03-MTA

2019-05-07 12:47:27 - [TEST_STEP][PASSED] - log = new com.kms.katalon.core.logging.KeywordLogger(): null

2019-05-07 12:47:27 - [TEST_STEP][PASSED] - waitForJQueryLoad(5): jQuery is ready.

2019-05-07 12:47:27 - [MESSAGE][PASSED] - jQuery is ready.

2019-05-07 12:47:27 - [TEST_STEP][PASSED] - click(findTestObject("TC03-MTA/PolicyRecord")): Object: 'Object Repository/TC03-MTA/PolicyRecord' is clicked on

2019-05-07 12:47:30 - [MESSAGE][PASSED] - Object: 'Object Repository/TC03-MTA/PolicyRecord' is clicked on

2019-05-07 12:47:30 - [TEST_STEP][PASSED] - waitForJQueryLoad(5): jQuery is ready.

2019-05-07 12:47:30 - [MESSAGE][PASSED] - jQuery is ready.

2019-05-07 12:47:30 - [TEST_STEP][NOT_RUN] - setText(findTestObject("TC03-MTA/SearchFields"), PolicyNo_Global): NOT_RUN: setText(findTestObject("TC03-MTA/SearchFields"), PolicyNo_Global)

2019-05-07 12:47:30 - [MESSAGE][NOT_RUN] - NOT_RUN: setText(findTestObject("TC03-MTA/SearchFields"), PolicyNo_Global)

2019-05-07 12:47:30 - [TEST_STEP][PASSED] - setText(findTestObject("TC03-MTA/SearchFields"), MTA_PolicyNo): Text 'DASD/POLICY/003055' is set on object 'Object Repository/TC03-MTA/SearchFields'

2019-05-07 12:47:31 - [MESSAGE][PASSED] - Text 'DASD/POLICY/003055' is set on object 'Object Repository/TC03-MTA/SearchFields'

2019-05-07 12:47:31 - [TEST_STEP][PASSED] - delay(4, STOP_ON_FAILURE): Delayed 4 second(s)

2019-05-07 12:47:35 - [MESSAGE][PASSED] - Delayed 4 second(s)

2019-05-07 12:47:35 - [TEST_STEP][PASSED] - sendKeys(findTestObject("TC03-MTA/SearchFields"), Keys.chord(ENTER)): Keys 'ENTER + ' sent to object: 'Object Repository/TC03-MTA/SearchFields'

2019-05-07 12:47:35 - [MESSAGE][PASSED] - Keys 'ENTER + ' sent to object: 'Object Repository/TC03-MTA/SearchFields'

2019-05-07 12:47:35 - [TEST_STEP][PASSED] - delay(5): Delayed 5 second(s)

2019-05-07 12:47:40 - [MESSAGE][PASSED] - Delayed 5 second(s)

2019-05-07 12:47:40 - [TEST_STEP][PASSED] - click(findTestObject("TC03-MTA/ClickEdit")): Object: 'Object Repository/TC03-MTA/ClickEdit' is clicked on

2019-05-07 12:47:43 - [MESSAGE][PASSED] - Object: 'Object Repository/TC03-MTA/ClickEdit' is clicked on

2019-05-07 12:47:43 - [TEST_STEP][PASSED] - delay(2): Delayed 2 second(s)

2019-05-07 12:47:45 - [MESSAGE][PASSED] - Delayed 2 second(s)

2019-05-07 12:47:45 - [TEST_STEP][PASSED] - click(findTestObject("TC03-MTA/MTA TAB")): Object: 'Object Repository/TC03-MTA/MTA TAB' is clicked on

2019-05-07 12:47:47 - [MESSAGE][PASSED] - Object: 'Object Repository/TC03-MTA/MTA TAB' is clicked on

2019-05-07 12:47:47 - [TEST_STEP][PASSED] - waitForJQueryLoad(5): jQuery is ready.

2019-05-07 12:47:47 - [MESSAGE][PASSED] - jQuery is ready.

2019-05-07 12:47:47 - [TEST_STEP][PASSED] - click(findTestObject("TC03-MTA/GO BUTTON")): Object: 'Object Repository/TC03-MTA/GO BUTTON' is clicked on

2019-05-07 12:47:54 - [MESSAGE][PASSED] - Object: 'Object Repository/TC03-MTA/GO BUTTON' is clicked on

2019-05-07 12:47:54 - [TEST_STEP][PASSED] - waitForJQueryLoad(5): jQuery is ready.

2019-05-07 12:47:56 - [MESSAGE][PASSED] - jQuery is ready.

2019-05-07 12:47:56 - [TEST_STEP][PASSED] - selectOptionByLabel(findTestObject("TC03-MTA/MTA Resons Type"), "Reason Description MTA", false): All options with label 'Reason Description MTA' are selected in object 'Object Repository/TC03-MTA/MTA Resons Type' 

2019-05-07 12:47:56 - [MESSAGE][PASSED] - All options with label 'Reason Description MTA' are selected in object 'Object Repository/TC03-MTA/MTA Resons Type' 

2019-05-07 12:47:56 - [TEST_STEP][PASSED] - setText(findTestObject("TC03-MTA/MTAReasonTextArea"), "Only For Testing Purpose."): Text 'Only For Testing Purpose.' is set on object 'Object Repository/TC03-MTA/MTAReasonTextArea'

2019-05-07 12:47:56 - [MESSAGE][PASSED] - Text 'Only For Testing Purpose.' is set on object 'Object Repository/TC03-MTA/MTAReasonTextArea'

2019-05-07 12:47:56 - [TEST_STEP][PASSED] - delay(5): Delayed 5 second(s)

2019-05-07 12:48:01 - [MESSAGE][PASSED] - Delayed 5 second(s)

2019-05-07 12:48:01 - [TEST_STEP][PASSED] - click(findTestObject("TC03-MTA/MTAResonsSaveButton")): Object: 'Object Repository/TC03-MTA/MTAResonsSaveButton' is clicked on

2019-05-07 12:48:05 - [MESSAGE][PASSED] - Object: 'Object Repository/TC03-MTA/MTAResonsSaveButton' is clicked on

2019-05-07 12:48:05 - [TEST_STEP][PASSED] - delay(4): Delayed 4 second(s)

2019-05-07 12:48:09 - [MESSAGE][PASSED] - Delayed 4 second(s)

2019-05-07 12:48:09 - [TEST_STEP][PASSED] - click(findTestObject("TC03-MTA/EditRiskItemListing")): Object: 'Object Repository/TC03-MTA/EditRiskItemListing' is clicked on

2019-05-07 12:48:12 - [MESSAGE][PASSED] - Object: 'Object Repository/TC03-MTA/EditRiskItemListing' is clicked on

2019-05-07 12:48:12 - [TEST_STEP][PASSED] - selectOptionByLabel(findTestObject("TC-CreatePolicy/RiskDetails/Type"), "Duplex", false): All options with label 'Duplex' are selected in object 'Object Repository/TC-CreatePolicy/RiskDetails/Type' 

2019-05-07 12:48:12 - [MESSAGE][PASSED] - All options with label 'Duplex' are selected in object 'Object Repository/TC-CreatePolicy/RiskDetails/Type' 

2019-05-07 12:48:12 - [TEST_STEP][PASSED] - clearText(findTestObject("TC-CreatePolicy/RiskDetails/SumInsurreTextBox")): Text of object 'Object Repository/TC-CreatePolicy/RiskDetails/SumInsurreTextBox' is cleared

2019-05-07 12:48:12 - [MESSAGE][PASSED] - Text of object 'Object Repository/TC-CreatePolicy/RiskDetails/SumInsurreTextBox' is cleared

2019-05-07 12:48:12 - [TEST_STEP][PASSED] - setText(findTestObject("TC-CreatePolicy/RiskDetails/SumInsurreTextBox"), "4000"): Text '4000' is set on object 'Object Repository/TC-CreatePolicy/RiskDetails/SumInsurreTextBox'

2019-05-07 12:48:12 - [MESSAGE][PASSED] - Text '4000' is set on object 'Object Repository/TC-CreatePolicy/RiskDetails/SumInsurreTextBox'

2019-05-07 12:48:12 - [TEST_STEP][PASSED] - clearText(findTestObject("TC-CreatePolicy/RiskDetails/RoomNo")): Text of object 'Object Repository/TC-CreatePolicy/RiskDetails/RoomNo' is cleared

2019-05-07 12:48:12 - [MESSAGE][PASSED] - Text of object 'Object Repository/TC-CreatePolicy/RiskDetails/RoomNo' is cleared

2019-05-07 12:48:12 - [TEST_STEP][PASSED] - setText(findTestObject("TC-CreatePolicy/RiskDetails/RoomNo"), "2"): Text '2' is set on object 'Object Repository/TC-CreatePolicy/RiskDetails/RoomNo'

2019-05-07 12:48:12 - [MESSAGE][PASSED] - Text '2' is set on object 'Object Repository/TC-CreatePolicy/RiskDetails/RoomNo'

2019-05-07 12:48:12 - [TEST_STEP][PASSED] - clearText(findTestObject("TC-CreatePolicy/RiskDetails/ContentSumInsure")): Text of object 'Object Repository/TC-CreatePolicy/RiskDetails/ContentSumInsure' is cleared

2019-05-07 12:48:12 - [MESSAGE][PASSED] - Text of object 'Object Repository/TC-CreatePolicy/RiskDetails/ContentSumInsure' is cleared

2019-05-07 12:48:12 - [TEST_STEP][PASSED] - setText(findTestObject("TC-CreatePolicy/RiskDetails/ContentSumInsure"), "2000"): Text '2000' is set on object 'Object Repository/TC-CreatePolicy/RiskDetails/ContentSumInsure'

2019-05-07 12:48:13 - [MESSAGE][PASSED] - Text '2000' is set on object 'Object Repository/TC-CreatePolicy/RiskDetails/ContentSumInsure'

2019-05-07 12:48:13 - [TEST_STEP][PASSED] - click(findTestObject("TC03-MTA/MTASaveButton")): Object: 'Object Repository/TC03-MTA/MTASaveButton' is clicked on

2019-05-07 12:48:24 - [MESSAGE][PASSED] - Object: 'Object Repository/TC03-MTA/MTASaveButton' is clicked on

2019-05-07 12:48:24 - [TEST_STEP][PASSED] - waitForJQueryLoad(5): jQuery is ready.

2019-05-07 12:48:25 - [MESSAGE][PASSED] - jQuery is ready.

2019-05-07 12:48:25 - [TEST_STEP][PASSED] - delay(5): Delayed 5 second(s)

2019-05-07 12:48:30 - [MESSAGE][PASSED] - Delayed 5 second(s)

2019-05-07 12:48:30 - [TEST_STEP][PASSED] - APRPValue = getAttribute(findTestObject("TC03-MTA/APandRPValue"), "value"): Attribute 'value' of object 'Object Repository/TC03-MTA/APandRPValue' is: '330.00'

2019-05-07 12:48:30 - [MESSAGE][PASSED] - Attribute 'value' of object 'Object Repository/TC03-MTA/APandRPValue' is: '330.00'

2019-05-07 12:48:30 - [TEST_STEP][PASSED] - out.println(APRPValue): null

2019-05-07 12:48:30 - [TEST_STEP][NOT_RUN] - click(findTestObject("TC03-MTA/EmailQuoteButtonClick")): NOT_RUN: click(findTestObject("TC03-MTA/EmailQuoteButtonClick"))

2019-05-07 12:48:30 - [MESSAGE][NOT_RUN] - NOT_RUN: click(findTestObject("TC03-MTA/EmailQuoteButtonClick"))

2019-05-07 12:48:30 - [TEST_STEP][NOT_RUN] - delay(5): NOT_RUN: delay(5)

2019-05-07 12:48:30 - [MESSAGE][NOT_RUN] - NOT_RUN: delay(5)

2019-05-07 12:48:30 - [TEST_STEP][PASSED] - click(findTestObject("TC03-MTA/Complete")): Object: 'Object Repository/TC03-MTA/Complete' is clicked on

2019-05-07 12:48:33 - [MESSAGE][PASSED] - Object: 'Object Repository/TC03-MTA/Complete' is clicked on

2019-05-07 12:48:33 - [TEST_STEP][PASSED] - delay(5): Delayed 5 second(s)

2019-05-07 12:48:38 - [MESSAGE][PASSED] - Delayed 5 second(s)

2019-05-07 12:48:38 - [TEST_STEP][PASSED] - click(findTestObject("TC-CreatePolicy/PaymentDetails/PaymentMethods")): Object: 'Object Repository/TC-CreatePolicy/PaymentDetails/PaymentMethods' is clicked on

2019-05-07 12:48:38 - [MESSAGE][PASSED] - Object: 'Object Repository/TC-CreatePolicy/PaymentDetails/PaymentMethods' is clicked on

2019-05-07 12:48:38 - [TEST_STEP][PASSED] - selectOptionByLabel(findTestObject("TC-CreatePolicy/PaymentDetails/SelectNoOfInstallment"), "1", false): All options with label '1' are selected in object 'Object Repository/TC-CreatePolicy/PaymentDetails/SelectNoOfInstallment' 

2019-05-07 12:48:38 - [MESSAGE][PASSED] - All options with label '1' are selected in object 'Object Repository/TC-CreatePolicy/PaymentDetails/SelectNoOfInstallment' 

2019-05-07 12:48:38 - [TEST_STEP][PASSED] - delay(5, STOP_ON_FAILURE): Delayed 5 second(s)

2019-05-07 12:48:43 - [MESSAGE][PASSED] - Delayed 5 second(s)

2019-05-07 12:48:43 - [TEST_STEP][PASSED] - click(findTestObject("TC-CreatePolicy/PaymentDetails/ConfirmPaymentType")): Object: 'Object Repository/TC-CreatePolicy/PaymentDetails/ConfirmPaymentType' is clicked on

2019-05-07 12:48:43 - [MESSAGE][PASSED] - Object: 'Object Repository/TC-CreatePolicy/PaymentDetails/ConfirmPaymentType' is clicked on

2019-05-07 12:48:43 - [TEST_STEP][PASSED] - waitForJQueryLoad(5): jQuery is ready.

2019-05-07 12:48:43 - [MESSAGE][PASSED] - jQuery is ready.

2019-05-07 12:48:43 - [TEST_STEP][PASSED] - delay(3): Delayed 3 second(s)

2019-05-07 12:48:46 - [MESSAGE][PASSED] - Delayed 3 second(s)

2019-05-07 12:48:46 - [TEST_STEP][PASSED] - setText(findTestObject("TC-CreatePolicy/PaymentDetails/EmailText"), "dipak.das@mailinator.com"): Text 'dipak.das@mailinator.com' is set on object 'Object Repository/TC-CreatePolicy/PaymentDetails/EmailText'

2019-05-07 12:48:50 - [MESSAGE][PASSED] - Text 'dipak.das@mailinator.com' is set on object 'Object Repository/TC-CreatePolicy/PaymentDetails/EmailText'

2019-05-07 12:48:50 - [TEST_STEP][PASSED] - scrollToElement(findTestObject("TC03-MTA/SendEmail"), 5): Scroll to object 'Object Repository/TC03-MTA/SendEmail' successfully

2019-05-07 12:48:50 - [MESSAGE][PASSED] - Scroll to object 'Object Repository/TC03-MTA/SendEmail' successfully

2019-05-07 12:48:50 - [TEST_STEP][PASSED] - delay(4): Delayed 4 second(s)

2019-05-07 12:48:54 - [MESSAGE][PASSED] - Delayed 4 second(s)

2019-05-07 12:48:54 - [TEST_STEP][PASSED] - click(findTestObject("TC03-MTA/SendEmail")): Object: 'Object Repository/TC03-MTA/SendEmail' is clicked on

2019-05-07 12:48:54 - [MESSAGE][PASSED] - Object: 'Object Repository/TC03-MTA/SendEmail' is clicked on

2019-05-07 12:48:54 - [TEST_STEP][PASSED] - delay(5): Delayed 5 second(s)

2019-05-07 12:48:59 - [MESSAGE][PASSED] - Delayed 5 second(s)

2019-05-07 12:48:59 - [TEST_STEP][PASSED] - log.logInfo(PolicyNo_Global): 

2019-05-07 12:48:59 - [MESSAGE][INFO] -]]></system-out>
         <system-err><![CDATA[]]></system-err>
      </testcase>
      <system-out><![CDATA[2019-05-07 12:46:39 - [TEST_SUITE][PASSED] - MTA Policy: Test Cases/TC03-MTA]]></system-out>
      <system-err><![CDATA[]]></system-err>
   </testsuite>
</testsuites>
