<?xml version="1.0" encoding="UTF-8"?>
<testsuites name="PolicyCreation" time="154" tests="1" failures="0" errors="2">
   <testsuite name="PolicyCreation" tests="1" failures="0" errors="2" time="154" timestamp="2019-05-16 14:15:53" hostname="Swarnendu - SwarnenduMuk-PC" id="Test Suites/PolicyCreation">
      <properties>
         <property name="deviceName" value=""/>
         <property name="devicePlatform" value=""/>
         <property name="logFolder" value="E:\\Katalon_Projects\\Markit Core\\MarkitCore\\Reports\\PolicyCreation\\20190516_141551"/>
         <property name="logFiles" value="E:\\Katalon_Projects\\Markit Core\\MarkitCore\\Reports\\PolicyCreation\\20190516_141551\\execution0.log"/>
         <property name="attachments" value=""/>
         <property name="hostName" value="Swarnendu - SwarnenduMuk-PC"/>
         <property name="os" value="Windows 7 32bit"/>
         <property name="katalonVersion" value="6.0.5.4"/>
         <property name="browser" value="Chrome 74.0.3729.157"/>
         <property name="hostAddress" value="192.168.56.1"/>
         <property name="sessionId" value="f5e9645888dd2630633c85d6f86029a7"/>
         <property name="seleniumVersion" value="3.7.1"/>
         <property name="proxyInformation" value="ProxyInformation{proxyOption=NO_PROXY, proxyServerType=HTTP, password=, proxyServerAddress=, proxyServerPort=0}"/>
         <property name="platform" value="Windows 7"/>
      </properties>
      <testcase name="Test Cases/TC01-LoginApplication" classname="Test Cases/TC01-LoginApplication" status="PASSED">
         <system-out><![CDATA[2019-05-16 14:16:02 - [TEST_CASE][PASSED] - Test Cases/TC01-LoginApplication: Test Cases/TC01-LoginApplication

2019-05-16 14:16:02 - [TEST_STEP][NOT_RUN] - openBrowser(""): NOT_RUN: openBrowser("")

2019-05-16 14:16:02 - [MESSAGE][NOT_RUN] - NOT_RUN: openBrowser("")

2019-05-16 14:16:02 - [TEST_STEP][NOT_RUN] - navigateToUrl("https://dev.offshoresoftwaresolutions.net/markit_coreV2/Sites/CoreTest/login/admin_display"): NOT_RUN: navigateToUrl("https://dev.offshoresoftwaresolutions.net/markit_coreV2/Sites/CoreTest/login/admin_display")

2019-05-16 14:16:02 - [MESSAGE][NOT_RUN] - NOT_RUN: navigateToUrl("https://dev.offshoresoftwaresolutions.net/markit_coreV2/Sites/CoreTest/login/admin_display")

2019-05-16 14:16:02 - [TEST_STEP][PASSED] - setText(findTestObject("Object Repository/TC-LoginApplication/Page_Markit core new  Login/input_Login to your account_username"), username): Text 'dDasTester' is set on object 'Object Repository/TC-LoginApplication/Page_Markit core new  Login/input_Login to your account_username'

2019-05-16 14:16:03 - [MESSAGE][PASSED] - Text 'dDasTester' is set on object 'Object Repository/TC-LoginApplication/Page_Markit core new  Login/input_Login to your account_username'

2019-05-16 14:16:03 - [TEST_STEP][PASSED] - setText(findTestObject("Object Repository/TC-LoginApplication/Page_Markit core new  Login/input_Login to your account_password"), password): Text 'Czybm6R*' is set on object 'Object Repository/TC-LoginApplication/Page_Markit core new  Login/input_Login to your account_password'

2019-05-16 14:16:03 - [MESSAGE][PASSED] - Text 'Czybm6R*' is set on object 'Object Repository/TC-LoginApplication/Page_Markit core new  Login/input_Login to your account_password'

2019-05-16 14:16:03 - [TEST_STEP][PASSED] - delay(4, STOP_ON_FAILURE): Delayed 4 second(s)

2019-05-16 14:16:07 - [MESSAGE][PASSED] - Delayed 4 second(s)

2019-05-16 14:16:07 - [TEST_STEP][NOT_RUN] - maximizeWindow(): NOT_RUN: maximizeWindow()

2019-05-16 14:16:07 - [MESSAGE][NOT_RUN] - NOT_RUN: maximizeWindow()

2019-05-16 14:16:07 - [TEST_STEP][PASSED] - click(findTestObject("Object Repository/TC-LoginApplication/Page_Markit core new  Login/button_Login")): Object: 'Object Repository/TC-LoginApplication/Page_Markit core new  Login/button_Login' is clicked on

2019-05-16 14:16:13 - [MESSAGE][PASSED] - Object: 'Object Repository/TC-LoginApplication/Page_Markit core new  Login/button_Login' is clicked on

2019-05-16 14:16:13 - [TEST_STEP][NOT_RUN] - log = new com.kms.katalon.core.logging.KeywordLogger(): NOT_RUN: log = new com.kms.katalon.core.logging.KeywordLogger()

2019-05-16 14:16:13 - [MESSAGE][NOT_RUN] - NOT_RUN: log = new com.kms.katalon.core.logging.KeywordLogger()

2019-05-16 14:16:13 - [TEST_STEP][NOT_RUN] - log.logInfo(“Dipak”): NOT_RUN: log.logInfo(“Dipak”)

2019-05-16 14:16:13 - [MESSAGE][NOT_RUN] - NOT_RUN: log.logInfo(“Dipak”)]]></system-out>
         <system-err><![CDATA[]]></system-err>
      </testcase>
      <testcase name="Test Cases/TC02-CreatePolicy" classname="Test Cases/TC02-CreatePolicy" status="ERROR">
         <error type="ERROR" message="Test Cases/TC02-CreatePolicy FAILED.
Reason:
org.codehaus.groovy.runtime.metaclass.MissingMethodExceptionNoStack: No signature of method: com.excel.helper.ExcelHelper.updateTheExcel() is applicable for argument types: (java.lang.String, java.lang.String, java.lang.String) values: [Data Files/TestData/policy.xlsx, ActualValue, USD 330.00]
Possible solutions: updateTheExcel1(java.lang.String, java.lang.String, java.lang.String, java.lang.String), updateTheExcel(org.apache.poi.xssf.usermodel.XSSFSheet, java.lang.String, int, int), updateTheExcel2(java.lang.String, java.lang.String, java.lang.String, java.lang.String, java.lang.String), updateTheExcel2(org.apache.poi.xssf.usermodel.XSSFSheet, java.lang.String, int, int)
"/>
         <system-out><![CDATA[2019-05-16 14:16:13 - [TEST_CASE][ERROR] - Test Cases/TC02-CreatePolicy: Test Cases/TC02-CreatePolicy FAILED.
Reason:
org.codehaus.groovy.runtime.metaclass.MissingMethodExceptionNoStack: No signature of method: com.excel.helper.ExcelHelper.updateTheExcel() is applicable for argument types: (java.lang.String, java.lang.String, java.lang.String) values: [Data Files/TestData/policy.xlsx, ActualValue, USD 330.00]
Possible solutions: updateTheExcel1(java.lang.String, java.lang.String, java.lang.String, java.lang.String), updateTheExcel(org.apache.poi.xssf.usermodel.XSSFSheet, java.lang.String, int, int), updateTheExcel2(java.lang.String, java.lang.String, java.lang.String, java.lang.String, java.lang.String), updateTheExcel2(org.apache.poi.xssf.usermodel.XSSFSheet, java.lang.String, int, int)


2019-05-16 14:16:13 - [TEST_STEP][PASSED] - log = new com.kms.katalon.core.logging.KeywordLogger(): null

2019-05-16 14:16:13 - [TEST_STEP][PASSED] - waitForJQueryLoad(10): jQuery is ready.

2019-05-16 14:16:13 - [MESSAGE][PASSED] - jQuery is ready.

2019-05-16 14:16:13 - [TEST_STEP][PASSED] - delay(5): Delayed 5 second(s)

2019-05-16 14:16:18 - [MESSAGE][PASSED] - Delayed 5 second(s)

2019-05-16 14:16:18 - [TEST_STEP][PASSED] - click(findTestObject("TC-CreatePolicy/DashBoard/ClientSearchLink")): Object: 'Object Repository/TC-CreatePolicy/DashBoard/ClientSearchLink' is clicked on

2019-05-16 14:16:20 - [MESSAGE][PASSED] - Object: 'Object Repository/TC-CreatePolicy/DashBoard/ClientSearchLink' is clicked on

2019-05-16 14:16:20 - [TEST_STEP][PASSED] - setText(findTestObject("TC-CreatePolicy/ClientListing/ClientName"), "Dipak"): Text 'Dipak' is set on object 'Object Repository/TC-CreatePolicy/ClientListing/ClientName'

2019-05-16 14:16:20 - [MESSAGE][PASSED] - Text 'Dipak' is set on object 'Object Repository/TC-CreatePolicy/ClientListing/ClientName'

2019-05-16 14:16:20 - [TEST_STEP][PASSED] - delay(5): Delayed 5 second(s)

2019-05-16 14:16:25 - [MESSAGE][PASSED] - Delayed 5 second(s)

2019-05-16 14:16:25 - [TEST_STEP][PASSED] - sendKeys(findTestObject("TC-CreatePolicy/ClientListing/ClientName"), Keys.chord(ENTER)): Keys 'ENTER + ' sent to object: 'Object Repository/TC-CreatePolicy/ClientListing/ClientName'

2019-05-16 14:16:25 - [MESSAGE][PASSED] - Keys 'ENTER + ' sent to object: 'Object Repository/TC-CreatePolicy/ClientListing/ClientName'

2019-05-16 14:16:25 - [TEST_STEP][PASSED] - delay(4): Delayed 4 second(s)

2019-05-16 14:16:29 - [MESSAGE][PASSED] - Delayed 4 second(s)

2019-05-16 14:16:29 - [TEST_STEP][PASSED] - waitForElementClickable(findTestObject("TC-CreatePolicy/ClientListing/ClientListAction"), 3): Object 'Object Repository/TC-CreatePolicy/ClientListing/ClientListAction' is clickable

2019-05-16 14:16:29 - [MESSAGE][PASSED] - Object 'Object Repository/TC-CreatePolicy/ClientListing/ClientListAction' is clickable

2019-05-16 14:16:29 - [TEST_STEP][PASSED] - click(findTestObject("TC-CreatePolicy/ClientListing/ClientListAction")): Object: 'Object Repository/TC-CreatePolicy/ClientListing/ClientListAction' is clicked on

2019-05-16 14:16:30 - [MESSAGE][PASSED] - Object: 'Object Repository/TC-CreatePolicy/ClientListing/ClientListAction' is clicked on

2019-05-16 14:16:30 - [TEST_STEP][PASSED] - delay(3): Delayed 3 second(s)

2019-05-16 14:16:33 - [MESSAGE][PASSED] - Delayed 3 second(s)

2019-05-16 14:16:33 - [TEST_STEP][PASSED] - click(findTestObject("TC-CreatePolicy/ClientListing/StartQuote")): Object: 'Object Repository/TC-CreatePolicy/ClientListing/StartQuote' is clicked on

2019-05-16 14:16:40 - [MESSAGE][PASSED] - Object: 'Object Repository/TC-CreatePolicy/ClientListing/StartQuote' is clicked on

2019-05-16 14:16:40 - [TEST_STEP][PASSED] - waitForJQueryLoad(5): jQuery is ready.

2019-05-16 14:16:41 - [MESSAGE][PASSED] - jQuery is ready.

2019-05-16 14:16:41 - [TEST_STEP][PASSED] - selectOptionByLabel(findTestObject("TC-CreatePolicy/GeneralDetails/SelectCurrency"), var_Currency, true): All options with label 'USD' are selected in object 'Object Repository/TC-CreatePolicy/GeneralDetails/SelectCurrency'  using regular expression

2019-05-16 14:16:42 - [MESSAGE][PASSED] - All options with label 'USD' are selected in object 'Object Repository/TC-CreatePolicy/GeneralDetails/SelectCurrency'  using regular expression

2019-05-16 14:16:42 - [TEST_STEP][PASSED] - selectOptionByLabel(findTestObject("TC-CreatePolicy/GeneralDetails/SelectBroker"), var_Broker, true): All options with label 'New Broker' are selected in object 'Object Repository/TC-CreatePolicy/GeneralDetails/SelectBroker'  using regular expression

2019-05-16 14:16:43 - [MESSAGE][PASSED] - All options with label 'New Broker' are selected in object 'Object Repository/TC-CreatePolicy/GeneralDetails/SelectBroker'  using regular expression

2019-05-16 14:16:43 - [TEST_STEP][PASSED] - waitForJQueryLoad(5): jQuery is ready.

2019-05-16 14:16:44 - [MESSAGE][PASSED] - jQuery is ready.

2019-05-16 14:16:44 - [TEST_STEP][PASSED] - selectOptionByLabel(findTestObject("TC-CreatePolicy/GeneralDetails/SelectProduct"), var_ProductName, false): All options with label 'BasicDemoProduct' are selected in object 'Object Repository/TC-CreatePolicy/GeneralDetails/SelectProduct' 

2019-05-16 14:16:44 - [MESSAGE][PASSED] - All options with label 'BasicDemoProduct' are selected in object 'Object Repository/TC-CreatePolicy/GeneralDetails/SelectProduct' 

2019-05-16 14:16:44 - [TEST_STEP][PASSED] - waitForJQueryLoad(5): jQuery is ready.

2019-05-16 14:16:44 - [MESSAGE][PASSED] - jQuery is ready.

2019-05-16 14:16:44 - [TEST_STEP][PASSED] - selectOptionByLabel(findTestObject("TC-CreatePolicy/GeneralDetails/SelectPolicyTerm"), var_policyTerm, false): All options with label 'Yearly' are selected in object 'Object Repository/TC-CreatePolicy/GeneralDetails/SelectPolicyTerm' 

2019-05-16 14:16:44 - [MESSAGE][PASSED] - All options with label 'Yearly' are selected in object 'Object Repository/TC-CreatePolicy/GeneralDetails/SelectPolicyTerm' 

2019-05-16 14:16:44 - [TEST_STEP][PASSED] - waitForJQueryLoad(3): jQuery is ready.

2019-05-16 14:16:45 - [MESSAGE][PASSED] - jQuery is ready.

2019-05-16 14:16:45 - [TEST_STEP][NOT_RUN] - selectOptionByValue(findTestObject("TC-CreatePolicy/GeneralDetails/SelectTimeZone"), "343", false): NOT_RUN: selectOptionByValue(findTestObject("TC-CreatePolicy/GeneralDetails/SelectTimeZone"), "343", false)

2019-05-16 14:16:45 - [MESSAGE][NOT_RUN] - NOT_RUN: selectOptionByValue(findTestObject("TC-CreatePolicy/GeneralDetails/SelectTimeZone"), "343", false)

2019-05-16 14:16:45 - [TEST_STEP][PASSED] - delay(3): Delayed 3 second(s)

2019-05-16 14:16:48 - [MESSAGE][PASSED] - Delayed 3 second(s)

2019-05-16 14:16:48 - [TEST_STEP][PASSED] - click(findTestObject("TC-CreatePolicy/GeneralDetails/NextButton")): Object: 'Object Repository/TC-CreatePolicy/GeneralDetails/NextButton' is clicked on

2019-05-16 14:16:48 - [MESSAGE][PASSED] - Object: 'Object Repository/TC-CreatePolicy/GeneralDetails/NextButton' is clicked on

2019-05-16 14:16:48 - [TEST_STEP][PASSED] - delay(5): Delayed 5 second(s)

2019-05-16 14:16:53 - [MESSAGE][PASSED] - Delayed 5 second(s)

2019-05-16 14:16:53 - [TEST_STEP][PASSED] - if (var_Alert.equals("Cancel")): Delayed 5 second(s)

2019-05-16 14:16:53 - [TEST_STEP][PASSED] - click(findTestObject("TC-CreatePolicy/GeneralDetails/ButtonCancel")): Object: 'Object Repository/TC-CreatePolicy/GeneralDetails/ButtonCancel' is clicked on

2019-05-16 14:17:00 - [MESSAGE][PASSED] - Object: 'Object Repository/TC-CreatePolicy/GeneralDetails/ButtonCancel' is clicked on

2019-05-16 14:17:00 - [TEST_STEP][PASSED] - delay(3): Delayed 3 second(s)

2019-05-16 14:17:03 - [MESSAGE][PASSED] - Delayed 3 second(s)

2019-05-16 14:17:03 - [TEST_STEP][PASSED] - waitForJQueryLoad(5, STOP_ON_FAILURE): jQuery is ready.

2019-05-16 14:17:03 - [MESSAGE][PASSED] - jQuery is ready.

2019-05-16 14:17:03 - [TEST_STEP][PASSED] - selectOptionByLabel(findTestObject("TC-CreatePolicy/RiskDetails/Type"), var_Type, false): All options with label 'Flat' are selected in object 'Object Repository/TC-CreatePolicy/RiskDetails/Type' 

2019-05-16 14:17:03 - [MESSAGE][PASSED] - All options with label 'Flat' are selected in object 'Object Repository/TC-CreatePolicy/RiskDetails/Type' 

2019-05-16 14:17:03 - [TEST_STEP][PASSED] - setText(findTestObject("TC-CreatePolicy/RiskDetails/SumInsurreTextBox"), var_BuildingSumInsure): Text '1000' is set on object 'Object Repository/TC-CreatePolicy/RiskDetails/SumInsurreTextBox'

2019-05-16 14:17:03 - [MESSAGE][PASSED] - Text '1000' is set on object 'Object Repository/TC-CreatePolicy/RiskDetails/SumInsurreTextBox'

2019-05-16 14:17:03 - [TEST_STEP][PASSED] - setText(findTestObject("TC-CreatePolicy/RiskDetails/RoomNo"), var_RoomNo): Text '2' is set on object 'Object Repository/TC-CreatePolicy/RiskDetails/RoomNo'

2019-05-16 14:17:03 - [MESSAGE][PASSED] - Text '2' is set on object 'Object Repository/TC-CreatePolicy/RiskDetails/RoomNo'

2019-05-16 14:17:03 - [TEST_STEP][PASSED] - setText(findTestObject("TC-CreatePolicy/RiskDetails/ContentSumInsure"), var_ContentSumInsure): Text '2000' is set on object 'Object Repository/TC-CreatePolicy/RiskDetails/ContentSumInsure'

2019-05-16 14:17:03 - [MESSAGE][PASSED] - Text '2000' is set on object 'Object Repository/TC-CreatePolicy/RiskDetails/ContentSumInsure'

2019-05-16 14:17:03 - [TEST_STEP][PASSED] - click(findTestObject("TC-CreatePolicy/RiskDetails/Save")): Object: 'Object Repository/TC-CreatePolicy/RiskDetails/Save' is clicked on

2019-05-16 14:17:16 - [MESSAGE][PASSED] - Object: 'Object Repository/TC-CreatePolicy/RiskDetails/Save' is clicked on

2019-05-16 14:17:16 - [TEST_STEP][PASSED] - delay(5): Delayed 5 second(s)

2019-05-16 14:17:21 - [MESSAGE][PASSED] - Delayed 5 second(s)

2019-05-16 14:17:21 - [TEST_STEP][PASSED] - delay(5): Delayed 5 second(s)

2019-05-16 14:17:26 - [MESSAGE][PASSED] - Delayed 5 second(s)

2019-05-16 14:17:26 - [TEST_STEP][PASSED] - var_Total = getText(findTestObject("TC-CreatePolicy/Premium/TotalPremium")): Text of object 'Object Repository/TC-CreatePolicy/Premium/TotalPremium' is: 'USD 330.00'

2019-05-16 14:17:26 - [MESSAGE][PASSED] - Text of object 'Object Repository/TC-CreatePolicy/Premium/TotalPremium' is: 'USD 330.00'

2019-05-16 14:17:26 - [TEST_STEP][ERROR] - com.excel.helper.ExcelHelper.updateTheExcel("Data Files/TestData/policy.xlsx", "ActualValue", var_Total): com.excel.helper.ExcelHelper.updateTheExcel("Data Files/TestData/policy.xlsx", "ActualValue", var_Total) FAILED.
Reason:
org.codehaus.groovy.runtime.metaclass.MissingMethodExceptionNoStack: No signature of method: com.excel.helper.ExcelHelper.updateTheExcel() is applicable for argument types: (java.lang.String, java.lang.String, java.lang.String) values: [Data Files/TestData/policy.xlsx, ActualValue, USD 330.00]
Possible solutions: updateTheExcel1(java.lang.String, java.lang.String, java.lang.String, java.lang.String), updateTheExcel(org.apache.poi.xssf.usermodel.XSSFSheet, java.lang.String, int, int), updateTheExcel2(java.lang.String, java.lang.String, java.lang.String, java.lang.String, java.lang.String), updateTheExcel2(org.apache.poi.xssf.usermodel.XSSFSheet, java.lang.String, int, int)


2019-05-16 14:17:26 - [MESSAGE][ERROR] - No signature of method: com.excel.helper.ExcelHelper.updateTheExcel() is applicable for argument types: (java.lang.String, java.lang.String, java.lang.String) values: [Data Files/TestData/policy.xlsx, ActualValue, USD 330.00]
Possible solutions: updateTheExcel1(java.lang.String, java.lang.String, java.lang.String, java.lang.String), updateTheExcel(org.apache.poi.xssf.usermodel.XSSFSheet, java.lang.String, int, int), updateTheExcel2(java.lang.String, java.lang.String, java.lang.String, java.lang.String, java.lang.String), updateTheExcel2(org.apache.poi.xssf.usermodel.XSSFSheet, java.lang.String, int, int)

2019-05-16 14:17:26 - [MESSAGE][ERROR] - com.excel.helper.ExcelHelper.updateTheExcel("Data Files/TestData/policy.xlsx", "ActualValue", var_Total) FAILED.
Reason:
org.codehaus.groovy.runtime.metaclass.MissingMethodExceptionNoStack: No signature of method: com.excel.helper.ExcelHelper.updateTheExcel() is applicable for argument types: (java.lang.String, java.lang.String, java.lang.String) values: [Data Files/TestData/policy.xlsx, ActualValue, USD 330.00]
Possible solutions: updateTheExcel1(java.lang.String, java.lang.String, java.lang.String, java.lang.String), updateTheExcel(org.apache.poi.xssf.usermodel.XSSFSheet, java.lang.String, int, int), updateTheExcel2(java.lang.String, java.lang.String, java.lang.String, java.lang.String, java.lang.String), updateTheExcel2(org.apache.poi.xssf.usermodel.XSSFSheet, java.lang.String, int, int)]]></system-out>
         <system-err><![CDATA[2019-05-16 14:16:13 - [TEST_CASE][ERROR] - Test Cases/TC02-CreatePolicy: Test Cases/TC02-CreatePolicy FAILED.
Reason:
org.codehaus.groovy.runtime.metaclass.MissingMethodExceptionNoStack: No signature of method: com.excel.helper.ExcelHelper.updateTheExcel() is applicable for argument types: (java.lang.String, java.lang.String, java.lang.String) values: [Data Files/TestData/policy.xlsx, ActualValue, USD 330.00]
Possible solutions: updateTheExcel1(java.lang.String, java.lang.String, java.lang.String, java.lang.String), updateTheExcel(org.apache.poi.xssf.usermodel.XSSFSheet, java.lang.String, int, int), updateTheExcel2(java.lang.String, java.lang.String, java.lang.String, java.lang.String, java.lang.String), updateTheExcel2(org.apache.poi.xssf.usermodel.XSSFSheet, java.lang.String, int, int)]]></system-err>
      </testcase>
      <testcase name="Test Cases/TC02-CreatePolicy" classname="Test Cases/TC02-CreatePolicy" status="ERROR">
         <error type="ERROR" message="Test Cases/TC02-CreatePolicy FAILED.
Reason:
org.codehaus.groovy.runtime.metaclass.MissingMethodExceptionNoStack: No signature of method: com.excel.helper.ExcelHelper.updateTheExcel() is applicable for argument types: (java.lang.String, java.lang.String, java.lang.String) values: [Data Files/TestData/policy.xlsx, ActualValue, USD 660.00]
Possible solutions: updateTheExcel1(java.lang.String, java.lang.String, java.lang.String, java.lang.String), updateTheExcel(org.apache.poi.xssf.usermodel.XSSFSheet, java.lang.String, int, int), updateTheExcel2(java.lang.String, java.lang.String, java.lang.String, java.lang.String, java.lang.String), updateTheExcel2(org.apache.poi.xssf.usermodel.XSSFSheet, java.lang.String, int, int)
"/>
         <system-out><![CDATA[2019-05-16 14:17:26 - [TEST_CASE][ERROR] - Test Cases/TC02-CreatePolicy: Test Cases/TC02-CreatePolicy FAILED.
Reason:
org.codehaus.groovy.runtime.metaclass.MissingMethodExceptionNoStack: No signature of method: com.excel.helper.ExcelHelper.updateTheExcel() is applicable for argument types: (java.lang.String, java.lang.String, java.lang.String) values: [Data Files/TestData/policy.xlsx, ActualValue, USD 660.00]
Possible solutions: updateTheExcel1(java.lang.String, java.lang.String, java.lang.String, java.lang.String), updateTheExcel(org.apache.poi.xssf.usermodel.XSSFSheet, java.lang.String, int, int), updateTheExcel2(java.lang.String, java.lang.String, java.lang.String, java.lang.String, java.lang.String), updateTheExcel2(org.apache.poi.xssf.usermodel.XSSFSheet, java.lang.String, int, int)


2019-05-16 14:17:26 - [TEST_STEP][PASSED] - log = new com.kms.katalon.core.logging.KeywordLogger(): null

2019-05-16 14:17:26 - [TEST_STEP][PASSED] - waitForJQueryLoad(10): jQuery is ready.

2019-05-16 14:17:26 - [MESSAGE][PASSED] - jQuery is ready.

2019-05-16 14:17:26 - [TEST_STEP][PASSED] - delay(5): Delayed 5 second(s)

2019-05-16 14:17:31 - [MESSAGE][PASSED] - Delayed 5 second(s)

2019-05-16 14:17:31 - [TEST_STEP][PASSED] - click(findTestObject("TC-CreatePolicy/DashBoard/ClientSearchLink")): Object: 'Object Repository/TC-CreatePolicy/DashBoard/ClientSearchLink' is clicked on

2019-05-16 14:17:32 - [MESSAGE][PASSED] - Object: 'Object Repository/TC-CreatePolicy/DashBoard/ClientSearchLink' is clicked on

2019-05-16 14:17:32 - [TEST_STEP][PASSED] - setText(findTestObject("TC-CreatePolicy/ClientListing/ClientName"), "Dipak"): Text 'Dipak' is set on object 'Object Repository/TC-CreatePolicy/ClientListing/ClientName'

2019-05-16 14:17:33 - [MESSAGE][PASSED] - Text 'Dipak' is set on object 'Object Repository/TC-CreatePolicy/ClientListing/ClientName'

2019-05-16 14:17:33 - [TEST_STEP][PASSED] - delay(5): Delayed 5 second(s)

2019-05-16 14:17:38 - [MESSAGE][PASSED] - Delayed 5 second(s)

2019-05-16 14:17:38 - [TEST_STEP][PASSED] - sendKeys(findTestObject("TC-CreatePolicy/ClientListing/ClientName"), Keys.chord(ENTER)): Keys 'ENTER + ' sent to object: 'Object Repository/TC-CreatePolicy/ClientListing/ClientName'

2019-05-16 14:17:38 - [MESSAGE][PASSED] - Keys 'ENTER + ' sent to object: 'Object Repository/TC-CreatePolicy/ClientListing/ClientName'

2019-05-16 14:17:38 - [TEST_STEP][PASSED] - delay(4): Delayed 4 second(s)

2019-05-16 14:17:42 - [MESSAGE][PASSED] - Delayed 4 second(s)

2019-05-16 14:17:42 - [TEST_STEP][PASSED] - waitForElementClickable(findTestObject("TC-CreatePolicy/ClientListing/ClientListAction"), 3): Object 'Object Repository/TC-CreatePolicy/ClientListing/ClientListAction' is clickable

2019-05-16 14:17:42 - [MESSAGE][PASSED] - Object 'Object Repository/TC-CreatePolicy/ClientListing/ClientListAction' is clickable

2019-05-16 14:17:42 - [TEST_STEP][PASSED] - click(findTestObject("TC-CreatePolicy/ClientListing/ClientListAction")): Object: 'Object Repository/TC-CreatePolicy/ClientListing/ClientListAction' is clicked on

2019-05-16 14:17:45 - [MESSAGE][PASSED] - Object: 'Object Repository/TC-CreatePolicy/ClientListing/ClientListAction' is clicked on

2019-05-16 14:17:45 - [TEST_STEP][PASSED] - delay(3): Delayed 3 second(s)

2019-05-16 14:17:48 - [MESSAGE][PASSED] - Delayed 3 second(s)

2019-05-16 14:17:48 - [TEST_STEP][PASSED] - click(findTestObject("TC-CreatePolicy/ClientListing/StartQuote")): Object: 'Object Repository/TC-CreatePolicy/ClientListing/StartQuote' is clicked on

2019-05-16 14:17:49 - [MESSAGE][PASSED] - Object: 'Object Repository/TC-CreatePolicy/ClientListing/StartQuote' is clicked on

2019-05-16 14:17:49 - [TEST_STEP][PASSED] - waitForJQueryLoad(5): jQuery is ready.

2019-05-16 14:17:51 - [MESSAGE][PASSED] - jQuery is ready.

2019-05-16 14:17:51 - [TEST_STEP][PASSED] - selectOptionByLabel(findTestObject("TC-CreatePolicy/GeneralDetails/SelectCurrency"), var_Currency, true): All options with label 'USD' are selected in object 'Object Repository/TC-CreatePolicy/GeneralDetails/SelectCurrency'  using regular expression

2019-05-16 14:17:51 - [MESSAGE][PASSED] - All options with label 'USD' are selected in object 'Object Repository/TC-CreatePolicy/GeneralDetails/SelectCurrency'  using regular expression

2019-05-16 14:17:51 - [TEST_STEP][PASSED] - selectOptionByLabel(findTestObject("TC-CreatePolicy/GeneralDetails/SelectBroker"), var_Broker, true): All options with label 'New Broker' are selected in object 'Object Repository/TC-CreatePolicy/GeneralDetails/SelectBroker'  using regular expression

2019-05-16 14:17:52 - [MESSAGE][PASSED] - All options with label 'New Broker' are selected in object 'Object Repository/TC-CreatePolicy/GeneralDetails/SelectBroker'  using regular expression

2019-05-16 14:17:52 - [TEST_STEP][PASSED] - waitForJQueryLoad(5): jQuery is ready.

2019-05-16 14:17:52 - [MESSAGE][PASSED] - jQuery is ready.

2019-05-16 14:17:52 - [TEST_STEP][PASSED] - selectOptionByLabel(findTestObject("TC-CreatePolicy/GeneralDetails/SelectProduct"), var_ProductName, false): All options with label 'BasicDemoProduct' are selected in object 'Object Repository/TC-CreatePolicy/GeneralDetails/SelectProduct' 

2019-05-16 14:17:52 - [MESSAGE][PASSED] - All options with label 'BasicDemoProduct' are selected in object 'Object Repository/TC-CreatePolicy/GeneralDetails/SelectProduct' 

2019-05-16 14:17:52 - [TEST_STEP][PASSED] - waitForJQueryLoad(5): jQuery is ready.

2019-05-16 14:17:53 - [MESSAGE][PASSED] - jQuery is ready.

2019-05-16 14:17:53 - [TEST_STEP][PASSED] - selectOptionByLabel(findTestObject("TC-CreatePolicy/GeneralDetails/SelectPolicyTerm"), var_policyTerm, false): All options with label 'Yearly' are selected in object 'Object Repository/TC-CreatePolicy/GeneralDetails/SelectPolicyTerm' 

2019-05-16 14:17:53 - [MESSAGE][PASSED] - All options with label 'Yearly' are selected in object 'Object Repository/TC-CreatePolicy/GeneralDetails/SelectPolicyTerm' 

2019-05-16 14:17:53 - [TEST_STEP][PASSED] - waitForJQueryLoad(3): jQuery is ready.

2019-05-16 14:17:53 - [MESSAGE][PASSED] - jQuery is ready.

2019-05-16 14:17:53 - [TEST_STEP][NOT_RUN] - selectOptionByValue(findTestObject("TC-CreatePolicy/GeneralDetails/SelectTimeZone"), "343", false): NOT_RUN: selectOptionByValue(findTestObject("TC-CreatePolicy/GeneralDetails/SelectTimeZone"), "343", false)

2019-05-16 14:17:53 - [MESSAGE][NOT_RUN] - NOT_RUN: selectOptionByValue(findTestObject("TC-CreatePolicy/GeneralDetails/SelectTimeZone"), "343", false)

2019-05-16 14:17:53 - [TEST_STEP][PASSED] - delay(3): Delayed 3 second(s)

2019-05-16 14:17:56 - [MESSAGE][PASSED] - Delayed 3 second(s)

2019-05-16 14:17:56 - [TEST_STEP][PASSED] - click(findTestObject("TC-CreatePolicy/GeneralDetails/NextButton")): Object: 'Object Repository/TC-CreatePolicy/GeneralDetails/NextButton' is clicked on

2019-05-16 14:17:57 - [MESSAGE][PASSED] - Object: 'Object Repository/TC-CreatePolicy/GeneralDetails/NextButton' is clicked on

2019-05-16 14:17:57 - [TEST_STEP][PASSED] - delay(5): Delayed 5 second(s)

2019-05-16 14:18:02 - [MESSAGE][PASSED] - Delayed 5 second(s)

2019-05-16 14:18:02 - [TEST_STEP][PASSED] - if (var_Alert.equals("Cancel")): Delayed 5 second(s)

2019-05-16 14:18:02 - [TEST_STEP][PASSED] - click(findTestObject("TC-CreatePolicy/GeneralDetails/ButtonCancel")): Object: 'Object Repository/TC-CreatePolicy/GeneralDetails/ButtonCancel' is clicked on

2019-05-16 14:18:05 - [MESSAGE][PASSED] - Object: 'Object Repository/TC-CreatePolicy/GeneralDetails/ButtonCancel' is clicked on

2019-05-16 14:18:05 - [TEST_STEP][PASSED] - delay(3): Delayed 3 second(s)

2019-05-16 14:18:08 - [MESSAGE][PASSED] - Delayed 3 second(s)

2019-05-16 14:18:08 - [TEST_STEP][PASSED] - waitForJQueryLoad(5, STOP_ON_FAILURE): jQuery is ready.

2019-05-16 14:18:08 - [MESSAGE][PASSED] - jQuery is ready.

2019-05-16 14:18:08 - [TEST_STEP][PASSED] - selectOptionByLabel(findTestObject("TC-CreatePolicy/RiskDetails/Type"), var_Type, false): All options with label 'StandAlone' are selected in object 'Object Repository/TC-CreatePolicy/RiskDetails/Type' 

2019-05-16 14:18:08 - [MESSAGE][PASSED] - All options with label 'StandAlone' are selected in object 'Object Repository/TC-CreatePolicy/RiskDetails/Type' 

2019-05-16 14:18:08 - [TEST_STEP][PASSED] - setText(findTestObject("TC-CreatePolicy/RiskDetails/SumInsurreTextBox"), var_BuildingSumInsure): Text '5000' is set on object 'Object Repository/TC-CreatePolicy/RiskDetails/SumInsurreTextBox'

2019-05-16 14:18:09 - [MESSAGE][PASSED] - Text '5000' is set on object 'Object Repository/TC-CreatePolicy/RiskDetails/SumInsurreTextBox'

2019-05-16 14:18:09 - [TEST_STEP][PASSED] - setText(findTestObject("TC-CreatePolicy/RiskDetails/RoomNo"), var_RoomNo): Text '2' is set on object 'Object Repository/TC-CreatePolicy/RiskDetails/RoomNo'

2019-05-16 14:18:09 - [MESSAGE][PASSED] - Text '2' is set on object 'Object Repository/TC-CreatePolicy/RiskDetails/RoomNo'

2019-05-16 14:18:09 - [TEST_STEP][PASSED] - setText(findTestObject("TC-CreatePolicy/RiskDetails/ContentSumInsure"), var_ContentSumInsure): Text '1000' is set on object 'Object Repository/TC-CreatePolicy/RiskDetails/ContentSumInsure'

2019-05-16 14:18:09 - [MESSAGE][PASSED] - Text '1000' is set on object 'Object Repository/TC-CreatePolicy/RiskDetails/ContentSumInsure'

2019-05-16 14:18:09 - [TEST_STEP][PASSED] - click(findTestObject("TC-CreatePolicy/RiskDetails/Save")): Object: 'Object Repository/TC-CreatePolicy/RiskDetails/Save' is clicked on

2019-05-16 14:18:16 - [MESSAGE][PASSED] - Object: 'Object Repository/TC-CreatePolicy/RiskDetails/Save' is clicked on

2019-05-16 14:18:16 - [TEST_STEP][PASSED] - delay(5): Delayed 5 second(s)

2019-05-16 14:18:21 - [MESSAGE][PASSED] - Delayed 5 second(s)

2019-05-16 14:18:21 - [TEST_STEP][PASSED] - delay(5): Delayed 5 second(s)

2019-05-16 14:18:26 - [MESSAGE][PASSED] - Delayed 5 second(s)

2019-05-16 14:18:26 - [TEST_STEP][PASSED] - var_Total = getText(findTestObject("TC-CreatePolicy/Premium/TotalPremium")): Text of object 'Object Repository/TC-CreatePolicy/Premium/TotalPremium' is: 'USD 660.00'

2019-05-16 14:18:26 - [MESSAGE][PASSED] - Text of object 'Object Repository/TC-CreatePolicy/Premium/TotalPremium' is: 'USD 660.00'

2019-05-16 14:18:26 - [TEST_STEP][ERROR] - com.excel.helper.ExcelHelper.updateTheExcel("Data Files/TestData/policy.xlsx", "ActualValue", var_Total): com.excel.helper.ExcelHelper.updateTheExcel("Data Files/TestData/policy.xlsx", "ActualValue", var_Total) FAILED.
Reason:
org.codehaus.groovy.runtime.metaclass.MissingMethodExceptionNoStack: No signature of method: com.excel.helper.ExcelHelper.updateTheExcel() is applicable for argument types: (java.lang.String, java.lang.String, java.lang.String) values: [Data Files/TestData/policy.xlsx, ActualValue, USD 660.00]
Possible solutions: updateTheExcel1(java.lang.String, java.lang.String, java.lang.String, java.lang.String), updateTheExcel(org.apache.poi.xssf.usermodel.XSSFSheet, java.lang.String, int, int), updateTheExcel2(java.lang.String, java.lang.String, java.lang.String, java.lang.String, java.lang.String), updateTheExcel2(org.apache.poi.xssf.usermodel.XSSFSheet, java.lang.String, int, int)


2019-05-16 14:18:26 - [MESSAGE][ERROR] - No signature of method: com.excel.helper.ExcelHelper.updateTheExcel() is applicable for argument types: (java.lang.String, java.lang.String, java.lang.String) values: [Data Files/TestData/policy.xlsx, ActualValue, USD 660.00]
Possible solutions: updateTheExcel1(java.lang.String, java.lang.String, java.lang.String, java.lang.String), updateTheExcel(org.apache.poi.xssf.usermodel.XSSFSheet, java.lang.String, int, int), updateTheExcel2(java.lang.String, java.lang.String, java.lang.String, java.lang.String, java.lang.String), updateTheExcel2(org.apache.poi.xssf.usermodel.XSSFSheet, java.lang.String, int, int)

2019-05-16 14:18:26 - [MESSAGE][ERROR] - com.excel.helper.ExcelHelper.updateTheExcel("Data Files/TestData/policy.xlsx", "ActualValue", var_Total) FAILED.
Reason:
org.codehaus.groovy.runtime.metaclass.MissingMethodExceptionNoStack: No signature of method: com.excel.helper.ExcelHelper.updateTheExcel() is applicable for argument types: (java.lang.String, java.lang.String, java.lang.String) values: [Data Files/TestData/policy.xlsx, ActualValue, USD 660.00]
Possible solutions: updateTheExcel1(java.lang.String, java.lang.String, java.lang.String, java.lang.String), updateTheExcel(org.apache.poi.xssf.usermodel.XSSFSheet, java.lang.String, int, int), updateTheExcel2(java.lang.String, java.lang.String, java.lang.String, java.lang.String, java.lang.String), updateTheExcel2(org.apache.poi.xssf.usermodel.XSSFSheet, java.lang.String, int, int)]]></system-out>
         <system-err><![CDATA[2019-05-16 14:17:26 - [TEST_CASE][ERROR] - Test Cases/TC02-CreatePolicy: Test Cases/TC02-CreatePolicy FAILED.
Reason:
org.codehaus.groovy.runtime.metaclass.MissingMethodExceptionNoStack: No signature of method: com.excel.helper.ExcelHelper.updateTheExcel() is applicable for argument types: (java.lang.String, java.lang.String, java.lang.String) values: [Data Files/TestData/policy.xlsx, ActualValue, USD 660.00]
Possible solutions: updateTheExcel1(java.lang.String, java.lang.String, java.lang.String, java.lang.String), updateTheExcel(org.apache.poi.xssf.usermodel.XSSFSheet, java.lang.String, int, int), updateTheExcel2(java.lang.String, java.lang.String, java.lang.String, java.lang.String, java.lang.String), updateTheExcel2(org.apache.poi.xssf.usermodel.XSSFSheet, java.lang.String, int, int)]]></system-err>
      </testcase>
      <system-out><![CDATA[2019-05-16 14:15:53 - [TEST_SUITE][ERROR] - PolicyCreation: Test Cases/TC02-CreatePolicy FAILED.
Reason:
org.codehaus.groovy.runtime.metaclass.MissingMethodExceptionNoStack: No signature of method: com.excel.helper.ExcelHelper.updateTheExcel() is applicable for argument types: (java.lang.String, java.lang.String, java.lang.String) values: [Data Files/TestData/policy.xlsx, ActualValue, USD 330.00]
Possible solutions: updateTheExcel1(java.lang.String, java.lang.String, java.lang.String, java.lang.String), updateTheExcel(org.apache.poi.xssf.usermodel.XSSFSheet, java.lang.String, int, int), updateTheExcel2(java.lang.String, java.lang.String, java.lang.String, java.lang.String, java.lang.String), updateTheExcel2(org.apache.poi.xssf.usermodel.XSSFSheet, java.lang.String, int, int)]]></system-out>
      <system-err><![CDATA[2019-05-16 14:15:53 - [TEST_SUITE][ERROR] - PolicyCreation: Test Cases/TC02-CreatePolicy FAILED.
Reason:
org.codehaus.groovy.runtime.metaclass.MissingMethodExceptionNoStack: No signature of method: com.excel.helper.ExcelHelper.updateTheExcel() is applicable for argument types: (java.lang.String, java.lang.String, java.lang.String) values: [Data Files/TestData/policy.xlsx, ActualValue, USD 330.00]
Possible solutions: updateTheExcel1(java.lang.String, java.lang.String, java.lang.String, java.lang.String), updateTheExcel(org.apache.poi.xssf.usermodel.XSSFSheet, java.lang.String, int, int), updateTheExcel2(java.lang.String, java.lang.String, java.lang.String, java.lang.String, java.lang.String), updateTheExcel2(org.apache.poi.xssf.usermodel.XSSFSheet, java.lang.String, int, int)]]></system-err>
   </testsuite>
</testsuites>
