<?xml version="1.0" encoding="UTF-8"?>
<testsuites name="AllAccountMatching" time="163" tests="4" failures="0" errors="0">
   <testsuite name="AllAccountMatching" tests="4" failures="0" errors="0" time="163" timestamp="2019-05-07 12:29:41" hostname="dipak - DIPAKDAS-PC.indusnettechnologies.com" id="Test Suites/AllAccountMatching">
      <properties>
         <property name="deviceName" value=""/>
         <property name="devicePlatform" value=""/>
         <property name="logFolder" value="E:\\MarkitCore\\CoreApplication\\Reports\\AllAccountMatching\\20190507_122934"/>
         <property name="logFiles" value="E:\\MarkitCore\\CoreApplication\\Reports\\AllAccountMatching\\20190507_122934\\execution0.log"/>
         <property name="attachments" value=""/>
         <property name="hostName" value="dipak - DIPAKDAS-PC.indusnettechnologies.com"/>
         <property name="os" value="Windows 7 32bit"/>
         <property name="katalonVersion" value="6.0.5.4"/>
         <property name="browser" value="Chrome 74.0.3729.131"/>
         <property name="hostAddress" value="10.0.12.237"/>
         <property name="sessionId" value="42716ea8e1ba775308a0da9c1fcf9fb9"/>
         <property name="seleniumVersion" value="3.7.1"/>
         <property name="proxyInformation" value="ProxyInformation{proxyOption=NO_PROXY, proxyServerType=HTTP, password=, proxyServerAddress=, proxyServerPort=0}"/>
         <property name="platform" value="Windows 7"/>
      </properties>
      <testcase name="Test Cases/TC01-LoginApplication" classname="Test Cases/TC01-LoginApplication" status="PASSED">
         <system-out><![CDATA[2019-05-07 12:29:50 - [TEST_CASE][PASSED] - Test Cases/TC01-LoginApplication: Test Cases/TC01-LoginApplication

2019-05-07 12:29:50 - [TEST_STEP][NOT_RUN] - openBrowser(""): NOT_RUN: openBrowser("")

2019-05-07 12:29:50 - [MESSAGE][NOT_RUN] - NOT_RUN: openBrowser("")

2019-05-07 12:29:50 - [TEST_STEP][NOT_RUN] - navigateToUrl("https://dev.offshoresoftwaresolutions.net/markit_coreV2/Sites/CoreTest/login/admin_display"): NOT_RUN: navigateToUrl("https://dev.offshoresoftwaresolutions.net/markit_coreV2/Sites/CoreTest/login/admin_display")

2019-05-07 12:29:50 - [MESSAGE][NOT_RUN] - NOT_RUN: navigateToUrl("https://dev.offshoresoftwaresolutions.net/markit_coreV2/Sites/CoreTest/login/admin_display")

2019-05-07 12:29:50 - [TEST_STEP][PASSED] - setText(findTestObject("Object Repository/TC-LoginApplication/Page_Markit core new  Login/input_Login to your account_username"), username): Text 'dDasTester' is set on object 'Object Repository/TC-LoginApplication/Page_Markit core new  Login/input_Login to your account_username'

2019-05-07 12:29:51 - [MESSAGE][PASSED] - Text 'dDasTester' is set on object 'Object Repository/TC-LoginApplication/Page_Markit core new  Login/input_Login to your account_username'

2019-05-07 12:29:51 - [TEST_STEP][PASSED] - setText(findTestObject("Object Repository/TC-LoginApplication/Page_Markit core new  Login/input_Login to your account_password"), password): Text 'Czybm6R*' is set on object 'Object Repository/TC-LoginApplication/Page_Markit core new  Login/input_Login to your account_password'

2019-05-07 12:29:51 - [MESSAGE][PASSED] - Text 'Czybm6R*' is set on object 'Object Repository/TC-LoginApplication/Page_Markit core new  Login/input_Login to your account_password'

2019-05-07 12:29:51 - [TEST_STEP][PASSED] - delay(4, STOP_ON_FAILURE): Delayed 4 second(s)

2019-05-07 12:29:55 - [MESSAGE][PASSED] - Delayed 4 second(s)

2019-05-07 12:29:55 - [TEST_STEP][NOT_RUN] - maximizeWindow(): NOT_RUN: maximizeWindow()

2019-05-07 12:29:55 - [MESSAGE][NOT_RUN] - NOT_RUN: maximizeWindow()

2019-05-07 12:29:55 - [TEST_STEP][PASSED] - click(findTestObject("Object Repository/TC-LoginApplication/Page_Markit core new  Login/button_Login")): Object: 'Object Repository/TC-LoginApplication/Page_Markit core new  Login/button_Login' is clicked on

2019-05-07 12:30:02 - [MESSAGE][PASSED] - Object: 'Object Repository/TC-LoginApplication/Page_Markit core new  Login/button_Login' is clicked on

2019-05-07 12:30:02 - [TEST_STEP][NOT_RUN] - log = new com.kms.katalon.core.logging.KeywordLogger(): NOT_RUN: log = new com.kms.katalon.core.logging.KeywordLogger()

2019-05-07 12:30:02 - [MESSAGE][NOT_RUN] - NOT_RUN: log = new com.kms.katalon.core.logging.KeywordLogger()

2019-05-07 12:30:02 - [TEST_STEP][NOT_RUN] - log.logInfo(“Dipak”): NOT_RUN: log.logInfo(“Dipak”)

2019-05-07 12:30:02 - [MESSAGE][NOT_RUN] - NOT_RUN: log.logInfo(“Dipak”)]]></system-out>
         <system-err><![CDATA[]]></system-err>
      </testcase>
      <testcase name="Test Cases/TC04-AccountMatching-MGA" classname="Test Cases/TC04-AccountMatching-MGA" status="PASSED">
         <system-out><![CDATA[2019-05-07 12:30:02 - [TEST_CASE][PASSED] - Test Cases/TC04-AccountMatching-MGA: Test Cases/TC04-AccountMatching-MGA

2019-05-07 12:30:02 - [TEST_STEP][PASSED] - log = new com.kms.katalon.core.logging.KeywordLogger(): null

2019-05-07 12:30:02 - [TEST_STEP][PASSED] - delay(3): Delayed 3 second(s)

2019-05-07 12:30:05 - [MESSAGE][PASSED] - Delayed 3 second(s)

2019-05-07 12:30:05 - [TEST_STEP][PASSED] - scrollToElement(findTestObject("TC04-AccountMatching-MGA/AccountManagement"), 5): Scroll to object 'Object Repository/TC04-AccountMatching-MGA/AccountManagement' successfully

2019-05-07 12:30:06 - [MESSAGE][PASSED] - Scroll to object 'Object Repository/TC04-AccountMatching-MGA/AccountManagement' successfully

2019-05-07 12:30:06 - [TEST_STEP][PASSED] - click(findTestObject("TC04-AccountMatching-MGA/AccountManagement")): Object: 'Object Repository/TC04-AccountMatching-MGA/AccountManagement' is clicked on

2019-05-07 12:30:06 - [MESSAGE][PASSED] - Object: 'Object Repository/TC04-AccountMatching-MGA/AccountManagement' is clicked on

2019-05-07 12:30:06 - [TEST_STEP][NOT_RUN] - delay(5): NOT_RUN: delay(5)

2019-05-07 12:30:06 - [MESSAGE][NOT_RUN] - NOT_RUN: delay(5)

2019-05-07 12:30:06 - [TEST_STEP][PASSED] - waitForElementVisible(findTestObject("TC04-AccountMatching-MGA/AccountMatchingLink"), 4): Object 'Object Repository/TC04-AccountMatching-MGA/AccountMatchingLink' is visible

2019-05-07 12:30:06 - [MESSAGE][PASSED] - Object 'Object Repository/TC04-AccountMatching-MGA/AccountMatchingLink' is visible

2019-05-07 12:30:06 - [TEST_STEP][PASSED] - click(findTestObject("TC04-AccountMatching-MGA/AccountMatchingLink")): Object: 'Object Repository/TC04-AccountMatching-MGA/AccountMatchingLink' is clicked on

2019-05-07 12:30:09 - [MESSAGE][PASSED] - Object: 'Object Repository/TC04-AccountMatching-MGA/AccountMatchingLink' is clicked on

2019-05-07 12:30:09 - [TEST_STEP][PASSED] - delay(5): Delayed 5 second(s)

2019-05-07 12:30:14 - [MESSAGE][PASSED] - Delayed 5 second(s)

2019-05-07 12:30:14 - [TEST_STEP][PASSED] - selectOptionByLabel(findTestObject("TC04-AccountMatching-MGA/EntityType"), "MGA", false): All options with label 'MGA' are selected in object 'Object Repository/TC04-AccountMatching-MGA/EntityType' 

2019-05-07 12:30:14 - [MESSAGE][PASSED] - All options with label 'MGA' are selected in object 'Object Repository/TC04-AccountMatching-MGA/EntityType' 

2019-05-07 12:30:14 - [TEST_STEP][PASSED] - delay(5): Delayed 5 second(s)

2019-05-07 12:30:19 - [MESSAGE][PASSED] - Delayed 5 second(s)

2019-05-07 12:30:19 - [TEST_STEP][PASSED] - selectOptionByLabel(findTestObject("TC04-AccountMatching-MGA/Entity"), "NEW MGA", false): All options with label 'NEW MGA' are selected in object 'Object Repository/TC04-AccountMatching-MGA/Entity' 

2019-05-07 12:30:19 - [MESSAGE][PASSED] - All options with label 'NEW MGA' are selected in object 'Object Repository/TC04-AccountMatching-MGA/Entity' 

2019-05-07 12:30:19 - [TEST_STEP][PASSED] - waitForElementClickable(findTestObject("TC04-AccountMatching-MGA/ClickGoButton"), 5): Object 'Object Repository/TC04-AccountMatching-MGA/ClickGoButton' is clickable

2019-05-07 12:30:19 - [MESSAGE][PASSED] - Object 'Object Repository/TC04-AccountMatching-MGA/ClickGoButton' is clickable

2019-05-07 12:30:19 - [TEST_STEP][PASSED] - click(findTestObject("TC04-AccountMatching-MGA/ClickGoButton")): Object: 'Object Repository/TC04-AccountMatching-MGA/ClickGoButton' is clicked on

2019-05-07 12:30:22 - [MESSAGE][PASSED] - Object: 'Object Repository/TC04-AccountMatching-MGA/ClickGoButton' is clicked on

2019-05-07 12:30:22 - [TEST_STEP][PASSED] - waitForJQueryLoad(5): jQuery is ready.

2019-05-07 12:30:23 - [MESSAGE][PASSED] - jQuery is ready.

2019-05-07 12:30:23 - [TEST_STEP][PASSED] - selectOptionByLabel(findTestObject("TC04-AccountMatching-MGA/SelectAccount"), "ComissionOnly -- Allocated -- NEW MGA CommAccount -- USD", false): All options with label 'ComissionOnly -- Allocated -- NEW MGA CommAccount -- USD' are selected in object 'Object Repository/TC04-AccountMatching-MGA/SelectAccount' 

2019-05-07 12:30:23 - [MESSAGE][PASSED] - All options with label 'ComissionOnly -- Allocated -- NEW MGA CommAccount -- USD' are selected in object 'Object Repository/TC04-AccountMatching-MGA/SelectAccount' 

2019-05-07 12:30:23 - [TEST_STEP][PASSED] - delay(5): Delayed 5 second(s)

2019-05-07 12:30:28 - [MESSAGE][PASSED] - Delayed 5 second(s)

2019-05-07 12:30:28 - [TEST_STEP][PASSED] - setText(findTestObject("TC04-AccountMatching-MGA/Acc_Matching_PolicyNo_TextBox"), MTA_Policy_No): Text 'DASD/POLICY/003055' is set on object 'Object Repository/TC04-AccountMatching-MGA/Acc_Matching_PolicyNo_TextBox'

2019-05-07 12:30:28 - [MESSAGE][PASSED] - Text 'DASD/POLICY/003055' is set on object 'Object Repository/TC04-AccountMatching-MGA/Acc_Matching_PolicyNo_TextBox'

2019-05-07 12:30:28 - [TEST_STEP][PASSED] - sendKeys(findTestObject("TC04-AccountMatching-MGA/Acc_Matching_PolicyNo_TextBox"), Keys.chord(ENTER)): Keys 'ENTER + ' sent to object: 'Object Repository/TC04-AccountMatching-MGA/Acc_Matching_PolicyNo_TextBox'

2019-05-07 12:30:28 - [MESSAGE][PASSED] - Keys 'ENTER + ' sent to object: 'Object Repository/TC04-AccountMatching-MGA/Acc_Matching_PolicyNo_TextBox'

2019-05-07 12:30:28 - [TEST_STEP][PASSED] - delay(5): Delayed 5 second(s)

2019-05-07 12:30:33 - [MESSAGE][PASSED] - Delayed 5 second(s)

2019-05-07 12:30:33 - [TEST_STEP][PASSED] - waitForElementClickable(findTestObject("TC04-AccountMatching-MGA/CheckBox"), 5): Object 'Object Repository/TC04-AccountMatching-MGA/CheckBox' is clickable

2019-05-07 12:30:33 - [MESSAGE][PASSED] - Object 'Object Repository/TC04-AccountMatching-MGA/CheckBox' is clickable

2019-05-07 12:30:33 - [TEST_STEP][PASSED] - click(findTestObject("TC04-AccountMatching-MGA/CheckBox")): Object: 'Object Repository/TC04-AccountMatching-MGA/CheckBox' is clicked on

2019-05-07 12:30:33 - [MESSAGE][PASSED] - Object: 'Object Repository/TC04-AccountMatching-MGA/CheckBox' is clicked on

2019-05-07 12:30:33 - [TEST_STEP][PASSED] - delay(4): Delayed 4 second(s)

2019-05-07 12:30:37 - [MESSAGE][PASSED] - Delayed 4 second(s)

2019-05-07 12:30:37 - [TEST_STEP][PASSED] - MGA_Comission_Amount = getText(findTestObject("TC04-AccountMatching-MGA/MGA_Amount")): Text of object 'Object Repository/TC04-AccountMatching-MGA/MGA_Amount' is: 'USD 145.50'

2019-05-07 12:30:38 - [MESSAGE][PASSED] - Text of object 'Object Repository/TC04-AccountMatching-MGA/MGA_Amount' is: 'USD 145.50'

2019-05-07 12:30:38 - [TEST_STEP][PASSED] - MGA_Comm_Amt = subString.FatchSubstringValue.SubString(MGA_Comission_Amount): subString.FatchSubstringValue.SubString is PASSED

2019-05-07 12:30:38 - [MESSAGE][PASSED] - subString.FatchSubstringValue.SubString is PASSED

2019-05-07 12:30:38 - [TEST_STEP][PASSED] - delay(4): Delayed 4 second(s)

2019-05-07 12:30:42 - [MESSAGE][PASSED] - Delayed 4 second(s)

2019-05-07 12:30:42 - [TEST_STEP][NOT_RUN] - scrollToElement(findTestObject("TC04-AccountMatching-MGA/PayFullClick"), 5): NOT_RUN: scrollToElement(findTestObject("TC04-AccountMatching-MGA/PayFullClick"), 5)

2019-05-07 12:30:42 - [MESSAGE][NOT_RUN] - NOT_RUN: scrollToElement(findTestObject("TC04-AccountMatching-MGA/PayFullClick"), 5)

2019-05-07 12:30:42 - [TEST_STEP][PASSED] - click(findTestObject("TC04-AccountMatching-MGA/PayFullClick")): Object: 'Object Repository/TC04-AccountMatching-MGA/PayFullClick' is clicked on

2019-05-07 12:30:42 - [MESSAGE][PASSED] - Object: 'Object Repository/TC04-AccountMatching-MGA/PayFullClick' is clicked on

2019-05-07 12:30:42 - [TEST_STEP][NOT_RUN] - setText(findTestObject("TC04-AccountMatching-MGA/PAYFULL"), MGA_Comission_Amount): NOT_RUN: setText(findTestObject("TC04-AccountMatching-MGA/PAYFULL"), MGA_Comission_Amount)

2019-05-07 12:30:42 - [MESSAGE][NOT_RUN] - NOT_RUN: setText(findTestObject("TC04-AccountMatching-MGA/PAYFULL"), MGA_Comission_Amount)

2019-05-07 12:30:42 - [TEST_STEP][PASSED] - click(findTestObject("TC04-AccountMatching-MGA/MatchAmount")): Object: 'Object Repository/TC04-AccountMatching-MGA/MatchAmount' is clicked on

2019-05-07 12:30:42 - [MESSAGE][PASSED] - Object: 'Object Repository/TC04-AccountMatching-MGA/MatchAmount' is clicked on

2019-05-07 12:30:42 - [TEST_STEP][PASSED] - delay(5): Delayed 5 second(s)

2019-05-07 12:30:47 - [MESSAGE][PASSED] - Delayed 5 second(s)

2019-05-07 12:30:47 - [TEST_STEP][PASSED] - com.excel.helper.ExcelHelper.updateTheExcel("E:\MarkitCore\CoreApplication\Data Files\TestData\Comission.xlsx", "MGA", MGA_Comm_Amt): com.excel.helper.ExcelHelper.updateTheExcel is PASSED

2019-05-07 12:30:49 - [MESSAGE][PASSED] - com.excel.helper.ExcelHelper.updateTheExcel is PASSED

2019-05-07 12:30:49 - [TEST_STEP][PASSED] - log.logInfo(MGA_Comission_Amount): USD 145.50

2019-05-07 12:30:49 - [MESSAGE][INFO] - USD 145.50]]></system-out>
         <system-err><![CDATA[]]></system-err>
      </testcase>
      <testcase name="Test Cases/TC07-AccountMatching-Broker" classname="Test Cases/TC07-AccountMatching-Broker" status="PASSED">
         <system-out><![CDATA[2019-05-07 12:30:49 - [TEST_CASE][PASSED] - Test Cases/TC07-AccountMatching-Broker: Test Cases/TC07-AccountMatching-Broker

2019-05-07 12:30:50 - [TEST_STEP][PASSED] - log = new com.kms.katalon.core.logging.KeywordLogger(): null

2019-05-07 12:30:50 - [TEST_STEP][PASSED] - delay(3): Delayed 3 second(s)

2019-05-07 12:30:53 - [MESSAGE][PASSED] - Delayed 3 second(s)

2019-05-07 12:30:53 - [TEST_STEP][PASSED] - scrollToElement(findTestObject("TC04-AccountMatching-MGA/AccountManagement"), 5): Scroll to object 'Object Repository/TC04-AccountMatching-MGA/AccountManagement' successfully

2019-05-07 12:30:53 - [MESSAGE][PASSED] - Scroll to object 'Object Repository/TC04-AccountMatching-MGA/AccountManagement' successfully

2019-05-07 12:30:53 - [TEST_STEP][PASSED] - click(findTestObject("TC04-AccountMatching-MGA/AccountManagement")): Object: 'Object Repository/TC04-AccountMatching-MGA/AccountManagement' is clicked on

2019-05-07 12:30:53 - [MESSAGE][PASSED] - Object: 'Object Repository/TC04-AccountMatching-MGA/AccountManagement' is clicked on

2019-05-07 12:30:53 - [TEST_STEP][NOT_RUN] - delay(5): NOT_RUN: delay(5)

2019-05-07 12:30:53 - [MESSAGE][NOT_RUN] - NOT_RUN: delay(5)

2019-05-07 12:30:53 - [TEST_STEP][PASSED] - waitForElementVisible(findTestObject("TC04-AccountMatching-MGA/AccountMatchingLink"), 4): Object 'Object Repository/TC04-AccountMatching-MGA/AccountMatchingLink' is visible

2019-05-07 12:30:53 - [MESSAGE][PASSED] - Object 'Object Repository/TC04-AccountMatching-MGA/AccountMatchingLink' is visible

2019-05-07 12:30:53 - [TEST_STEP][PASSED] - click(findTestObject("TC04-AccountMatching-MGA/AccountMatchingLink")): Object: 'Object Repository/TC04-AccountMatching-MGA/AccountMatchingLink' is clicked on

2019-05-07 12:30:55 - [MESSAGE][PASSED] - Object: 'Object Repository/TC04-AccountMatching-MGA/AccountMatchingLink' is clicked on

2019-05-07 12:30:55 - [TEST_STEP][PASSED] - delay(5): Delayed 5 second(s)

2019-05-07 12:31:00 - [MESSAGE][PASSED] - Delayed 5 second(s)

2019-05-07 12:31:00 - [TEST_STEP][PASSED] - delay(5): Delayed 5 second(s)

2019-05-07 12:31:05 - [MESSAGE][PASSED] - Delayed 5 second(s)

2019-05-07 12:31:05 - [TEST_STEP][PASSED] - selectOptionByLabel(findTestObject("TC04-AccountMatching-MGA/EntityType"), "Broker", false): All options with label 'Broker' are selected in object 'Object Repository/TC04-AccountMatching-MGA/EntityType' 

2019-05-07 12:31:05 - [MESSAGE][PASSED] - All options with label 'Broker' are selected in object 'Object Repository/TC04-AccountMatching-MGA/EntityType' 

2019-05-07 12:31:05 - [TEST_STEP][PASSED] - delay(5): Delayed 5 second(s)

2019-05-07 12:31:10 - [MESSAGE][PASSED] - Delayed 5 second(s)

2019-05-07 12:31:10 - [TEST_STEP][PASSED] - selectOptionByLabel(findTestObject("TC04-AccountMatching-MGA/Entity"), "New Broker", false): All options with label 'New Broker' are selected in object 'Object Repository/TC04-AccountMatching-MGA/Entity' 

2019-05-07 12:31:10 - [MESSAGE][PASSED] - All options with label 'New Broker' are selected in object 'Object Repository/TC04-AccountMatching-MGA/Entity' 

2019-05-07 12:31:10 - [TEST_STEP][PASSED] - waitForElementClickable(findTestObject("TC04-AccountMatching-MGA/ClickGoButton"), 5): Object 'Object Repository/TC04-AccountMatching-MGA/ClickGoButton' is clickable

2019-05-07 12:31:10 - [MESSAGE][PASSED] - Object 'Object Repository/TC04-AccountMatching-MGA/ClickGoButton' is clickable

2019-05-07 12:31:10 - [TEST_STEP][PASSED] - click(findTestObject("TC04-AccountMatching-MGA/ClickGoButton")): Object: 'Object Repository/TC04-AccountMatching-MGA/ClickGoButton' is clicked on

2019-05-07 12:31:12 - [MESSAGE][PASSED] - Object: 'Object Repository/TC04-AccountMatching-MGA/ClickGoButton' is clicked on

2019-05-07 12:31:12 - [TEST_STEP][PASSED] - waitForJQueryLoad(5): jQuery is ready.

2019-05-07 12:31:13 - [MESSAGE][PASSED] - jQuery is ready.

2019-05-07 12:31:13 - [TEST_STEP][PASSED] - selectOptionByLabel(findTestObject("TC04-AccountMatching-MGA/SelectAccount"), "COMMSION ACCOUNT -- Allocated -- DEFAULT-300013-USD -- USD", false): All options with label 'COMMSION ACCOUNT -- Allocated -- DEFAULT-300013-USD -- USD' are selected in object 'Object Repository/TC04-AccountMatching-MGA/SelectAccount' 

2019-05-07 12:31:13 - [MESSAGE][PASSED] - All options with label 'COMMSION ACCOUNT -- Allocated -- DEFAULT-300013-USD -- USD' are selected in object 'Object Repository/TC04-AccountMatching-MGA/SelectAccount' 

2019-05-07 12:31:13 - [TEST_STEP][PASSED] - delay(5): Delayed 5 second(s)

2019-05-07 12:31:18 - [MESSAGE][PASSED] - Delayed 5 second(s)

2019-05-07 12:31:18 - [TEST_STEP][PASSED] - setText(findTestObject("TC04-AccountMatching-MGA/Acc_Matching_PolicyNo_TextBox"), MTA_Policy_No): Text 'DASD/POLICY/003055' is set on object 'Object Repository/TC04-AccountMatching-MGA/Acc_Matching_PolicyNo_TextBox'

2019-05-07 12:31:19 - [MESSAGE][PASSED] - Text 'DASD/POLICY/003055' is set on object 'Object Repository/TC04-AccountMatching-MGA/Acc_Matching_PolicyNo_TextBox'

2019-05-07 12:31:19 - [TEST_STEP][PASSED] - delay(4): Delayed 4 second(s)

2019-05-07 12:31:23 - [MESSAGE][PASSED] - Delayed 4 second(s)

2019-05-07 12:31:23 - [TEST_STEP][PASSED] - sendKeys(findTestObject("TC04-AccountMatching-MGA/Acc_Matching_PolicyNo_TextBox"), Keys.chord(ENTER)): Keys 'ENTER + ' sent to object: 'Object Repository/TC04-AccountMatching-MGA/Acc_Matching_PolicyNo_TextBox'

2019-05-07 12:31:23 - [MESSAGE][PASSED] - Keys 'ENTER + ' sent to object: 'Object Repository/TC04-AccountMatching-MGA/Acc_Matching_PolicyNo_TextBox'

2019-05-07 12:31:23 - [TEST_STEP][PASSED] - delay(4): Delayed 4 second(s)

2019-05-07 12:31:27 - [MESSAGE][PASSED] - Delayed 4 second(s)

2019-05-07 12:31:27 - [TEST_STEP][PASSED] - waitForElementClickable(findTestObject("TC04-AccountMatching-MGA/CheckBox"), 5): Object 'Object Repository/TC04-AccountMatching-MGA/CheckBox' is clickable

2019-05-07 12:31:27 - [MESSAGE][PASSED] - Object 'Object Repository/TC04-AccountMatching-MGA/CheckBox' is clickable

2019-05-07 12:31:27 - [TEST_STEP][PASSED] - click(findTestObject("TC04-AccountMatching-MGA/CheckBox")): Object: 'Object Repository/TC04-AccountMatching-MGA/CheckBox' is clicked on

2019-05-07 12:31:27 - [MESSAGE][PASSED] - Object: 'Object Repository/TC04-AccountMatching-MGA/CheckBox' is clicked on

2019-05-07 12:31:27 - [TEST_STEP][PASSED] - delay(4): Delayed 4 second(s)

2019-05-07 12:31:31 - [MESSAGE][PASSED] - Delayed 4 second(s)

2019-05-07 12:31:31 - [TEST_STEP][PASSED] - BROKER_Comission_Amount = getText(findTestObject("TC04-AccountMatching-MGA/MGA_Amount")): Text of object 'Object Repository/TC04-AccountMatching-MGA/MGA_Amount' is: 'USD 90.00'

2019-05-07 12:31:31 - [MESSAGE][PASSED] - Text of object 'Object Repository/TC04-AccountMatching-MGA/MGA_Amount' is: 'USD 90.00'

2019-05-07 12:31:31 - [TEST_STEP][PASSED] - Broker_Comm_Amt = subString.FatchSubstringValue.SubString(BROKER_Comission_Amount): subString.FatchSubstringValue.SubString is PASSED

2019-05-07 12:31:31 - [MESSAGE][PASSED] - subString.FatchSubstringValue.SubString is PASSED

2019-05-07 12:31:31 - [TEST_STEP][NOT_RUN] - scrollToElement(findTestObject("TC04-AccountMatching-MGA/PAYFULL"), 5): NOT_RUN: scrollToElement(findTestObject("TC04-AccountMatching-MGA/PAYFULL"), 5)

2019-05-07 12:31:31 - [MESSAGE][NOT_RUN] - NOT_RUN: scrollToElement(findTestObject("TC04-AccountMatching-MGA/PAYFULL"), 5)

2019-05-07 12:31:31 - [TEST_STEP][NOT_RUN] - setText(findTestObject("TC04-AccountMatching-MGA/PAYFULL"), MGA_Comission_Amount): NOT_RUN: setText(findTestObject("TC04-AccountMatching-MGA/PAYFULL"), MGA_Comission_Amount)

2019-05-07 12:31:31 - [MESSAGE][NOT_RUN] - NOT_RUN: setText(findTestObject("TC04-AccountMatching-MGA/PAYFULL"), MGA_Comission_Amount)

2019-05-07 12:31:31 - [TEST_STEP][PASSED] - click(findTestObject("TC04-AccountMatching-MGA/PayFullClick")): Object: 'Object Repository/TC04-AccountMatching-MGA/PayFullClick' is clicked on

2019-05-07 12:31:31 - [MESSAGE][PASSED] - Object: 'Object Repository/TC04-AccountMatching-MGA/PayFullClick' is clicked on

2019-05-07 12:31:31 - [TEST_STEP][PASSED] - delay(4): Delayed 4 second(s)

2019-05-07 12:31:35 - [MESSAGE][PASSED] - Delayed 4 second(s)

2019-05-07 12:31:35 - [TEST_STEP][PASSED] - click(findTestObject("TC04-AccountMatching-MGA/MatchAmount")): Object: 'Object Repository/TC04-AccountMatching-MGA/MatchAmount' is clicked on

2019-05-07 12:31:35 - [MESSAGE][PASSED] - Object: 'Object Repository/TC04-AccountMatching-MGA/MatchAmount' is clicked on

2019-05-07 12:31:35 - [TEST_STEP][PASSED] - delay(5): Delayed 5 second(s)

2019-05-07 12:31:40 - [MESSAGE][PASSED] - Delayed 5 second(s)

2019-05-07 12:31:40 - [TEST_STEP][PASSED] - com.excel.helper.ExcelHelper.updateTheExcel("E:\MarkitCore\CoreApplication\Data Files\TestData\Comission.xlsx", "Broker", Broker_Comm_Amt): com.excel.helper.ExcelHelper.updateTheExcel is PASSED

2019-05-07 12:31:40 - [MESSAGE][PASSED] - com.excel.helper.ExcelHelper.updateTheExcel is PASSED

2019-05-07 12:31:40 - [TEST_STEP][PASSED] - log.logInfo(Broker_Comm_Amt): 90.00

2019-05-07 12:31:40 - [MESSAGE][INFO] - 90.00]]></system-out>
         <system-err><![CDATA[]]></system-err>
      </testcase>
      <testcase name="Test Cases/TC08-AccountMatching-Insurer" classname="Test Cases/TC08-AccountMatching-Insurer" status="PASSED">
         <system-out><![CDATA[2019-05-07 12:31:40 - [TEST_CASE][PASSED] - Test Cases/TC08-AccountMatching-Insurer: Test Cases/TC08-AccountMatching-Insurer

2019-05-07 12:31:41 - [TEST_STEP][PASSED] - log = new com.kms.katalon.core.logging.KeywordLogger(): null

2019-05-07 12:31:41 - [TEST_STEP][PASSED] - delay(3): Delayed 3 second(s)

2019-05-07 12:31:44 - [MESSAGE][PASSED] - Delayed 3 second(s)

2019-05-07 12:31:44 - [TEST_STEP][PASSED] - scrollToElement(findTestObject("TC04-AccountMatching-MGA/AccountManagement"), 5): Scroll to object 'Object Repository/TC04-AccountMatching-MGA/AccountManagement' successfully

2019-05-07 12:31:44 - [MESSAGE][PASSED] - Scroll to object 'Object Repository/TC04-AccountMatching-MGA/AccountManagement' successfully

2019-05-07 12:31:44 - [TEST_STEP][PASSED] - click(findTestObject("TC04-AccountMatching-MGA/AccountManagement")): Object: 'Object Repository/TC04-AccountMatching-MGA/AccountManagement' is clicked on

2019-05-07 12:31:44 - [MESSAGE][PASSED] - Object: 'Object Repository/TC04-AccountMatching-MGA/AccountManagement' is clicked on

2019-05-07 12:31:44 - [TEST_STEP][NOT_RUN] - delay(5): NOT_RUN: delay(5)

2019-05-07 12:31:44 - [MESSAGE][NOT_RUN] - NOT_RUN: delay(5)

2019-05-07 12:31:44 - [TEST_STEP][PASSED] - waitForElementVisible(findTestObject("TC04-AccountMatching-MGA/AccountMatchingLink"), 4): Object 'Object Repository/TC04-AccountMatching-MGA/AccountMatchingLink' is visible

2019-05-07 12:31:44 - [MESSAGE][PASSED] - Object 'Object Repository/TC04-AccountMatching-MGA/AccountMatchingLink' is visible

2019-05-07 12:31:44 - [TEST_STEP][PASSED] - click(findTestObject("TC04-AccountMatching-MGA/AccountMatchingLink")): Object: 'Object Repository/TC04-AccountMatching-MGA/AccountMatchingLink' is clicked on

2019-05-07 12:31:46 - [MESSAGE][PASSED] - Object: 'Object Repository/TC04-AccountMatching-MGA/AccountMatchingLink' is clicked on

2019-05-07 12:31:46 - [TEST_STEP][PASSED] - delay(5): Delayed 5 second(s)

2019-05-07 12:31:51 - [MESSAGE][PASSED] - Delayed 5 second(s)

2019-05-07 12:31:51 - [TEST_STEP][PASSED] - selectOptionByLabel(findTestObject("TC04-AccountMatching-MGA/EntityType"), "Insurer", false): All options with label 'Insurer' are selected in object 'Object Repository/TC04-AccountMatching-MGA/EntityType' 

2019-05-07 12:31:51 - [MESSAGE][PASSED] - All options with label 'Insurer' are selected in object 'Object Repository/TC04-AccountMatching-MGA/EntityType' 

2019-05-07 12:31:51 - [TEST_STEP][PASSED] - delay(5): Delayed 5 second(s)

2019-05-07 12:31:56 - [MESSAGE][PASSED] - Delayed 5 second(s)

2019-05-07 12:31:56 - [TEST_STEP][PASSED] - selectOptionByLabel(findTestObject("TC04-AccountMatching-MGA/Entity"), "New Insurer", false): All options with label 'New Insurer' are selected in object 'Object Repository/TC04-AccountMatching-MGA/Entity' 

2019-05-07 12:31:56 - [MESSAGE][PASSED] - All options with label 'New Insurer' are selected in object 'Object Repository/TC04-AccountMatching-MGA/Entity' 

2019-05-07 12:31:56 - [TEST_STEP][PASSED] - waitForElementClickable(findTestObject("TC04-AccountMatching-MGA/ClickGoButton"), 5): Object 'Object Repository/TC04-AccountMatching-MGA/ClickGoButton' is clickable

2019-05-07 12:31:56 - [MESSAGE][PASSED] - Object 'Object Repository/TC04-AccountMatching-MGA/ClickGoButton' is clickable

2019-05-07 12:31:56 - [TEST_STEP][PASSED] - click(findTestObject("TC04-AccountMatching-MGA/ClickGoButton")): Object: 'Object Repository/TC04-AccountMatching-MGA/ClickGoButton' is clicked on

2019-05-07 12:31:59 - [MESSAGE][PASSED] - Object: 'Object Repository/TC04-AccountMatching-MGA/ClickGoButton' is clicked on

2019-05-07 12:31:59 - [TEST_STEP][PASSED] - waitForJQueryLoad(5): jQuery is ready.

2019-05-07 12:32:00 - [MESSAGE][PASSED] - jQuery is ready.

2019-05-07 12:32:00 - [TEST_STEP][PASSED] - selectOptionByLabel(findTestObject("TC04-AccountMatching-MGA/SelectAccount"), "New Insurer Comission Account -- Allocated -- New Insurer-COM-ACC -- USD", false): All options with label 'New Insurer Comission Account -- Allocated -- New Insurer-COM-ACC -- USD' are selected in object 'Object Repository/TC04-AccountMatching-MGA/SelectAccount' 

2019-05-07 12:32:00 - [MESSAGE][PASSED] - All options with label 'New Insurer Comission Account -- Allocated -- New Insurer-COM-ACC -- USD' are selected in object 'Object Repository/TC04-AccountMatching-MGA/SelectAccount' 

2019-05-07 12:32:00 - [TEST_STEP][PASSED] - delay(5): Delayed 5 second(s)

2019-05-07 12:32:05 - [MESSAGE][PASSED] - Delayed 5 second(s)

2019-05-07 12:32:05 - [TEST_STEP][PASSED] - setText(findTestObject("TC04-AccountMatching-MGA/Acc_Matching_PolicyNo_TextBox"), MTA_Policy_No): Text 'DASD/POLICY/003055' is set on object 'Object Repository/TC04-AccountMatching-MGA/Acc_Matching_PolicyNo_TextBox'

2019-05-07 12:32:05 - [MESSAGE][PASSED] - Text 'DASD/POLICY/003055' is set on object 'Object Repository/TC04-AccountMatching-MGA/Acc_Matching_PolicyNo_TextBox'

2019-05-07 12:32:05 - [TEST_STEP][PASSED] - sendKeys(findTestObject("TC04-AccountMatching-MGA/Acc_Matching_PolicyNo_TextBox"), Keys.chord(ENTER)): Keys 'ENTER + ' sent to object: 'Object Repository/TC04-AccountMatching-MGA/Acc_Matching_PolicyNo_TextBox'

2019-05-07 12:32:05 - [MESSAGE][PASSED] - Keys 'ENTER + ' sent to object: 'Object Repository/TC04-AccountMatching-MGA/Acc_Matching_PolicyNo_TextBox'

2019-05-07 12:32:05 - [TEST_STEP][PASSED] - delay(5): Delayed 5 second(s)

2019-05-07 12:32:10 - [MESSAGE][PASSED] - Delayed 5 second(s)

2019-05-07 12:32:10 - [TEST_STEP][PASSED] - waitForElementClickable(findTestObject("TC04-AccountMatching-MGA/CheckBox"), 5): Object 'Object Repository/TC04-AccountMatching-MGA/CheckBox' is clickable

2019-05-07 12:32:10 - [MESSAGE][PASSED] - Object 'Object Repository/TC04-AccountMatching-MGA/CheckBox' is clickable

2019-05-07 12:32:10 - [TEST_STEP][PASSED] - click(findTestObject("TC04-AccountMatching-MGA/CheckBox")): Object: 'Object Repository/TC04-AccountMatching-MGA/CheckBox' is clicked on

2019-05-07 12:32:10 - [MESSAGE][PASSED] - Object: 'Object Repository/TC04-AccountMatching-MGA/CheckBox' is clicked on

2019-05-07 12:32:10 - [TEST_STEP][PASSED] - delay(4): Delayed 4 second(s)

2019-05-07 12:32:14 - [MESSAGE][PASSED] - Delayed 4 second(s)

2019-05-07 12:32:14 - [TEST_STEP][PASSED] - Insurer_Comission_Amount = getText(findTestObject("TC04-AccountMatching-MGA/MGA_Amount")): Text of object 'Object Repository/TC04-AccountMatching-MGA/MGA_Amount' is: 'USD 84.00'

2019-05-07 12:32:14 - [MESSAGE][PASSED] - Text of object 'Object Repository/TC04-AccountMatching-MGA/MGA_Amount' is: 'USD 84.00'

2019-05-07 12:32:14 - [TEST_STEP][PASSED] - Insur_Comm_Amt = subString.FatchSubstringValue.SubString(Insurer_Comission_Amount): subString.FatchSubstringValue.SubString is PASSED

2019-05-07 12:32:14 - [MESSAGE][PASSED] - subString.FatchSubstringValue.SubString is PASSED

2019-05-07 12:32:14 - [TEST_STEP][NOT_RUN] - scrollToElement(findTestObject("TC04-AccountMatching-MGA/PAYFULL"), 5): NOT_RUN: scrollToElement(findTestObject("TC04-AccountMatching-MGA/PAYFULL"), 5)

2019-05-07 12:32:14 - [MESSAGE][NOT_RUN] - NOT_RUN: scrollToElement(findTestObject("TC04-AccountMatching-MGA/PAYFULL"), 5)

2019-05-07 12:32:14 - [TEST_STEP][NOT_RUN] - setText(findTestObject("TC04-AccountMatching-MGA/PAYFULL"), Insurer_Comission_Amount): NOT_RUN: setText(findTestObject("TC04-AccountMatching-MGA/PAYFULL"), Insurer_Comission_Amount)

2019-05-07 12:32:14 - [MESSAGE][NOT_RUN] - NOT_RUN: setText(findTestObject("TC04-AccountMatching-MGA/PAYFULL"), Insurer_Comission_Amount)

2019-05-07 12:32:14 - [TEST_STEP][PASSED] - click(findTestObject("TC04-AccountMatching-MGA/PayFullClick")): Object: 'Object Repository/TC04-AccountMatching-MGA/PayFullClick' is clicked on

2019-05-07 12:32:14 - [MESSAGE][PASSED] - Object: 'Object Repository/TC04-AccountMatching-MGA/PayFullClick' is clicked on

2019-05-07 12:32:14 - [TEST_STEP][PASSED] - delay(4): Delayed 4 second(s)

2019-05-07 12:32:18 - [MESSAGE][PASSED] - Delayed 4 second(s)

2019-05-07 12:32:18 - [TEST_STEP][PASSED] - click(findTestObject("TC04-AccountMatching-MGA/MatchAmount")): Object: 'Object Repository/TC04-AccountMatching-MGA/MatchAmount' is clicked on

2019-05-07 12:32:18 - [MESSAGE][PASSED] - Object: 'Object Repository/TC04-AccountMatching-MGA/MatchAmount' is clicked on

2019-05-07 12:32:18 - [TEST_STEP][PASSED] - delay(5): Delayed 5 second(s)

2019-05-07 12:32:23 - [MESSAGE][PASSED] - Delayed 5 second(s)

2019-05-07 12:32:23 - [TEST_STEP][PASSED] - com.excel.helper.ExcelHelper.updateTheExcel("E:\MarkitCore\CoreApplication\Data Files\TestData\Comission.xlsx", "Insurer", Insur_Comm_Amt): com.excel.helper.ExcelHelper.updateTheExcel is PASSED

2019-05-07 12:32:24 - [MESSAGE][PASSED] - com.excel.helper.ExcelHelper.updateTheExcel is PASSED

2019-05-07 12:32:24 - [TEST_STEP][PASSED] - log.logInfo(Insur_Comm_Amt): 84.00

2019-05-07 12:32:24 - [MESSAGE][INFO] - 84.00]]></system-out>
         <system-err><![CDATA[]]></system-err>
      </testcase>
      <system-out><![CDATA[2019-05-07 12:29:41 - [TEST_SUITE][PASSED] - AllAccountMatching: Test Cases/TC08-AccountMatching-Insurer]]></system-out>
      <system-err><![CDATA[]]></system-err>
   </testsuite>
</testsuites>
